#
# A fatal error has been detected by the Java Runtime Environment:
#
#  SIGSEGV (0xb) at pc=0x00007f6cfa85cedb, pid=2703, tid=0x00007f6cdc4e7700
#
# JRE version: OpenJDK Runtime Environment (8.0_252-b09) (build 1.8.0_252-8u252-b09-1~18.04-b09)
# Java VM: OpenJDK 64-Bit Server VM (25.252-b09 mixed mode linux-amd64 compressed oops)
# Problematic frame:
# J 11529 C2 org.eclipse.jdt.internal.compiler.parser.diagnose.DiagnoseParser.diagnoseParse(Z)V (1303 bytes) @ 0x00007f6cfa85cedb [0x00007f6cfa85bd00+0x11db]
#
# Failed to write core dump. Core dumps have been disabled. To enable core dumping, try "ulimit -c unlimited" before starting Java again
#
# If you would like to submit a bug report, please visit:
#   http://bugreport.java.com/bugreport/crash.jsp
#

---------------  T H R E A D  ---------------

Current thread (0x00007f6c8c0f5800):  JavaThread "ForkJoinPool.commonPool-worker-1" daemon [_thread_in_Java, id=3391, stack(0x00007f6cdc3e7000,0x00007f6cdc4e8000)]

siginfo: si_signo: 11 (SIGSEGV), si_code: 1 (SEGV_MAPERR), si_addr: 0x0000000000002ae2

Registers:
RAX=0x0000000000001569, RBX=0x0000000000001f42, RCX=0x000000000000000d, RDX=0x000000000000038b
RSP=0x00007f6cdc4e5470, RBP=0x000000000000000c, RSI=0x0000000000004667, RDI=0x0000000000001f8f
R8 =0x000000000000001a, R9 =0x000000000000154f, R10=0x0000000000000000, R11=0x0000000000001569
R12=0x0000000000000000, R13=0x0000000000000100, R14=0x0000000000004667, R15=0x00007f6c8c0f5800
RIP=0x00007f6cfa85cedb, EFLAGS=0x0000000000010216, CSGSFS=0x002b000000000033, ERR=0x0000000000000004
  TRAPNO=0x000000000000000e

Top of Stack: (sp=0x00007f6cdc4e5470)
0x00007f6cdc4e5470:   00000000eb495b58 0000000e00000000
0x00007f6cdc4e5480:   0000000eeb495b58 00000000eb4951a0
0x00007f6cdc4e5490:   eb4964680000001a 000015460000000d
0x00007f6cdc4e54a0:   0000001000000100 0000002000000091
0x00007f6cdc4e54b0:   00000000eb4840a8 000000000000019a
0x00007f6cdc4e54c0:   0000000000000000 00007f6cfb4d2f3c
0x00007f6cdc4e54d0:   00000000eb495140 00000000eb495160
0x00007f6cdc4e54e0:   00000000eb481d68 0000000000000000
0x00007f6cdc4e54f0:   00000000ffffffff 00000000eb4840a8
0x00007f6cdc4e5500:   00007f6cdc4e5530 00007f6cdc4e5530
0x00007f6cdc4e5510:   0000000000000002 0000000000000000
0x00007f6cdc4e5520:   00007f6cdc4e5540 000000010006a948
0x00007f6cdc4e5530:   0000000000000002 00007f6cfa01c774
0x00007f6cdc4e5540:   0000000200000000 eb4945d0000005c6
0x00007f6cdc4e5550:   00000000eb4840a8 00007f6cfb4c7dec
0x00007f6cdc4e5560:   00000000eb4840a8 00000000ffffffff
0x00007f6cdc4e5570:   00000000eb4840a8 00000000000006d9
0x00007f6cdc4e5580:   00000000eb48b1f8 00000000eb4840a8
0x00007f6cdc4e5590:   0000000200000001 00000000eb494c10
0x00007f6cdc4e55a0:   000006d700000000 00000000eb495058
0x00007f6cdc4e55b0:   00000000eb4951a0 00000000eb48b2c8
0x00007f6cdc4e55c0:   0000000000000001 00007f6c00000000
0x00007f6cdc4e55d0:   0000000000000000 00007f6cfb683134
0x00007f6cdc4e55e0:   00000000eb4840a8 0000000000000001
0x00007f6cdc4e55f0:   0000000000000000 0000000100000000
0x00007f6cdc4e5600:   00007f6c00004627 000006d800000002
0x00007f6cdc4e5610:   00000000eb4840a8 00007f6cfa68f831
0x00007f6cdc4e5620:   00000000eb4550b0 00000000eb47f168
0x00007f6cdc4e5630:   00000000eb4840a8 00007f6cfa63ed3c
0x00007f6cdc4e5640:   00007f6cdc4e6338 00007f6cfa91b434
0x00007f6cdc4e5650:   0000000000000001 0000000000000000
0x00007f6cdc4e5660:   00000000c0452a08 00000000c0446e40 

Instructions: (pc=0x00007f6cfa85cedb)
0x00007f6cfa85cebb:   47 0f b7 4c 53 10 41 8b c1 03 44 24 20 3b c7 0f
0x00007f6cfa85cecb:   83 3d 0b 00 00 4d 63 d9 4d 03 d8 66 45 0f 7e d2
0x00007f6cfa85cedb:   47 0f b7 54 5a 10 44 3b 54 24 20 75 03 44 8b c8
0x00007f6cfa85ceeb:   44 3b cb 0f 83 65 0b 00 00 66 41 0f 7e fa 47 0f 

Register to memory mapping:

RAX=0x0000000000001569 is an unknown value
RBX=0x0000000000001f42 is an unknown value
RCX=0x000000000000000d is an unknown value
RDX=0x000000000000038b is an unknown value
RSP=0x00007f6cdc4e5470 is pointing into the stack for thread: 0x00007f6c8c0f5800
RBP=0x000000000000000c is an unknown value
RSI=0x0000000000004667 is an unknown value
RDI=0x0000000000001f8f is an unknown value
R8 =0x000000000000001a is an unknown value
R9 =0x000000000000154f is an unknown value
R10=0x0000000000000000 is an unknown value
R11=0x0000000000001569 is an unknown value
R12=0x0000000000000000 is an unknown value
R13=0x0000000000000100 is an unknown value
R14=0x0000000000004667 is an unknown value
R15=0x00007f6c8c0f5800 is a thread


Stack: [0x00007f6cdc3e7000,0x00007f6cdc4e8000],  sp=0x00007f6cdc4e5470,  free space=1017k
Native frames: (J=compiled Java code, j=interpreted, Vv=VM code, C=native code)
J 11529 C2 org.eclipse.jdt.internal.compiler.parser.diagnose.DiagnoseParser.diagnoseParse(Z)V (1303 bytes) @ 0x00007f6cfa85cedb [0x00007f6cfa85bd00+0x11db]
J 15406 C1 org.eclipse.jdt.internal.compiler.parser.Parser.reportSyntaxErrors(ZI)V (202 bytes) @ 0x00007f6cfb4d2f3c [0x00007f6cfb4d2800+0x73c]
J 15606 C2 org.eclipse.jdt.internal.compiler.parser.Parser.parse()V (913 bytes) @ 0x00007f6cfb683134 [0x00007f6cfb682500+0xc34]
J 11717 C1 org.eclipse.jdt.internal.compiler.parser.Parser.parse(Lorg/eclipse/jdt/internal/compiler/env/ICompilationUnit;Lorg/eclipse/jdt/internal/compiler/CompilationResult;II)Lorg/eclipse/jdt/internal/compiler/ast/CompilationUnitDeclaration; (252 bytes) @ 0x00007f6cfa91b434 [0x00007f6cfa91a4e0+0xf54]
J 9804 C1 org.eclipse.jdt.internal.compiler.parser.Parser.dietParse(Lorg/eclipse/jdt/internal/compiler/env/ICompilationUnit;Lorg/eclipse/jdt/internal/compiler/CompilationResult;)Lorg/eclipse/jdt/internal/compiler/ast/CompilationUnitDeclaration; (63 bytes) @ 0x00007f6cfa168904 [0x00007f6cfa168700+0x204]
J 12969 C1 org.eclipse.jdt.core.dom.CompilationUnitResolver.parse(Lorg/eclipse/jdt/internal/compiler/env/ICompilationUnit;Lorg/eclipse/jdt/core/dom/NodeSearcher;Ljava/util/Map;I)Lorg/eclipse/jdt/internal/compiler/ast/CompilationUnitDeclaration; (330 bytes) @ 0x00007f6cfada354c [0x00007f6cfada2b20+0xa2c]
J 12731 C1 org.eclipse.jdt.core.dom.ASTParser.internalCreateAST(Lorg/eclipse/core/runtime/IProgressMonitor;)Lorg/eclipse/jdt/core/dom/ASTNode; (1037 bytes) @ 0x00007f6cfac944e4 [0x00007f6cfac90e00+0x36e4]
J 12326 C1 org.eclipse.jdt.core.dom.ASTParser.createAST(Lorg/eclipse/core/runtime/IProgressMonitor;)Lorg/eclipse/jdt/core/dom/ASTNode; (60 bytes) @ 0x00007f6cfab786c4 [0x00007f6cfab783e0+0x2e4]
J 12743 C1 org.eclipse.jdt.core.dom.rewrite.ImportRewrite.rewriteImports(Lorg/eclipse/core/runtime/IProgressMonitor;)Lorg/eclipse/text/edits/TextEdit; (380 bytes) @ 0x00007f6cfaca5f84 [0x00007f6cfaca5200+0xd84]
J 15467 C1 org.eclipse.jdt.ls.core.internal.contentassist.CompletionProposalReplacementProvider.addImports(Ljava/util/List;)V (70 bytes) @ 0x00007f6cfb53321c [0x00007f6cfb533000+0x21c]
J 13629 C1 org.eclipse.jdt.ls.core.internal.contentassist.CompletionProposalReplacementProvider.updateReplacement(Lorg/eclipse/jdt/core/CompletionProposal;Lorg/eclipse/lsp4j/CompletionItem;C)V (495 bytes) @ 0x00007f6cfaac8abc [0x00007f6cfaac5f00+0x2bbc]
J 12777 C1 org.eclipse.jdt.ls.core.internal.contentassist.CompletionProposalRequestor.toCompletionItem(Lorg/eclipse/jdt/core/CompletionProposal;I)Lorg/eclipse/lsp4j/CompletionItem; (488 bytes) @ 0x00007f6cfacca024 [0x00007f6cfacc61a0+0x3e84]
j  org.eclipse.jdt.ls.core.internal.contentassist.CompletionProposalRequestor.getCompletionItems()Ljava/util/List;+151
j  org.eclipse.jdt.ls.core.internal.handlers.CompletionHandler.computeContentAssist(Lorg/eclipse/jdt/core/ICompilationUnit;IILorg/eclipse/core/runtime/IProgressMonitor;)Lorg/eclipse/lsp4j/CompletionList;+221
j  org.eclipse.jdt.ls.core.internal.handlers.CompletionHandler.completion(Lorg/eclipse/lsp4j/CompletionParams;Lorg/eclipse/core/runtime/IProgressMonitor;)Lorg/eclipse/lsp4j/jsonrpc/messages/Either;+32
j  org.eclipse.jdt.ls.core.internal.handlers.JDTLanguageServer.lambda$4([Lorg/eclipse/core/runtime/IProgressMonitor;Lorg/eclipse/jdt/ls/core/internal/handlers/CompletionHandler;Lorg/eclipse/lsp4j/CompletionParams;Lorg/eclipse/core/runtime/IProgressMonitor;)Lorg/eclipse/lsp4j/jsonrpc/messages/Either;+23
j  org.eclipse.jdt.ls.core.internal.handlers.JDTLanguageServer$$Lambda$364.apply(Ljava/lang/Object;)Ljava/lang/Object;+20
j  org.eclipse.jdt.ls.core.internal.BaseJDTLanguageServer.lambda$0(Ljava/util/function/Function;Lorg/eclipse/lsp4j/jsonrpc/CancelChecker;)Ljava/lang/Object;+6
j  org.eclipse.jdt.ls.core.internal.BaseJDTLanguageServer$$Lambda$122.apply(Ljava/lang/Object;)Ljava/lang/Object;+12
J 12708 C1 java.util.concurrent.CompletableFuture.uniApply(Ljava/util/concurrent/CompletableFuture;Ljava/util/function/Function;Ljava/util/concurrent/CompletableFuture$UniApply;)Z (108 bytes) @ 0x00007f6cfac72cc4 [0x00007f6cfac72500+0x7c4]
J 12161 C1 java.util.concurrent.CompletableFuture$UniApply.tryFire(I)Ljava/util/concurrent/CompletableFuture; (59 bytes) @ 0x00007f6cfab31e14 [0x00007f6cfab31c60+0x1b4]
j  java.util.concurrent.CompletableFuture$Completion.exec()Z+2
j  java.util.concurrent.ForkJoinTask.doExec()I+10
j  java.util.concurrent.ForkJoinPool$WorkQueue.runTask(Ljava/util/concurrent/ForkJoinTask;)V+21
j  java.util.concurrent.ForkJoinPool.runWorker(Ljava/util/concurrent/ForkJoinPool$WorkQueue;)V+35
j  java.util.concurrent.ForkJoinWorkerThread.run()V+24
v  ~StubRoutines::call_stub
V  [libjvm.so+0x68550a]
V  [libjvm.so+0x682aeb]
V  [libjvm.so+0x6830d7]
V  [libjvm.so+0x6ca04b]
V  [libjvm.so+0xa5a12f]
V  [libjvm.so+0xa5b338]
V  [libjvm.so+0x8f3e62]
C  [libpthread.so.0+0x76db]  start_thread+0xdb


---------------  P R O C E S S  ---------------

Java Threads: ( => current thread )
  0x00007f6c7c003000 JavaThread "Worker-14" [_thread_blocked, id=3394, stack(0x00007f6cdc5e9000,0x00007f6cdc6ea000)]
  0x00007f6c7c005000 JavaThread "Worker-13" [_thread_blocked, id=3393, stack(0x00007f6cdd738000,0x00007f6cdd839000)]
  0x00007f6c7c002000 JavaThread "Worker-12" [_thread_blocked, id=3392, stack(0x00007f6cdca35000,0x00007f6cdcb36000)]
=>0x00007f6c8c0f5800 JavaThread "ForkJoinPool.commonPool-worker-1" daemon [_thread_in_Java, id=3391, stack(0x00007f6cdc3e7000,0x00007f6cdc4e8000)]
  0x00007f6c80005000 JavaThread "Worker-11" [_thread_blocked, id=3390, stack(0x00007f6cdc0e4000,0x00007f6cdc1e5000)]
  0x00007f6c88138000 JavaThread "ForkJoinPool.commonPool-worker-0" daemon [_thread_blocked, id=3386, stack(0x00007f6cde03b000,0x00007f6cde13c000)]
  0x00007f6c8c0c7000 JavaThread "ForkJoinPool.commonPool-worker-3" daemon [_thread_blocked, id=3385, stack(0x00007f6cdcb36000,0x00007f6cdcc37000)]
  0x00007f6c98149000 JavaThread "process reaper" daemon [_thread_blocked, id=2971, stack(0x00007f6cdeb51000,0x00007f6cdeb8a000)]
  0x00007f6c9c06f800 JavaThread "Worker-7" [_thread_blocked, id=2890, stack(0x00007f6cdc4e8000,0x00007f6cdc5e9000)]
  0x00007f6c94229000 JavaThread "Bundle File Closer" daemon [_thread_blocked, id=2889, stack(0x00007f6cdc2e6000,0x00007f6cdc3e7000)]
  0x00007f6c90032000 JavaThread "Worker-6" [_thread_blocked, id=2888, stack(0x00007f6cdc1e5000,0x00007f6cdc2e6000)]
  0x00007f6d084e4000 JavaThread "pool-1-thread-1" [_thread_blocked, id=2817, stack(0x00007f6cdc8ea000,0x00007f6cdc9eb000)]
  0x00007f6d08394000 JavaThread "pool-2-thread-1" [_thread_blocked, id=2816, stack(0x00007f6cdce37000,0x00007f6cdcf38000)]
  0x00007f6cb0318000 JavaThread "Java indexing" daemon [_thread_blocked, id=2752, stack(0x00007f6cddc39000,0x00007f6cddd3a000)]
  0x00007f6cb0141800 JavaThread "Worker-JM" [_thread_blocked, id=2745, stack(0x00007f6cde13c000,0x00007f6cde23d000)]
  0x00007f6d08467800 JavaThread "Start Level: Equinox Container: 3ce0372b-e9d9-48bc-896f-fdb8335a0422" daemon [_thread_blocked, id=2744, stack(0x00007f6cde84e000,0x00007f6cde94f000)]
  0x00007f6d08461800 JavaThread "Framework Event Dispatcher: Equinox Container: 3ce0372b-e9d9-48bc-896f-fdb8335a0422" daemon [_thread_blocked, id=2743, stack(0x00007f6cde94f000,0x00007f6cdea50000)]
  0x00007f6d0842d000 JavaThread "Active Thread: Equinox Container: 3ce0372b-e9d9-48bc-896f-fdb8335a0422" [_thread_blocked, id=2740, stack(0x00007f6cdea50000,0x00007f6cdeb51000)]
  0x00007f6d0819a000 JavaThread "Service Thread" daemon [_thread_blocked, id=2731, stack(0x00007f6cdf0b6000,0x00007f6cdf1b7000)]
  0x00007f6d08185800 JavaThread "C1 CompilerThread2" daemon [_thread_blocked, id=2730, stack(0x00007f6cdf1b8000,0x00007f6cdf2b8000)]
  0x00007f6d08183800 JavaThread "C2 CompilerThread1" daemon [_thread_blocked, id=2729, stack(0x00007f6cdf2b9000,0x00007f6cdf3b9000)]
  0x00007f6d08180800 JavaThread "C2 CompilerThread0" daemon [_thread_blocked, id=2728, stack(0x00007f6cdf3ba000,0x00007f6cdf4ba000)]
  0x00007f6d0817c800 JavaThread "Signal Dispatcher" daemon [_thread_blocked, id=2727, stack(0x00007f6cdf4ba000,0x00007f6cdf5bb000)]
  0x00007f6d0814e800 JavaThread "Finalizer" daemon [_thread_blocked, id=2720, stack(0x00007f6cf4016000,0x00007f6cf4117000)]
  0x00007f6d0814a000 JavaThread "Reference Handler" daemon [_thread_blocked, id=2719, stack(0x00007f6cf4117000,0x00007f6cf4218000)]
  0x00007f6d0800c000 JavaThread "main" [_thread_blocked, id=2709, stack(0x00007f6d0f039000,0x00007f6d0f139000)]

Other Threads:
  0x00007f6d08140800 VMThread [stack: 0x00007f6cf4219000,0x00007f6cf4319000] [id=2716]
  0x00007f6d0819c800 WatcherThread [stack: 0x00007f6cdefb6000,0x00007f6cdf0b6000] [id=2732]

VM state:not at safepoint (normal execution)

VM Mutex/Monitor currently owned by a thread: None

heap address: 0x00000000c0000000, size: 1024 MB, Compressed Oops mode: 32-bit
Narrow klass base: 0x0000000000000000, Narrow klass shift: 3
Compressed class space size: 1073741824 Address: 0x0000000100000000

Heap:
 PSYoungGen      total 32768K, used 18115K [0x00000000eab00000, 0x00000000ecf00000, 0x0000000100000000)
  eden space 30720K, 52% used [0x00000000eab00000,0x00000000ebac0c00,0x00000000ec900000)
  from space 2048K, 96% used [0x00000000ecd00000,0x00000000ecef0000,0x00000000ecf00000)
  to   space 2560K, 0% used [0x00000000eca00000,0x00000000eca00000,0x00000000ecc80000)
 ParOldGen       total 166912K, used 138973K [0x00000000c0000000, 0x00000000ca300000, 0x00000000eab00000)
  object space 166912K, 83% used [0x00000000c0000000,0x00000000c87b7490,0x00000000ca300000)
 Metaspace       used 65180K, capacity 68488K, committed 69248K, reserved 1112064K
  class space    used 6307K, capacity 7351K, committed 7552K, reserved 1048576K

Card table byte_map: [0x00007f6cf81fe000,0x00007f6cf83ff000] byte_map_base: 0x00007f6cf7bfe000

Marking Bits: (ParMarkBitMap*) 0x00007f6d0e2ce3c0
 Begin Bits: [0x00007f6cf5dfa000, 0x00007f6cf6dfa000)
 End Bits:   [0x00007f6cf6dfa000, 0x00007f6cf7dfa000)

Polling page: 0x00007f6d0f14f000

CodeCache: size=245760Kb used=48290Kb max_used=48302Kb free=197469Kb
 bounds [0x00007f6cf87bf000, 0x00007f6cfb73f000, 0x00007f6d077bf000]
 total_blobs=12622 nmethods=11983 adapters=550
 compilation: enabled

Compilation events (10 events):
Event: 3030,418 Thread 0x00007f6d08185800 15817       3       org.eclipse.jdt.internal.compiler.parser.RecoveredUnit::add (204 bytes)
Event: 3030,419 Thread 0x00007f6d08185800 nmethod 15817 0x00007f6cfa156090 code [0x00007f6cfa156280, 0x00007f6cfa156bd8]
Event: 3030,419 Thread 0x00007f6d08185800 15818       3       org.eclipse.jdt.internal.compiler.parser.RecoveredType::add (271 bytes)
Event: 3030,419 Thread 0x00007f6d08185800 nmethod 15818 0x00007f6cfa43a150 code [0x00007f6cfa43a360, 0x00007f6cfa43af08]
Event: 3030,419 Thread 0x00007f6d08185800 15819       3       org.eclipse.jdt.internal.compiler.parser.RecoveredUnit::updateParseTree (6 bytes)
Event: 3030,420 Thread 0x00007f6d08185800 nmethod 15819 0x00007f6cfa155c10 code [0x00007f6cfa155d80, 0x00007f6cfa155f28]
Event: 3030,420 Thread 0x00007f6d08185800 15820       3       org.eclipse.jdt.internal.compiler.parser.Scanner::maybeAtEllipsisAnnotationsStart (116 bytes)
Event: 3030,420 Thread 0x00007f6d08185800 nmethod 15820 0x00007f6cfa439c10 code [0x00007f6cfa439d80, 0x00007f6cfa439fd0]
Event: 3030,421 Thread 0x00007f6d08183800 nmethod 15814 0x00007f6cf9906f90 code [0x00007f6cf9907140, 0x00007f6cf9907a58]
Event: 3030,421 Thread 0x00007f6d08180800 nmethod 15815 0x00007f6cfa48b890 code [0x00007f6cfa48ba60, 0x00007f6cfa48c108]

GC Heap History (10 events):
Event: 3028,986 GC heap before
{Heap before GC invocations=176 (full 16):
 PSYoungGen      total 32256K, used 29312K [0x00000000eab00000, 0x00000000ecc00000, 0x0000000100000000)
  eden space 28672K, 100% used [0x00000000eab00000,0x00000000ec700000,0x00000000ec700000)
  from space 3584K, 17% used [0x00000000ec700000,0x00000000ec7a0000,0x00000000eca80000)
  to   space 1536K, 0% used [0x00000000eca80000,0x00000000eca80000,0x00000000ecc00000)
 ParOldGen       total 166912K, used 134844K [0x00000000c0000000, 0x00000000ca300000, 0x00000000eab00000)
  object space 166912K, 80% used [0x00000000c0000000,0x00000000c83af1f0,0x00000000ca300000)
 Metaspace       used 65147K, capacity 68488K, committed 69248K, reserved 1112064K
  class space    used 6306K, capacity 7351K, committed 7552K, reserved 1048576K
Event: 3028,989 GC heap after
Heap after GC invocations=176 (full 16):
 PSYoungGen      total 32768K, used 788K [0x00000000eab00000, 0x00000000ecc00000, 0x0000000100000000)
  eden space 31232K, 0% used [0x00000000eab00000,0x00000000eab00000,0x00000000ec980000)
  from space 1536K, 51% used [0x00000000eca80000,0x00000000ecb45200,0x00000000ecc00000)
  to   space 1024K, 0% used [0x00000000ec980000,0x00000000ec980000,0x00000000eca80000)
 ParOldGen       total 166912K, used 135348K [0x00000000c0000000, 0x00000000ca300000, 0x00000000eab00000)
  object space 166912K, 81% used [0x00000000c0000000,0x00000000c842d1f0,0x00000000ca300000)
 Metaspace       used 65147K, capacity 68488K, committed 69248K, reserved 1112064K
  class space    used 6306K, capacity 7351K, committed 7552K, reserved 1048576K
}
Event: 3030,180 GC heap before
{Heap before GC invocations=177 (full 16):
 PSYoungGen      total 32768K, used 32020K [0x00000000eab00000, 0x00000000ecc00000, 0x0000000100000000)
  eden space 31232K, 100% used [0x00000000eab00000,0x00000000ec980000,0x00000000ec980000)
  from space 1536K, 51% used [0x00000000eca80000,0x00000000ecb45200,0x00000000ecc00000)
  to   space 1024K, 0% used [0x00000000ec980000,0x00000000ec980000,0x00000000eca80000)
 ParOldGen       total 166912K, used 135348K [0x00000000c0000000, 0x00000000ca300000, 0x00000000eab00000)
  object space 166912K, 81% used [0x00000000c0000000,0x00000000c842d1f0,0x00000000ca300000)
 Metaspace       used 65170K, capacity 68488K, committed 69248K, reserved 1112064K
  class space    used 6307K, capacity 7351K, committed 7552K, reserved 1048576K
Event: 3030,186 GC heap after
Heap after GC invocations=177 (full 16):
 PSYoungGen      total 32256K, used 692K [0x00000000eab00000, 0x00000000ecc00000, 0x0000000100000000)
  eden space 31232K, 0% used [0x00000000eab00000,0x00000000eab00000,0x00000000ec980000)
  from space 1024K, 67% used [0x00000000ec980000,0x00000000eca2d200,0x00000000eca80000)
  to   space 1024K, 0% used [0x00000000ecb00000,0x00000000ecb00000,0x00000000ecc00000)
 ParOldGen       total 166912K, used 135460K [0x00000000c0000000, 0x00000000ca300000, 0x00000000eab00000)
  object space 166912K, 81% used [0x00000000c0000000,0x00000000c84491f0,0x00000000ca300000)
 Metaspace       used 65170K, capacity 68488K, committed 69248K, reserved 1112064K
  class space    used 6307K, capacity 7351K, committed 7552K, reserved 1048576K
}
Event: 3030,220 GC heap before
{Heap before GC invocations=178 (full 16):
 PSYoungGen      total 32256K, used 31924K [0x00000000eab00000, 0x00000000ecc00000, 0x0000000100000000)
  eden space 31232K, 100% used [0x00000000eab00000,0x00000000ec980000,0x00000000ec980000)
  from space 1024K, 67% used [0x00000000ec980000,0x00000000eca2d200,0x00000000eca80000)
  to   space 1024K, 0% used [0x00000000ecb00000,0x00000000ecb00000,0x00000000ecc00000)
 ParOldGen       total 166912K, used 135460K [0x00000000c0000000, 0x00000000ca300000, 0x00000000eab00000)
  object space 166912K, 81% used [0x00000000c0000000,0x00000000c84491f0,0x00000000ca300000)
 Metaspace       used 65170K, capacity 68488K, committed 69248K, reserved 1112064K
  class space    used 6307K, capacity 7351K, committed 7552K, reserved 1048576K
Event: 3030,225 GC heap after
Heap after GC invocations=178 (full 16):
 PSYoungGen      total 32768K, used 544K [0x00000000eab00000, 0x00000000ecc00000, 0x0000000100000000)
  eden space 31744K, 0% used [0x00000000eab00000,0x00000000eab00000,0x00000000eca00000)
  from space 1024K, 53% used [0x00000000ecb00000,0x00000000ecb88000,0x00000000ecc00000)
  to   space 1024K, 0% used [0x00000000eca00000,0x00000000eca00000,0x00000000ecb00000)
 ParOldGen       total 166912K, used 135976K [0x00000000c0000000, 0x00000000ca300000, 0x00000000eab00000)
  object space 166912K, 81% used [0x00000000c0000000,0x00000000c84ca3f0,0x00000000ca300000)
 Metaspace       used 65170K, capacity 68488K, committed 69248K, reserved 1112064K
  class space    used 6307K, capacity 7351K, committed 7552K, reserved 1048576K
}
Event: 3030,340 GC heap before
{Heap before GC invocations=179 (full 16):
 PSYoungGen      total 32768K, used 32288K [0x00000000eab00000, 0x00000000ecc00000, 0x0000000100000000)
  eden space 31744K, 100% used [0x00000000eab00000,0x00000000eca00000,0x00000000eca00000)
  from space 1024K, 53% used [0x00000000ecb00000,0x00000000ecb88000,0x00000000ecc00000)
  to   space 1024K, 0% used [0x00000000eca00000,0x00000000eca00000,0x00000000ecb00000)
 ParOldGen       total 166912K, used 135976K [0x00000000c0000000, 0x00000000ca300000, 0x00000000eab00000)
  object space 166912K, 81% used [0x00000000c0000000,0x00000000c84ca3f0,0x00000000ca300000)
 Metaspace       used 65170K, capacity 68488K, committed 69248K, reserved 1112064K
  class space    used 6307K, capacity 7351K, committed 7552K, reserved 1048576K
Event: 3030,344 GC heap after
Heap after GC invocations=179 (full 16):
 PSYoungGen      total 32256K, used 1016K [0x00000000eab00000, 0x00000000ed080000, 0x0000000100000000)
  eden space 31232K, 0% used [0x00000000eab00000,0x00000000eab00000,0x00000000ec980000)
  from space 1024K, 99% used [0x00000000eca00000,0x00000000ecafe1a8,0x00000000ecb00000)
  to   space 3584K, 0% used [0x00000000ecd00000,0x00000000ecd00000,0x00000000ed080000)
 ParOldGen       total 166912K, used 137948K [0x00000000c0000000, 0x00000000ca300000, 0x00000000eab00000)
  object space 166912K, 82% used [0x00000000c0000000,0x00000000c86b72e8,0x00000000ca300000)
 Metaspace       used 65170K, capacity 68488K, committed 69248K, reserved 1112064K
  class space    used 6307K, capacity 7351K, committed 7552K, reserved 1048576K
}
Event: 3030,392 GC heap before
{Heap before GC invocations=180 (full 16):
 PSYoungGen      total 32256K, used 32248K [0x00000000eab00000, 0x00000000ed080000, 0x0000000100000000)
  eden space 31232K, 100% used [0x00000000eab00000,0x00000000ec980000,0x00000000ec980000)
  from space 1024K, 99% used [0x00000000eca00000,0x00000000ecafe1a8,0x00000000ecb00000)
  to   space 3584K, 0% used [0x00000000ecd00000,0x00000000ecd00000,0x00000000ed080000)
 ParOldGen       total 166912K, used 137948K [0x00000000c0000000, 0x00000000ca300000, 0x00000000eab00000)
  object space 166912K, 82% used [0x00000000c0000000,0x00000000c86b72e8,0x00000000ca300000)
 Metaspace       used 65171K, capacity 68488K, committed 69248K, reserved 1112064K
  class space    used 6307K, capacity 7351K, committed 7552K, reserved 1048576K
Event: 3030,400 GC heap after
Heap after GC invocations=180 (full 16):
 PSYoungGen      total 32768K, used 1984K [0x00000000eab00000, 0x00000000ecf00000, 0x0000000100000000)
  eden space 30720K, 0% used [0x00000000eab00000,0x00000000eab00000,0x00000000ec900000)
  from space 2048K, 96% used [0x00000000ecd00000,0x00000000ecef0000,0x00000000ecf00000)
  to   space 2560K, 0% used [0x00000000eca00000,0x00000000eca00000,0x00000000ecc80000)
 ParOldGen       total 166912K, used 138973K [0x00000000c0000000, 0x00000000ca300000, 0x00000000eab00000)
  object space 166912K, 83% used [0x00000000c0000000,0x00000000c87b7490,0x00000000ca300000)
 Metaspace       used 65171K, capacity 68488K, committed 69248K, reserved 1112064K
  class space    used 6307K, capacity 7351K, committed 7552K, reserved 1048576K
}

Deoptimization events (10 events):
Event: 3028,298 Thread 0x00007f6c8c0f5800 Uncommon trap: reason=class_check action=maybe_recompile pc=0x00007f6cfb6c3428 method=org.eclipse.jdt.internal.compiler.env.IModuleAwareNameEnvironment.findType([C[[C)Lorg/eclipse/jdt/internal/compiler/env/NameEnvironmentAnswer; @ 6
Event: 3028,349 Thread 0x00007f6c8c0f5800 Uncommon trap: reason=bimorphic action=maybe_recompile pc=0x00007f6cfb0fc634 method=java.util.TimSort.mergeLo(IIII)V @ 189
Event: 3028,864 Thread 0x00007f6c8c0c7000 Uncommon trap: reason=class_check action=maybe_recompile pc=0x00007f6cfb6c3428 method=org.eclipse.jdt.internal.compiler.env.IModuleAwareNameEnvironment.findType([C[[C)Lorg/eclipse/jdt/internal/compiler/env/NameEnvironmentAnswer; @ 6
Event: 3028,864 Thread 0x00007f6c8c0c7000 Uncommon trap: reason=class_check action=maybe_recompile pc=0x00007f6cfb6c3428 method=org.eclipse.jdt.internal.compiler.env.IModuleAwareNameEnvironment.findType([C[[C)Lorg/eclipse/jdt/internal/compiler/env/NameEnvironmentAnswer; @ 6
Event: 3028,864 Thread 0x00007f6c8c0c7000 Uncommon trap: reason=class_check action=maybe_recompile pc=0x00007f6cfb6c3428 method=org.eclipse.jdt.internal.compiler.env.IModuleAwareNameEnvironment.findType([C[[C)Lorg/eclipse/jdt/internal/compiler/env/NameEnvironmentAnswer; @ 6
Event: 3028,881 Thread 0x00007f6c88138000 Uncommon trap: reason=bimorphic action=maybe_recompile pc=0x00007f6cf88ea15c method=org.eclipse.jdt.internal.compiler.parser.Parser.currentRecoveryType()Lorg/eclipse/jdt/internal/compiler/parser/RecoveredType; @ 29
Event: 3028,881 Thread 0x00007f6c88138000 Uncommon trap: reason=bimorphic action=maybe_recompile pc=0x00007f6cfadf0c9c method=org.eclipse.jdt.internal.compiler.parser.Parser.checkAndSetModifiers(I)V @ 65
Event: 3028,882 Thread 0x00007f6c88138000 Uncommon trap: reason=bimorphic action=maybe_recompile pc=0x00007f6cfadf0c9c method=org.eclipse.jdt.internal.compiler.parser.Parser.checkAndSetModifiers(I)V @ 65
Event: 3030,254 Thread 0x00007f6c88138000 Uncommon trap: reason=unstable_if action=reinterpret pc=0x00007f6cf97321b8 method=java.util.HashMap.computeIfAbsent(Ljava/lang/Object;Ljava/util/function/Function;)Ljava/lang/Object; @ 132
Event: 3030,273 Thread 0x00007f6c8c0f5800 Uncommon trap: reason=unstable_if action=reinterpret pc=0x00007f6cfa98aa54 method=java.lang.ref.SoftReference.get()Ljava/lang/Object; @ 6

Classes redefined (0 events):
No events

Internal exceptions (10 events):
Event: 3028,862 Thread 0x00007f6c8c0c7000 Exception <a 'java/lang/ArrayIndexOutOfBoundsException'> (0x00000000eb0b38e0) thrown at [/build/openjdk-8-piDAoU/openjdk-8-8u252-b09/src/hotspot/src/share/vm/runtime/sharedRuntime.cpp, line 605]
Event: 3028,863 Thread 0x00007f6c8c0c7000 Exception <a 'java/lang/ArrayIndexOutOfBoundsException'> (0x00000000eb62e648) thrown at [/build/openjdk-8-piDAoU/openjdk-8-8u252-b09/src/hotspot/src/share/vm/runtime/sharedRuntime.cpp, line 605]
Event: 3028,864 Thread 0x00007f6c8c0c7000 Exception <a 'java/lang/ArrayIndexOutOfBoundsException'> (0x00000000eb62e8d8) thrown at [/build/openjdk-8-piDAoU/openjdk-8-8u252-b09/src/hotspot/src/share/vm/runtime/sharedRuntime.cpp, line 605]
Event: 3028,864 Thread 0x00007f6c8c0c7000 Exception <a 'java/lang/ArrayIndexOutOfBoundsException'> (0x00000000eb62eb68) thrown at [/build/openjdk-8-piDAoU/openjdk-8-8u252-b09/src/hotspot/src/share/vm/runtime/sharedRuntime.cpp, line 605]
Event: 3029,441 Thread 0x00007f6c88138000 Exception <a 'java/lang/ArrayIndexOutOfBoundsException'> (0x00000000ebc81850) thrown at [/build/openjdk-8-piDAoU/openjdk-8-8u252-b09/src/hotspot/src/share/vm/runtime/sharedRuntime.cpp, line 605]
Event: 3029,441 Thread 0x00007f6c88138000 Exception <a 'java/lang/ArrayIndexOutOfBoundsException'> (0x00000000ebc81ae0) thrown at [/build/openjdk-8-piDAoU/openjdk-8-8u252-b09/src/hotspot/src/share/vm/runtime/sharedRuntime.cpp, line 605]
Event: 3029,441 Thread 0x00007f6c88138000 Exception <a 'java/lang/ArrayIndexOutOfBoundsException'> (0x00000000ebc81d70) thrown at [/build/openjdk-8-piDAoU/openjdk-8-8u252-b09/src/hotspot/src/share/vm/runtime/sharedRuntime.cpp, line 605]
Event: 3030,001 Thread 0x00007f6c88138000 Exception <a 'java/lang/ArrayIndexOutOfBoundsException'> (0x00000000ec1c5698) thrown at [/build/openjdk-8-piDAoU/openjdk-8-8u252-b09/src/hotspot/src/share/vm/runtime/sharedRuntime.cpp, line 605]
Event: 3030,001 Thread 0x00007f6c88138000 Exception <a 'java/lang/ArrayIndexOutOfBoundsException'> (0x00000000ec1c58d0) thrown at [/build/openjdk-8-piDAoU/openjdk-8-8u252-b09/src/hotspot/src/share/vm/runtime/sharedRuntime.cpp, line 605]
Event: 3030,273 Thread 0x00007f6c8c0f5800 Implicit null exception at 0x00007f6cfa98a47b to 0x00007f6cfa98aa31

Events (10 events):
Event: 3030,254 Thread 0x00007f6c88138000 Uncommon trap: trap_request=0xffffff65 fr.pc=0x00007f6cf97321b8
Event: 3030,254 Thread 0x00007f6c88138000 DEOPT PACKING pc=0x00007f6cf97321b8 sp=0x00007f6cde13a0f0
Event: 3030,254 Thread 0x00007f6c88138000 DEOPT UNPACKING pc=0x00007f6cf880447a sp=0x00007f6cde139f58 mode 2
Event: 3030,273 Thread 0x00007f6c8c0f5800 Uncommon trap: trap_request=0xffffff65 fr.pc=0x00007f6cfa98aa54
Event: 3030,273 Thread 0x00007f6c8c0f5800 DEOPT PACKING pc=0x00007f6cfa98aa54 sp=0x00007f6cdc4e5da0
Event: 3030,273 Thread 0x00007f6c8c0f5800 DEOPT UNPACKING pc=0x00007f6cf880447a sp=0x00007f6cdc4e5ca0 mode 2
Event: 3030,340 Executing VM operation: ParallelGCFailedAllocation
Event: 3030,346 Executing VM operation: ParallelGCFailedAllocation done
Event: 3030,392 Executing VM operation: ParallelGCFailedAllocation
Event: 3030,400 Executing VM operation: ParallelGCFailedAllocation done


Dynamic libraries:
c0000000-ca300000 rw-p 00000000 00:00 0 
ca300000-eab00000 ---p 00000000 00:00 0 
eab00000-ecf00000 rw-p 00000000 00:00 0 
ecf00000-100000000 ---p 00000000 00:00 0 
100000000-100760000 rw-p 00000000 00:00 0 
100760000-140000000 ---p 00000000 00:00 0 
558f52a2e000-558f52a2f000 r-xp 00000000 08:01 1197684                    /usr/lib/jvm/java-8-openjdk-amd64/jre/bin/java
558f52c2e000-558f52c2f000 r--p 00000000 08:01 1197684                    /usr/lib/jvm/java-8-openjdk-amd64/jre/bin/java
558f52c2f000-558f52c30000 rw-p 00001000 08:01 1197684                    /usr/lib/jvm/java-8-openjdk-amd64/jre/bin/java
558f53a00000-558f53a21000 rw-p 00000000 00:00 0                          [heap]
7f6c73e00000-7f6c73e40000 rw-p 00000000 00:00 0 
7f6c73e40000-7f6c74000000 ---p 00000000 00:00 0 
7f6c74000000-7f6c74021000 rw-p 00000000 00:00 0 
7f6c74021000-7f6c78000000 ---p 00000000 00:00 0 
7f6c78120000-7f6c78123000 ---p 00000000 00:00 0 
7f6c78123000-7f6c78421000 rw-p 00000000 00:00 0 
7f6c78421000-7f6c78424000 ---p 00000000 00:00 0 
7f6c78424000-7f6c78522000 rw-p 00000000 00:00 0 
7f6c78522000-7f6c78525000 ---p 00000000 00:00 0 
7f6c78525000-7f6c78623000 rw-p 00000000 00:00 0 
7f6c78623000-7f6c78626000 ---p 00000000 00:00 0 
7f6c78626000-7f6c78724000 rw-p 00000000 00:00 0 
7f6c78724000-7f6c78727000 ---p 00000000 00:00 0 
7f6c78727000-7f6c78825000 rw-p 00000000 00:00 0 
7f6c78825000-7f6c78828000 ---p 00000000 00:00 0 
7f6c78828000-7f6c78926000 rw-p 00000000 00:00 0 
7f6c78926000-7f6c78929000 ---p 00000000 00:00 0 
7f6c78929000-7f6c78a27000 rw-p 00000000 00:00 0 
7f6c78a27000-7f6c78a2a000 ---p 00000000 00:00 0 
7f6c78a2a000-7f6c78d28000 rw-p 00000000 00:00 0 
7f6c78d28000-7f6c78d2b000 ---p 00000000 00:00 0 
7f6c78d2b000-7f6c78e29000 rw-p 00000000 00:00 0 
7f6c78e29000-7f6c78e2c000 ---p 00000000 00:00 0 
7f6c78e2c000-7f6c78f2a000 rw-p 00000000 00:00 0 
7f6c78f2a000-7f6c78f2d000 ---p 00000000 00:00 0 
7f6c78f2d000-7f6c7902b000 rw-p 00000000 00:00 0 
7f6c7902b000-7f6c7902e000 ---p 00000000 00:00 0 
7f6c7902e000-7f6c7912c000 rw-p 00000000 00:00 0 
7f6c7912c000-7f6c7912f000 ---p 00000000 00:00 0 
7f6c7912f000-7f6c7922d000 rw-p 00000000 00:00 0 
7f6c7922d000-7f6c79230000 ---p 00000000 00:00 0 
7f6c79230000-7f6c7932e000 rw-p 00000000 00:00 0 
7f6c7932e000-7f6c79331000 ---p 00000000 00:00 0 
7f6c79331000-7f6c7942f000 rw-p 00000000 00:00 0 
7f6c7942f000-7f6c79432000 ---p 00000000 00:00 0 
7f6c79432000-7f6c79730000 rw-p 00000000 00:00 0 
7f6c79730000-7f6c79747000 r-xp 00000000 08:01 659982                     /lib/x86_64-linux-gnu/libresolv-2.27.so
7f6c79747000-7f6c79947000 ---p 00017000 08:01 659982                     /lib/x86_64-linux-gnu/libresolv-2.27.so
7f6c79947000-7f6c79948000 r--p 00017000 08:01 659982                     /lib/x86_64-linux-gnu/libresolv-2.27.so
7f6c79948000-7f6c79949000 rw-p 00018000 08:01 659982                     /lib/x86_64-linux-gnu/libresolv-2.27.so
7f6c79949000-7f6c7994b000 rw-p 00000000 00:00 0 
7f6c7994b000-7f6c79950000 r-xp 00000000 08:01 659932                     /lib/x86_64-linux-gnu/libnss_dns-2.27.so
7f6c79950000-7f6c79b50000 ---p 00005000 08:01 659932                     /lib/x86_64-linux-gnu/libnss_dns-2.27.so
7f6c79b50000-7f6c79b51000 r--p 00005000 08:01 659932                     /lib/x86_64-linux-gnu/libnss_dns-2.27.so
7f6c79b51000-7f6c79b52000 rw-p 00006000 08:01 659932                     /lib/x86_64-linux-gnu/libnss_dns-2.27.so
7f6c79b52000-7f6c79b54000 r-xp 00000000 08:01 659940                     /lib/x86_64-linux-gnu/libnss_mdns4_minimal.so.2
7f6c79b54000-7f6c79d53000 ---p 00002000 08:01 659940                     /lib/x86_64-linux-gnu/libnss_mdns4_minimal.so.2
7f6c79d53000-7f6c79d54000 r--p 00001000 08:01 659940                     /lib/x86_64-linux-gnu/libnss_mdns4_minimal.so.2
7f6c79d54000-7f6c79d55000 rw-p 00002000 08:01 659940                     /lib/x86_64-linux-gnu/libnss_mdns4_minimal.so.2
7f6c79d55000-7f6c79d58000 ---p 00000000 00:00 0 
7f6c79d58000-7f6c79e56000 rw-p 00000000 00:00 0 
7f6c79e56000-7f6c79e59000 ---p 00000000 00:00 0 
7f6c79e59000-7f6c79f57000 rw-p 00000000 00:00 0 
7f6c79f57000-7f6c79f7f000 r-xp 00000000 08:01 1197740                    /usr/lib/jvm/java-8-openjdk-amd64/jre/lib/amd64/libsunec.so
7f6c79f7f000-7f6c7a17e000 ---p 00028000 08:01 1197740                    /usr/lib/jvm/java-8-openjdk-amd64/jre/lib/amd64/libsunec.so
7f6c7a17e000-7f6c7a182000 r--p 00027000 08:01 1197740                    /usr/lib/jvm/java-8-openjdk-amd64/jre/lib/amd64/libsunec.so
7f6c7a182000-7f6c7a183000 rw-p 0002b000 08:01 1197740                    /usr/lib/jvm/java-8-openjdk-amd64/jre/lib/amd64/libsunec.so
7f6c7a183000-7f6c7a383000 rw-p 00000000 00:00 0 
7f6c7a383000-7f6c7a583000 rw-p 00000000 00:00 0 
7f6c7a583000-7f6c7a783000 rw-p 00000000 00:00 0 
7f6c7a783000-7f6c7a983000 rw-p 00000000 00:00 0 
7f6c7a983000-7f6c7ab83000 rw-p 00000000 00:00 0 
7f6c7ab83000-7f6c7ab86000 ---p 00000000 00:00 0 
7f6c7ab86000-7f6c7ac84000 rw-p 00000000 00:00 0 
7f6c7ac84000-7f6c7ac87000 ---p 00000000 00:00 0 
7f6c7ac87000-7f6c7ad85000 rw-p 00000000 00:00 0 
7f6c7ad85000-7f6c7ad88000 ---p 00000000 00:00 0 
7f6c7ad88000-7f6c7ae86000 rw-p 00000000 00:00 0 
7f6c7ae86000-7f6c7ae89000 ---p 00000000 00:00 0 
7f6c7ae89000-7f6c7b187000 rw-p 00000000 00:00 0 
7f6c7b23d000-7f6c7b43d000 rw-p 00000000 00:00 0 
7f6c7b43d000-7f6c7b440000 ---p 00000000 00:00 0 
7f6c7b440000-7f6c7b73e000 rw-p 00000000 00:00 0 
7f6c7b800000-7f6c7ba00000 rw-p 00000000 00:00 0 
7f6c7ba00000-7f6c7bc00000 rw-p 00000000 00:00 0 
7f6c7bc00000-7f6c7be00000 rw-p 00000000 00:00 0 
7f6c7be00000-7f6c7c000000 rw-p 00000000 00:00 0 
7f6c7c000000-7f6c7c0ea000 rw-p 00000000 00:00 0 
7f6c7c0ea000-7f6c80000000 ---p 00000000 00:00 0 
7f6c80000000-7f6c80041000 rw-p 00000000 00:00 0 
7f6c80041000-7f6c84000000 ---p 00000000 00:00 0 
7f6c84000000-7f6c84030000 rw-p 00000000 00:00 0 
7f6c84030000-7f6c88000000 ---p 00000000 00:00 0 
7f6c88000000-7f6c88826000 rw-p 00000000 00:00 0 
7f6c88826000-7f6c8c000000 ---p 00000000 00:00 0 
7f6c8c000000-7f6c8c2c6000 rw-p 00000000 00:00 0 
7f6c8c2c6000-7f6c90000000 ---p 00000000 00:00 0 
7f6c90000000-7f6c9029c000 rw-p 00000000 00:00 0 
7f6c9029c000-7f6c94000000 ---p 00000000 00:00 0 
7f6c94000000-7f6c94596000 rw-p 00000000 00:00 0 
7f6c94596000-7f6c98000000 ---p 00000000 00:00 0 
7f6c98000000-7f6c9823a000 rw-p 00000000 00:00 0 
7f6c9823a000-7f6c9c000000 ---p 00000000 00:00 0 
7f6c9c000000-7f6c9c08d000 rw-p 00000000 00:00 0 
7f6c9c08d000-7f6ca0000000 ---p 00000000 00:00 0 
7f6ca0000000-7f6ca05ef000 rw-p 00000000 00:00 0 
7f6ca05ef000-7f6ca4000000 ---p 00000000 00:00 0 
7f6ca4000000-7f6ca40a8000 rw-p 00000000 00:00 0 
7f6ca40a8000-7f6ca8000000 ---p 00000000 00:00 0 
7f6ca8000000-7f6ca8134000 rw-p 00000000 00:00 0 
7f6ca8134000-7f6cac000000 ---p 00000000 00:00 0 
7f6cac000000-7f6cac021000 rw-p 00000000 00:00 0 
7f6cac021000-7f6cb0000000 ---p 00000000 00:00 0 
7f6cb0000000-7f6cb0bfe000 rw-p 00000000 00:00 0 
7f6cb0bfe000-7f6cb4000000 ---p 00000000 00:00 0 
7f6cb4000000-7f6cb4021000 rw-p 00000000 00:00 0 
7f6cb4021000-7f6cb8000000 ---p 00000000 00:00 0 
7f6cb8000000-7f6cb8021000 rw-p 00000000 00:00 0 
7f6cb8021000-7f6cbc000000 ---p 00000000 00:00 0 
7f6cbc000000-7f6cbc021000 rw-p 00000000 00:00 0 
7f6cbc021000-7f6cc0000000 ---p 00000000 00:00 0 
7f6cc0000000-7f6cc0021000 rw-p 00000000 00:00 0 
7f6cc0021000-7f6cc4000000 ---p 00000000 00:00 0 
7f6cc4000000-7f6cc6af2000 rw-p 00000000 00:00 0 
7f6cc6af2000-7f6cc8000000 ---p 00000000 00:00 0 
7f6cc8000000-7f6cc9300000 rw-p 00000000 00:00 0 
7f6cc9300000-7f6ccc000000 ---p 00000000 00:00 0 
7f6ccc000000-7f6ccc057000 rw-p 00000000 00:00 0 
7f6ccc057000-7f6cd0000000 ---p 00000000 00:00 0 
7f6cd0000000-7f6cd358d000 rw-p 00000000 00:00 0 
7f6cd358d000-7f6cd4000000 ---p 00000000 00:00 0 
7f6cd4000000-7f6cd4040000 rw-p 00000000 00:00 0 
7f6cd4040000-7f6cd8000000 ---p 00000000 00:00 0 
7f6cd8000000-7f6cd8021000 rw-p 00000000 00:00 0 
7f6cd8021000-7f6cdc000000 ---p 00000000 00:00 0 
7f6cdc0e4000-7f6cdc0e7000 ---p 00000000 00:00 0 
7f6cdc0e7000-7f6cdc1e5000 rw-p 00000000 00:00 0 
7f6cdc1e5000-7f6cdc1e8000 ---p 00000000 00:00 0 
7f6cdc1e8000-7f6cdc2e6000 rw-p 00000000 00:00 0 
7f6cdc2e6000-7f6cdc2e9000 ---p 00000000 00:00 0 
7f6cdc2e9000-7f6cdc3e7000 rw-p 00000000 00:00 0 
7f6cdc3e7000-7f6cdc3ea000 ---p 00000000 00:00 0 
7f6cdc3ea000-7f6cdc4e8000 rw-p 00000000 00:00 0 
7f6cdc4e8000-7f6cdc4eb000 ---p 00000000 00:00 0 
7f6cdc4eb000-7f6cdc5e9000 rw-p 00000000 00:00 0 
7f6cdc5e9000-7f6cdc5ec000 ---p 00000000 00:00 0 
7f6cdc5ec000-7f6cdc8ea000 rw-p 00000000 00:00 0 
7f6cdc8ea000-7f6cdc8ed000 ---p 00000000 00:00 0 
7f6cdc8ed000-7f6cdc9eb000 rw-p 00000000 00:00 0 
7f6cdca35000-7f6cdca38000 ---p 00000000 00:00 0 
7f6cdca38000-7f6cdcb36000 rw-p 00000000 00:00 0 
7f6cdcb36000-7f6cdcb39000 ---p 00000000 00:00 0 
7f6cdcb39000-7f6cdce37000 rw-p 00000000 00:00 0 
7f6cdce37000-7f6cdce3a000 ---p 00000000 00:00 0 
7f6cdce3a000-7f6cdd138000 rw-p 00000000 00:00 0 
7f6cdd138000-7f6cdd338000 rw-p 00000000 00:00 0 
7f6cdd338000-7f6cdd538000 rw-p 00000000 00:00 0 
7f6cdd538000-7f6cdd738000 rw-p 00000000 00:00 0 
7f6cdd738000-7f6cdd73b000 ---p 00000000 00:00 0 
7f6cdd73b000-7f6cdda39000 rw-p 00000000 00:00 0 
7f6cdda39000-7f6cddc39000 rw-p 00000000 00:00 0 
7f6cddc39000-7f6cddc3c000 ---p 00000000 00:00 0 
7f6cddc3c000-7f6cddd3a000 rw-p 00000000 00:00 0 
7f6cddd3a000-7f6cddd3d000 ---p 00000000 00:00 0 
7f6cddd3d000-7f6cde03b000 rw-p 00000000 00:00 0 
7f6cde03b000-7f6cde03e000 ---p 00000000 00:00 0 
7f6cde03e000-7f6cde13c000 rw-p 00000000 00:00 0 
7f6cde13c000-7f6cde13f000 ---p 00000000 00:00 0 
7f6cde13f000-7f6cde43d000 rw-p 00000000 00:00 0 
7f6cde43d000-7f6cde63d000 rw-p 00000000 00:00 0 
7f6cde63d000-7f6cde64d000 r-xp 00000000 08:01 435910                     /home/naddi/.config/Code/User/globalStorage/redhat.java/0.61.0/config_linux/org.eclipse.equinox.launcher/org.eclipse.equinox.launcher.gtk.linux.x86_64_1.1.1100.v20190907-0426/eclipse_1801.so
7f6cde64d000-7f6cde84c000 ---p 00010000 08:01 435910                     /home/naddi/.config/Code/User/globalStorage/redhat.java/0.61.0/config_linux/org.eclipse.equinox.launcher/org.eclipse.equinox.launcher.gtk.linux.x86_64_1.1.1100.v20190907-0426/eclipse_1801.so
7f6cde84c000-7f6cde84d000 r--p 0000f000 08:01 435910                     /home/naddi/.config/Code/User/globalStorage/redhat.java/0.61.0/config_linux/org.eclipse.equinox.launcher/org.eclipse.equinox.launcher.gtk.linux.x86_64_1.1.1100.v20190907-0426/eclipse_1801.so
7f6cde84d000-7f6cde84e000 rw-p 00010000 08:01 435910                     /home/naddi/.config/Code/User/globalStorage/redhat.java/0.61.0/config_linux/org.eclipse.equinox.launcher/org.eclipse.equinox.launcher.gtk.linux.x86_64_1.1.1100.v20190907-0426/eclipse_1801.so
7f6cde84e000-7f6cde851000 ---p 00000000 00:00 0 
7f6cde851000-7f6cde94f000 rw-p 00000000 00:00 0 
7f6cde94f000-7f6cde952000 ---p 00000000 00:00 0 
7f6cde952000-7f6cdea50000 rw-p 00000000 00:00 0 
7f6cdea50000-7f6cdea53000 ---p 00000000 00:00 0 
7f6cdea53000-7f6cdeb51000 rw-p 00000000 00:00 0 
7f6cdeb51000-7f6cdeb54000 ---p 00000000 00:00 0 
7f6cdeb54000-7f6cdeb8a000 rw-p 00000000 00:00 0 
7f6cdeb8a000-7f6cdeba1000 r-xp 00000000 08:01 1197735                    /usr/lib/jvm/java-8-openjdk-amd64/jre/lib/amd64/libnet.so
7f6cdeba1000-7f6cdeda0000 ---p 00017000 08:01 1197735                    /usr/lib/jvm/java-8-openjdk-amd64/jre/lib/amd64/libnet.so
7f6cdeda0000-7f6cdeda1000 r--p 00016000 08:01 1197735                    /usr/lib/jvm/java-8-openjdk-amd64/jre/lib/amd64/libnet.so
7f6cdeda1000-7f6cdeda2000 rw-p 00017000 08:01 1197735                    /usr/lib/jvm/java-8-openjdk-amd64/jre/lib/amd64/libnet.so
7f6cdeda2000-7f6cdedb4000 r-xp 00000000 08:01 1197736                    /usr/lib/jvm/java-8-openjdk-amd64/jre/lib/amd64/libnio.so
7f6cdedb4000-7f6cdefb3000 ---p 00012000 08:01 1197736                    /usr/lib/jvm/java-8-openjdk-amd64/jre/lib/amd64/libnio.so
7f6cdefb3000-7f6cdefb4000 r--p 00011000 08:01 1197736                    /usr/lib/jvm/java-8-openjdk-amd64/jre/lib/amd64/libnio.so
7f6cdefb4000-7f6cdefb5000 rw-p 00012000 08:01 1197736                    /usr/lib/jvm/java-8-openjdk-amd64/jre/lib/amd64/libnio.so
7f6cdefb5000-7f6cdefb6000 ---p 00000000 00:00 0 
7f6cdefb6000-7f6cdf0b6000 rw-p 00000000 00:00 0 
7f6cdf0b6000-7f6cdf0b9000 ---p 00000000 00:00 0 
7f6cdf0b9000-7f6cdf1b7000 rw-p 00000000 00:00 0 
7f6cdf1b7000-7f6cdf1b8000 ---p 00000000 00:00 0 
7f6cdf1b8000-7f6cdf1bb000 ---p 00000000 00:00 0 
7f6cdf1bb000-7f6cdf2b8000 rw-p 00000000 00:00 0 
7f6cdf2b8000-7f6cdf2b9000 ---p 00000000 00:00 0 
7f6cdf2b9000-7f6cdf2bc000 ---p 00000000 00:00 0 
7f6cdf2bc000-7f6cdf3b9000 rw-p 00000000 00:00 0 
7f6cdf3b9000-7f6cdf3ba000 ---p 00000000 00:00 0 
7f6cdf3ba000-7f6cdf3bd000 ---p 00000000 00:00 0 
7f6cdf3bd000-7f6cdf4ba000 rw-p 00000000 00:00 0 
7f6cdf4ba000-7f6cdf4bd000 ---p 00000000 00:00 0 
7f6cdf4bd000-7f6cdf5bb000 rw-p 00000000 00:00 0 
7f6cdf5bb000-7f6ce0000000 r--p 00000000 08:01 923700                     /usr/lib/locale/locale-archive
7f6ce0000000-7f6ce0085000 rw-p 00000000 00:00 0 
7f6ce0085000-7f6ce4000000 ---p 00000000 00:00 0 
7f6ce4000000-7f6ce4152000 rw-p 00000000 00:00 0 
7f6ce4152000-7f6ce8000000 ---p 00000000 00:00 0 
7f6ce8000000-7f6ce8144000 rw-p 00000000 00:00 0 
7f6ce8144000-7f6cec000000 ---p 00000000 00:00 0 
7f6cec000000-7f6cec0eb000 rw-p 00000000 00:00 0 
7f6cec0eb000-7f6cf0000000 ---p 00000000 00:00 0 
7f6cf0000000-7f6cf00b6000 rw-p 00000000 00:00 0 
7f6cf00b6000-7f6cf4000000 ---p 00000000 00:00 0 
7f6cf400f000-7f6cf4016000 r--s 00000000 08:01 1053756                    /usr/lib/x86_64-linux-gnu/gconv/gconv-modules.cache
7f6cf4016000-7f6cf4019000 ---p 00000000 00:00 0 
7f6cf4019000-7f6cf4117000 rw-p 00000000 00:00 0 
7f6cf4117000-7f6cf411a000 ---p 00000000 00:00 0 
7f6cf411a000-7f6cf4218000 rw-p 00000000 00:00 0 
7f6cf4218000-7f6cf4219000 ---p 00000000 00:00 0 
7f6cf4219000-7f6cf5228000 rw-p 00000000 00:00 0 
7f6cf5228000-7f6cf53fa000 r--s 03ca5000 08:01 1197780                    /usr/lib/jvm/java-8-openjdk-amd64/jre/lib/rt.jar
7f6cf53fa000-7f6cf7dfa000 rw-p 00000000 00:00 0 
7f6cf7dfa000-7f6cf7dfb000 ---p 00000000 00:00 0 
7f6cf7dfb000-7f6cf7efb000 rw-p 00000000 00:00 0 
7f6cf7efb000-7f6cf7efc000 ---p 00000000 00:00 0 
7f6cf7efc000-7f6cf7ffc000 rw-p 00000000 00:00 0 
7f6cf7ffc000-7f6cf7ffd000 ---p 00000000 00:00 0 
7f6cf7ffd000-7f6cf80fd000 rw-p 00000000 00:00 0 
7f6cf80fd000-7f6cf80fe000 ---p 00000000 00:00 0 
7f6cf80fe000-7f6cf8250000 rw-p 00000000 00:00 0 
7f6cf8250000-7f6cf8353000 ---p 00000000 00:00 0 
7f6cf8353000-7f6cf8366000 rw-p 00000000 00:00 0 
7f6cf8366000-7f6cf83fe000 ---p 00000000 00:00 0 
7f6cf83fe000-7f6cf84bd000 rw-p 00000000 00:00 0 
7f6cf84bd000-7f6cf87bf000 ---p 00000000 00:00 0 
7f6cf87bf000-7f6cfb73f000 rwxp 00000000 00:00 0 
7f6cfb73f000-7f6d077bf000 ---p 00000000 00:00 0 
7f6d077bf000-7f6d077c7000 r-xp 00000000 08:01 1197743                    /usr/lib/jvm/java-8-openjdk-amd64/jre/lib/amd64/libzip.so
7f6d077c7000-7f6d079c6000 ---p 00008000 08:01 1197743                    /usr/lib/jvm/java-8-openjdk-amd64/jre/lib/amd64/libzip.so
7f6d079c6000-7f6d079c7000 r--p 00007000 08:01 1197743                    /usr/lib/jvm/java-8-openjdk-amd64/jre/lib/amd64/libzip.so
7f6d079c7000-7f6d079c8000 rw-p 00008000 08:01 1197743                    /usr/lib/jvm/java-8-openjdk-amd64/jre/lib/amd64/libzip.so
7f6d079c8000-7f6d079d3000 r-xp 00000000 08:01 659934                     /lib/x86_64-linux-gnu/libnss_files-2.27.so
7f6d079d3000-7f6d07bd2000 ---p 0000b000 08:01 659934                     /lib/x86_64-linux-gnu/libnss_files-2.27.so
7f6d07bd2000-7f6d07bd3000 r--p 0000a000 08:01 659934                     /lib/x86_64-linux-gnu/libnss_files-2.27.so
7f6d07bd3000-7f6d07bd4000 rw-p 0000b000 08:01 659934                     /lib/x86_64-linux-gnu/libnss_files-2.27.so
7f6d07bd4000-7f6d07bda000 rw-p 00000000 00:00 0 
7f6d07bda000-7f6d07bf1000 r-xp 00000000 08:01 659928                     /lib/x86_64-linux-gnu/libnsl-2.27.so
7f6d07bf1000-7f6d07df0000 ---p 00017000 08:01 659928                     /lib/x86_64-linux-gnu/libnsl-2.27.so
7f6d07df0000-7f6d07df1000 r--p 00016000 08:01 659928                     /lib/x86_64-linux-gnu/libnsl-2.27.so
7f6d07df1000-7f6d07df2000 rw-p 00017000 08:01 659928                     /lib/x86_64-linux-gnu/libnsl-2.27.so
7f6d07df2000-7f6d07df4000 rw-p 00000000 00:00 0 
7f6d07df4000-7f6d07dff000 r-xp 00000000 08:01 659944                     /lib/x86_64-linux-gnu/libnss_nis-2.27.so
7f6d07dff000-7f6d07ffe000 ---p 0000b000 08:01 659944                     /lib/x86_64-linux-gnu/libnss_nis-2.27.so
7f6d07ffe000-7f6d07fff000 r--p 0000a000 08:01 659944                     /lib/x86_64-linux-gnu/libnss_nis-2.27.so
7f6d07fff000-7f6d08000000 rw-p 0000b000 08:01 659944                     /lib/x86_64-linux-gnu/libnss_nis-2.27.so
7f6d08000000-7f6d084e9000 rw-p 00000000 00:00 0 
7f6d084e9000-7f6d0c000000 ---p 00000000 00:00 0 
7f6d0c001000-7f6d0c006000 r--s 002f9000 08:01 1197746                    /usr/lib/jvm/java-8-openjdk-amd64/jre/lib/charsets.jar
7f6d0c006000-7f6d0c027000 r--p 00000000 08:01 12542                      /usr/share/locale-langpack/it/LC_MESSAGES/libc.mo
7f6d0c027000-7f6d0c0c7000 rw-p 00000000 00:00 0 
7f6d0c0c7000-7f6d0c1cb000 ---p 00000000 00:00 0 
7f6d0c1cb000-7f6d0c1d3000 r-xp 00000000 08:01 659930                     /lib/x86_64-linux-gnu/libnss_compat-2.27.so
7f6d0c1d3000-7f6d0c3d3000 ---p 00008000 08:01 659930                     /lib/x86_64-linux-gnu/libnss_compat-2.27.so
7f6d0c3d3000-7f6d0c3d4000 r--p 00008000 08:01 659930                     /lib/x86_64-linux-gnu/libnss_compat-2.27.so
7f6d0c3d4000-7f6d0c3d5000 rw-p 00009000 08:01 659930                     /lib/x86_64-linux-gnu/libnss_compat-2.27.so
7f6d0c3d5000-7f6d0c3ff000 r-xp 00000000 08:01 1197719                    /usr/lib/jvm/java-8-openjdk-amd64/jre/lib/amd64/libjava.so
7f6d0c3ff000-7f6d0c5fe000 ---p 0002a000 08:01 1197719                    /usr/lib/jvm/java-8-openjdk-amd64/jre/lib/amd64/libjava.so
7f6d0c5fe000-7f6d0c5ff000 r--p 00029000 08:01 1197719                    /usr/lib/jvm/java-8-openjdk-amd64/jre/lib/amd64/libjava.so
7f6d0c5ff000-7f6d0c601000 rw-p 0002a000 08:01 1197719                    /usr/lib/jvm/java-8-openjdk-amd64/jre/lib/amd64/libjava.so
7f6d0c601000-7f6d0c611000 r-xp 00000000 08:01 1197742                    /usr/lib/jvm/java-8-openjdk-amd64/jre/lib/amd64/libverify.so
7f6d0c611000-7f6d0c810000 ---p 00010000 08:01 1197742                    /usr/lib/jvm/java-8-openjdk-amd64/jre/lib/amd64/libverify.so
7f6d0c810000-7f6d0c812000 r--p 0000f000 08:01 1197742                    /usr/lib/jvm/java-8-openjdk-amd64/jre/lib/amd64/libverify.so
7f6d0c812000-7f6d0c813000 rw-p 00011000 08:01 1197742                    /usr/lib/jvm/java-8-openjdk-amd64/jre/lib/amd64/libverify.so
7f6d0c813000-7f6d0c81a000 r-xp 00000000 08:01 659984                     /lib/x86_64-linux-gnu/librt-2.27.so
7f6d0c81a000-7f6d0ca19000 ---p 00007000 08:01 659984                     /lib/x86_64-linux-gnu/librt-2.27.so
7f6d0ca19000-7f6d0ca1a000 r--p 00006000 08:01 659984                     /lib/x86_64-linux-gnu/librt-2.27.so
7f6d0ca1a000-7f6d0ca1b000 rw-p 00007000 08:01 659984                     /lib/x86_64-linux-gnu/librt-2.27.so
7f6d0ca1b000-7f6d0ca32000 r-xp 00000000 08:01 683547                     /lib/x86_64-linux-gnu/libgcc_s.so.1
7f6d0ca32000-7f6d0cc31000 ---p 00017000 08:01 683547                     /lib/x86_64-linux-gnu/libgcc_s.so.1
7f6d0cc31000-7f6d0cc32000 r--p 00016000 08:01 683547                     /lib/x86_64-linux-gnu/libgcc_s.so.1
7f6d0cc32000-7f6d0cc33000 rw-p 00017000 08:01 683547                     /lib/x86_64-linux-gnu/libgcc_s.so.1
7f6d0cc33000-7f6d0cdd0000 r-xp 00000000 08:01 659907                     /lib/x86_64-linux-gnu/libm-2.27.so
7f6d0cdd0000-7f6d0cfcf000 ---p 0019d000 08:01 659907                     /lib/x86_64-linux-gnu/libm-2.27.so
7f6d0cfcf000-7f6d0cfd0000 r--p 0019c000 08:01 659907                     /lib/x86_64-linux-gnu/libm-2.27.so
7f6d0cfd0000-7f6d0cfd1000 rw-p 0019d000 08:01 659907                     /lib/x86_64-linux-gnu/libm-2.27.so
7f6d0cfd1000-7f6d0d14a000 r-xp 00000000 08:01 937061                     /usr/lib/x86_64-linux-gnu/libstdc++.so.6.0.25
7f6d0d14a000-7f6d0d34a000 ---p 00179000 08:01 937061                     /usr/lib/x86_64-linux-gnu/libstdc++.so.6.0.25
7f6d0d34a000-7f6d0d354000 r--p 00179000 08:01 937061                     /usr/lib/x86_64-linux-gnu/libstdc++.so.6.0.25
7f6d0d354000-7f6d0d356000 rw-p 00183000 08:01 937061                     /usr/lib/x86_64-linux-gnu/libstdc++.so.6.0.25
7f6d0d356000-7f6d0d35a000 rw-p 00000000 00:00 0 
7f6d0d35a000-7f6d0dffe000 r-xp 00000000 08:01 1197745                    /usr/lib/jvm/java-8-openjdk-amd64/jre/lib/amd64/server/libjvm.so
7f6d0dffe000-7f6d0e1fe000 ---p 00ca4000 08:01 1197745                    /usr/lib/jvm/java-8-openjdk-amd64/jre/lib/amd64/server/libjvm.so
7f6d0e1fe000-7f6d0e292000 r--p 00ca4000 08:01 1197745                    /usr/lib/jvm/java-8-openjdk-amd64/jre/lib/amd64/server/libjvm.so
7f6d0e292000-7f6d0e2bb000 rw-p 00d38000 08:01 1197745                    /usr/lib/jvm/java-8-openjdk-amd64/jre/lib/amd64/server/libjvm.so
7f6d0e2bb000-7f6d0e2eb000 rw-p 00000000 00:00 0 
7f6d0e2eb000-7f6d0e305000 r-xp 00000000 08:01 659976                     /lib/x86_64-linux-gnu/libpthread-2.27.so
7f6d0e305000-7f6d0e504000 ---p 0001a000 08:01 659976                     /lib/x86_64-linux-gnu/libpthread-2.27.so
7f6d0e504000-7f6d0e505000 r--p 00019000 08:01 659976                     /lib/x86_64-linux-gnu/libpthread-2.27.so
7f6d0e505000-7f6d0e506000 rw-p 0001a000 08:01 659976                     /lib/x86_64-linux-gnu/libpthread-2.27.so
7f6d0e506000-7f6d0e50a000 rw-p 00000000 00:00 0 
7f6d0e50a000-7f6d0e50d000 r-xp 00000000 08:01 659867                     /lib/x86_64-linux-gnu/libdl-2.27.so
7f6d0e50d000-7f6d0e70c000 ---p 00003000 08:01 659867                     /lib/x86_64-linux-gnu/libdl-2.27.so
7f6d0e70c000-7f6d0e70d000 r--p 00002000 08:01 659867                     /lib/x86_64-linux-gnu/libdl-2.27.so
7f6d0e70d000-7f6d0e70e000 rw-p 00003000 08:01 659867                     /lib/x86_64-linux-gnu/libdl-2.27.so
7f6d0e70e000-7f6d0e72a000 r-xp 00000000 08:01 660015                     /lib/x86_64-linux-gnu/libz.so.1.2.11
7f6d0e72a000-7f6d0e929000 ---p 0001c000 08:01 660015                     /lib/x86_64-linux-gnu/libz.so.1.2.11
7f6d0e929000-7f6d0e92a000 r--p 0001b000 08:01 660015                     /lib/x86_64-linux-gnu/libz.so.1.2.11
7f6d0e92a000-7f6d0e92b000 rw-p 0001c000 08:01 660015                     /lib/x86_64-linux-gnu/libz.so.1.2.11
7f6d0e92b000-7f6d0eb12000 r-xp 00000000 08:01 659844                     /lib/x86_64-linux-gnu/libc-2.27.so
7f6d0eb12000-7f6d0ed12000 ---p 001e7000 08:01 659844                     /lib/x86_64-linux-gnu/libc-2.27.so
7f6d0ed12000-7f6d0ed16000 r--p 001e7000 08:01 659844                     /lib/x86_64-linux-gnu/libc-2.27.so
7f6d0ed16000-7f6d0ed18000 rw-p 001eb000 08:01 659844                     /lib/x86_64-linux-gnu/libc-2.27.so
7f6d0ed18000-7f6d0ed1c000 rw-p 00000000 00:00 0 
7f6d0ed1c000-7f6d0ed2a000 r-xp 00000000 08:01 1197703                    /usr/lib/jvm/java-8-openjdk-amd64/jre/lib/amd64/jli/libjli.so
7f6d0ed2a000-7f6d0ef29000 ---p 0000e000 08:01 1197703                    /usr/lib/jvm/java-8-openjdk-amd64/jre/lib/amd64/jli/libjli.so
7f6d0ef29000-7f6d0ef2a000 r--p 0000d000 08:01 1197703                    /usr/lib/jvm/java-8-openjdk-amd64/jre/lib/amd64/jli/libjli.so
7f6d0ef2a000-7f6d0ef2b000 rw-p 0000e000 08:01 1197703                    /usr/lib/jvm/java-8-openjdk-amd64/jre/lib/amd64/jli/libjli.so
7f6d0ef2b000-7f6d0ef52000 r-xp 00000000 08:01 659816                     /lib/x86_64-linux-gnu/ld-2.27.so
7f6d0ef53000-7f6d0f038000 rw-p 00000000 00:00 0 
7f6d0f038000-7f6d0f039000 ---p 00000000 00:00 0 
7f6d0f039000-7f6d0f03c000 ---p 00000000 00:00 0 
7f6d0f03c000-7f6d0f13b000 rw-p 00000000 00:00 0 
7f6d0f13f000-7f6d0f141000 r--s 00016000 08:01 1197773                    /usr/lib/jvm/java-8-openjdk-amd64/jre/lib/jce.jar
7f6d0f141000-7f6d0f146000 r--s 000a7000 08:01 1197775                    /usr/lib/jvm/java-8-openjdk-amd64/jre/lib/jsse.jar
7f6d0f146000-7f6d0f14e000 rw-s 00000000 08:01 11206                      /tmp/hsperfdata_naddi/2703
7f6d0f14e000-7f6d0f14f000 rw-p 00000000 00:00 0 
7f6d0f14f000-7f6d0f150000 ---p 00000000 00:00 0 
7f6d0f150000-7f6d0f152000 rw-p 00000000 00:00 0 
7f6d0f152000-7f6d0f153000 r--p 00027000 08:01 659816                     /lib/x86_64-linux-gnu/ld-2.27.so
7f6d0f153000-7f6d0f154000 rw-p 00028000 08:01 659816                     /lib/x86_64-linux-gnu/ld-2.27.so
7f6d0f154000-7f6d0f155000 rw-p 00000000 00:00 0 
7fff8b429000-7fff8b44a000 rw-p 00000000 00:00 0                          [stack]
7fff8b5d0000-7fff8b5d3000 r--p 00000000 00:00 0                          [vvar]
7fff8b5d3000-7fff8b5d4000 r-xp 00000000 00:00 0                          [vdso]
ffffffffff600000-ffffffffff601000 --xp 00000000 00:00 0                  [vsyscall]

VM Arguments:
jvm_args: -Declipse.application=org.eclipse.jdt.ls.core.id1 -Dosgi.bundles.defaultStartLevel=4 -Declipse.product=org.eclipse.jdt.ls.core.product -Dfile.encoding=utf8 -XX:+UseParallelGC -XX:GCTimeRatio=4 -XX:AdaptiveSizePolicyWeight=90 -Dsun.zip.disableMemoryMapping=true -Xmx1G -Xms100m -Xverify:none 
java_command: /home/naddi/.vscode/extensions/redhat.java-0.61.0/server/plugins/org.eclipse.equinox.launcher_1.5.700.v20200207-2156.jar -configuration /home/naddi/.config/Code/User/globalStorage/redhat.java/0.61.0/config_linux -data /home/naddi/.config/Code/User/workspaceStorage/342db9050ea3224c79d9fd689bded2c3/redhat.java/jdt_ws
java_class_path (initial): /home/naddi/.vscode/extensions/redhat.java-0.61.0/server/plugins/org.eclipse.equinox.launcher_1.5.700.v20200207-2156.jar
Launcher Type: SUN_STANDARD

Environment Variables:
PATH=/usr/local/sbin:/usr/local/bin:/usr/sbin:/usr/bin:/sbin:/bin:/usr/games:/usr/local/games:/snap/bin
SHELL=/bin/bash
DISPLAY=:0.0

Signal Handlers:
SIGSEGV: [libjvm.so+0xabd470], sa_mask[0]=11111111011111111101111111111110, sa_flags=SA_RESTART|SA_SIGINFO
SIGBUS: [libjvm.so+0xabd470], sa_mask[0]=11111111011111111101111111111110, sa_flags=SA_RESTART|SA_SIGINFO
SIGFPE: [libjvm.so+0x8f1c90], sa_mask[0]=11111111011111111101111111111110, sa_flags=SA_RESTART|SA_SIGINFO
SIGPIPE: [libjvm.so+0x8f1c90], sa_mask[0]=11111111011111111101111111111110, sa_flags=SA_RESTART|SA_SIGINFO
SIGXFSZ: [libjvm.so+0x8f1c90], sa_mask[0]=11111111011111111101111111111110, sa_flags=SA_RESTART|SA_SIGINFO
SIGILL: [libjvm.so+0x8f1c90], sa_mask[0]=11111111011111111101111111111110, sa_flags=SA_RESTART|SA_SIGINFO
SIGUSR1: SIG_DFL, sa_mask[0]=00000000000000000000000000000000, sa_flags=none
SIGUSR2: [libjvm.so+0x8f1b40], sa_mask[0]=00000000000000000000000000000000, sa_flags=SA_RESTART|SA_SIGINFO
SIGHUP: [libjvm.so+0x8f21b0], sa_mask[0]=11111111011111111101111111111110, sa_flags=SA_RESTART|SA_SIGINFO
SIGINT: [libjvm.so+0x8f21b0], sa_mask[0]=11111111011111111101111111111110, sa_flags=SA_RESTART|SA_SIGINFO
SIGTERM: [libjvm.so+0x8f21b0], sa_mask[0]=11111111011111111101111111111110, sa_flags=SA_RESTART|SA_SIGINFO
SIGQUIT: [libjvm.so+0x8f21b0], sa_mask[0]=11111111011111111101111111111110, sa_flags=SA_RESTART|SA_SIGINFO


---------------  S Y S T E M  ---------------

OS:DISTRIB_ID=Ubuntu
DISTRIB_RELEASE=18.04
DISTRIB_CODENAME=bionic
DISTRIB_DESCRIPTION="Ubuntu 18.04.4 LTS"

uname:Linux 5.3.0-51-generic #44~18.04.2-Ubuntu SMP Thu Apr 23 14:27:18 UTC 2020 x86_64
libc:glibc 2.27 NPTL 2.27 
rlimit: STACK 8192k, CORE 0k, NPROC 31645, NOFILE 1048576, AS infinity
load average:0,49 0,18 0,12

/proc/meminfo:
MemTotal:        8152880 kB
MemFree:         5076748 kB
MemAvailable:    6335468 kB
Buffers:           78868 kB
Cached:          1356208 kB
SwapCached:            0 kB
Active:          1857212 kB
Inactive:         983460 kB
Active(anon):    1358932 kB
Inactive(anon):    39892 kB
Active(file):     498280 kB
Inactive(file):   943568 kB
Unevictable:          48 kB
Mlocked:              48 kB
SwapTotal:       1455236 kB
SwapFree:        1455236 kB
Dirty:                92 kB
Writeback:             0 kB
AnonPages:       1405652 kB
Mapped:           359544 kB
Shmem:             40768 kB
KReclaimable:      72568 kB
Slab:             134724 kB
SReclaimable:      72568 kB
SUnreclaim:        62156 kB
KernelStack:        8448 kB
PageTables:        34520 kB
NFS_Unstable:          0 kB
Bounce:                0 kB
WritebackTmp:          0 kB
CommitLimit:     5531676 kB
Committed_AS:    4733148 kB
VmallocTotal:   34359738367 kB
VmallocUsed:       33636 kB
VmallocChunk:          0 kB
Percpu:             2336 kB
HardwareCorrupted:     0 kB
AnonHugePages:         0 kB
ShmemHugePages:        0 kB
ShmemPmdMapped:        0 kB
CmaTotal:              0 kB
CmaFree:               0 kB
HugePages_Total:       0
HugePages_Free:        0
HugePages_Rsvd:        0
HugePages_Surp:        0
Hugepagesize:       2048 kB
Hugetlb:               0 kB
DirectMap4k:      141248 kB
DirectMap2M:     8247296 kB

container (cgroup) information:
container_type: cgroupv1
cpu_cpuset_cpus: 0-3
cpu_memory_nodes: 0
active_processor_count: 4
cpu_quota: -1
cpu_period: 100000
cpu_shares: -1
memory_limit_in_bytes: -1
memory_and_swap_limit_in_bytes: -2
memory_soft_limit_in_bytes: -1
memory_usage_in_bytes: 2136989696
memory_max_usage_in_bytes: 2265649152


CPU:total 4 (initial active 4) (4 cores per cpu, 1 threads per core) family 6 model 158 stepping 10, cmov, cx8, fxsr, mmx, sse, sse2, sse3, ssse3, sse4.1, sse4.2, tsc, tscinvbit

/proc/cpuinfo:
processor	: 0
vendor_id	: GenuineIntel
cpu family	: 6
model		: 158
model name	: Intel(R) Core(TM) i7-8750H CPU @ 2.20GHz
stepping	: 10
microcode	: 0xffffffff
cpu MHz		: 2202.972
cache size	: 9216 KB
physical id	: 0
siblings	: 4
core id		: 0
cpu cores	: 4
apicid		: 0
initial apicid	: 0
fpu		: yes
fpu_exception	: yes
cpuid level	: 22
wp		: yes
flags		: fpu vme de pse tsc msr pae mce cx8 apic sep mtrr pge mca cmov pat pse36 clflush mmx fxsr sse sse2 ht syscall nx rdtscp lm constant_tsc rep_good nopl xtopology nonstop_tsc cpuid pni ssse3 pcid sse4_1 sse4_2 hypervisor lahf_lm invpcid_single pti fsgsbase invpcid md_clear flush_l1d arch_capabilities
bugs		: cpu_meltdown spectre_v1 spectre_v2 spec_store_bypass l1tf mds swapgs itlb_multihit
bogomips	: 4405.94
clflush size	: 64
cache_alignment	: 64
address sizes	: 39 bits physical, 48 bits virtual
power management:

processor	: 1
vendor_id	: GenuineIntel
cpu family	: 6
model		: 158
model name	: Intel(R) Core(TM) i7-8750H CPU @ 2.20GHz
stepping	: 10
microcode	: 0xffffffff
cpu MHz		: 2202.972
cache size	: 9216 KB
physical id	: 0
siblings	: 4
core id		: 1
cpu cores	: 4
apicid		: 1
initial apicid	: 1
fpu		: yes
fpu_exception	: yes
cpuid level	: 22
wp		: yes
flags		: fpu vme de pse tsc msr pae mce cx8 apic sep mtrr pge mca cmov pat pse36 clflush mmx fxsr sse sse2 ht syscall nx rdtscp lm constant_tsc rep_good nopl xtopology nonstop_tsc cpuid pni ssse3 pcid sse4_1 sse4_2 hypervisor lahf_lm invpcid_single pti fsgsbase invpcid md_clear flush_l1d arch_capabilities
bugs		: cpu_meltdown spectre_v1 spectre_v2 spec_store_bypass l1tf mds swapgs itlb_multihit
bogomips	: 4405.94
clflush size	: 64
cache_alignment	: 64
address sizes	: 39 bits physical, 48 bits virtual
power management:

processor	: 2
vendor_id	: GenuineIntel
cpu family	: 6
model		: 158
model name	: Intel(R) Core(TM) i7-8750H CPU @ 2.20GHz
stepping	: 10
microcode	: 0xffffffff
cpu MHz		: 2202.972
cache size	: 9216 KB
physical id	: 0
siblings	: 4
core id		: 2
cpu cores	: 4
apicid		: 2
initial apicid	: 2
fpu		: yes
fpu_exception	: yes
cpuid level	: 22
wp		: yes
flags		: fpu vme de pse tsc msr pae mce cx8 apic sep mtrr pge mca cmov pat pse36 clflush mmx fxsr sse sse2 ht syscall nx rdtscp lm constant_tsc rep_good nopl xtopology nonstop_tsc cpuid pni ssse3 pcid sse4_1 sse4_2 hypervisor lahf_lm invpcid_single pti fsgsbase invpcid md_clear flush_l1d arch_capabilities
bugs		: cpu_meltdown spectre_v1 spectre_v2 spec_store_bypass l1tf mds swapgs itlb_multihit
bogomips	: 4405.94
clflush size	: 64
cache_alignment	: 64
address sizes	: 39 bits physical, 48 bits virtual
power management:

processor	: 3
vendor_id	: GenuineIntel
cpu family	: 6
model		: 158
model name	: Intel(R) Core(TM) i7-8750H CPU @ 2.20GHz
stepping	: 10
microcode	: 0xffffffff
cpu MHz		: 2202.972
cache size	: 9216 KB
physical id	: 0
siblings	: 4
core id		: 3
cpu cores	: 4
apicid		: 3
initial apicid	: 3
fpu		: yes
fpu_exception	: yes
cpuid level	: 22
wp		: yes
flags		: fpu vme de pse tsc msr pae mce cx8 apic sep mtrr pge mca cmov pat pse36 clflush mmx fxsr sse sse2 ht syscall nx rdtscp lm constant_tsc rep_good nopl xtopology nonstop_tsc cpuid pni ssse3 pcid sse4_1 sse4_2 hypervisor lahf_lm invpcid_single pti fsgsbase invpcid md_clear flush_l1d arch_capabilities
bugs		: cpu_meltdown spectre_v1 spectre_v2 spec_store_bypass l1tf mds swapgs itlb_multihit
bogomips	: 4405.94
clflush size	: 64
cache_alignment	: 64
address sizes	: 39 bits physical, 48 bits virtual
power management:



Memory: 4k page, physical 8152880k(5076692k free), swap 1455236k(1455236k free)

vm_info: OpenJDK 64-Bit Server VM (25.252-b09) for linux-amd64 JRE (1.8.0_252-8u252-b09-1~18.04-b09), built on Apr 15 2020 18:48:05 by "buildd" with gcc 7.5.0

time: Mon May 11 10:42:29 2020
timezone: CEST
elapsed time: 3031 seconds (0d 0h 50m 31s)

