#
# A fatal error has been detected by the Java Runtime Environment:
#
#  SIGSEGV (0xb) at pc=0x00007f8e3f56afa4, pid=5790, tid=0x00007f8e0acbc700
#
# JRE version: OpenJDK Runtime Environment (8.0_252-b09) (build 1.8.0_252-8u252-b09-1~18.04-b09)
# Java VM: OpenJDK 64-Bit Server VM (25.252-b09 mixed mode linux-amd64 compressed oops)
# Problematic frame:
# J 12028 C2 org.eclipse.jdt.internal.compiler.parser.diagnose.DiagnoseParser.diagnoseParse(Z)V (1303 bytes) @ 0x00007f8e3f56afa4 [0x00007f8e3f5693e0+0x1bc4]
#
# Failed to write core dump. Core dumps have been disabled. To enable core dumping, try "ulimit -c unlimited" before starting Java again
#
# If you would like to submit a bug report, please visit:
#   http://bugreport.java.com/bugreport/crash.jsp
#

---------------  T H R E A D  ---------------

Current thread (0x00007f8dec1de800):  JavaThread "Worker-0: Publish Diagnostics" [_thread_in_Java, id=5837, stack(0x00007f8e0abbc000,0x00007f8e0acbd000)]

siginfo: si_signo: 11 (SIGSEGV), si_code: 1 (SEGV_MAPERR), si_addr: 0x000000000000003c

Registers:
RAX=0x0000000000004667, RBX=0x0000000000000100, RCX=0x0000000000001183, RDX=0x0000000000000009
RSP=0x00007f8e0acbad50, RBP=0x0000000000001f42, RSI=0x000000000000038b, RDI=0x0000000000001700
R8 =0x000000000000000a, R9 =0x000000000000001a, R10=0x0000000000000000, R11=0x0000000000004667
R12=0x0000000000000000, R13=0x000000000000005d, R14=0x0000000000001f8f, R15=0x00007f8dec1de800
RIP=0x00007f8e3f56afa4, EFLAGS=0x0000000000010283, CSGSFS=0x002b000000000033, ERR=0x0000000000000006
  TRAPNO=0x000000000000000e

Top of Stack: (sp=0x00007f8e0acbad50)
0x00007f8e0acbad50:   00001f8f00004667 0000000800000001
0x00007f8e0acbad60:   ec4a4f800000000a 00000000ec4a3970
0x00007f8e0acbad70:   0000000a0000001a 0000010000001183
0x00007f8e0acbad80:   000000b80000000b 0000000000000020
0x00007f8e0acbad90:   00000000ec4a3970 00007f8e4fbe9000
0x00007f8e0acbada0:   00000000ec45f078 00007f8e3d007a40
0x00007f8e0acbadb0:   00000000ec45f078 00007f8e3ed733dc
0x00007f8e0acbadc0:   00000000c0166d98 00000000c0166d98
0x00007f8e0acbadd0:   00000000ec45bfa0 00007f8e0a99b975
0x00007f8e0acbade0:   00007f8e0acbae60 00007f8e0a99db00
0x00007f8e0acbadf0:   00007f8e085fd2d0 00007f8e0a99ba60
0x00007f8e0acbae00:   0000000000000000 00007f8e0acbae70
0x00007f8e0acbae10:   0000000000000020 00007f8e3dd6a994
0x00007f8e0acbae20:   0000000000000001 00000000ec45e280
0x00007f8e0acbae30:   00000000ec45e280 0000000000000002
0x00007f8e0acbae40:   0000000000000000 00000000ec4a37f8
0x00007f8e0acbae50:   0000000000000000 00007f8e00000002
0x00007f8e0acbae60:   00000000ec45e260 00000000ec4a0cb0
0x00007f8e0acbae70:   00000000ec46c238 00000000ec45f078
0x00007f8e0acbae80:   0000004100000000 0000000000000002
0x00007f8e0acbae90:   0000000000340000 0000000000340000
0x00007f8e0acbaea0:   00000000ec4a0cb0 0000000000000000
0x00007f8e0acbaeb0:   00000000ec4a3970 00007f8e3e51d5cc
0x00007f8e0acbaec0:   00000000ec45f078 00007f8e3f0a565c
0x00007f8e0acbaed0:   0000000200000003 00000000ec4a0cb0
0x00007f8e0acbaee0:   0000000100000001 0000000000000003
0x00007f8e0acbaef0:   00000000ec45f078 0000000000000041
0x00007f8e0acbaf00:   00000000ec4a0cb0 00007f8e0000003e
0x00007f8e0acbaf10:   0000000000000041 00000000ec4660d0
0x00007f8e0acbaf20:   00000000ec45f078 00000000ec4740e8
0x00007f8e0acbaf30:   00007f8e0acbb178 00007f8e3d87017c
0x00007f8e0acbaf40:   00000000ec4660d0 0000000000000730 

Instructions: (pc=0x00007f8e3f56afa4)
0x00007f8e3f56af84:   44 8b 54 24 24 45 3b d0 7c 05 44 89 44 24 24 3b
0x00007f8e3f56af94:   cb 0f 83 c1 12 00 00 8b 4c 24 28 66 45 0f 7e d2
0x00007f8e3f56afa4:   41 89 4c 92 18 3b c8 0f 83 f4 12 00 00 44 8b d1
0x00007f8e3f56afb4:   66 0f 7e f1 42 0f b7 7c 51 10 8b d7 03 54 24 20 

Register to memory mapping:

RAX=0x0000000000004667 is an unknown value
RBX=0x0000000000000100 is an unknown value
RCX=0x0000000000001183 is an unknown value
RDX=0x0000000000000009 is an unknown value
RSP=0x00007f8e0acbad50 is pointing into the stack for thread: 0x00007f8dec1de800
RBP=0x0000000000001f42 is an unknown value
RSI=0x000000000000038b is an unknown value
RDI=0x0000000000001700 is an unknown value
R8 =0x000000000000000a is an unknown value
R9 =0x000000000000001a is an unknown value
R10=0x0000000000000000 is an unknown value
R11=0x0000000000004667 is an unknown value
R12=0x0000000000000000 is an unknown value
R13=0x000000000000005d is an unknown value
R14=0x0000000000001f8f is an unknown value
R15=0x00007f8dec1de800 is a thread


Stack: [0x00007f8e0abbc000,0x00007f8e0acbd000],  sp=0x00007f8e0acbad50,  free space=1019k
Native frames: (J=compiled Java code, j=interpreted, Vv=VM code, C=native code)
J 12028 C2 org.eclipse.jdt.internal.compiler.parser.diagnose.DiagnoseParser.diagnoseParse(Z)V (1303 bytes) @ 0x00007f8e3f56afa4 [0x00007f8e3f5693e0+0x1bc4]
J 12011 C1 org.eclipse.jdt.internal.compiler.parser.Parser.reportSyntaxErrors(ZI)V (202 bytes) @ 0x00007f8e3ed733dc [0x00007f8e3ed72800+0xbdc]
J 10613 C2 org.eclipse.jdt.internal.compiler.parser.Parser.parse()V (913 bytes) @ 0x00007f8e3f0a565c [0x00007f8e3f0a4c20+0xa3c]
J 9813 C1 org.eclipse.jdt.internal.compiler.parser.Parser.parse(Lorg/eclipse/jdt/internal/compiler/ast/MethodDeclaration;Lorg/eclipse/jdt/internal/compiler/ast/CompilationUnitDeclaration;)V (388 bytes) @ 0x00007f8e3d87017c [0x00007f8e3d86f4e0+0xc9c]
J 9812 C1 org.eclipse.jdt.internal.compiler.ast.MethodDeclaration.parseStatements(Lorg/eclipse/jdt/internal/compiler/parser/Parser;Lorg/eclipse/jdt/internal/compiler/ast/CompilationUnitDeclaration;)V (7 bytes) @ 0x00007f8e3d271944 [0x00007f8e3d271840+0x104]
J 10328 C1 org.eclipse.jdt.internal.compiler.ast.TypeDeclaration.parseMethods(Lorg/eclipse/jdt/internal/compiler/parser/Parser;Lorg/eclipse/jdt/internal/compiler/ast/CompilationUnitDeclaration;)V (223 bytes) @ 0x00007f8e3df50fdc [0x00007f8e3df50c20+0x3bc]
j  org.eclipse.jdt.internal.compiler.parser.Parser.getMethodBodies(Lorg/eclipse/jdt/internal/compiler/ast/CompilationUnitDeclaration;)V+154
j  org.eclipse.jdt.internal.compiler.Compiler.resolve(Lorg/eclipse/jdt/internal/compiler/ast/CompilationUnitDeclaration;Lorg/eclipse/jdt/internal/compiler/env/ICompilationUnit;ZZZ)Lorg/eclipse/jdt/internal/compiler/ast/CompilationUnitDeclaration;+120
j  org.eclipse.jdt.internal.compiler.Compiler.resolve(Lorg/eclipse/jdt/internal/compiler/env/ICompilationUnit;ZZZ)Lorg/eclipse/jdt/internal/compiler/ast/CompilationUnitDeclaration;+7
j  org.eclipse.jdt.internal.core.CompilationUnitProblemFinder.process(Lorg/eclipse/jdt/internal/core/CompilationUnit;Lorg/eclipse/jdt/internal/compiler/SourceElementParser;Lorg/eclipse/jdt/core/WorkingCopyOwner;Ljava/util/HashMap;ZILorg/eclipse/core/runtime/IProgressMonitor;)Lorg/eclipse/jdt/internal/compiler/ast/CompilationUnitDeclaration;+186
j  org.eclipse.jdt.internal.core.CompilationUnitProblemFinder.process(Lorg/eclipse/jdt/internal/core/CompilationUnit;Lorg/eclipse/jdt/core/WorkingCopyOwner;Ljava/util/HashMap;ZILorg/eclipse/core/runtime/IProgressMonitor;)Lorg/eclipse/jdt/internal/compiler/ast/CompilationUnitDeclaration;+9
j  org.eclipse.jdt.internal.core.ReconcileWorkingCopyOperation.makeConsistent(Lorg/eclipse/jdt/internal/core/CompilationUnit;)Lorg/eclipse/jdt/core/dom/CompilationUnit;+214
j  org.eclipse.jdt.internal.core.ReconcileWorkingCopyOperation.executeOperation()V+130
j  org.eclipse.jdt.internal.core.JavaModelOperation.run(Lorg/eclipse/core/runtime/IProgressMonitor;)V+55
j  org.eclipse.jdt.internal.core.JavaModelOperation.runOperation(Lorg/eclipse/core/runtime/IProgressMonitor;)V+32
j  org.eclipse.jdt.internal.core.CompilationUnit.reconcile(IILorg/eclipse/jdt/core/WorkingCopyOwner;Lorg/eclipse/core/runtime/IProgressMonitor;)Lorg/eclipse/jdt/core/dom/CompilationUnit;+79
j  org.eclipse.jdt.ls.core.internal.handlers.BaseDocumentLifeCycleHandler.publishDiagnostics(Lorg/eclipse/jdt/core/ICompilationUnit;Lorg/eclipse/core/runtime/IProgressMonitor;)V+28
j  org.eclipse.jdt.ls.core.internal.handlers.BaseDocumentLifeCycleHandler.publishDiagnostics(Lorg/eclipse/core/runtime/IProgressMonitor;)Lorg/eclipse/core/runtime/IStatus;+198
j  org.eclipse.jdt.ls.core.internal.handlers.BaseDocumentLifeCycleHandler.access$1(Lorg/eclipse/jdt/ls/core/internal/handlers/BaseDocumentLifeCycleHandler;Lorg/eclipse/core/runtime/IProgressMonitor;)Lorg/eclipse/core/runtime/IStatus;+2
j  org.eclipse.jdt.ls.core.internal.handlers.BaseDocumentLifeCycleHandler$2.runInWorkspace(Lorg/eclipse/core/runtime/IProgressMonitor;)Lorg/eclipse/core/runtime/IStatus;+5
j  org.eclipse.core.internal.resources.InternalWorkspaceJob.run(Lorg/eclipse/core/runtime/IProgressMonitor;)Lorg/eclipse/core/runtime/IStatus;+37
j  org.eclipse.core.internal.jobs.Worker.run()V+33
v  ~StubRoutines::call_stub
V  [libjvm.so+0x68550a]
V  [libjvm.so+0x682aeb]
V  [libjvm.so+0x6830d7]
V  [libjvm.so+0x6ca04b]
V  [libjvm.so+0xa5a12f]
V  [libjvm.so+0xa5b338]
V  [libjvm.so+0x8f3e62]
C  [libpthread.so.0+0x76db]  start_thread+0xdb


---------------  P R O C E S S  ---------------

Java Threads: ( => current thread )
  0x00007f8dc41dd000 JavaThread "pool-7-thread-1" [_thread_blocked, id=5940, stack(0x00007f8dbb3fc000,0x00007f8dbb4fd000)]
  0x00007f8dc4178800 JavaThread "pool-6-thread-1" [_thread_blocked, id=5939, stack(0x00007f8dbb4fd000,0x00007f8dbb5fe000)]
  0x00007f8dc4184800 JavaThread "pool-5-thread-1" [_thread_blocked, id=5938, stack(0x00007f8dbbbfe000,0x00007f8dbbcff000)]
  0x00007f8dd40d3800 JavaThread "ForkJoinPool.commonPool-worker-0" daemon [_thread_blocked, id=5937, stack(0x00007f8e08eb3000,0x00007f8e08fb4000)]
  0x00007f8dc416f800 JavaThread "pool-4-thread-1" [_thread_blocked, id=5936, stack(0x00007f8e088b1000,0x00007f8e089b2000)]
  0x00007f8dd40d3000 JavaThread "ForkJoinPool.commonPool-worker-2" daemon [_thread_blocked, id=5934, stack(0x00007f8dbbcff000,0x00007f8dbbe00000)]
  0x00007f8dd4067000 JavaThread "ForkJoinPool.commonPool-worker-3" daemon [_thread_blocked, id=5919, stack(0x00007f8e08fb4000,0x00007f8e090b5000)]
  0x00007f8de0001000 JavaThread "process reaper" daemon [_thread_blocked, id=5917, stack(0x00007f8e38097000,0x00007f8e380d0000)]
  0x00007f8dc8001800 JavaThread "Bundle File Closer" daemon [_thread_blocked, id=5860, stack(0x00007f8e08db2000,0x00007f8e08eb3000)]
  0x00007f8dcc001000 JavaThread "Worker-4" [_thread_blocked, id=5855, stack(0x00007f8e094b5000,0x00007f8e095b6000)]
  0x00007f8dd8001000 JavaThread "Worker-3" [_thread_blocked, id=5854, stack(0x00007f8e095b6000,0x00007f8e096b7000)]
  0x00007f8de4008000 JavaThread "Worker-2" [_thread_blocked, id=5853, stack(0x00007f8e096b7000,0x00007f8e097b8000)]
  0x00007f8e4c5a3800 JavaThread "pool-1-thread-1" [_thread_in_native, id=5851, stack(0x00007f8e097b8000,0x00007f8e098b9000)]
  0x00007f8e4c4bf800 JavaThread "pool-2-thread-1" [_thread_blocked, id=5849, stack(0x00007f8e09ab9000,0x00007f8e09bba000)]
  0x00007f8dec381800 JavaThread "Java indexing" daemon [_thread_blocked, id=5841, stack(0x00007f8e0a7ba000,0x00007f8e0a8bb000)]
  0x00007f8de4001800 JavaThread "Worker-1" [_thread_blocked, id=5838, stack(0x00007f8e0aabb000,0x00007f8e0abbc000)]
=>0x00007f8dec1de800 JavaThread "Worker-0: Publish Diagnostics" [_thread_in_Java, id=5837, stack(0x00007f8e0abbc000,0x00007f8e0acbd000)]
  0x00007f8dec142000 JavaThread "Worker-JM" [_thread_blocked, id=5831, stack(0x00007f8e0aebd000,0x00007f8e0afbe000)]
  0x00007f8e4c466800 JavaThread "Start Level: Equinox Container: 9a4b66c7-95e4-41f8-82ed-a4cbf2892391" daemon [_thread_blocked, id=5828, stack(0x00007f8e0b5cf000,0x00007f8e0b6d0000)]
  0x00007f8e4c461800 JavaThread "Framework Event Dispatcher: Equinox Container: 9a4b66c7-95e4-41f8-82ed-a4cbf2892391" daemon [_thread_blocked, id=5827, stack(0x00007f8e0b6d0000,0x00007f8e0b7d1000)]
  0x00007f8e4c42f800 JavaThread "Active Thread: Equinox Container: 9a4b66c7-95e4-41f8-82ed-a4cbf2892391" [_thread_blocked, id=5825, stack(0x00007f8e0b7d1000,0x00007f8e0b8d2000)]
  0x00007f8e4c188800 JavaThread "Service Thread" daemon [_thread_blocked, id=5817, stack(0x00007f8e0bdfe000,0x00007f8e0beff000)]
  0x00007f8e4c185800 JavaThread "C1 CompilerThread2" daemon [_thread_in_vm, id=5815, stack(0x00007f8e0bf00000,0x00007f8e0c000000)]
  0x00007f8e4c183800 JavaThread "C2 CompilerThread1" daemon [_thread_blocked, id=5812, stack(0x00007f8e380d1000,0x00007f8e381d1000)]
  0x00007f8e4c180800 JavaThread "C2 CompilerThread0" daemon [_thread_blocked, id=5810, stack(0x00007f8e381d2000,0x00007f8e382d2000)]
  0x00007f8e4c17c800 JavaThread "Signal Dispatcher" daemon [_thread_blocked, id=5809, stack(0x00007f8e382d2000,0x00007f8e383d3000)]
  0x00007f8e4c14e800 JavaThread "Finalizer" daemon [_thread_blocked, id=5808, stack(0x00007f8e38e18000,0x00007f8e38f19000)]
  0x00007f8e4c14a000 JavaThread "Reference Handler" daemon [_thread_blocked, id=5806, stack(0x00007f8e38f19000,0x00007f8e3901a000)]
  0x00007f8e4c00c000 JavaThread "main" [_thread_blocked, id=5795, stack(0x00007f8e53e59000,0x00007f8e53f59000)]

Other Threads:
  0x00007f8e4c140800 VMThread [stack: 0x00007f8e3901b000,0x00007f8e3911b000] [id=5804]
  0x00007f8e4c18b000 WatcherThread [stack: 0x00007f8e0bcfe000,0x00007f8e0bdfe000] [id=5818]

VM state:not at safepoint (normal execution)

VM Mutex/Monitor currently owned by a thread: None

heap address: 0x00000000c0000000, size: 1024 MB, Compressed Oops mode: 32-bit
Narrow klass base: 0x0000000000000000, Narrow klass shift: 3
Compressed class space size: 1073741824 Address: 0x0000000100000000

Heap:
 PSYoungGen      total 29696K, used 27878K [0x00000000eab00000, 0x00000000ecc80000, 0x0000000100000000)
  eden space 28160K, 93% used [0x00000000eab00000,0x00000000ec4bb050,0x00000000ec680000)
  from space 1536K, 99% used [0x00000000ecb00000,0x00000000ecc7e910,0x00000000ecc80000)
  to   space 3072K, 0% used [0x00000000ec680000,0x00000000ec680000,0x00000000ec980000)
 ParOldGen       total 79872K, used 73475K [0x00000000c0000000, 0x00000000c4e00000, 0x00000000eab00000)
  object space 79872K, 91% used [0x00000000c0000000,0x00000000c47c0e88,0x00000000c4e00000)
 Metaspace       used 57998K, capacity 61338K, committed 61696K, reserved 1103872K
  class space    used 5625K, capacity 6551K, committed 6656K, reserved 1048576K

Card table byte_map: [0x00007f8e501e9000,0x00007f8e503ea000] byte_map_base: 0x00007f8e4fbe9000

Marking Bits: (ParMarkBitMap*) 0x00007f8e530ee3c0
 Begin Bits: [0x00007f8e3abfc000, 0x00007f8e3bbfc000)
 End Bits:   [0x00007f8e3bbfc000, 0x00007f8e3cbfc000)

Polling page: 0x00007f8e53f6f000

CodeCache: size=245760Kb used=39772Kb max_used=40078Kb free=205987Kb
 bounds [0x00007f8e3d000000, 0x00007f8e3f760000, 0x00007f8e4c000000]
 total_blobs=10486 nmethods=9885 adapters=508
 compilation: enabled

Compilation events (10 events):
Event: 179,945 Thread 0x00007f8e4c180800 nmethod 12379 0x00007f8e3dfb5c90 code [0x00007f8e3dfb5e20, 0x00007f8e3dfb6128]
Event: 179,946 Thread 0x00007f8e4c185800 12380   !   3       org.eclipse.lsp4j.jsonrpc.json.StreamMessageConsumer::consume (100 bytes)
Event: 179,946 Thread 0x00007f8e4c183800 nmethod 12362% 0x00007f8e3ee25610 code [0x00007f8e3ee259e0, 0x00007f8e3ee28aa0]
Event: 179,946 Thread 0x00007f8e4c185800 nmethod 12380 0x00007f8e3e388b90 code [0x00007f8e3e388e40, 0x00007f8e3e389eb8]
Event: 179,946 Thread 0x00007f8e4c185800 12381       3       org.eclipse.lsp4j.jsonrpc.json.MessageJsonHandler::serialize (19 bytes)
Event: 179,947 Thread 0x00007f8e4c185800 nmethod 12381 0x00007f8e3de328d0 code [0x00007f8e3de32aa0, 0x00007f8e3de33218]
Event: 179,947 Thread 0x00007f8e4c185800 12385       3       org.eclipse.jdt.internal.compiler.parser.Parser::newMessageSendWithTypeArguments (65 bytes)
Event: 179,947 Thread 0x00007f8e4c185800 nmethod 12385 0x00007f8e3eaf0790 code [0x00007f8e3eaf0940, 0x00007f8e3eaf0f08]
Event: 179,947 Thread 0x00007f8e4c185800 12382       3       org.eclipse.lsp4j.jsonrpc.json.MessageJsonHandler::serialize (12 bytes)
Event: 179,947 Thread 0x00007f8e4c185800 nmethod 12382 0x00007f8e3def8910 code [0x00007f8e3def8ae0, 0x00007f8e3def9258]

GC Heap History (10 events):
Event: 173,287 GC heap before
{Heap before GC invocations=229 (full 15):
 PSYoungGen      total 31744K, used 31721K [0x00000000eab00000, 0x00000000ece80000, 0x0000000100000000)
  eden space 30208K, 100% used [0x00000000eab00000,0x00000000ec880000,0x00000000ec880000)
  from space 1536K, 98% used [0x00000000ec900000,0x00000000eca7a440,0x00000000eca80000)
  to   space 3072K, 0% used [0x00000000ecb80000,0x00000000ecb80000,0x00000000ece80000)
 ParOldGen       total 79872K, used 70421K [0x00000000c0000000, 0x00000000c4e00000, 0x00000000eab00000)
  object space 79872K, 88% used [0x00000000c0000000,0x00000000c44c5768,0x00000000c4e00000)
 Metaspace       used 57240K, capacity 60476K, committed 60800K, reserved 1103872K
  class space    used 5552K, capacity 6414K, committed 6528K, reserved 1048576K
Event: 173,291 GC heap after
Heap after GC invocations=229 (full 15):
 PSYoungGen      total 32256K, used 2341K [0x00000000eab00000, 0x00000000ece00000, 0x0000000100000000)
  eden space 29696K, 0% used [0x00000000eab00000,0x00000000eab00000,0x00000000ec800000)
  from space 2560K, 91% used [0x00000000ecb80000,0x00000000ecdc96f0,0x00000000ece00000)
  to   space 2560K, 0% used [0x00000000ec900000,0x00000000ec900000,0x00000000ecb80000)
 ParOldGen       total 79872K, used 70490K [0x00000000c0000000, 0x00000000c4e00000, 0x00000000eab00000)
  object space 79872K, 88% used [0x00000000c0000000,0x00000000c44d6848,0x00000000c4e00000)
 Metaspace       used 57240K, capacity 60476K, committed 60800K, reserved 1103872K
  class space    used 5552K, capacity 6414K, committed 6528K, reserved 1048576K
}
Event: 175,367 GC heap before
{Heap before GC invocations=230 (full 15):
 PSYoungGen      total 32256K, used 32037K [0x00000000eab00000, 0x00000000ece00000, 0x0000000100000000)
  eden space 29696K, 100% used [0x00000000eab00000,0x00000000ec800000,0x00000000ec800000)
  from space 2560K, 91% used [0x00000000ecb80000,0x00000000ecdc96f0,0x00000000ece00000)
  to   space 2560K, 0% used [0x00000000ec900000,0x00000000ec900000,0x00000000ecb80000)
 ParOldGen       total 79872K, used 70490K [0x00000000c0000000, 0x00000000c4e00000, 0x00000000eab00000)
  object space 79872K, 88% used [0x00000000c0000000,0x00000000c44d6848,0x00000000c4e00000)
 Metaspace       used 57532K, capacity 60764K, committed 61056K, reserved 1103872K
  class space    used 5590K, capacity 6446K, committed 6528K, reserved 1048576K
Event: 175,372 GC heap after
Heap after GC invocations=230 (full 15):
 PSYoungGen      total 31744K, used 2559K [0x00000000eab00000, 0x00000000ecf80000, 0x0000000100000000)
  eden space 29184K, 0% used [0x00000000eab00000,0x00000000eab00000,0x00000000ec780000)
  from space 2560K, 99% used [0x00000000ec900000,0x00000000ecb7fcf0,0x00000000ecb80000)
  to   space 4096K, 0% used [0x00000000ecb80000,0x00000000ecb80000,0x00000000ecf80000)
 ParOldGen       total 79872K, used 71379K [0x00000000c0000000, 0x00000000c4e00000, 0x00000000eab00000)
  object space 79872K, 89% used [0x00000000c0000000,0x00000000c45b4f18,0x00000000c4e00000)
 Metaspace       used 57532K, capacity 60764K, committed 61056K, reserved 1103872K
  class space    used 5590K, capacity 6446K, committed 6528K, reserved 1048576K
}
Event: 176,950 GC heap before
{Heap before GC invocations=231 (full 15):
 PSYoungGen      total 31744K, used 31743K [0x00000000eab00000, 0x00000000ecf80000, 0x0000000100000000)
  eden space 29184K, 100% used [0x00000000eab00000,0x00000000ec780000,0x00000000ec780000)
  from space 2560K, 99% used [0x00000000ec900000,0x00000000ecb7fcf0,0x00000000ecb80000)
  to   space 4096K, 0% used [0x00000000ecb80000,0x00000000ecb80000,0x00000000ecf80000)
 ParOldGen       total 79872K, used 71379K [0x00000000c0000000, 0x00000000c4e00000, 0x00000000eab00000)
  object space 79872K, 89% used [0x00000000c0000000,0x00000000c45b4f18,0x00000000c4e00000)
 Metaspace       used 57619K, capacity 60828K, committed 61056K, reserved 1103872K
  class space    used 5592K, capacity 6446K, committed 6528K, reserved 1048576K
Event: 176,954 GC heap after
Heap after GC invocations=231 (full 15):
 PSYoungGen      total 31232K, used 2214K [0x00000000eab00000, 0x00000000ece00000, 0x0000000100000000)
  eden space 28672K, 0% used [0x00000000eab00000,0x00000000eab00000,0x00000000ec700000)
  from space 2560K, 86% used [0x00000000ecb80000,0x00000000ecda9a80,0x00000000ece00000)
  to   space 3072K, 0% used [0x00000000ec800000,0x00000000ec800000,0x00000000ecb00000)
 ParOldGen       total 79872K, used 72096K [0x00000000c0000000, 0x00000000c4e00000, 0x00000000eab00000)
  object space 79872K, 90% used [0x00000000c0000000,0x00000000c4668148,0x00000000c4e00000)
 Metaspace       used 57619K, capacity 60828K, committed 61056K, reserved 1103872K
  class space    used 5592K, capacity 6446K, committed 6528K, reserved 1048576K
}
Event: 178,096 GC heap before
{Heap before GC invocations=232 (full 15):
 PSYoungGen      total 31232K, used 30886K [0x00000000eab00000, 0x00000000ece00000, 0x0000000100000000)
  eden space 28672K, 100% used [0x00000000eab00000,0x00000000ec700000,0x00000000ec700000)
  from space 2560K, 86% used [0x00000000ecb80000,0x00000000ecda9a80,0x00000000ece00000)
  to   space 3072K, 0% used [0x00000000ec800000,0x00000000ec800000,0x00000000ecb00000)
 ParOldGen       total 79872K, used 72096K [0x00000000c0000000, 0x00000000c4e00000, 0x00000000eab00000)
  object space 79872K, 90% used [0x00000000c0000000,0x00000000c4668148,0x00000000c4e00000)
 Metaspace       used 57918K, capacity 61274K, committed 61440K, reserved 1103872K
  class space    used 5622K, capacity 6551K, committed 6656K, reserved 1048576K
Event: 178,099 GC heap after
Heap after GC invocations=232 (full 15):
 PSYoungGen      total 31232K, used 2854K [0x00000000eab00000, 0x00000000ecc80000, 0x0000000100000000)
  eden space 28160K, 0% used [0x00000000eab00000,0x00000000eab00000,0x00000000ec680000)
  from space 3072K, 92% used [0x00000000ec800000,0x00000000ecac9940,0x00000000ecb00000)
  to   space 1536K, 0% used [0x00000000ecb00000,0x00000000ecb00000,0x00000000ecc80000)
 ParOldGen       total 79872K, used 72096K [0x00000000c0000000, 0x00000000c4e00000, 0x00000000eab00000)
  object space 79872K, 90% used [0x00000000c0000000,0x00000000c4668148,0x00000000c4e00000)
 Metaspace       used 57918K, capacity 61274K, committed 61440K, reserved 1103872K
  class space    used 5622K, capacity 6551K, committed 6656K, reserved 1048576K
}
Event: 179,584 GC heap before
{Heap before GC invocations=233 (full 15):
 PSYoungGen      total 31232K, used 31014K [0x00000000eab00000, 0x00000000ecc80000, 0x0000000100000000)
  eden space 28160K, 100% used [0x00000000eab00000,0x00000000ec680000,0x00000000ec680000)
  from space 3072K, 92% used [0x00000000ec800000,0x00000000ecac9940,0x00000000ecb00000)
  to   space 1536K, 0% used [0x00000000ecb00000,0x00000000ecb00000,0x00000000ecc80000)
 ParOldGen       total 79872K, used 72096K [0x00000000c0000000, 0x00000000c4e00000, 0x00000000eab00000)
  object space 79872K, 90% used [0x00000000c0000000,0x00000000c4668148,0x00000000c4e00000)
 Metaspace       used 57949K, capacity 61274K, committed 61440K, reserved 1103872K
  class space    used 5622K, capacity 6551K, committed 6656K, reserved 1048576K
Event: 179,588 GC heap after
Heap after GC invocations=233 (full 15):
 PSYoungGen      total 29696K, used 1530K [0x00000000eab00000, 0x00000000ecc80000, 0x0000000100000000)
  eden space 28160K, 0% used [0x00000000eab00000,0x00000000eab00000,0x00000000ec680000)
  from space 1536K, 99% used [0x00000000ecb00000,0x00000000ecc7e910,0x00000000ecc80000)
  to   space 3072K, 0% used [0x00000000ec680000,0x00000000ec680000,0x00000000ec980000)
 ParOldGen       total 79872K, used 73475K [0x00000000c0000000, 0x00000000c4e00000, 0x00000000eab00000)
  object space 79872K, 91% used [0x00000000c0000000,0x00000000c47c0e88,0x00000000c4e00000)
 Metaspace       used 57949K, capacity 61274K, committed 61440K, reserved 1103872K
  class space    used 5622K, capacity 6551K, committed 6656K, reserved 1048576K
}

Deoptimization events (10 events):
Event: 174,574 Thread 0x00007f8dd4067000 Uncommon trap: reason=class_check action=maybe_recompile pc=0x00007f8e3eebc910 method=org.eclipse.jdt.internal.core.JavaElement.openWhenClosed(Ljava/lang/Object;ZLorg/eclipse/core/runtime/IProgressMonitor;)Ljava/lang/Object; @ 74
Event: 175,292 Thread 0x00007f8dd4067000 Uncommon trap: reason=class_check action=maybe_recompile pc=0x00007f8e3eebc910 method=org.eclipse.jdt.internal.core.JavaElement.openWhenClosed(Ljava/lang/Object;ZLorg/eclipse/core/runtime/IProgressMonitor;)Ljava/lang/Object; @ 74
Event: 175,312 Thread 0x00007f8dd4067000 Uncommon trap: reason=null_check action=make_not_entrant pc=0x00007f8e3da5f514 method=org.eclipse.jdt.internal.core.JavaProject.equals(Ljava/lang/Object;)Z @ 8
Event: 175,361 Thread 0x00007f8dd4067000 Uncommon trap: reason=class_check action=maybe_recompile pc=0x00007f8e3f2a7840 method=org.eclipse.jdt.internal.compiler.lookup.LookupEnvironment.askForType(Lorg/eclipse/jdt/internal/compiler/lookup/PackageBinding;[CLorg/eclipse/jdt/internal/compiler/looku
Event: 175,362 Thread 0x00007f8dd4067000 Uncommon trap: reason=class_check action=maybe_recompile pc=0x00007f8e3f2a7840 method=org.eclipse.jdt.internal.compiler.lookup.LookupEnvironment.askForType(Lorg/eclipse/jdt/internal/compiler/lookup/PackageBinding;[CLorg/eclipse/jdt/internal/compiler/looku
Event: 179,115 Thread 0x00007f8dd4067000 Uncommon trap: reason=unstable_if action=reinterpret pc=0x00007f8e3f3c4370 method=org.eclipse.jdt.core.compiler.CharOperation.camelCaseMatch([CII[CIIZ)Z @ 81
Event: 179,121 Thread 0x00007f8dd4067000 Uncommon trap: reason=unstable_if action=reinterpret pc=0x00007f8e3d4b95bc method=org.eclipse.jdt.internal.core.index.DiskIndex.readStreamChars(Ljava/io/InputStream;)[C @ 102
Event: 179,547 Thread 0x00007f8dd40d3000 Uncommon trap: reason=unstable_if action=reinterpret pc=0x00007f8e3f17b580 method=org.eclipse.jdt.internal.compiler.parser.RecoveryScanner.getNextToken0()I @ 236
Event: 179,552 Thread 0x00007f8dd40d3000 Uncommon trap: reason=unstable_if action=reinterpret pc=0x00007f8e3f13ddb4 method=org.eclipse.jdt.core.dom.ASTRecoveryPropagator.visitNode(Lorg/eclipse/jdt/core/dom/ASTNode;)Z @ 133
Event: 179,552 Thread 0x00007f8dd40d3000 Uncommon trap: reason=unstable_if action=reinterpret pc=0x00007f8e3f090744 method=org.eclipse.jdt.core.dom.ASTRecoveryPropagator.endVisitNode(Lorg/eclipse/jdt/core/dom/ASTNode;)V @ 295

Classes redefined (0 events):
No events

Internal exceptions (10 events):
Event: 173,187 Thread 0x00007f8dc4178800 Exception <a 'java/lang/ArrayIndexOutOfBoundsException'> (0x00000000ec74dc28) thrown at [/build/openjdk-8-piDAoU/openjdk-8-8u252-b09/src/hotspot/src/share/vm/runtime/sharedRuntime.cpp, line 605]
Event: 173,187 Thread 0x00007f8dc4178800 Exception <a 'java/lang/ArrayIndexOutOfBoundsException'> (0x00000000ec74de90) thrown at [/build/openjdk-8-piDAoU/openjdk-8-8u252-b09/src/hotspot/src/share/vm/runtime/sharedRuntime.cpp, line 605]
Event: 173,187 Thread 0x00007f8dc4178800 Exception <a 'java/lang/ArrayIndexOutOfBoundsException'> (0x00000000ec74e0f8) thrown at [/build/openjdk-8-piDAoU/openjdk-8-8u252-b09/src/hotspot/src/share/vm/runtime/sharedRuntime.cpp, line 605]
Event: 173,188 Thread 0x00007f8dc4178800 Exception <a 'java/lang/ArrayIndexOutOfBoundsException'> (0x00000000ec74e360) thrown at [/build/openjdk-8-piDAoU/openjdk-8-8u252-b09/src/hotspot/src/share/vm/runtime/sharedRuntime.cpp, line 605]
Event: 175,312 Thread 0x00007f8dd4067000 Implicit null exception at 0x00007f8e3da5f0f5 to 0x00007f8e3da5f505
Event: 179,106 Thread 0x00007f8dd4067000 Exception <a 'java/lang/ArrayIndexOutOfBoundsException'> (0x00000000ebb63dc0) thrown at [/build/openjdk-8-piDAoU/openjdk-8-8u252-b09/src/hotspot/src/share/vm/runtime/sharedRuntime.cpp, line 605]
Event: 179,110 Thread 0x00007f8dd4067000 Exception <a 'java/lang/ArrayIndexOutOfBoundsException'> (0x00000000ebc4e438) thrown at [/build/openjdk-8-piDAoU/openjdk-8-8u252-b09/src/hotspot/src/share/vm/runtime/sharedRuntime.cpp, line 605]
Event: 179,111 Thread 0x00007f8dd4067000 Exception <a 'java/lang/ArrayIndexOutOfBoundsException'> (0x00000000ebc4ff18) thrown at [/build/openjdk-8-piDAoU/openjdk-8-8u252-b09/src/hotspot/src/share/vm/runtime/sharedRuntime.cpp, line 605]
Event: 179,121 Thread 0x00007f8dd4067000 Implicit null exception at 0x00007f8e3d4b8f11 to 0x00007f8e3d4b9595
Event: 179,948 Thread 0x00007f8dec1de800 Implicit null exception at 0x00007f8e3f56afa4 to 0x0000000000000000

Events (10 events):
Event: 179,695 Thread 0x00007f8e4c185800 flushing nmethod 0x00007f8e3ee8c350
Event: 179,702 Thread 0x00007f8e4c180800 flushing nmethod 0x00007f8e3f007cd0
Event: 179,702 Thread 0x00007f8e4c180800 flushing nmethod 0x00007f8e3f1d49d0
Event: 179,704 Thread 0x00007f8e4c185800 flushing nmethod 0x00007f8e3f2bff10
Event: 179,704 Thread 0x00007f8e4c185800 flushing nmethod 0x00007f8e3f37be90
Event: 179,704 Thread 0x00007f8e4c185800 flushing nmethod 0x00007f8e3f3ad990
Event: 179,704 Thread 0x00007f8e4c185800 flushing nmethod 0x00007f8e3f3af210
Event: 179,704 Thread 0x00007f8e4c185800 flushing nmethod 0x00007f8e3f3df310
Event: 179,937 Thread 0x00007f8dec1de800 DEOPT PACKING pc=0x00007f8e3e204505 sp=0x00007f8e0acbaae0
Event: 179,937 Thread 0x00007f8dec1de800 DEOPT UNPACKING pc=0x00007f8e3d0470c4 sp=0x00007f8e0acba838 mode 0


Dynamic libraries:
c0000000-c4e00000 rw-p 00000000 00:00 0 
c4e00000-eab00000 ---p 00000000 00:00 0 
eab00000-ecc80000 rw-p 00000000 00:00 0 
ecc80000-100000000 ---p 00000000 00:00 0 
100000000-100680000 rw-p 00000000 00:00 0 
100680000-140000000 ---p 00000000 00:00 0 
55d68b641000-55d68b642000 r-xp 00000000 08:01 1197684                    /usr/lib/jvm/java-8-openjdk-amd64/jre/bin/java
55d68b841000-55d68b842000 r--p 00000000 08:01 1197684                    /usr/lib/jvm/java-8-openjdk-amd64/jre/bin/java
55d68b842000-55d68b843000 rw-p 00001000 08:01 1197684                    /usr/lib/jvm/java-8-openjdk-amd64/jre/bin/java
55d68bc74000-55d68bcf1000 rw-p 00000000 00:00 0                          [heap]
7f8dbb3fc000-7f8dbb3ff000 ---p 00000000 00:00 0 
7f8dbb3ff000-7f8dbb4fd000 rw-p 00000000 00:00 0 
7f8dbb4fd000-7f8dbb500000 ---p 00000000 00:00 0 
7f8dbb500000-7f8dbb7be000 rw-p 00000000 00:00 0 
7f8dbb7be000-7f8dbb7fe000 ---p 00000000 00:00 0 
7f8dbb7fe000-7f8dbb9fe000 rw-p 00000000 00:00 0 
7f8dbb9fe000-7f8dbbbfe000 rw-p 00000000 00:00 0 
7f8dbbbfe000-7f8dbbc01000 ---p 00000000 00:00 0 
7f8dbbc01000-7f8dbbcff000 rw-p 00000000 00:00 0 
7f8dbbcff000-7f8dbbd02000 ---p 00000000 00:00 0 
7f8dbbd02000-7f8dbc000000 rw-p 00000000 00:00 0 
7f8dbc000000-7f8dbc023000 rw-p 00000000 00:00 0 
7f8dbc023000-7f8dc0000000 ---p 00000000 00:00 0 
7f8dc0000000-7f8dc0107000 rw-p 00000000 00:00 0 
7f8dc0107000-7f8dc4000000 ---p 00000000 00:00 0 
7f8dc4000000-7f8dc435d000 rw-p 00000000 00:00 0 
7f8dc435d000-7f8dc8000000 ---p 00000000 00:00 0 
7f8dc8000000-7f8dc8167000 rw-p 00000000 00:00 0 
7f8dc8167000-7f8dcc000000 ---p 00000000 00:00 0 
7f8dcc000000-7f8dcc32f000 rw-p 00000000 00:00 0 
7f8dcc32f000-7f8dd0000000 ---p 00000000 00:00 0 
7f8dd0000000-7f8dd0021000 rw-p 00000000 00:00 0 
7f8dd0021000-7f8dd4000000 ---p 00000000 00:00 0 
7f8dd4000000-7f8dd40d7000 rw-p 00000000 00:00 0 
7f8dd40d7000-7f8dd8000000 ---p 00000000 00:00 0 
7f8dd8000000-7f8dd810b000 rw-p 00000000 00:00 0 
7f8dd810b000-7f8ddc000000 ---p 00000000 00:00 0 
7f8ddc000000-7f8ddc210000 rw-p 00000000 00:00 0 
7f8ddc210000-7f8de0000000 ---p 00000000 00:00 0 
7f8de0000000-7f8de0021000 rw-p 00000000 00:00 0 
7f8de0021000-7f8de4000000 ---p 00000000 00:00 0 
7f8de4000000-7f8de48e5000 rw-p 00000000 00:00 0 
7f8de48e5000-7f8de8000000 ---p 00000000 00:00 0 
7f8de8000000-7f8de8126000 rw-p 00000000 00:00 0 
7f8de8126000-7f8dec000000 ---p 00000000 00:00 0 
7f8dec000000-7f8decb8f000 rw-p 00000000 00:00 0 
7f8decb8f000-7f8df0000000 ---p 00000000 00:00 0 
7f8df0000000-7f8df0021000 rw-p 00000000 00:00 0 
7f8df0021000-7f8df4000000 ---p 00000000 00:00 0 
7f8df4000000-7f8df4021000 rw-p 00000000 00:00 0 
7f8df4021000-7f8df8000000 ---p 00000000 00:00 0 
7f8df8000000-7f8df8021000 rw-p 00000000 00:00 0 
7f8df8021000-7f8dfc000000 ---p 00000000 00:00 0 
7f8dfc000000-7f8dfc021000 rw-p 00000000 00:00 0 
7f8dfc021000-7f8e00000000 ---p 00000000 00:00 0 
7f8e00000000-7f8e00021000 rw-p 00000000 00:00 0 
7f8e00021000-7f8e04000000 ---p 00000000 00:00 0 
7f8e04000000-7f8e04021000 rw-p 00000000 00:00 0 
7f8e04021000-7f8e08000000 ---p 00000000 00:00 0 
7f8e080b1000-7f8e082b1000 rw-p 00000000 00:00 0 
7f8e082b1000-7f8e084b1000 rw-p 00000000 00:00 0 
7f8e084b1000-7f8e086b1000 rw-p 00000000 00:00 0 
7f8e086b1000-7f8e088b1000 rw-p 00000000 00:00 0 
7f8e088b1000-7f8e088b4000 ---p 00000000 00:00 0 
7f8e088b4000-7f8e08bb2000 rw-p 00000000 00:00 0 
7f8e08bb2000-7f8e08db2000 rw-p 00000000 00:00 0 
7f8e08db2000-7f8e08db5000 ---p 00000000 00:00 0 
7f8e08db5000-7f8e08eb3000 rw-p 00000000 00:00 0 
7f8e08eb3000-7f8e08eb6000 ---p 00000000 00:00 0 
7f8e08eb6000-7f8e08fb4000 rw-p 00000000 00:00 0 
7f8e08fb4000-7f8e08fb7000 ---p 00000000 00:00 0 
7f8e08fb7000-7f8e092b5000 rw-p 00000000 00:00 0 
7f8e092b5000-7f8e094b5000 rw-p 00000000 00:00 0 
7f8e094b5000-7f8e094b8000 ---p 00000000 00:00 0 
7f8e094b8000-7f8e095b6000 rw-p 00000000 00:00 0 
7f8e095b6000-7f8e095b9000 ---p 00000000 00:00 0 
7f8e095b9000-7f8e096b7000 rw-p 00000000 00:00 0 
7f8e096b7000-7f8e096ba000 ---p 00000000 00:00 0 
7f8e096ba000-7f8e097b8000 rw-p 00000000 00:00 0 
7f8e097b8000-7f8e097bb000 ---p 00000000 00:00 0 
7f8e097bb000-7f8e09ab9000 rw-p 00000000 00:00 0 
7f8e09ab9000-7f8e09abc000 ---p 00000000 00:00 0 
7f8e09abc000-7f8e09dba000 rw-p 00000000 00:00 0 
7f8e09dba000-7f8e09fba000 rw-p 00000000 00:00 0 
7f8e09fba000-7f8e0a1ba000 rw-p 00000000 00:00 0 
7f8e0a1ba000-7f8e0a3ba000 rw-p 00000000 00:00 0 
7f8e0a3ba000-7f8e0a5ba000 rw-p 00000000 00:00 0 
7f8e0a5ba000-7f8e0a7ba000 rw-p 00000000 00:00 0 
7f8e0a7ba000-7f8e0a7bd000 ---p 00000000 00:00 0 
7f8e0a7bd000-7f8e0aabb000 rw-p 00000000 00:00 0 
7f8e0aabb000-7f8e0aabe000 ---p 00000000 00:00 0 
7f8e0aabe000-7f8e0abbc000 rw-p 00000000 00:00 0 
7f8e0abbc000-7f8e0abbf000 ---p 00000000 00:00 0 
7f8e0abbf000-7f8e0aebd000 rw-p 00000000 00:00 0 
7f8e0aebd000-7f8e0aec0000 ---p 00000000 00:00 0 
7f8e0aec0000-7f8e0b1be000 rw-p 00000000 00:00 0 
7f8e0b1be000-7f8e0b3be000 rw-p 00000000 00:00 0 
7f8e0b3be000-7f8e0b3ce000 r-xp 00000000 08:01 435910                     /home/naddi/.config/Code/User/globalStorage/redhat.java/0.61.0/config_linux/org.eclipse.equinox.launcher/org.eclipse.equinox.launcher.gtk.linux.x86_64_1.1.1100.v20190907-0426/eclipse_1801.so
7f8e0b3ce000-7f8e0b5cd000 ---p 00010000 08:01 435910                     /home/naddi/.config/Code/User/globalStorage/redhat.java/0.61.0/config_linux/org.eclipse.equinox.launcher/org.eclipse.equinox.launcher.gtk.linux.x86_64_1.1.1100.v20190907-0426/eclipse_1801.so
7f8e0b5cd000-7f8e0b5ce000 r--p 0000f000 08:01 435910                     /home/naddi/.config/Code/User/globalStorage/redhat.java/0.61.0/config_linux/org.eclipse.equinox.launcher/org.eclipse.equinox.launcher.gtk.linux.x86_64_1.1.1100.v20190907-0426/eclipse_1801.so
7f8e0b5ce000-7f8e0b5cf000 rw-p 00010000 08:01 435910                     /home/naddi/.config/Code/User/globalStorage/redhat.java/0.61.0/config_linux/org.eclipse.equinox.launcher/org.eclipse.equinox.launcher.gtk.linux.x86_64_1.1.1100.v20190907-0426/eclipse_1801.so
7f8e0b5cf000-7f8e0b5d2000 ---p 00000000 00:00 0 
7f8e0b5d2000-7f8e0b6d0000 rw-p 00000000 00:00 0 
7f8e0b6d0000-7f8e0b6d3000 ---p 00000000 00:00 0 
7f8e0b6d3000-7f8e0b7d1000 rw-p 00000000 00:00 0 
7f8e0b7d1000-7f8e0b7d4000 ---p 00000000 00:00 0 
7f8e0b7d4000-7f8e0b8d2000 rw-p 00000000 00:00 0 
7f8e0b8d2000-7f8e0b8e9000 r-xp 00000000 08:01 1197735                    /usr/lib/jvm/java-8-openjdk-amd64/jre/lib/amd64/libnet.so
7f8e0b8e9000-7f8e0bae8000 ---p 00017000 08:01 1197735                    /usr/lib/jvm/java-8-openjdk-amd64/jre/lib/amd64/libnet.so
7f8e0bae8000-7f8e0bae9000 r--p 00016000 08:01 1197735                    /usr/lib/jvm/java-8-openjdk-amd64/jre/lib/amd64/libnet.so
7f8e0bae9000-7f8e0baea000 rw-p 00017000 08:01 1197735                    /usr/lib/jvm/java-8-openjdk-amd64/jre/lib/amd64/libnet.so
7f8e0baea000-7f8e0bafc000 r-xp 00000000 08:01 1197736                    /usr/lib/jvm/java-8-openjdk-amd64/jre/lib/amd64/libnio.so
7f8e0bafc000-7f8e0bcfb000 ---p 00012000 08:01 1197736                    /usr/lib/jvm/java-8-openjdk-amd64/jre/lib/amd64/libnio.so
7f8e0bcfb000-7f8e0bcfc000 r--p 00011000 08:01 1197736                    /usr/lib/jvm/java-8-openjdk-amd64/jre/lib/amd64/libnio.so
7f8e0bcfc000-7f8e0bcfd000 rw-p 00012000 08:01 1197736                    /usr/lib/jvm/java-8-openjdk-amd64/jre/lib/amd64/libnio.so
7f8e0bcfd000-7f8e0bcfe000 ---p 00000000 00:00 0 
7f8e0bcfe000-7f8e0bdfe000 rw-p 00000000 00:00 0 
7f8e0bdfe000-7f8e0be01000 ---p 00000000 00:00 0 
7f8e0be01000-7f8e0beff000 rw-p 00000000 00:00 0 
7f8e0beff000-7f8e0bf00000 ---p 00000000 00:00 0 
7f8e0bf00000-7f8e0bf03000 ---p 00000000 00:00 0 
7f8e0bf03000-7f8e0c000000 rw-p 00000000 00:00 0 
7f8e0c000000-7f8e0f10a000 rw-p 00000000 00:00 0 
7f8e0f10a000-7f8e10000000 ---p 00000000 00:00 0 
7f8e10000000-7f8e115b9000 rw-p 00000000 00:00 0 
7f8e115b9000-7f8e14000000 ---p 00000000 00:00 0 
7f8e14000000-7f8e14021000 rw-p 00000000 00:00 0 
7f8e14021000-7f8e18000000 ---p 00000000 00:00 0 
7f8e18000000-7f8e1a706000 rw-p 00000000 00:00 0 
7f8e1a706000-7f8e1c000000 ---p 00000000 00:00 0 
7f8e1c000000-7f8e1c021000 rw-p 00000000 00:00 0 
7f8e1c021000-7f8e20000000 ---p 00000000 00:00 0 
7f8e20000000-7f8e20021000 rw-p 00000000 00:00 0 
7f8e20021000-7f8e24000000 ---p 00000000 00:00 0 
7f8e24000000-7f8e240d8000 rw-p 00000000 00:00 0 
7f8e240d8000-7f8e28000000 ---p 00000000 00:00 0 
7f8e28000000-7f8e28175000 rw-p 00000000 00:00 0 
7f8e28175000-7f8e2c000000 ---p 00000000 00:00 0 
7f8e2c000000-7f8e2c041000 rw-p 00000000 00:00 0 
7f8e2c041000-7f8e30000000 ---p 00000000 00:00 0 
7f8e30000000-7f8e30021000 rw-p 00000000 00:00 0 
7f8e30021000-7f8e34000000 ---p 00000000 00:00 0 
7f8e34000000-7f8e3403c000 rw-p 00000000 00:00 0 
7f8e3403c000-7f8e38000000 ---p 00000000 00:00 0 
7f8e38097000-7f8e3809a000 ---p 00000000 00:00 0 
7f8e3809a000-7f8e380d0000 rw-p 00000000 00:00 0 
7f8e380d0000-7f8e380d1000 ---p 00000000 00:00 0 
7f8e380d1000-7f8e380d4000 ---p 00000000 00:00 0 
7f8e380d4000-7f8e381d1000 rw-p 00000000 00:00 0 
7f8e381d1000-7f8e381d2000 ---p 00000000 00:00 0 
7f8e381d2000-7f8e381d5000 ---p 00000000 00:00 0 
7f8e381d5000-7f8e382d2000 rw-p 00000000 00:00 0 
7f8e382d2000-7f8e382d5000 ---p 00000000 00:00 0 
7f8e382d5000-7f8e383d3000 rw-p 00000000 00:00 0 
7f8e383d3000-7f8e38e18000 r--p 00000000 08:01 923700                     /usr/lib/locale/locale-archive
7f8e38e18000-7f8e38e1b000 ---p 00000000 00:00 0 
7f8e38e1b000-7f8e38f19000 rw-p 00000000 00:00 0 
7f8e38f19000-7f8e38f1c000 ---p 00000000 00:00 0 
7f8e38f1c000-7f8e3901a000 rw-p 00000000 00:00 0 
7f8e3901a000-7f8e3901b000 ---p 00000000 00:00 0 
7f8e3901b000-7f8e3a02a000 rw-p 00000000 00:00 0 
7f8e3a02a000-7f8e3a1fc000 r--s 03ca5000 08:01 1197780                    /usr/lib/jvm/java-8-openjdk-amd64/jre/lib/rt.jar
7f8e3a1fc000-7f8e3cbfc000 rw-p 00000000 00:00 0 
7f8e3cbfc000-7f8e3cbfd000 ---p 00000000 00:00 0 
7f8e3cbfd000-7f8e3ccfd000 rw-p 00000000 00:00 0 
7f8e3ccfd000-7f8e3ccfe000 ---p 00000000 00:00 0 
7f8e3ccfe000-7f8e3cdfe000 rw-p 00000000 00:00 0 
7f8e3cdfe000-7f8e3cdff000 ---p 00000000 00:00 0 
7f8e3cdff000-7f8e3ceff000 rw-p 00000000 00:00 0 
7f8e3ceff000-7f8e3cf00000 ---p 00000000 00:00 0 
7f8e3cf00000-7f8e3d000000 rw-p 00000000 00:00 0 
7f8e3d000000-7f8e3f760000 rwxp 00000000 00:00 0 
7f8e3f760000-7f8e4c000000 ---p 00000000 00:00 0 
7f8e4c000000-7f8e4c5a8000 rw-p 00000000 00:00 0 
7f8e4c5a8000-7f8e50000000 ---p 00000000 00:00 0 
7f8e50018000-7f8e5001d000 r--s 002f9000 08:01 1197746                    /usr/lib/jvm/java-8-openjdk-amd64/jre/lib/charsets.jar
7f8e5001d000-7f8e50024000 r--s 00000000 08:01 1053756                    /usr/lib/x86_64-linux-gnu/gconv/gconv-modules.cache
7f8e50024000-7f8e50045000 r--p 00000000 08:01 12542                      /usr/share/locale-langpack/it/LC_MESSAGES/libc.mo
7f8e50045000-7f8e500ba000 rw-p 00000000 00:00 0 
7f8e500ba000-7f8e501e9000 ---p 00000000 00:00 0 
7f8e501e9000-7f8e50210000 rw-p 00000000 00:00 0 
7f8e50210000-7f8e5033e000 ---p 00000000 00:00 0 
7f8e5033e000-7f8e50350000 rw-p 00000000 00:00 0 
7f8e50350000-7f8e503e9000 ---p 00000000 00:00 0 
7f8e503e9000-7f8e50488000 rw-p 00000000 00:00 0 
7f8e50488000-7f8e507aa000 ---p 00000000 00:00 0 
7f8e507aa000-7f8e507b2000 r-xp 00000000 08:01 1197743                    /usr/lib/jvm/java-8-openjdk-amd64/jre/lib/amd64/libzip.so
7f8e507b2000-7f8e509b1000 ---p 00008000 08:01 1197743                    /usr/lib/jvm/java-8-openjdk-amd64/jre/lib/amd64/libzip.so
7f8e509b1000-7f8e509b2000 r--p 00007000 08:01 1197743                    /usr/lib/jvm/java-8-openjdk-amd64/jre/lib/amd64/libzip.so
7f8e509b2000-7f8e509b3000 rw-p 00008000 08:01 1197743                    /usr/lib/jvm/java-8-openjdk-amd64/jre/lib/amd64/libzip.so
7f8e509b3000-7f8e509be000 r-xp 00000000 08:01 659934                     /lib/x86_64-linux-gnu/libnss_files-2.27.so
7f8e509be000-7f8e50bbd000 ---p 0000b000 08:01 659934                     /lib/x86_64-linux-gnu/libnss_files-2.27.so
7f8e50bbd000-7f8e50bbe000 r--p 0000a000 08:01 659934                     /lib/x86_64-linux-gnu/libnss_files-2.27.so
7f8e50bbe000-7f8e50bbf000 rw-p 0000b000 08:01 659934                     /lib/x86_64-linux-gnu/libnss_files-2.27.so
7f8e50bbf000-7f8e50bc5000 rw-p 00000000 00:00 0 
7f8e50bc5000-7f8e50bdc000 r-xp 00000000 08:01 659928                     /lib/x86_64-linux-gnu/libnsl-2.27.so
7f8e50bdc000-7f8e50ddb000 ---p 00017000 08:01 659928                     /lib/x86_64-linux-gnu/libnsl-2.27.so
7f8e50ddb000-7f8e50ddc000 r--p 00016000 08:01 659928                     /lib/x86_64-linux-gnu/libnsl-2.27.so
7f8e50ddc000-7f8e50ddd000 rw-p 00017000 08:01 659928                     /lib/x86_64-linux-gnu/libnsl-2.27.so
7f8e50ddd000-7f8e50ddf000 rw-p 00000000 00:00 0 
7f8e50ddf000-7f8e50dea000 r-xp 00000000 08:01 659944                     /lib/x86_64-linux-gnu/libnss_nis-2.27.so
7f8e50dea000-7f8e50fe9000 ---p 0000b000 08:01 659944                     /lib/x86_64-linux-gnu/libnss_nis-2.27.so
7f8e50fe9000-7f8e50fea000 r--p 0000a000 08:01 659944                     /lib/x86_64-linux-gnu/libnss_nis-2.27.so
7f8e50fea000-7f8e50feb000 rw-p 0000b000 08:01 659944                     /lib/x86_64-linux-gnu/libnss_nis-2.27.so
7f8e50feb000-7f8e50ff3000 r-xp 00000000 08:01 659930                     /lib/x86_64-linux-gnu/libnss_compat-2.27.so
7f8e50ff3000-7f8e511f3000 ---p 00008000 08:01 659930                     /lib/x86_64-linux-gnu/libnss_compat-2.27.so
7f8e511f3000-7f8e511f4000 r--p 00008000 08:01 659930                     /lib/x86_64-linux-gnu/libnss_compat-2.27.so
7f8e511f4000-7f8e511f5000 rw-p 00009000 08:01 659930                     /lib/x86_64-linux-gnu/libnss_compat-2.27.so
7f8e511f5000-7f8e5121f000 r-xp 00000000 08:01 1197719                    /usr/lib/jvm/java-8-openjdk-amd64/jre/lib/amd64/libjava.so
7f8e5121f000-7f8e5141e000 ---p 0002a000 08:01 1197719                    /usr/lib/jvm/java-8-openjdk-amd64/jre/lib/amd64/libjava.so
7f8e5141e000-7f8e5141f000 r--p 00029000 08:01 1197719                    /usr/lib/jvm/java-8-openjdk-amd64/jre/lib/amd64/libjava.so
7f8e5141f000-7f8e51421000 rw-p 0002a000 08:01 1197719                    /usr/lib/jvm/java-8-openjdk-amd64/jre/lib/amd64/libjava.so
7f8e51421000-7f8e51431000 r-xp 00000000 08:01 1197742                    /usr/lib/jvm/java-8-openjdk-amd64/jre/lib/amd64/libverify.so
7f8e51431000-7f8e51630000 ---p 00010000 08:01 1197742                    /usr/lib/jvm/java-8-openjdk-amd64/jre/lib/amd64/libverify.so
7f8e51630000-7f8e51632000 r--p 0000f000 08:01 1197742                    /usr/lib/jvm/java-8-openjdk-amd64/jre/lib/amd64/libverify.so
7f8e51632000-7f8e51633000 rw-p 00011000 08:01 1197742                    /usr/lib/jvm/java-8-openjdk-amd64/jre/lib/amd64/libverify.so
7f8e51633000-7f8e5163a000 r-xp 00000000 08:01 659984                     /lib/x86_64-linux-gnu/librt-2.27.so
7f8e5163a000-7f8e51839000 ---p 00007000 08:01 659984                     /lib/x86_64-linux-gnu/librt-2.27.so
7f8e51839000-7f8e5183a000 r--p 00006000 08:01 659984                     /lib/x86_64-linux-gnu/librt-2.27.so
7f8e5183a000-7f8e5183b000 rw-p 00007000 08:01 659984                     /lib/x86_64-linux-gnu/librt-2.27.so
7f8e5183b000-7f8e51852000 r-xp 00000000 08:01 683547                     /lib/x86_64-linux-gnu/libgcc_s.so.1
7f8e51852000-7f8e51a51000 ---p 00017000 08:01 683547                     /lib/x86_64-linux-gnu/libgcc_s.so.1
7f8e51a51000-7f8e51a52000 r--p 00016000 08:01 683547                     /lib/x86_64-linux-gnu/libgcc_s.so.1
7f8e51a52000-7f8e51a53000 rw-p 00017000 08:01 683547                     /lib/x86_64-linux-gnu/libgcc_s.so.1
7f8e51a53000-7f8e51bf0000 r-xp 00000000 08:01 659907                     /lib/x86_64-linux-gnu/libm-2.27.so
7f8e51bf0000-7f8e51def000 ---p 0019d000 08:01 659907                     /lib/x86_64-linux-gnu/libm-2.27.so
7f8e51def000-7f8e51df0000 r--p 0019c000 08:01 659907                     /lib/x86_64-linux-gnu/libm-2.27.so
7f8e51df0000-7f8e51df1000 rw-p 0019d000 08:01 659907                     /lib/x86_64-linux-gnu/libm-2.27.so
7f8e51df1000-7f8e51f6a000 r-xp 00000000 08:01 937061                     /usr/lib/x86_64-linux-gnu/libstdc++.so.6.0.25
7f8e51f6a000-7f8e5216a000 ---p 00179000 08:01 937061                     /usr/lib/x86_64-linux-gnu/libstdc++.so.6.0.25
7f8e5216a000-7f8e52174000 r--p 00179000 08:01 937061                     /usr/lib/x86_64-linux-gnu/libstdc++.so.6.0.25
7f8e52174000-7f8e52176000 rw-p 00183000 08:01 937061                     /usr/lib/x86_64-linux-gnu/libstdc++.so.6.0.25
7f8e52176000-7f8e5217a000 rw-p 00000000 00:00 0 
7f8e5217a000-7f8e52e1e000 r-xp 00000000 08:01 1197745                    /usr/lib/jvm/java-8-openjdk-amd64/jre/lib/amd64/server/libjvm.so
7f8e52e1e000-7f8e5301e000 ---p 00ca4000 08:01 1197745                    /usr/lib/jvm/java-8-openjdk-amd64/jre/lib/amd64/server/libjvm.so
7f8e5301e000-7f8e530b2000 r--p 00ca4000 08:01 1197745                    /usr/lib/jvm/java-8-openjdk-amd64/jre/lib/amd64/server/libjvm.so
7f8e530b2000-7f8e530db000 rw-p 00d38000 08:01 1197745                    /usr/lib/jvm/java-8-openjdk-amd64/jre/lib/amd64/server/libjvm.so
7f8e530db000-7f8e5310b000 rw-p 00000000 00:00 0 
7f8e5310b000-7f8e53125000 r-xp 00000000 08:01 659976                     /lib/x86_64-linux-gnu/libpthread-2.27.so
7f8e53125000-7f8e53324000 ---p 0001a000 08:01 659976                     /lib/x86_64-linux-gnu/libpthread-2.27.so
7f8e53324000-7f8e53325000 r--p 00019000 08:01 659976                     /lib/x86_64-linux-gnu/libpthread-2.27.so
7f8e53325000-7f8e53326000 rw-p 0001a000 08:01 659976                     /lib/x86_64-linux-gnu/libpthread-2.27.so
7f8e53326000-7f8e5332a000 rw-p 00000000 00:00 0 
7f8e5332a000-7f8e5332d000 r-xp 00000000 08:01 659867                     /lib/x86_64-linux-gnu/libdl-2.27.so
7f8e5332d000-7f8e5352c000 ---p 00003000 08:01 659867                     /lib/x86_64-linux-gnu/libdl-2.27.so
7f8e5352c000-7f8e5352d000 r--p 00002000 08:01 659867                     /lib/x86_64-linux-gnu/libdl-2.27.so
7f8e5352d000-7f8e5352e000 rw-p 00003000 08:01 659867                     /lib/x86_64-linux-gnu/libdl-2.27.so
7f8e5352e000-7f8e5354a000 r-xp 00000000 08:01 660015                     /lib/x86_64-linux-gnu/libz.so.1.2.11
7f8e5354a000-7f8e53749000 ---p 0001c000 08:01 660015                     /lib/x86_64-linux-gnu/libz.so.1.2.11
7f8e53749000-7f8e5374a000 r--p 0001b000 08:01 660015                     /lib/x86_64-linux-gnu/libz.so.1.2.11
7f8e5374a000-7f8e5374b000 rw-p 0001c000 08:01 660015                     /lib/x86_64-linux-gnu/libz.so.1.2.11
7f8e5374b000-7f8e53932000 r-xp 00000000 08:01 659844                     /lib/x86_64-linux-gnu/libc-2.27.so
7f8e53932000-7f8e53b32000 ---p 001e7000 08:01 659844                     /lib/x86_64-linux-gnu/libc-2.27.so
7f8e53b32000-7f8e53b36000 r--p 001e7000 08:01 659844                     /lib/x86_64-linux-gnu/libc-2.27.so
7f8e53b36000-7f8e53b38000 rw-p 001eb000 08:01 659844                     /lib/x86_64-linux-gnu/libc-2.27.so
7f8e53b38000-7f8e53b3c000 rw-p 00000000 00:00 0 
7f8e53b3c000-7f8e53b4a000 r-xp 00000000 08:01 1197703                    /usr/lib/jvm/java-8-openjdk-amd64/jre/lib/amd64/jli/libjli.so
7f8e53b4a000-7f8e53d49000 ---p 0000e000 08:01 1197703                    /usr/lib/jvm/java-8-openjdk-amd64/jre/lib/amd64/jli/libjli.so
7f8e53d49000-7f8e53d4a000 r--p 0000d000 08:01 1197703                    /usr/lib/jvm/java-8-openjdk-amd64/jre/lib/amd64/jli/libjli.so
7f8e53d4a000-7f8e53d4b000 rw-p 0000e000 08:01 1197703                    /usr/lib/jvm/java-8-openjdk-amd64/jre/lib/amd64/jli/libjli.so
7f8e53d4b000-7f8e53d72000 r-xp 00000000 08:01 659816                     /lib/x86_64-linux-gnu/ld-2.27.so
7f8e53d73000-7f8e53e58000 rw-p 00000000 00:00 0 
7f8e53e58000-7f8e53e59000 ---p 00000000 00:00 0 
7f8e53e59000-7f8e53e5c000 ---p 00000000 00:00 0 
7f8e53e5c000-7f8e53f5b000 rw-p 00000000 00:00 0 
7f8e53f5f000-7f8e53f61000 r--s 00016000 08:01 1197773                    /usr/lib/jvm/java-8-openjdk-amd64/jre/lib/jce.jar
7f8e53f61000-7f8e53f66000 r--s 000a7000 08:01 1197775                    /usr/lib/jvm/java-8-openjdk-amd64/jre/lib/jsse.jar
7f8e53f66000-7f8e53f6e000 rw-s 00000000 08:01 15534                      /tmp/hsperfdata_naddi/5790
7f8e53f6e000-7f8e53f6f000 rw-p 00000000 00:00 0 
7f8e53f6f000-7f8e53f70000 r--p 00000000 00:00 0 
7f8e53f70000-7f8e53f72000 rw-p 00000000 00:00 0 
7f8e53f72000-7f8e53f73000 r--p 00027000 08:01 659816                     /lib/x86_64-linux-gnu/ld-2.27.so
7f8e53f73000-7f8e53f74000 rw-p 00028000 08:01 659816                     /lib/x86_64-linux-gnu/ld-2.27.so
7f8e53f74000-7f8e53f75000 rw-p 00000000 00:00 0 
7ffd2d7a7000-7ffd2d7c9000 rw-p 00000000 00:00 0                          [stack]
7ffd2d7ec000-7ffd2d7ef000 r--p 00000000 00:00 0                          [vvar]
7ffd2d7ef000-7ffd2d7f0000 r-xp 00000000 00:00 0                          [vdso]
ffffffffff600000-ffffffffff601000 --xp 00000000 00:00 0                  [vsyscall]

VM Arguments:
jvm_args: -Declipse.application=org.eclipse.jdt.ls.core.id1 -Dosgi.bundles.defaultStartLevel=4 -Declipse.product=org.eclipse.jdt.ls.core.product -Dfile.encoding=utf8 -XX:+UseParallelGC -XX:GCTimeRatio=4 -XX:AdaptiveSizePolicyWeight=90 -Dsun.zip.disableMemoryMapping=true -Xmx1G -Xms100m -Xverify:none 
java_command: /home/naddi/.vscode/extensions/redhat.java-0.61.0/server/plugins/org.eclipse.equinox.launcher_1.5.700.v20200207-2156.jar -configuration /home/naddi/.config/Code/User/globalStorage/redhat.java/0.61.0/config_linux -data /home/naddi/.config/Code/User/workspaceStorage/0f7422da9a561dda193eadb61c133928/redhat.java/jdt_ws
java_class_path (initial): /home/naddi/.vscode/extensions/redhat.java-0.61.0/server/plugins/org.eclipse.equinox.launcher_1.5.700.v20200207-2156.jar
Launcher Type: SUN_STANDARD

Environment Variables:
PATH=/usr/local/sbin:/usr/local/bin:/usr/sbin:/usr/bin:/sbin:/bin:/usr/games:/usr/local/games:/snap/bin
SHELL=/bin/bash
DISPLAY=:0.0

Signal Handlers:
SIGSEGV: [libjvm.so+0xabd470], sa_mask[0]=11111111011111111101111111111110, sa_flags=SA_RESTART|SA_SIGINFO
SIGBUS: [libjvm.so+0xabd470], sa_mask[0]=11111111011111111101111111111110, sa_flags=SA_RESTART|SA_SIGINFO
SIGFPE: [libjvm.so+0x8f1c90], sa_mask[0]=11111111011111111101111111111110, sa_flags=SA_RESTART|SA_SIGINFO
SIGPIPE: [libjvm.so+0x8f1c90], sa_mask[0]=11111111011111111101111111111110, sa_flags=SA_RESTART|SA_SIGINFO
SIGXFSZ: [libjvm.so+0x8f1c90], sa_mask[0]=11111111011111111101111111111110, sa_flags=SA_RESTART|SA_SIGINFO
SIGILL: [libjvm.so+0x8f1c90], sa_mask[0]=11111111011111111101111111111110, sa_flags=SA_RESTART|SA_SIGINFO
SIGUSR1: SIG_DFL, sa_mask[0]=00000000000000000000000000000000, sa_flags=none
SIGUSR2: [libjvm.so+0x8f1b40], sa_mask[0]=00000000000000000000000000000000, sa_flags=SA_RESTART|SA_SIGINFO
SIGHUP: [libjvm.so+0x8f21b0], sa_mask[0]=11111111011111111101111111111110, sa_flags=SA_RESTART|SA_SIGINFO
SIGINT: [libjvm.so+0x8f21b0], sa_mask[0]=11111111011111111101111111111110, sa_flags=SA_RESTART|SA_SIGINFO
SIGTERM: [libjvm.so+0x8f21b0], sa_mask[0]=11111111011111111101111111111110, sa_flags=SA_RESTART|SA_SIGINFO
SIGQUIT: [libjvm.so+0x8f21b0], sa_mask[0]=11111111011111111101111111111110, sa_flags=SA_RESTART|SA_SIGINFO


---------------  S Y S T E M  ---------------

OS:DISTRIB_ID=Ubuntu
DISTRIB_RELEASE=18.04
DISTRIB_CODENAME=bionic
DISTRIB_DESCRIPTION="Ubuntu 18.04.4 LTS"

uname:Linux 5.3.0-51-generic #44~18.04.2-Ubuntu SMP Thu Apr 23 14:27:18 UTC 2020 x86_64
libc:glibc 2.27 NPTL 2.27 
rlimit: STACK 8192k, CORE 0k, NPROC 31645, NOFILE 1048576, AS infinity
load average:0,80 1,90 1,35

/proc/meminfo:
MemTotal:        8152880 kB
MemFree:         4439056 kB
MemAvailable:    6409996 kB
Buffers:           90108 kB
Cached:          2048180 kB
SwapCached:            0 kB
Active:          2191184 kB
Inactive:        1255832 kB
Active(anon):    1263572 kB
Inactive(anon):    42300 kB
Active(file):     927612 kB
Inactive(file):  1213532 kB
Unevictable:          48 kB
Mlocked:              48 kB
SwapTotal:       1455236 kB
SwapFree:        1455236 kB
Dirty:                28 kB
Writeback:             0 kB
AnonPages:       1308660 kB
Mapped:           363104 kB
Shmem:             43180 kB
KReclaimable:      98412 kB
Slab:             164644 kB
SReclaimable:      98412 kB
SUnreclaim:        66232 kB
KernelStack:        8720 kB
PageTables:        34908 kB
NFS_Unstable:          0 kB
Bounce:                0 kB
WritebackTmp:          0 kB
CommitLimit:     5531676 kB
Committed_AS:    4620388 kB
VmallocTotal:   34359738367 kB
VmallocUsed:       33940 kB
VmallocChunk:          0 kB
Percpu:             2336 kB
HardwareCorrupted:     0 kB
AnonHugePages:         0 kB
ShmemHugePages:        0 kB
ShmemPmdMapped:        0 kB
CmaTotal:              0 kB
CmaFree:               0 kB
HugePages_Total:       0
HugePages_Free:        0
HugePages_Rsvd:        0
HugePages_Surp:        0
Hugepagesize:       2048 kB
Hugetlb:               0 kB
DirectMap4k:      159680 kB
DirectMap2M:     8228864 kB

container (cgroup) information:
container_type: cgroupv1
cpu_cpuset_cpus: 0-3
cpu_memory_nodes: 0
active_processor_count: 4
cpu_quota: -1
cpu_period: 100000
cpu_shares: -1
memory_limit_in_bytes: -1
memory_and_swap_limit_in_bytes: -2
memory_soft_limit_in_bytes: -1
memory_usage_in_bytes: 2208903168
memory_max_usage_in_bytes: 2507517952


CPU:total 4 (initial active 4) (4 cores per cpu, 1 threads per core) family 6 model 158 stepping 10, cmov, cx8, fxsr, mmx, sse, sse2, sse3, ssse3, sse4.1, sse4.2, tsc, tscinvbit

/proc/cpuinfo:
processor	: 0
vendor_id	: GenuineIntel
cpu family	: 6
model		: 158
model name	: Intel(R) Core(TM) i7-8750H CPU @ 2.20GHz
stepping	: 10
microcode	: 0xffffffff
cpu MHz		: 2202.972
cache size	: 9216 KB
physical id	: 0
siblings	: 4
core id		: 0
cpu cores	: 4
apicid		: 0
initial apicid	: 0
fpu		: yes
fpu_exception	: yes
cpuid level	: 22
wp		: yes
flags		: fpu vme de pse tsc msr pae mce cx8 apic sep mtrr pge mca cmov pat pse36 clflush mmx fxsr sse sse2 ht syscall nx rdtscp lm constant_tsc rep_good nopl xtopology nonstop_tsc cpuid pni ssse3 pcid sse4_1 sse4_2 hypervisor lahf_lm invpcid_single pti fsgsbase invpcid md_clear flush_l1d arch_capabilities
bugs		: cpu_meltdown spectre_v1 spectre_v2 spec_store_bypass l1tf mds swapgs itlb_multihit
bogomips	: 4405.94
clflush size	: 64
cache_alignment	: 64
address sizes	: 39 bits physical, 48 bits virtual
power management:

processor	: 1
vendor_id	: GenuineIntel
cpu family	: 6
model		: 158
model name	: Intel(R) Core(TM) i7-8750H CPU @ 2.20GHz
stepping	: 10
microcode	: 0xffffffff
cpu MHz		: 2202.972
cache size	: 9216 KB
physical id	: 0
siblings	: 4
core id		: 1
cpu cores	: 4
apicid		: 1
initial apicid	: 1
fpu		: yes
fpu_exception	: yes
cpuid level	: 22
wp		: yes
flags		: fpu vme de pse tsc msr pae mce cx8 apic sep mtrr pge mca cmov pat pse36 clflush mmx fxsr sse sse2 ht syscall nx rdtscp lm constant_tsc rep_good nopl xtopology nonstop_tsc cpuid pni ssse3 pcid sse4_1 sse4_2 hypervisor lahf_lm invpcid_single pti fsgsbase invpcid md_clear flush_l1d arch_capabilities
bugs		: cpu_meltdown spectre_v1 spectre_v2 spec_store_bypass l1tf mds swapgs itlb_multihit
bogomips	: 4405.94
clflush size	: 64
cache_alignment	: 64
address sizes	: 39 bits physical, 48 bits virtual
power management:

processor	: 2
vendor_id	: GenuineIntel
cpu family	: 6
model		: 158
model name	: Intel(R) Core(TM) i7-8750H CPU @ 2.20GHz
stepping	: 10
microcode	: 0xffffffff
cpu MHz		: 2202.972
cache size	: 9216 KB
physical id	: 0
siblings	: 4
core id		: 2
cpu cores	: 4
apicid		: 2
initial apicid	: 2
fpu		: yes
fpu_exception	: yes
cpuid level	: 22
wp		: yes
flags		: fpu vme de pse tsc msr pae mce cx8 apic sep mtrr pge mca cmov pat pse36 clflush mmx fxsr sse sse2 ht syscall nx rdtscp lm constant_tsc rep_good nopl xtopology nonstop_tsc cpuid pni ssse3 pcid sse4_1 sse4_2 hypervisor lahf_lm invpcid_single pti fsgsbase invpcid md_clear flush_l1d arch_capabilities
bugs		: cpu_meltdown spectre_v1 spectre_v2 spec_store_bypass l1tf mds swapgs itlb_multihit
bogomips	: 4405.94
clflush size	: 64
cache_alignment	: 64
address sizes	: 39 bits physical, 48 bits virtual
power management:

processor	: 3
vendor_id	: GenuineIntel
cpu family	: 6
model		: 158
model name	: Intel(R) Core(TM) i7-8750H CPU @ 2.20GHz
stepping	: 10
microcode	: 0xffffffff
cpu MHz		: 2202.972
cache size	: 9216 KB
physical id	: 0
siblings	: 4
core id		: 3
cpu cores	: 4
apicid		: 3
initial apicid	: 3
fpu		: yes
fpu_exception	: yes
cpuid level	: 22
wp		: yes
flags		: fpu vme de pse tsc msr pae mce cx8 apic sep mtrr pge mca cmov pat pse36 clflush mmx fxsr sse sse2 ht syscall nx rdtscp lm constant_tsc rep_good nopl xtopology nonstop_tsc cpuid pni ssse3 pcid sse4_1 sse4_2 hypervisor lahf_lm invpcid_single pti fsgsbase invpcid md_clear flush_l1d arch_capabilities
bugs		: cpu_meltdown spectre_v1 spectre_v2 spec_store_bypass l1tf mds swapgs itlb_multihit
bogomips	: 4405.94
clflush size	: 64
cache_alignment	: 64
address sizes	: 39 bits physical, 48 bits virtual
power management:



Memory: 4k page, physical 8152880k(4439056k free), swap 1455236k(1455236k free)

vm_info: OpenJDK 64-Bit Server VM (25.252-b09) for linux-amd64 JRE (1.8.0_252-8u252-b09-1~18.04-b09), built on Apr 15 2020 18:48:05 by "buildd" with gcc 7.5.0

time: Mon May 11 11:24:25 2020
timezone: CEST
elapsed time: 179 seconds (0d 0h 2m 59s)

