#
# A fatal error has been detected by the Java Runtime Environment:
#
#  SIGSEGV (0xb) at pc=0x00007ff4c2f4c65b, pid=3440, tid=0x00007ff4849c6700
#
# JRE version: OpenJDK Runtime Environment (8.0_252-b09) (build 1.8.0_252-8u252-b09-1~18.04-b09)
# Java VM: OpenJDK 64-Bit Server VM (25.252-b09 mixed mode linux-amd64 compressed oops)
# Problematic frame:
# J 11477 C2 org.eclipse.jdt.internal.compiler.parser.diagnose.DiagnoseParser.diagnoseParse(Z)V (1303 bytes) @ 0x00007ff4c2f4c65b [0x00007ff4c2f4b240+0x141b]
#
# Failed to write core dump. Core dumps have been disabled. To enable core dumping, try "ulimit -c unlimited" before starting Java again
#
# If you would like to submit a bug report, please visit:
#   http://bugreport.java.com/bugreport/crash.jsp
#

---------------  T H R E A D  ---------------

Current thread (0x00007ff4440eb800):  JavaThread "ForkJoinPool.commonPool-worker-3" daemon [_thread_in_Java, id=3920, stack(0x00007ff4848c6000,0x00007ff4849c7000)]

siginfo: si_signo: 11 (SIGSEGV), si_code: 1 (SEGV_MAPERR), si_addr: 0x00000000000020e6

Registers:
RAX=0x000000000000106b, RBX=0x0000000000001f42, RCX=0x0000000000000000, RDX=0x000000000000038b
RSP=0x00007ff4849c4720, RBP=0x0000000000000008, RSI=0x0000000000004667, RDI=0x0000000000001f8f
R8 =0x0000000000000017, R9 =0x000000000000106b, R10=0x0000000000001054, R11=0x0000000000000009
R12=0x0000000000000000, R13=0x0000000000000100, R14=0x0000000000004667, R15=0x00007ff4440eb800
RIP=0x00007ff4c2f4c65b, EFLAGS=0x0000000000010202, CSGSFS=0x002b000000000033, ERR=0x0000000000000004
  TRAPNO=0x000000000000000e

Top of Stack: (sp=0x00007ff4849c4720)
0x00007ff4849c4720:   00000000ebb44d00 0000000600000000
0x00007ff4849c4730:   ebb4561000000008 00000000ebb44348
0x00007ff4849c4740:   0000000800000017 000010bb00000100
0x00007ff4849c4750:   0000000500000009 00007ff400000020
0x00007ff4849c4760:   00007ff4c1007ffd 00000000ebb037b0
0x00007ff4849c4770:   00007ff4849c47e0 00007ff4c1007ffd
0x00007ff4849c4780:   0000000000000041 00007ff4c1007ffd
0x00007ff4849c4790:   0000000000000000 00000000ebb44348
0x00007ff4849c47a0:   00007ff4849c47a0 00007ff484ed5f0e
0x00007ff4849c47b0:   00007ff4849c4828 00007ff484eda028
0x00007ff4849c47c0:   00007ff4846a2440 00007ff484ed5fa8
0x00007ff4849c47d0:   00007ff4849c4790 00007ff4849c4830
0x00007ff4849c47e0:   0000000000000000 00007ff4c2efbf00
0x00007ff4849c47f0:   0000000000000000 0000000000000000
0x00007ff4849c4800:   00000000ebb44348 0000000000000a7b
0x00007ff4849c4810:   0000000000000277 00007ff400000041
0x00007ff4849c4820:   0000000000000000 00000000ebb06808
0x00007ff4849c4830:   0000000000000000 0000000000000000
0x00007ff4849c4840:   00000000ebb13b20 00004627ebb18a00
0x00007ff4849c4850:   0000466eebb0d938 0000000000000041
0x00007ff4849c4860:   00000000ebb06808 00000000000009dd
0x00007ff4849c4870:   00000000ebb19880 00000000ebb0d938
0x00007ff4849c4880:   00000000ebb06808 00000000ebb18c70
0x00007ff4849c4890:   00007ff4849c4ad0 00007ff4c2b913bc
0x00007ff4849c48a0:   00000000ebb0d938 0000000000000c0e
0x00007ff4849c48b0:   00000000ebb3ede0 00000000c00dadd0
0x00007ff4849c48c0:   00007ff4849c4ad0 00007ff4c2e1ffc4
0x00007ff4849c48d0:   00007ff4849c4a48 00007ff4c2cc5274
0x00007ff4849c48e0:   00007ff4849c4a48 00007ff4c31f8ecc
0x00007ff4849c48f0:   00000000ebb193d8 00007ff4849c4960
0x00007ff4849c4900:   00007ff4849c4ad0 00007ff4c288b934
0x00007ff4849c4910:   00000000ebb19640 0000000100000000 

Instructions: (pc=0x00007ff4c2f4c65b)
0x00007ff4c2f4c63b:   b7 54 51 10 45 8b ca 44 03 4c 24 20 44 3b cf 0f
0x00007ff4c2f4c64b:   83 29 0a 00 00 49 63 c2 49 03 c0 66 44 0f 7e d1
0x00007ff4c2f4c65b:   0f b7 4c 41 10 3b 4c 24 20 75 03 45 8b d1 44 3b
0x00007ff4c2f4c66b:   d3 0f 83 5f 0a 00 00 66 45 0f 7e c1 47 0f b7 4c 

Register to memory mapping:

RAX=0x000000000000106b is an unknown value
RBX=0x0000000000001f42 is an unknown value
RCX=0x0000000000000000 is an unknown value
RDX=0x000000000000038b is an unknown value
RSP=0x00007ff4849c4720 is pointing into the stack for thread: 0x00007ff4440eb800
RBP=0x0000000000000008 is an unknown value
RSI=0x0000000000004667 is an unknown value
RDI=0x0000000000001f8f is an unknown value
R8 =0x0000000000000017 is an unknown value
R9 =0x000000000000106b is an unknown value
R10=0x0000000000001054 is an unknown value
R11=0x0000000000000009 is an unknown value
R12=0x0000000000000000 is an unknown value
R13=0x0000000000000100 is an unknown value
R14=0x0000000000004667 is an unknown value
R15=0x00007ff4440eb800 is a thread


Stack: [0x00007ff4848c6000,0x00007ff4849c7000],  sp=0x00007ff4849c4720,  free space=1017k
Native frames: (J=compiled Java code, j=interpreted, Vv=VM code, C=native code)
J 11477 C2 org.eclipse.jdt.internal.compiler.parser.diagnose.DiagnoseParser.diagnoseParse(Z)V (1303 bytes) @ 0x00007ff4c2f4c65b [0x00007ff4c2f4b240+0x141b]
j  org.eclipse.jdt.internal.compiler.parser.Parser.reportSyntaxErrors(ZI)V+198
J 10473 C2 org.eclipse.jdt.internal.compiler.parser.Parser.parse()V (913 bytes) @ 0x00007ff4c2efbf00 [0x00007ff4c2efb400+0xb00]
J 11628 C1 org.eclipse.jdt.internal.compiler.parser.Parser.parse(Lorg/eclipse/jdt/internal/compiler/ast/MethodDeclaration;Lorg/eclipse/jdt/internal/compiler/ast/CompilationUnitDeclaration;)V (388 bytes) @ 0x00007ff4c2b913bc [0x00007ff4c2b90720+0xc9c]
J 10307 C1 org.eclipse.jdt.internal.compiler.ast.MethodDeclaration.parseStatements(Lorg/eclipse/jdt/internal/compiler/parser/Parser;Lorg/eclipse/jdt/internal/compiler/ast/CompilationUnitDeclaration;)V (7 bytes) @ 0x00007ff4c2e1ffc4 [0x00007ff4c2e1fec0+0x104]
J 11449 C1 org.eclipse.jdt.internal.compiler.ast.TypeDeclaration.parseMethods(Lorg/eclipse/jdt/internal/compiler/parser/Parser;Lorg/eclipse/jdt/internal/compiler/ast/CompilationUnitDeclaration;)V (223 bytes) @ 0x00007ff4c288b75c [0x00007ff4c288b3a0+0x3bc]
j  org.eclipse.jdt.internal.compiler.parser.Parser.getMethodBodies(Lorg/eclipse/jdt/internal/compiler/ast/CompilationUnitDeclaration;)V+154
j  org.eclipse.jdt.core.dom.CompilationUnitResolver.resolve(Lorg/eclipse/jdt/internal/compiler/ast/CompilationUnitDeclaration;Lorg/eclipse/jdt/internal/compiler/env/ICompilationUnit;Lorg/eclipse/jdt/core/dom/NodeSearcher;ZZZ)Lorg/eclipse/jdt/internal/compiler/ast/CompilationUnitDeclaration;+114
j  org.eclipse.jdt.core.dom.CompilationUnitResolver.resolve(Lorg/eclipse/jdt/internal/compiler/env/ICompilationUnit;Lorg/eclipse/jdt/core/IJavaProject;Ljava/util/List;Lorg/eclipse/jdt/core/dom/NodeSearcher;Ljava/util/Map;Lorg/eclipse/jdt/core/WorkingCopyOwner;ILorg/eclipse/core/runtime/IProgressMonitor;)Lorg/eclipse/jdt/internal/compiler/ast/CompilationUnitDeclaration;+176
J 13394 C1 org.eclipse.jdt.core.dom.ASTParser.internalCreateAST(Lorg/eclipse/core/runtime/IProgressMonitor;)Lorg/eclipse/jdt/core/dom/ASTNode; (1037 bytes) @ 0x00007ff4c36f4934 [0x00007ff4c36f12c0+0x3674]
J 13393 C1 org.eclipse.jdt.core.dom.ASTParser.createAST(Lorg/eclipse/core/runtime/IProgressMonitor;)Lorg/eclipse/jdt/core/dom/ASTNode; (60 bytes) @ 0x00007ff4c36ed384 [0x00007ff4c36ed0a0+0x2e4]
j  org.eclipse.jdt.internal.corext.refactoring.util.RefactoringASTParser.parse(Lorg/eclipse/jdt/core/ITypeRoot;Lorg/eclipse/jdt/core/WorkingCopyOwner;ZZZLorg/eclipse/core/runtime/IProgressMonitor;)Lorg/eclipse/jdt/core/dom/CompilationUnit;+63
j  org.eclipse.jdt.internal.corext.refactoring.util.RefactoringASTParser.parse(Lorg/eclipse/jdt/core/ITypeRoot;Lorg/eclipse/jdt/core/WorkingCopyOwner;ZLorg/eclipse/core/runtime/IProgressMonitor;)Lorg/eclipse/jdt/core/dom/CompilationUnit;+8
j  org.eclipse.jdt.internal.corext.refactoring.util.RefactoringASTParser.parse(Lorg/eclipse/jdt/core/ITypeRoot;ZLorg/eclipse/core/runtime/IProgressMonitor;)Lorg/eclipse/jdt/core/dom/CompilationUnit;+5
j  org.eclipse.jdt.internal.corext.refactoring.util.RefactoringASTParser.parse(Lorg/eclipse/jdt/core/ITypeRoot;Z)Lorg/eclipse/jdt/core/dom/CompilationUnit;+4
j  org.eclipse.jdt.ls.core.internal.handlers.GenerateToStringHandler.generateToString(Lorg/eclipse/jdt/core/IType;[Lorg/eclipse/jdt/ls/core/internal/handlers/JdtDomModels$LspVariableBinding;Lorg/eclipse/jdt/internal/corext/codemanipulation/tostringgeneration/ToStringGenerationSettingsCore;)Lorg/eclipse/text/edits/TextEdit;+24
j  org.eclipse.jdt.ls.core.internal.handlers.GenerateToStringHandler.generateToString(Lorg/eclipse/jdt/core/IType;[Lorg/eclipse/jdt/ls/core/internal/handlers/JdtDomModels$LspVariableBinding;)Lorg/eclipse/text/edits/TextEdit;+217
j  org.eclipse.jdt.ls.core.internal.text.correction.SourceAssistProcessor.getSourceActionCommands(Lorg/eclipse/lsp4j/CodeActionParams;Lorg/eclipse/jdt/ls/core/internal/corrections/IInvocationContext;[Lorg/eclipse/jdt/internal/ui/text/correction/IProblemLocationCore;)Ljava/util/List;+335
j  org.eclipse.jdt.ls.core.internal.handlers.CodeActionHandler.getCodeActionCommands(Lorg/eclipse/lsp4j/CodeActionParams;Lorg/eclipse/core/runtime/IProgressMonitor;)Ljava/util/List;+499
j  org.eclipse.jdt.ls.core.internal.handlers.JDTLanguageServer.lambda$14(Lorg/eclipse/jdt/ls/core/internal/handlers/CodeActionHandler;Lorg/eclipse/lsp4j/CodeActionParams;Lorg/eclipse/core/runtime/IProgressMonitor;)Ljava/util/List;+8
j  org.eclipse.jdt.ls.core.internal.handlers.JDTLanguageServer$$Lambda$187.apply(Ljava/lang/Object;)Ljava/lang/Object;+16
j  org.eclipse.jdt.ls.core.internal.BaseJDTLanguageServer.lambda$0(Ljava/util/function/Function;Lorg/eclipse/lsp4j/jsonrpc/CancelChecker;)Ljava/lang/Object;+6
j  org.eclipse.jdt.ls.core.internal.BaseJDTLanguageServer$$Lambda$117.apply(Ljava/lang/Object;)Ljava/lang/Object;+12
J 10390 C1 java.util.concurrent.CompletableFuture.uniApply(Ljava/util/concurrent/CompletableFuture;Ljava/util/function/Function;Ljava/util/concurrent/CompletableFuture$UniApply;)Z (108 bytes) @ 0x00007ff4c2e7e944 [0x00007ff4c2e7e180+0x7c4]
J 11252 C1 java.util.concurrent.CompletableFuture$UniApply.tryFire(I)Ljava/util/concurrent/CompletableFuture; (59 bytes) @ 0x00007ff4c2c5e794 [0x00007ff4c2c5e5e0+0x1b4]
j  java.util.concurrent.CompletableFuture$Completion.exec()Z+2
j  java.util.concurrent.ForkJoinTask.doExec()I+10
j  java.util.concurrent.ForkJoinPool$WorkQueue.runTask(Ljava/util/concurrent/ForkJoinTask;)V+21
j  java.util.concurrent.ForkJoinPool.runWorker(Ljava/util/concurrent/ForkJoinPool$WorkQueue;)V+35
j  java.util.concurrent.ForkJoinWorkerThread.run()V+24
v  ~StubRoutines::call_stub
V  [libjvm.so+0x68550a]
V  [libjvm.so+0x682aeb]
V  [libjvm.so+0x6830d7]
V  [libjvm.so+0x6ca04b]
V  [libjvm.so+0xa5a12f]
V  [libjvm.so+0xa5b338]
V  [libjvm.so+0x8f3e62]
C  [libpthread.so.0+0x76db]  start_thread+0xdb


---------------  P R O C E S S  ---------------

Java Threads: ( => current thread )
  0x00007ff454001000 JavaThread "Worker-8" [_thread_blocked, id=3925, stack(0x00007ff43edad000,0x00007ff43eeae000)]
  0x00007ff46c3a4800 JavaThread "pool-6-thread-1" [_thread_blocked, id=3924, stack(0x00007ff4873d3000,0x00007ff4874d4000)]
  0x00007ff4500b6000 JavaThread "pool-5-thread-1" [_thread_blocked, id=3923, stack(0x00007ff484bc9000,0x00007ff484cca000)]
  0x00007ff46809e800 JavaThread "Keep-Alive-Timer" daemon [_thread_blocked, id=3922, stack(0x00007ff43eeae000,0x00007ff43efaf000)]
=>0x00007ff4440eb800 JavaThread "ForkJoinPool.commonPool-worker-3" daemon [_thread_in_Java, id=3920, stack(0x00007ff4848c6000,0x00007ff4849c7000)]
  0x00007ff45c1c9000 JavaThread "ForkJoinPool.commonPool-worker-2" daemon [_thread_blocked, id=3916, stack(0x00007ff4849c7000,0x00007ff484ac8000)]
  0x00007ff46809b000 JavaThread "pool-4-thread-1" [_thread_blocked, id=3913, stack(0x00007ff4859cb000,0x00007ff485acc000)]
  0x00007ff4480c8800 JavaThread "pool-3-thread-1" [_thread_blocked, id=3910, stack(0x00007ff484ac8000,0x00007ff484bc9000)]
  0x00007ff45c0cc800 JavaThread "ForkJoinPool.commonPool-worker-1" daemon [_thread_blocked, id=3903, stack(0x00007ff4870d2000,0x00007ff4871d3000)]
  0x00007ff458001800 JavaThread "process reaper" daemon [_thread_blocked, id=3900, stack(0x00007ff4bc137000,0x00007ff4bc170000)]
  0x00007ff4500ca800 JavaThread "Worker-7" [_thread_blocked, id=3875, stack(0x00007ff486fd1000,0x00007ff4870d2000)]
  0x00007ff45000f800 JavaThread "Worker-6" [_thread_blocked, id=3773, stack(0x00007ff485acc000,0x00007ff485bcd000)]
  0x00007ff46c152000 JavaThread "Bundle File Closer" daemon [_thread_blocked, id=3509, stack(0x00007ff4854ca000,0x00007ff4855cb000)]
  0x00007ff460001000 JavaThread "Worker-3" [_thread_blocked, id=3506, stack(0x00007ff485bcd000,0x00007ff485cce000)]
  0x00007ff4d07ae000 JavaThread "pool-1-thread-1" [_thread_in_native, id=3505, stack(0x00007ff485ece000,0x00007ff485fcf000)]
  0x00007ff4d0471800 JavaThread "pool-2-thread-1" [_thread_blocked, id=3504, stack(0x00007ff4861cf000,0x00007ff4862d0000)]
  0x00007ff47033f000 JavaThread "Java indexing" daemon [_thread_blocked, id=3495, stack(0x00007ff486cd0000,0x00007ff486dd1000)]
  0x00007ff470142000 JavaThread "Worker-JM" [_thread_blocked, id=3489, stack(0x00007ff4874d4000,0x00007ff4875d5000)]
  0x00007ff4d03fe000 JavaThread "Start Level: Equinox Container: 216c9a50-6a77-48d1-844f-c3fc9ec73e8a" daemon [_thread_blocked, id=3486, stack(0x00007ff487be6000,0x00007ff487ce7000)]
  0x00007ff4d03f7800 JavaThread "Framework Event Dispatcher: Equinox Container: 216c9a50-6a77-48d1-844f-c3fc9ec73e8a" daemon [_thread_blocked, id=3484, stack(0x00007ff487ce7000,0x00007ff487de8000)]
  0x00007ff4d03c3800 JavaThread "Active Thread: Equinox Container: 216c9a50-6a77-48d1-844f-c3fc9ec73e8a" [_thread_blocked, id=3483, stack(0x00007ff4bc036000,0x00007ff4bc137000)]
  0x00007ff4d0188800 JavaThread "Service Thread" daemon [_thread_blocked, id=3466, stack(0x00007ff4bc484000,0x00007ff4bc585000)]
  0x00007ff4d0185800 JavaThread "C1 CompilerThread2" daemon [_thread_blocked, id=3464, stack(0x00007ff4bc586000,0x00007ff4bc686000)]
  0x00007ff4d0183800 JavaThread "C2 CompilerThread1" daemon [_thread_in_native, id=3463, stack(0x00007ff4bc687000,0x00007ff4bc787000)]
  0x00007ff4d0180800 JavaThread "C2 CompilerThread0" daemon [_thread_in_native, id=3461, stack(0x00007ff4bc788000,0x00007ff4bc888000)]
  0x00007ff4d017c800 JavaThread "Signal Dispatcher" daemon [_thread_blocked, id=3460, stack(0x00007ff4bc888000,0x00007ff4bc989000)]
  0x00007ff4d014e800 JavaThread "Finalizer" daemon [_thread_blocked, id=3456, stack(0x00007ff4bd3ce000,0x00007ff4bd4cf000)]
  0x00007ff4d014a000 JavaThread "Reference Handler" daemon [_thread_blocked, id=3455, stack(0x00007ff4bd4cf000,0x00007ff4bd5d0000)]
  0x00007ff4d000c000 JavaThread "main" [_thread_blocked, id=3443, stack(0x00007ff4d8406000,0x00007ff4d8506000)]

Other Threads:
  0x00007ff4d0140800 VMThread [stack: 0x00007ff4bd5d1000,0x00007ff4bd6d1000] [id=3454]
  0x00007ff4d018b000 WatcherThread [stack: 0x00007ff4bc384000,0x00007ff4bc484000] [id=3467]

VM state:not at safepoint (normal execution)

VM Mutex/Monitor currently owned by a thread: None

heap address: 0x00000000c0000000, size: 1024 MB, Compressed Oops mode: 32-bit
Narrow klass base: 0x0000000000000000, Narrow klass shift: 3
Compressed class space size: 1073741824 Address: 0x0000000100000000

Heap:
 PSYoungGen      total 48128K, used 18850K [0x00000000eab00000, 0x00000000eed00000, 0x0000000100000000)
  eden space 45568K, 36% used [0x00000000eab00000,0x00000000ebb59510,0x00000000ed780000)
  from space 2560K, 82% used [0x00000000eea80000,0x00000000eec8f320,0x00000000eed00000)
  to   space 3072K, 0% used [0x00000000ee700000,0x00000000ee700000,0x00000000eea00000)
 ParOldGen       total 79360K, used 69611K [0x00000000c0000000, 0x00000000c4d80000, 0x00000000eab00000)
  object space 79360K, 87% used [0x00000000c0000000,0x00000000c43facd8,0x00000000c4d80000)
 Metaspace       used 61599K, capacity 65002K, committed 65152K, reserved 1107968K
  class space    used 6000K, capacity 7002K, committed 7040K, reserved 1048576K

Card table byte_map: [0x00007ff4d4796000,0x00007ff4d4997000] byte_map_base: 0x00007ff4d4196000

Marking Bits: (ParMarkBitMap*) 0x00007ff4d769b3c0
 Begin Bits: [0x00007ff4bf000000, 0x00007ff4c0000000)
 End Bits:   [0x00007ff4c0000000, 0x00007ff4c1000000)

Polling page: 0x00007ff4d851c000

CodeCache: size=245760Kb used=40563Kb max_used=40578Kb free=205196Kb
 bounds [0x00007ff4c1000000, 0x00007ff4c37e0000, 0x00007ff4d0000000]
 total_blobs=11381 nmethods=10746 adapters=544
 compilation: enabled

Compilation events (10 events):
Event: 864,529 Thread 0x00007ff4d0185800 13538       3       org.eclipse.core.internal.registry.ExtensionPointHandle::<init> (7 bytes)
Event: 864,529 Thread 0x00007ff4d0185800 nmethod 13538 0x00007ff4c37c7fd0 code [0x00007ff4c37c8140, 0x00007ff4c37c83d0]
Event: 864,529 Thread 0x00007ff4d0185800 13529       3       org.eclipse.jdt.internal.formatter.SpacePreparator::handleTypeParameters (96 bytes)
Event: 864,529 Thread 0x00007ff4d0185800 nmethod 13529 0x00007ff4c37c8510 code [0x00007ff4c37c8760, 0x00007ff4c37c9578]
Event: 864,529 Thread 0x00007ff4d0185800 13530       3       org.eclipse.jface.text.AbstractDocument::addPosition (147 bytes)
Event: 864,530 Thread 0x00007ff4d0185800 nmethod 13530 0x00007ff4c37c9c50 code [0x00007ff4c37c9ee0, 0x00007ff4c37cae98]
Event: 864,541 Thread 0x00007ff4d0183800 nmethod 13507 0x00007ff4c37cf510 code [0x00007ff4c37cf7e0, 0x00007ff4c37d0ad8]
Event: 864,541 Thread 0x00007ff4d0185800 13540       3       org.eclipse.jdt.internal.compiler.lookup.MethodVerifier::isParameterSubsignature (10 bytes)
Event: 864,542 Thread 0x00007ff4d0183800 13525       4       org.eclipse.core.runtime.Path::initialize (224 bytes)
Event: 864,543 Thread 0x00007ff4d0185800 nmethod 13540 0x00007ff4c37cefd0 code [0x00007ff4c37cf160, 0x00007ff4c37cf418]

GC Heap History (10 events):
Event: 857,645 GC heap before
{Heap before GC invocations=94 (full 10):
 PSYoungGen      total 58880K, used 53596K [0x00000000eab00000, 0x00000000ef300000, 0x0000000100000000)
  eden space 51200K, 100% used [0x00000000eab00000,0x00000000edd00000,0x00000000edd00000)
  from space 7680K, 31% used [0x00000000ee680000,0x00000000ee8d7388,0x00000000eee00000)
  to   space 4608K, 0% used [0x00000000eee80000,0x00000000eee80000,0x00000000ef300000)
 ParOldGen       total 79360K, used 65498K [0x00000000c0000000, 0x00000000c4d80000, 0x00000000eab00000)
  object space 79360K, 82% used [0x00000000c0000000,0x00000000c3ff6808,0x00000000c4d80000)
 Metaspace       used 61016K, capacity 64356K, committed 64640K, reserved 1107968K
  class space    used 5969K, capacity 6965K, committed 7040K, reserved 1048576K
Event: 857,649 GC heap after
Heap after GC invocations=94 (full 10):
 PSYoungGen      total 53248K, used 3164K [0x00000000eab00000, 0x00000000ef200000, 0x0000000100000000)
  eden space 49664K, 0% used [0x00000000eab00000,0x00000000eab00000,0x00000000edb80000)
  from space 3584K, 88% used [0x00000000eee80000,0x00000000ef197388,0x00000000ef200000)
  to   space 3584K, 0% used [0x00000000eeb00000,0x00000000eeb00000,0x00000000eee80000)
 ParOldGen       total 79360K, used 65498K [0x00000000c0000000, 0x00000000c4d80000, 0x00000000eab00000)
  object space 79360K, 82% used [0x00000000c0000000,0x00000000c3ff6808,0x00000000c4d80000)
 Metaspace       used 61016K, capacity 64356K, committed 64640K, reserved 1107968K
  class space    used 5969K, capacity 6965K, committed 7040K, reserved 1048576K
}
Event: 862,124 GC heap before
{Heap before GC invocations=95 (full 10):
 PSYoungGen      total 53248K, used 52828K [0x00000000eab00000, 0x00000000ef200000, 0x0000000100000000)
  eden space 49664K, 100% used [0x00000000eab00000,0x00000000edb80000,0x00000000edb80000)
  from space 3584K, 88% used [0x00000000eee80000,0x00000000ef197388,0x00000000ef200000)
  to   space 3584K, 0% used [0x00000000eeb00000,0x00000000eeb00000,0x00000000eee80000)
 ParOldGen       total 79360K, used 65498K [0x00000000c0000000, 0x00000000c4d80000, 0x00000000eab00000)
  object space 79360K, 82% used [0x00000000c0000000,0x00000000c3ff6808,0x00000000c4d80000)
 Metaspace       used 61129K, capacity 64488K, committed 64640K, reserved 1107968K
  class space    used 5971K, capacity 6965K, committed 7040K, reserved 1048576K
Event: 862,132 GC heap after
Heap after GC invocations=95 (full 10):
 PSYoungGen      total 51712K, used 3004K [0x00000000eab00000, 0x00000000eef00000, 0x0000000100000000)
  eden space 48640K, 0% used [0x00000000eab00000,0x00000000eab00000,0x00000000eda80000)
  from space 3072K, 97% used [0x00000000eeb00000,0x00000000eedef388,0x00000000eee00000)
  to   space 1024K, 0% used [0x00000000eee00000,0x00000000eee00000,0x00000000eef00000)
 ParOldGen       total 79360K, used 65498K [0x00000000c0000000, 0x00000000c4d80000, 0x00000000eab00000)
  object space 79360K, 82% used [0x00000000c0000000,0x00000000c3ff6808,0x00000000c4d80000)
 Metaspace       used 61129K, capacity 64488K, committed 64640K, reserved 1107968K
  class space    used 5971K, capacity 6965K, committed 7040K, reserved 1048576K
}
Event: 862,231 GC heap before
{Heap before GC invocations=96 (full 10):
 PSYoungGen      total 51712K, used 51644K [0x00000000eab00000, 0x00000000eef00000, 0x0000000100000000)
  eden space 48640K, 100% used [0x00000000eab00000,0x00000000eda80000,0x00000000eda80000)
  from space 3072K, 97% used [0x00000000eeb00000,0x00000000eedef388,0x00000000eee00000)
  to   space 1024K, 0% used [0x00000000eee00000,0x00000000eee00000,0x00000000eef00000)
 ParOldGen       total 79360K, used 65498K [0x00000000c0000000, 0x00000000c4d80000, 0x00000000eab00000)
  object space 79360K, 82% used [0x00000000c0000000,0x00000000c3ff6808,0x00000000c4d80000)
 Metaspace       used 61159K, capacity 64488K, committed 64640K, reserved 1107968K
  class space    used 5971K, capacity 6965K, committed 7040K, reserved 1048576K
Event: 862,237 GC heap after
Heap after GC invocations=96 (full 10):
 PSYoungGen      total 48640K, used 1009K [0x00000000eab00000, 0x00000000eef00000, 0x0000000100000000)
  eden space 47616K, 0% used [0x00000000eab00000,0x00000000eab00000,0x00000000ed980000)
  from space 1024K, 98% used [0x00000000eee00000,0x00000000eeefc570,0x00000000eef00000)
  to   space 5120K, 0% used [0x00000000ee500000,0x00000000ee500000,0x00000000eea00000)
 ParOldGen       total 79360K, used 69086K [0x00000000c0000000, 0x00000000c4d80000, 0x00000000eab00000)
  object space 79360K, 87% used [0x00000000c0000000,0x00000000c4377a98,0x00000000c4d80000)
 Metaspace       used 61159K, capacity 64488K, committed 64640K, reserved 1107968K
  class space    used 5971K, capacity 6965K, committed 7040K, reserved 1048576K
}
Event: 863,079 GC heap before
{Heap before GC invocations=97 (full 10):
 PSYoungGen      total 48640K, used 48625K [0x00000000eab00000, 0x00000000eef00000, 0x0000000100000000)
  eden space 47616K, 100% used [0x00000000eab00000,0x00000000ed980000,0x00000000ed980000)
  from space 1024K, 98% used [0x00000000eee00000,0x00000000eeefc570,0x00000000eef00000)
  to   space 5120K, 0% used [0x00000000ee500000,0x00000000ee500000,0x00000000eea00000)
 ParOldGen       total 79360K, used 69086K [0x00000000c0000000, 0x00000000c4d80000, 0x00000000eab00000)
  object space 79360K, 87% used [0x00000000c0000000,0x00000000c4377a98,0x00000000c4d80000)
 Metaspace       used 61379K, capacity 64648K, committed 64896K, reserved 1107968K
  class space    used 5985K, capacity 6997K, committed 7040K, reserved 1048576K
Event: 863,083 GC heap after
Heap after GC invocations=97 (full 10):
 PSYoungGen      total 51712K, used 3111K [0x00000000eab00000, 0x00000000eee80000, 0x0000000100000000)
  eden space 46592K, 0% used [0x00000000eab00000,0x00000000eab00000,0x00000000ed880000)
  from space 5120K, 60% used [0x00000000ee500000,0x00000000ee809ff0,0x00000000eea00000)
  to   space 4096K, 0% used [0x00000000eea80000,0x00000000eea80000,0x00000000eee80000)
 ParOldGen       total 79360K, used 69603K [0x00000000c0000000, 0x00000000c4d80000, 0x00000000eab00000)
  object space 79360K, 87% used [0x00000000c0000000,0x00000000c43f8cd8,0x00000000c4d80000)
 Metaspace       used 61379K, capacity 64648K, committed 64896K, reserved 1107968K
  class space    used 5985K, capacity 6997K, committed 7040K, reserved 1048576K
}
Event: 864,048 GC heap before
{Heap before GC invocations=98 (full 10):
 PSYoungGen      total 51712K, used 49703K [0x00000000eab00000, 0x00000000eee80000, 0x0000000100000000)
  eden space 46592K, 100% used [0x00000000eab00000,0x00000000ed880000,0x00000000ed880000)
  from space 5120K, 60% used [0x00000000ee500000,0x00000000ee809ff0,0x00000000eea00000)
  to   space 4096K, 0% used [0x00000000eea80000,0x00000000eea80000,0x00000000eee80000)
 ParOldGen       total 79360K, used 69603K [0x00000000c0000000, 0x00000000c4d80000, 0x00000000eab00000)
  object space 79360K, 87% used [0x00000000c0000000,0x00000000c43f8cd8,0x00000000c4d80000)
 Metaspace       used 61500K, capacity 64810K, committed 65152K, reserved 1107968K
  class space    used 5992K, capacity 7002K, committed 7040K, reserved 1048576K
Event: 864,056 GC heap after
Heap after GC invocations=98 (full 10):
 PSYoungGen      total 48128K, used 2108K [0x00000000eab00000, 0x00000000eed00000, 0x0000000100000000)
  eden space 45568K, 0% used [0x00000000eab00000,0x00000000eab00000,0x00000000ed780000)
  from space 2560K, 82% used [0x00000000eea80000,0x00000000eec8f320,0x00000000eed00000)
  to   space 3072K, 0% used [0x00000000ee700000,0x00000000ee700000,0x00000000eea00000)
 ParOldGen       total 79360K, used 69611K [0x00000000c0000000, 0x00000000c4d80000, 0x00000000eab00000)
  object space 79360K, 87% used [0x00000000c0000000,0x00000000c43facd8,0x00000000c4d80000)
 Metaspace       used 61500K, capacity 64810K, committed 65152K, reserved 1107968K
  class space    used 5992K, capacity 7002K, committed 7040K, reserved 1048576K
}

Deoptimization events (10 events):
Event: 862,386 Thread 0x00007ff46c3a4000 Uncommon trap: reason=predicate action=maybe_recompile pc=0x00007ff4c26c2cec method=java.util.regex.Pattern$SliceI.match(Ljava/util/regex/Matcher;ILjava/lang/CharSequence;)Z @ 21
Event: 862,462 Thread 0x00007ff45000f800 Uncommon trap: reason=unstable_if action=reinterpret pc=0x00007ff4c3003ed8 method=org.eclipse.jdt.internal.compiler.parser.diagnose.DiagnoseParser.primaryPhase(I)Lorg/eclipse/jdt/internal/compiler/parser/diagnose/DiagnoseParser$RepairCandidate; @ 255
Event: 862,462 Thread 0x00007ff45000f800 Uncommon trap: reason=unstable_if action=reinterpret pc=0x00007ff4c359a200 method=org.eclipse.jdt.internal.compiler.parser.diagnose.DiagnoseParser.reportSecondaryError(IIIII)V @ 204
Event: 863,085 Thread 0x00007ff4440eb800 Uncommon trap: reason=unstable_if action=reinterpret pc=0x00007ff4c29d8da4 method=org.eclipse.jdt.internal.core.NameLookup.seekTypesInWorkingCopies(Ljava/lang/String;Lorg/eclipse/jdt/core/IPackageFragment;IZLjava/lang/String;ILorg/eclipse/jdt/internal/cor
Event: 863,930 Thread 0x00007ff45c0cc800 Uncommon trap: reason=bimorphic action=maybe_recompile pc=0x00007ff4c3567c50 method=org.eclipse.jdt.internal.core.JavaElement.getElementInfo(Lorg/eclipse/core/runtime/IProgressMonitor;)Ljava/lang/Object; @ 18
Event: 864,037 Thread 0x00007ff45c0cc800 Uncommon trap: reason=unstable_if action=reinterpret pc=0x00007ff4c24fef34 method=org.eclipse.jdt.internal.compiler.parser.Scanner.getNextCharAsDigit()Z @ 8
Event: 864,037 Thread 0x00007ff45c0cc800 Uncommon trap: reason=unstable_if action=reinterpret pc=0x00007ff4c26dd8e4 method=org.eclipse.jdt.internal.compiler.parser.Scanner.getNextChar(C)Z @ 8
Event: 864,037 Thread 0x00007ff45c0cc800 Uncommon trap: reason=unstable_if action=reinterpret pc=0x00007ff4c1fcff98 method=org.eclipse.jdt.internal.compiler.parser.Scanner.getNextCharAsDigit()Z @ 8
Event: 864,122 Thread 0x00007ff45c0cc800 Uncommon trap: reason=unstable_if action=reinterpret pc=0x00007ff4c340fda0 method=org.eclipse.jdt.internal.core.ClassFile.existsUsingJarTypeCache()Z @ 106
Event: 864,122 Thread 0x00007ff45c0cc800 Uncommon trap: reason=unstable_if action=reinterpret pc=0x00007ff4c2aa9e34 method=org.eclipse.jdt.internal.core.BinaryType.getElementInfo(Lorg/eclipse/core/runtime/IProgressMonitor;)Ljava/lang/Object; @ 11

Classes redefined (0 events):
No events

Internal exceptions (10 events):
Event: 864,521 Thread 0x00007ff4440eb800 Exception <a 'java/lang/ArrayIndexOutOfBoundsException'> (0x00000000eb88eb90) thrown at [/build/openjdk-8-piDAoU/openjdk-8-8u252-b09/src/hotspot/src/share/vm/runtime/sharedRuntime.cpp, line 605]
Event: 864,521 Thread 0x00007ff4440eb800 Exception <a 'java/lang/ArrayIndexOutOfBoundsException'> (0x00000000eb8a8d38) thrown at [/build/openjdk-8-piDAoU/openjdk-8-8u252-b09/src/hotspot/src/share/vm/runtime/sharedRuntime.cpp, line 605]
Event: 864,522 Thread 0x00007ff4440eb800 Exception <a 'java/lang/ArrayIndexOutOfBoundsException'> (0x00000000eb8d8d00) thrown at [/build/openjdk-8-piDAoU/openjdk-8-8u252-b09/src/hotspot/src/share/vm/runtime/sharedRuntime.cpp, line 605]
Event: 864,522 Thread 0x00007ff4440eb800 Exception <a 'java/lang/ArrayIndexOutOfBoundsException'> (0x00000000eb8f2f20) thrown at [/build/openjdk-8-piDAoU/openjdk-8-8u252-b09/src/hotspot/src/share/vm/runtime/sharedRuntime.cpp, line 605]
Event: 864,525 Thread 0x00007ff4440eb800 Exception <a 'java/lang/ArrayIndexOutOfBoundsException'> (0x00000000eb936730) thrown at [/build/openjdk-8-piDAoU/openjdk-8-8u252-b09/src/hotspot/src/share/vm/runtime/sharedRuntime.cpp, line 605]
Event: 864,529 Thread 0x00007ff4440eb800 Exception <a 'java/lang/ArrayIndexOutOfBoundsException'> (0x00000000eb99b898) thrown at [/build/openjdk-8-piDAoU/openjdk-8-8u252-b09/src/hotspot/src/share/vm/runtime/sharedRuntime.cpp, line 605]
Event: 864,539 Thread 0x00007ff4440eb800 Exception <a 'java/lang/ArrayIndexOutOfBoundsException'> (0x00000000eba6c2a8) thrown at [/build/openjdk-8-piDAoU/openjdk-8-8u252-b09/src/hotspot/src/share/vm/runtime/sharedRuntime.cpp, line 605]
Event: 864,540 Thread 0x00007ff4440eb800 Exception <a 'java/lang/ArrayIndexOutOfBoundsException'> (0x00000000eba6f9b0) thrown at [/build/openjdk-8-piDAoU/openjdk-8-8u252-b09/src/hotspot/src/share/vm/runtime/sharedRuntime.cpp, line 605]
Event: 864,540 Thread 0x00007ff4440eb800 Exception <a 'java/lang/ArrayIndexOutOfBoundsException'> (0x00000000eba75850) thrown at [/build/openjdk-8-piDAoU/openjdk-8-8u252-b09/src/hotspot/src/share/vm/runtime/sharedRuntime.cpp, line 605]
Event: 864,545 Thread 0x00007ff4440eb800 Exception <a 'java/lang/ArrayIndexOutOfBoundsException'> (0x00000000ebb19058) thrown at [/build/openjdk-8-piDAoU/openjdk-8-8u252-b09/src/hotspot/src/share/vm/runtime/sharedRuntime.cpp, line 605]

Events (10 events):
Event: 864,048 Executing VM operation: ParallelGCFailedAllocation
Event: 864,057 Executing VM operation: ParallelGCFailedAllocation done
Event: 864,122 Thread 0x00007ff45c0cc800 Uncommon trap: trap_request=0xffffff65 fr.pc=0x00007ff4c340fda0
Event: 864,122 Thread 0x00007ff45c0cc800 DEOPT PACKING pc=0x00007ff4c340fda0 sp=0x00007ff4871d0320
Event: 864,122 Thread 0x00007ff45c0cc800 DEOPT UNPACKING pc=0x00007ff4c104547a sp=0x00007ff4871d02f0 mode 2
Event: 864,122 Thread 0x00007ff45c0cc800 Uncommon trap: trap_request=0xffffff65 fr.pc=0x00007ff4c2aa9e34
Event: 864,122 Thread 0x00007ff45c0cc800 DEOPT PACKING pc=0x00007ff4c2aa9e34 sp=0x00007ff4871d05f0
Event: 864,122 Thread 0x00007ff45c0cc800 DEOPT UNPACKING pc=0x00007ff4c104547a sp=0x00007ff4871d05a8 mode 2
Event: 864,487 Executing VM operation: RevokeBias
Event: 864,493 Executing VM operation: RevokeBias done


Dynamic libraries:
c0000000-c4d80000 rw-p 00000000 00:00 0 
c4d80000-eab00000 ---p 00000000 00:00 0 
eab00000-eed00000 rw-p 00000000 00:00 0 
eed00000-100000000 ---p 00000000 00:00 0 
100000000-1006e0000 rw-p 00000000 00:00 0 
1006e0000-140000000 ---p 00000000 00:00 0 
55f2f8db8000-55f2f8db9000 r-xp 00000000 08:01 1197684                    /usr/lib/jvm/java-8-openjdk-amd64/jre/bin/java
55f2f8fb8000-55f2f8fb9000 r--p 00000000 08:01 1197684                    /usr/lib/jvm/java-8-openjdk-amd64/jre/bin/java
55f2f8fb9000-55f2f8fba000 rw-p 00001000 08:01 1197684                    /usr/lib/jvm/java-8-openjdk-amd64/jre/bin/java
55f2f99a3000-55f2f9a14000 rw-p 00000000 00:00 0                          [heap]
7ff43edad000-7ff43edb0000 ---p 00000000 00:00 0 
7ff43edb0000-7ff43eeae000 rw-p 00000000 00:00 0 
7ff43eeae000-7ff43eeb1000 ---p 00000000 00:00 0 
7ff43eeb1000-7ff43f06f000 rw-p 00000000 00:00 0 
7ff43f06f000-7ff43f1af000 ---p 00000000 00:00 0 
7ff43f1af000-7ff43f1c6000 r-xp 00000000 08:01 659982                     /lib/x86_64-linux-gnu/libresolv-2.27.so
7ff43f1c6000-7ff43f3c6000 ---p 00017000 08:01 659982                     /lib/x86_64-linux-gnu/libresolv-2.27.so
7ff43f3c6000-7ff43f3c7000 r--p 00017000 08:01 659982                     /lib/x86_64-linux-gnu/libresolv-2.27.so
7ff43f3c7000-7ff43f3c8000 rw-p 00018000 08:01 659982                     /lib/x86_64-linux-gnu/libresolv-2.27.so
7ff43f3c8000-7ff43f3ca000 rw-p 00000000 00:00 0 
7ff43f3ca000-7ff43f3cf000 r-xp 00000000 08:01 659932                     /lib/x86_64-linux-gnu/libnss_dns-2.27.so
7ff43f3cf000-7ff43f5cf000 ---p 00005000 08:01 659932                     /lib/x86_64-linux-gnu/libnss_dns-2.27.so
7ff43f5cf000-7ff43f5d0000 r--p 00005000 08:01 659932                     /lib/x86_64-linux-gnu/libnss_dns-2.27.so
7ff43f5d0000-7ff43f5d1000 rw-p 00006000 08:01 659932                     /lib/x86_64-linux-gnu/libnss_dns-2.27.so
7ff43f5d1000-7ff43f5d3000 r-xp 00000000 08:01 659940                     /lib/x86_64-linux-gnu/libnss_mdns4_minimal.so.2
7ff43f5d3000-7ff43f7d2000 ---p 00002000 08:01 659940                     /lib/x86_64-linux-gnu/libnss_mdns4_minimal.so.2
7ff43f7d2000-7ff43f7d3000 r--p 00001000 08:01 659940                     /lib/x86_64-linux-gnu/libnss_mdns4_minimal.so.2
7ff43f7d3000-7ff43f7d4000 rw-p 00002000 08:01 659940                     /lib/x86_64-linux-gnu/libnss_mdns4_minimal.so.2
7ff43f7d4000-7ff43f9d4000 rw-p 00000000 00:00 0 
7ff43f9d4000-7ff43f9fc000 r-xp 00000000 08:01 1197740                    /usr/lib/jvm/java-8-openjdk-amd64/jre/lib/amd64/libsunec.so
7ff43f9fc000-7ff43fbfb000 ---p 00028000 08:01 1197740                    /usr/lib/jvm/java-8-openjdk-amd64/jre/lib/amd64/libsunec.so
7ff43fbfb000-7ff43fbff000 r--p 00027000 08:01 1197740                    /usr/lib/jvm/java-8-openjdk-amd64/jre/lib/amd64/libsunec.so
7ff43fbff000-7ff43fc00000 rw-p 0002b000 08:01 1197740                    /usr/lib/jvm/java-8-openjdk-amd64/jre/lib/amd64/libsunec.so
7ff43fc00000-7ff43fe00000 rw-p 00000000 00:00 0 
7ff43fe00000-7ff440000000 rw-p 00000000 00:00 0 
7ff440000000-7ff4400de000 rw-p 00000000 00:00 0 
7ff4400de000-7ff444000000 ---p 00000000 00:00 0 
7ff444000000-7ff44410f000 rw-p 00000000 00:00 0 
7ff44410f000-7ff448000000 ---p 00000000 00:00 0 
7ff448000000-7ff448330000 rw-p 00000000 00:00 0 
7ff448330000-7ff44c000000 ---p 00000000 00:00 0 
7ff44c000000-7ff44c021000 rw-p 00000000 00:00 0 
7ff44c021000-7ff450000000 ---p 00000000 00:00 0 
7ff450000000-7ff450168000 rw-p 00000000 00:00 0 
7ff450168000-7ff454000000 ---p 00000000 00:00 0 
7ff454000000-7ff454895000 rw-p 00000000 00:00 0 
7ff454895000-7ff458000000 ---p 00000000 00:00 0 
7ff458000000-7ff458021000 rw-p 00000000 00:00 0 
7ff458021000-7ff45c000000 ---p 00000000 00:00 0 
7ff45c000000-7ff45c1d2000 rw-p 00000000 00:00 0 
7ff45c1d2000-7ff460000000 ---p 00000000 00:00 0 
7ff460000000-7ff460087000 rw-p 00000000 00:00 0 
7ff460087000-7ff464000000 ---p 00000000 00:00 0 
7ff464000000-7ff464255000 rw-p 00000000 00:00 0 
7ff464255000-7ff468000000 ---p 00000000 00:00 0 
7ff468000000-7ff468124000 rw-p 00000000 00:00 0 
7ff468124000-7ff46c000000 ---p 00000000 00:00 0 
7ff46c000000-7ff46c558000 rw-p 00000000 00:00 0 
7ff46c558000-7ff470000000 ---p 00000000 00:00 0 
7ff470000000-7ff470c0a000 rw-p 00000000 00:00 0 
7ff470c0a000-7ff474000000 ---p 00000000 00:00 0 
7ff474000000-7ff474021000 rw-p 00000000 00:00 0 
7ff474021000-7ff478000000 ---p 00000000 00:00 0 
7ff478000000-7ff478021000 rw-p 00000000 00:00 0 
7ff478021000-7ff47c000000 ---p 00000000 00:00 0 
7ff47c000000-7ff47c023000 rw-p 00000000 00:00 0 
7ff47c023000-7ff480000000 ---p 00000000 00:00 0 
7ff480000000-7ff480021000 rw-p 00000000 00:00 0 
7ff480021000-7ff484000000 ---p 00000000 00:00 0 
7ff4840c6000-7ff4842c6000 rw-p 00000000 00:00 0 
7ff4842c6000-7ff4844c6000 rw-p 00000000 00:00 0 
7ff4844c6000-7ff4846c6000 rw-p 00000000 00:00 0 
7ff4846c6000-7ff4848c6000 rw-p 00000000 00:00 0 
7ff4848c6000-7ff4848c9000 ---p 00000000 00:00 0 
7ff4848c9000-7ff4849c7000 rw-p 00000000 00:00 0 
7ff4849c7000-7ff4849ca000 ---p 00000000 00:00 0 
7ff4849ca000-7ff484ac8000 rw-p 00000000 00:00 0 
7ff484ac8000-7ff484acb000 ---p 00000000 00:00 0 
7ff484acb000-7ff484bc9000 rw-p 00000000 00:00 0 
7ff484bc9000-7ff484bcc000 ---p 00000000 00:00 0 
7ff484bcc000-7ff484eca000 rw-p 00000000 00:00 0 
7ff484eca000-7ff4850ca000 rw-p 00000000 00:00 0 
7ff4850ca000-7ff4852ca000 rw-p 00000000 00:00 0 
7ff4852ca000-7ff4854ca000 rw-p 00000000 00:00 0 
7ff4854ca000-7ff4854cd000 ---p 00000000 00:00 0 
7ff4854cd000-7ff4857cb000 rw-p 00000000 00:00 0 
7ff4857cb000-7ff4859cb000 rw-p 00000000 00:00 0 
7ff4859cb000-7ff4859ce000 ---p 00000000 00:00 0 
7ff4859ce000-7ff485acc000 rw-p 00000000 00:00 0 
7ff485acc000-7ff485acf000 ---p 00000000 00:00 0 
7ff485acf000-7ff485bcd000 rw-p 00000000 00:00 0 
7ff485bcd000-7ff485bd0000 ---p 00000000 00:00 0 
7ff485bd0000-7ff485ece000 rw-p 00000000 00:00 0 
7ff485ece000-7ff485ed1000 ---p 00000000 00:00 0 
7ff485ed1000-7ff4861cf000 rw-p 00000000 00:00 0 
7ff4861cf000-7ff4861d2000 ---p 00000000 00:00 0 
7ff4861d2000-7ff4864d0000 rw-p 00000000 00:00 0 
7ff4864d0000-7ff4866d0000 rw-p 00000000 00:00 0 
7ff4866d0000-7ff4868d0000 rw-p 00000000 00:00 0 
7ff4868d0000-7ff486ad0000 rw-p 00000000 00:00 0 
7ff486ad0000-7ff486cd0000 rw-p 00000000 00:00 0 
7ff486cd0000-7ff486cd3000 ---p 00000000 00:00 0 
7ff486cd3000-7ff486fd1000 rw-p 00000000 00:00 0 
7ff486fd1000-7ff486fd4000 ---p 00000000 00:00 0 
7ff486fd4000-7ff4870d2000 rw-p 00000000 00:00 0 
7ff4870d2000-7ff4870d5000 ---p 00000000 00:00 0 
7ff4870d5000-7ff4873d3000 rw-p 00000000 00:00 0 
7ff4873d3000-7ff4873d6000 ---p 00000000 00:00 0 
7ff4873d6000-7ff4874d4000 rw-p 00000000 00:00 0 
7ff4874d4000-7ff4874d7000 ---p 00000000 00:00 0 
7ff4874d7000-7ff4877d5000 rw-p 00000000 00:00 0 
7ff4877d5000-7ff4879d5000 rw-p 00000000 00:00 0 
7ff4879d5000-7ff4879e5000 r-xp 00000000 08:01 435910                     /home/naddi/.config/Code/User/globalStorage/redhat.java/0.61.0/config_linux/org.eclipse.equinox.launcher/org.eclipse.equinox.launcher.gtk.linux.x86_64_1.1.1100.v20190907-0426/eclipse_1801.so
7ff4879e5000-7ff487be4000 ---p 00010000 08:01 435910                     /home/naddi/.config/Code/User/globalStorage/redhat.java/0.61.0/config_linux/org.eclipse.equinox.launcher/org.eclipse.equinox.launcher.gtk.linux.x86_64_1.1.1100.v20190907-0426/eclipse_1801.so
7ff487be4000-7ff487be5000 r--p 0000f000 08:01 435910                     /home/naddi/.config/Code/User/globalStorage/redhat.java/0.61.0/config_linux/org.eclipse.equinox.launcher/org.eclipse.equinox.launcher.gtk.linux.x86_64_1.1.1100.v20190907-0426/eclipse_1801.so
7ff487be5000-7ff487be6000 rw-p 00010000 08:01 435910                     /home/naddi/.config/Code/User/globalStorage/redhat.java/0.61.0/config_linux/org.eclipse.equinox.launcher/org.eclipse.equinox.launcher.gtk.linux.x86_64_1.1.1100.v20190907-0426/eclipse_1801.so
7ff487be6000-7ff487be9000 ---p 00000000 00:00 0 
7ff487be9000-7ff487ce7000 rw-p 00000000 00:00 0 
7ff487ce7000-7ff487cea000 ---p 00000000 00:00 0 
7ff487cea000-7ff487de8000 rw-p 00000000 00:00 0 
7ff487de8000-7ff487dff000 r-xp 00000000 08:01 1197735                    /usr/lib/jvm/java-8-openjdk-amd64/jre/lib/amd64/libnet.so
7ff487dff000-7ff487ffe000 ---p 00017000 08:01 1197735                    /usr/lib/jvm/java-8-openjdk-amd64/jre/lib/amd64/libnet.so
7ff487ffe000-7ff487fff000 r--p 00016000 08:01 1197735                    /usr/lib/jvm/java-8-openjdk-amd64/jre/lib/amd64/libnet.so
7ff487fff000-7ff488000000 rw-p 00017000 08:01 1197735                    /usr/lib/jvm/java-8-openjdk-amd64/jre/lib/amd64/libnet.so
7ff488000000-7ff488021000 rw-p 00000000 00:00 0 
7ff488021000-7ff48c000000 ---p 00000000 00:00 0 
7ff48c000000-7ff48c021000 rw-p 00000000 00:00 0 
7ff48c021000-7ff490000000 ---p 00000000 00:00 0 
7ff490000000-7ff49207b000 rw-p 00000000 00:00 0 
7ff49207b000-7ff494000000 ---p 00000000 00:00 0 
7ff494000000-7ff495b26000 rw-p 00000000 00:00 0 
7ff495b26000-7ff498000000 ---p 00000000 00:00 0 
7ff498000000-7ff498021000 rw-p 00000000 00:00 0 
7ff498021000-7ff49c000000 ---p 00000000 00:00 0 
7ff49c000000-7ff49fdb6000 rw-p 00000000 00:00 0 
7ff49fdb6000-7ff4a0000000 ---p 00000000 00:00 0 
7ff4a0000000-7ff4a0021000 rw-p 00000000 00:00 0 
7ff4a0021000-7ff4a4000000 ---p 00000000 00:00 0 
7ff4a4000000-7ff4a4021000 rw-p 00000000 00:00 0 
7ff4a4021000-7ff4a8000000 ---p 00000000 00:00 0 
7ff4a8000000-7ff4a805d000 rw-p 00000000 00:00 0 
7ff4a805d000-7ff4ac000000 ---p 00000000 00:00 0 
7ff4ac000000-7ff4ac034000 rw-p 00000000 00:00 0 
7ff4ac034000-7ff4b0000000 ---p 00000000 00:00 0 
7ff4b0000000-7ff4b0035000 rw-p 00000000 00:00 0 
7ff4b0035000-7ff4b4000000 ---p 00000000 00:00 0 
7ff4b4000000-7ff4b402e000 rw-p 00000000 00:00 0 
7ff4b402e000-7ff4b8000000 ---p 00000000 00:00 0 
7ff4b8000000-7ff4b8026000 rw-p 00000000 00:00 0 
7ff4b8026000-7ff4bc000000 ---p 00000000 00:00 0 
7ff4bc036000-7ff4bc039000 ---p 00000000 00:00 0 
7ff4bc039000-7ff4bc137000 rw-p 00000000 00:00 0 
7ff4bc137000-7ff4bc13a000 ---p 00000000 00:00 0 
7ff4bc13a000-7ff4bc170000 rw-p 00000000 00:00 0 
7ff4bc170000-7ff4bc182000 r-xp 00000000 08:01 1197736                    /usr/lib/jvm/java-8-openjdk-amd64/jre/lib/amd64/libnio.so
7ff4bc182000-7ff4bc381000 ---p 00012000 08:01 1197736                    /usr/lib/jvm/java-8-openjdk-amd64/jre/lib/amd64/libnio.so
7ff4bc381000-7ff4bc382000 r--p 00011000 08:01 1197736                    /usr/lib/jvm/java-8-openjdk-amd64/jre/lib/amd64/libnio.so
7ff4bc382000-7ff4bc383000 rw-p 00012000 08:01 1197736                    /usr/lib/jvm/java-8-openjdk-amd64/jre/lib/amd64/libnio.so
7ff4bc383000-7ff4bc384000 ---p 00000000 00:00 0 
7ff4bc384000-7ff4bc484000 rw-p 00000000 00:00 0 
7ff4bc484000-7ff4bc487000 ---p 00000000 00:00 0 
7ff4bc487000-7ff4bc585000 rw-p 00000000 00:00 0 
7ff4bc585000-7ff4bc586000 ---p 00000000 00:00 0 
7ff4bc586000-7ff4bc589000 ---p 00000000 00:00 0 
7ff4bc589000-7ff4bc686000 rw-p 00000000 00:00 0 
7ff4bc686000-7ff4bc687000 ---p 00000000 00:00 0 
7ff4bc687000-7ff4bc68a000 ---p 00000000 00:00 0 
7ff4bc68a000-7ff4bc787000 rw-p 00000000 00:00 0 
7ff4bc787000-7ff4bc788000 ---p 00000000 00:00 0 
7ff4bc788000-7ff4bc78b000 ---p 00000000 00:00 0 
7ff4bc78b000-7ff4bc888000 rw-p 00000000 00:00 0 
7ff4bc888000-7ff4bc88b000 ---p 00000000 00:00 0 
7ff4bc88b000-7ff4bc989000 rw-p 00000000 00:00 0 
7ff4bc989000-7ff4bd3ce000 r--p 00000000 08:01 923700                     /usr/lib/locale/locale-archive
7ff4bd3ce000-7ff4bd3d1000 ---p 00000000 00:00 0 
7ff4bd3d1000-7ff4bd4cf000 rw-p 00000000 00:00 0 
7ff4bd4cf000-7ff4bd4d2000 ---p 00000000 00:00 0 
7ff4bd4d2000-7ff4bd5d0000 rw-p 00000000 00:00 0 
7ff4bd5d0000-7ff4bd5d1000 ---p 00000000 00:00 0 
7ff4bd5d1000-7ff4be62e000 rw-p 00000000 00:00 0 
7ff4be62e000-7ff4be800000 r--s 03ca5000 08:01 1197780                    /usr/lib/jvm/java-8-openjdk-amd64/jre/lib/rt.jar
7ff4be800000-7ff4c1000000 rw-p 00000000 00:00 0 
7ff4c1000000-7ff4c37e0000 rwxp 00000000 00:00 0 
7ff4c37e0000-7ff4d0000000 ---p 00000000 00:00 0 
7ff4d0000000-7ff4d07b2000 rw-p 00000000 00:00 0 
7ff4d07b2000-7ff4d4000000 ---p 00000000 00:00 0 
7ff4d400f000-7ff4d4014000 r--s 002f9000 08:01 1197746                    /usr/lib/jvm/java-8-openjdk-amd64/jre/lib/charsets.jar
7ff4d4014000-7ff4d401b000 r--s 00000000 08:01 1053756                    /usr/lib/x86_64-linux-gnu/gconv/gconv-modules.cache
7ff4d401b000-7ff4d403c000 r--p 00000000 08:01 12542                      /usr/share/locale-langpack/it/LC_MESSAGES/libc.mo
7ff4d403c000-7ff4d423c000 rw-p 00000000 00:00 0 
7ff4d423c000-7ff4d423d000 ---p 00000000 00:00 0 
7ff4d423d000-7ff4d433d000 rw-p 00000000 00:00 0 
7ff4d433d000-7ff4d433e000 ---p 00000000 00:00 0 
7ff4d433e000-7ff4d443e000 rw-p 00000000 00:00 0 
7ff4d443e000-7ff4d443f000 ---p 00000000 00:00 0 
7ff4d443f000-7ff4d453f000 rw-p 00000000 00:00 0 
7ff4d453f000-7ff4d4540000 ---p 00000000 00:00 0 
7ff4d4540000-7ff4d4667000 rw-p 00000000 00:00 0 
7ff4d4667000-7ff4d4796000 ---p 00000000 00:00 0 
7ff4d4796000-7ff4d47bd000 rw-p 00000000 00:00 0 
7ff4d47bd000-7ff4d48eb000 ---p 00000000 00:00 0 
7ff4d48eb000-7ff4d490d000 rw-p 00000000 00:00 0 
7ff4d490d000-7ff4d4996000 ---p 00000000 00:00 0 
7ff4d4996000-7ff4d4a37000 rw-p 00000000 00:00 0 
7ff4d4a37000-7ff4d4d57000 ---p 00000000 00:00 0 
7ff4d4d57000-7ff4d4d5f000 r-xp 00000000 08:01 1197743                    /usr/lib/jvm/java-8-openjdk-amd64/jre/lib/amd64/libzip.so
7ff4d4d5f000-7ff4d4f5e000 ---p 00008000 08:01 1197743                    /usr/lib/jvm/java-8-openjdk-amd64/jre/lib/amd64/libzip.so
7ff4d4f5e000-7ff4d4f5f000 r--p 00007000 08:01 1197743                    /usr/lib/jvm/java-8-openjdk-amd64/jre/lib/amd64/libzip.so
7ff4d4f5f000-7ff4d4f60000 rw-p 00008000 08:01 1197743                    /usr/lib/jvm/java-8-openjdk-amd64/jre/lib/amd64/libzip.so
7ff4d4f60000-7ff4d4f6b000 r-xp 00000000 08:01 659934                     /lib/x86_64-linux-gnu/libnss_files-2.27.so
7ff4d4f6b000-7ff4d516a000 ---p 0000b000 08:01 659934                     /lib/x86_64-linux-gnu/libnss_files-2.27.so
7ff4d516a000-7ff4d516b000 r--p 0000a000 08:01 659934                     /lib/x86_64-linux-gnu/libnss_files-2.27.so
7ff4d516b000-7ff4d516c000 rw-p 0000b000 08:01 659934                     /lib/x86_64-linux-gnu/libnss_files-2.27.so
7ff4d516c000-7ff4d5172000 rw-p 00000000 00:00 0 
7ff4d5172000-7ff4d5189000 r-xp 00000000 08:01 659928                     /lib/x86_64-linux-gnu/libnsl-2.27.so
7ff4d5189000-7ff4d5388000 ---p 00017000 08:01 659928                     /lib/x86_64-linux-gnu/libnsl-2.27.so
7ff4d5388000-7ff4d5389000 r--p 00016000 08:01 659928                     /lib/x86_64-linux-gnu/libnsl-2.27.so
7ff4d5389000-7ff4d538a000 rw-p 00017000 08:01 659928                     /lib/x86_64-linux-gnu/libnsl-2.27.so
7ff4d538a000-7ff4d538c000 rw-p 00000000 00:00 0 
7ff4d538c000-7ff4d5397000 r-xp 00000000 08:01 659944                     /lib/x86_64-linux-gnu/libnss_nis-2.27.so
7ff4d5397000-7ff4d5596000 ---p 0000b000 08:01 659944                     /lib/x86_64-linux-gnu/libnss_nis-2.27.so
7ff4d5596000-7ff4d5597000 r--p 0000a000 08:01 659944                     /lib/x86_64-linux-gnu/libnss_nis-2.27.so
7ff4d5597000-7ff4d5598000 rw-p 0000b000 08:01 659944                     /lib/x86_64-linux-gnu/libnss_nis-2.27.so
7ff4d5598000-7ff4d55a0000 r-xp 00000000 08:01 659930                     /lib/x86_64-linux-gnu/libnss_compat-2.27.so
7ff4d55a0000-7ff4d57a0000 ---p 00008000 08:01 659930                     /lib/x86_64-linux-gnu/libnss_compat-2.27.so
7ff4d57a0000-7ff4d57a1000 r--p 00008000 08:01 659930                     /lib/x86_64-linux-gnu/libnss_compat-2.27.so
7ff4d57a1000-7ff4d57a2000 rw-p 00009000 08:01 659930                     /lib/x86_64-linux-gnu/libnss_compat-2.27.so
7ff4d57a2000-7ff4d57cc000 r-xp 00000000 08:01 1197719                    /usr/lib/jvm/java-8-openjdk-amd64/jre/lib/amd64/libjava.so
7ff4d57cc000-7ff4d59cb000 ---p 0002a000 08:01 1197719                    /usr/lib/jvm/java-8-openjdk-amd64/jre/lib/amd64/libjava.so
7ff4d59cb000-7ff4d59cc000 r--p 00029000 08:01 1197719                    /usr/lib/jvm/java-8-openjdk-amd64/jre/lib/amd64/libjava.so
7ff4d59cc000-7ff4d59ce000 rw-p 0002a000 08:01 1197719                    /usr/lib/jvm/java-8-openjdk-amd64/jre/lib/amd64/libjava.so
7ff4d59ce000-7ff4d59de000 r-xp 00000000 08:01 1197742                    /usr/lib/jvm/java-8-openjdk-amd64/jre/lib/amd64/libverify.so
7ff4d59de000-7ff4d5bdd000 ---p 00010000 08:01 1197742                    /usr/lib/jvm/java-8-openjdk-amd64/jre/lib/amd64/libverify.so
7ff4d5bdd000-7ff4d5bdf000 r--p 0000f000 08:01 1197742                    /usr/lib/jvm/java-8-openjdk-amd64/jre/lib/amd64/libverify.so
7ff4d5bdf000-7ff4d5be0000 rw-p 00011000 08:01 1197742                    /usr/lib/jvm/java-8-openjdk-amd64/jre/lib/amd64/libverify.so
7ff4d5be0000-7ff4d5be7000 r-xp 00000000 08:01 659984                     /lib/x86_64-linux-gnu/librt-2.27.so
7ff4d5be7000-7ff4d5de6000 ---p 00007000 08:01 659984                     /lib/x86_64-linux-gnu/librt-2.27.so
7ff4d5de6000-7ff4d5de7000 r--p 00006000 08:01 659984                     /lib/x86_64-linux-gnu/librt-2.27.so
7ff4d5de7000-7ff4d5de8000 rw-p 00007000 08:01 659984                     /lib/x86_64-linux-gnu/librt-2.27.so
7ff4d5de8000-7ff4d5dff000 r-xp 00000000 08:01 683547                     /lib/x86_64-linux-gnu/libgcc_s.so.1
7ff4d5dff000-7ff4d5ffe000 ---p 00017000 08:01 683547                     /lib/x86_64-linux-gnu/libgcc_s.so.1
7ff4d5ffe000-7ff4d5fff000 r--p 00016000 08:01 683547                     /lib/x86_64-linux-gnu/libgcc_s.so.1
7ff4d5fff000-7ff4d6000000 rw-p 00017000 08:01 683547                     /lib/x86_64-linux-gnu/libgcc_s.so.1
7ff4d6000000-7ff4d619d000 r-xp 00000000 08:01 659907                     /lib/x86_64-linux-gnu/libm-2.27.so
7ff4d619d000-7ff4d639c000 ---p 0019d000 08:01 659907                     /lib/x86_64-linux-gnu/libm-2.27.so
7ff4d639c000-7ff4d639d000 r--p 0019c000 08:01 659907                     /lib/x86_64-linux-gnu/libm-2.27.so
7ff4d639d000-7ff4d639e000 rw-p 0019d000 08:01 659907                     /lib/x86_64-linux-gnu/libm-2.27.so
7ff4d639e000-7ff4d6517000 r-xp 00000000 08:01 937061                     /usr/lib/x86_64-linux-gnu/libstdc++.so.6.0.25
7ff4d6517000-7ff4d6717000 ---p 00179000 08:01 937061                     /usr/lib/x86_64-linux-gnu/libstdc++.so.6.0.25
7ff4d6717000-7ff4d6721000 r--p 00179000 08:01 937061                     /usr/lib/x86_64-linux-gnu/libstdc++.so.6.0.25
7ff4d6721000-7ff4d6723000 rw-p 00183000 08:01 937061                     /usr/lib/x86_64-linux-gnu/libstdc++.so.6.0.25
7ff4d6723000-7ff4d6727000 rw-p 00000000 00:00 0 
7ff4d6727000-7ff4d73cb000 r-xp 00000000 08:01 1197745                    /usr/lib/jvm/java-8-openjdk-amd64/jre/lib/amd64/server/libjvm.so
7ff4d73cb000-7ff4d75cb000 ---p 00ca4000 08:01 1197745                    /usr/lib/jvm/java-8-openjdk-amd64/jre/lib/amd64/server/libjvm.so
7ff4d75cb000-7ff4d765f000 r--p 00ca4000 08:01 1197745                    /usr/lib/jvm/java-8-openjdk-amd64/jre/lib/amd64/server/libjvm.so
7ff4d765f000-7ff4d7688000 rw-p 00d38000 08:01 1197745                    /usr/lib/jvm/java-8-openjdk-amd64/jre/lib/amd64/server/libjvm.so
7ff4d7688000-7ff4d76b8000 rw-p 00000000 00:00 0 
7ff4d76b8000-7ff4d76d2000 r-xp 00000000 08:01 659976                     /lib/x86_64-linux-gnu/libpthread-2.27.so
7ff4d76d2000-7ff4d78d1000 ---p 0001a000 08:01 659976                     /lib/x86_64-linux-gnu/libpthread-2.27.so
7ff4d78d1000-7ff4d78d2000 r--p 00019000 08:01 659976                     /lib/x86_64-linux-gnu/libpthread-2.27.so
7ff4d78d2000-7ff4d78d3000 rw-p 0001a000 08:01 659976                     /lib/x86_64-linux-gnu/libpthread-2.27.so
7ff4d78d3000-7ff4d78d7000 rw-p 00000000 00:00 0 
7ff4d78d7000-7ff4d78da000 r-xp 00000000 08:01 659867                     /lib/x86_64-linux-gnu/libdl-2.27.so
7ff4d78da000-7ff4d7ad9000 ---p 00003000 08:01 659867                     /lib/x86_64-linux-gnu/libdl-2.27.so
7ff4d7ad9000-7ff4d7ada000 r--p 00002000 08:01 659867                     /lib/x86_64-linux-gnu/libdl-2.27.so
7ff4d7ada000-7ff4d7adb000 rw-p 00003000 08:01 659867                     /lib/x86_64-linux-gnu/libdl-2.27.so
7ff4d7adb000-7ff4d7af7000 r-xp 00000000 08:01 660015                     /lib/x86_64-linux-gnu/libz.so.1.2.11
7ff4d7af7000-7ff4d7cf6000 ---p 0001c000 08:01 660015                     /lib/x86_64-linux-gnu/libz.so.1.2.11
7ff4d7cf6000-7ff4d7cf7000 r--p 0001b000 08:01 660015                     /lib/x86_64-linux-gnu/libz.so.1.2.11
7ff4d7cf7000-7ff4d7cf8000 rw-p 0001c000 08:01 660015                     /lib/x86_64-linux-gnu/libz.so.1.2.11
7ff4d7cf8000-7ff4d7edf000 r-xp 00000000 08:01 659844                     /lib/x86_64-linux-gnu/libc-2.27.so
7ff4d7edf000-7ff4d80df000 ---p 001e7000 08:01 659844                     /lib/x86_64-linux-gnu/libc-2.27.so
7ff4d80df000-7ff4d80e3000 r--p 001e7000 08:01 659844                     /lib/x86_64-linux-gnu/libc-2.27.so
7ff4d80e3000-7ff4d80e5000 rw-p 001eb000 08:01 659844                     /lib/x86_64-linux-gnu/libc-2.27.so
7ff4d80e5000-7ff4d80e9000 rw-p 00000000 00:00 0 
7ff4d80e9000-7ff4d80f7000 r-xp 00000000 08:01 1197703                    /usr/lib/jvm/java-8-openjdk-amd64/jre/lib/amd64/jli/libjli.so
7ff4d80f7000-7ff4d82f6000 ---p 0000e000 08:01 1197703                    /usr/lib/jvm/java-8-openjdk-amd64/jre/lib/amd64/jli/libjli.so
7ff4d82f6000-7ff4d82f7000 r--p 0000d000 08:01 1197703                    /usr/lib/jvm/java-8-openjdk-amd64/jre/lib/amd64/jli/libjli.so
7ff4d82f7000-7ff4d82f8000 rw-p 0000e000 08:01 1197703                    /usr/lib/jvm/java-8-openjdk-amd64/jre/lib/amd64/jli/libjli.so
7ff4d82f8000-7ff4d831f000 r-xp 00000000 08:01 659816                     /lib/x86_64-linux-gnu/ld-2.27.so
7ff4d8320000-7ff4d8405000 rw-p 00000000 00:00 0 
7ff4d8405000-7ff4d8406000 ---p 00000000 00:00 0 
7ff4d8406000-7ff4d8409000 ---p 00000000 00:00 0 
7ff4d8409000-7ff4d8508000 rw-p 00000000 00:00 0 
7ff4d850c000-7ff4d850e000 r--s 00016000 08:01 1197773                    /usr/lib/jvm/java-8-openjdk-amd64/jre/lib/jce.jar
7ff4d850e000-7ff4d8513000 r--s 000a7000 08:01 1197775                    /usr/lib/jvm/java-8-openjdk-amd64/jre/lib/jsse.jar
7ff4d8513000-7ff4d851b000 rw-s 00000000 08:01 15548                      /tmp/hsperfdata_naddi/3440
7ff4d851b000-7ff4d851c000 rw-p 00000000 00:00 0 
7ff4d851c000-7ff4d851d000 r--p 00000000 00:00 0 
7ff4d851d000-7ff4d851f000 rw-p 00000000 00:00 0 
7ff4d851f000-7ff4d8520000 r--p 00027000 08:01 659816                     /lib/x86_64-linux-gnu/ld-2.27.so
7ff4d8520000-7ff4d8521000 rw-p 00028000 08:01 659816                     /lib/x86_64-linux-gnu/ld-2.27.so
7ff4d8521000-7ff4d8522000 rw-p 00000000 00:00 0 
7ffeb1813000-7ffeb1835000 rw-p 00000000 00:00 0                          [stack]
7ffeb18a0000-7ffeb18a3000 r--p 00000000 00:00 0                          [vvar]
7ffeb18a3000-7ffeb18a4000 r-xp 00000000 00:00 0                          [vdso]
ffffffffff600000-ffffffffff601000 --xp 00000000 00:00 0                  [vsyscall]

VM Arguments:
jvm_args: -Declipse.application=org.eclipse.jdt.ls.core.id1 -Dosgi.bundles.defaultStartLevel=4 -Declipse.product=org.eclipse.jdt.ls.core.product -Dfile.encoding=utf8 -XX:+UseParallelGC -XX:GCTimeRatio=4 -XX:AdaptiveSizePolicyWeight=90 -Dsun.zip.disableMemoryMapping=true -Xmx1G -Xms100m -Xverify:none 
java_command: /home/naddi/.vscode/extensions/redhat.java-0.61.0/server/plugins/org.eclipse.equinox.launcher_1.5.700.v20200207-2156.jar -configuration /home/naddi/.config/Code/User/globalStorage/redhat.java/0.61.0/config_linux -data /home/naddi/.config/Code/User/workspaceStorage/0f7422da9a561dda193eadb61c133928/redhat.java/jdt_ws
java_class_path (initial): /home/naddi/.vscode/extensions/redhat.java-0.61.0/server/plugins/org.eclipse.equinox.launcher_1.5.700.v20200207-2156.jar
Launcher Type: SUN_STANDARD

Environment Variables:
PATH=/usr/local/sbin:/usr/local/bin:/usr/sbin:/usr/bin:/sbin:/bin:/usr/games:/usr/local/games:/snap/bin
SHELL=/bin/bash
DISPLAY=:0.0

Signal Handlers:
SIGSEGV: [libjvm.so+0xabd470], sa_mask[0]=11111111011111111101111111111110, sa_flags=SA_RESTART|SA_SIGINFO
SIGBUS: [libjvm.so+0xabd470], sa_mask[0]=11111111011111111101111111111110, sa_flags=SA_RESTART|SA_SIGINFO
SIGFPE: [libjvm.so+0x8f1c90], sa_mask[0]=11111111011111111101111111111110, sa_flags=SA_RESTART|SA_SIGINFO
SIGPIPE: [libjvm.so+0x8f1c90], sa_mask[0]=11111111011111111101111111111110, sa_flags=SA_RESTART|SA_SIGINFO
SIGXFSZ: [libjvm.so+0x8f1c90], sa_mask[0]=11111111011111111101111111111110, sa_flags=SA_RESTART|SA_SIGINFO
SIGILL: [libjvm.so+0x8f1c90], sa_mask[0]=11111111011111111101111111111110, sa_flags=SA_RESTART|SA_SIGINFO
SIGUSR1: SIG_DFL, sa_mask[0]=00000000000000000000000000000000, sa_flags=none
SIGUSR2: [libjvm.so+0x8f1b40], sa_mask[0]=00000000000000000000000000000000, sa_flags=SA_RESTART|SA_SIGINFO
SIGHUP: [libjvm.so+0x8f21b0], sa_mask[0]=11111111011111111101111111111110, sa_flags=SA_RESTART|SA_SIGINFO
SIGINT: [libjvm.so+0x8f21b0], sa_mask[0]=11111111011111111101111111111110, sa_flags=SA_RESTART|SA_SIGINFO
SIGTERM: [libjvm.so+0x8f21b0], sa_mask[0]=11111111011111111101111111111110, sa_flags=SA_RESTART|SA_SIGINFO
SIGQUIT: [libjvm.so+0x8f21b0], sa_mask[0]=11111111011111111101111111111110, sa_flags=SA_RESTART|SA_SIGINFO


---------------  S Y S T E M  ---------------

OS:DISTRIB_ID=Ubuntu
DISTRIB_RELEASE=18.04
DISTRIB_CODENAME=bionic
DISTRIB_DESCRIPTION="Ubuntu 18.04.4 LTS"

uname:Linux 5.3.0-51-generic #44~18.04.2-Ubuntu SMP Thu Apr 23 14:27:18 UTC 2020 x86_64
libc:glibc 2.27 NPTL 2.27 
rlimit: STACK 8192k, CORE 0k, NPROC 31645, NOFILE 1048576, AS infinity
load average:0,24 0,24 0,28

/proc/meminfo:
MemTotal:        8152880 kB
MemFree:         4662796 kB
MemAvailable:    6389680 kB
Buffers:          192148 kB
Cached:          1686212 kB
SwapCached:            0 kB
Active:          2108300 kB
Inactive:        1055208 kB
Active(anon):    1250344 kB
Inactive(anon):    48648 kB
Active(file):     857956 kB
Inactive(file):  1006560 kB
Unevictable:          48 kB
Mlocked:              48 kB
SwapTotal:       1455236 kB
SwapFree:        1455236 kB
Dirty:                68 kB
Writeback:             0 kB
AnonPages:       1285208 kB
Mapped:           366904 kB
Shmem:             49552 kB
KReclaimable:     163300 kB
Slab:             226824 kB
SReclaimable:     163300 kB
SUnreclaim:        63524 kB
KernelStack:        8416 kB
PageTables:        33428 kB
NFS_Unstable:          0 kB
Bounce:                0 kB
WritebackTmp:          0 kB
CommitLimit:     5531676 kB
Committed_AS:    4525872 kB
VmallocTotal:   34359738367 kB
VmallocUsed:       33596 kB
VmallocChunk:          0 kB
Percpu:             2384 kB
HardwareCorrupted:     0 kB
AnonHugePages:         0 kB
ShmemHugePages:        0 kB
ShmemPmdMapped:        0 kB
CmaTotal:              0 kB
CmaFree:               0 kB
HugePages_Total:       0
HugePages_Free:        0
HugePages_Rsvd:        0
HugePages_Surp:        0
Hugepagesize:       2048 kB
Hugetlb:               0 kB
DirectMap4k:      128960 kB
DirectMap2M:     8259584 kB

container (cgroup) information:
container_type: cgroupv1
cpu_cpuset_cpus: 0-3
cpu_memory_nodes: 0
active_processor_count: 4
cpu_quota: -1
cpu_period: 100000
cpu_shares: -1
memory_limit_in_bytes: -1
memory_and_swap_limit_in_bytes: -2
memory_soft_limit_in_bytes: -1
memory_usage_in_bytes: 1935949824
memory_max_usage_in_bytes: 2013827072


CPU:total 4 (initial active 4) (4 cores per cpu, 1 threads per core) family 6 model 158 stepping 10, cmov, cx8, fxsr, mmx, sse, sse2, sse3, ssse3, sse4.1, sse4.2, tsc, tscinvbit

/proc/cpuinfo:
processor	: 0
vendor_id	: GenuineIntel
cpu family	: 6
model		: 158
model name	: Intel(R) Core(TM) i7-8750H CPU @ 2.20GHz
stepping	: 10
microcode	: 0xffffffff
cpu MHz		: 2211.787
cache size	: 9216 KB
physical id	: 0
siblings	: 4
core id		: 0
cpu cores	: 4
apicid		: 0
initial apicid	: 0
fpu		: yes
fpu_exception	: yes
cpuid level	: 22
wp		: yes
flags		: fpu vme de pse tsc msr pae mce cx8 apic sep mtrr pge mca cmov pat pse36 clflush mmx fxsr sse sse2 ht syscall nx rdtscp lm constant_tsc rep_good nopl xtopology nonstop_tsc cpuid pni ssse3 pcid sse4_1 sse4_2 hypervisor lahf_lm invpcid_single pti fsgsbase invpcid md_clear flush_l1d arch_capabilities
bugs		: cpu_meltdown spectre_v1 spectre_v2 spec_store_bypass l1tf mds swapgs itlb_multihit
bogomips	: 4423.57
clflush size	: 64
cache_alignment	: 64
address sizes	: 39 bits physical, 48 bits virtual
power management:

processor	: 1
vendor_id	: GenuineIntel
cpu family	: 6
model		: 158
model name	: Intel(R) Core(TM) i7-8750H CPU @ 2.20GHz
stepping	: 10
microcode	: 0xffffffff
cpu MHz		: 2211.787
cache size	: 9216 KB
physical id	: 0
siblings	: 4
core id		: 1
cpu cores	: 4
apicid		: 1
initial apicid	: 1
fpu		: yes
fpu_exception	: yes
cpuid level	: 22
wp		: yes
flags		: fpu vme de pse tsc msr pae mce cx8 apic sep mtrr pge mca cmov pat pse36 clflush mmx fxsr sse sse2 ht syscall nx rdtscp lm constant_tsc rep_good nopl xtopology nonstop_tsc cpuid pni ssse3 pcid sse4_1 sse4_2 hypervisor lahf_lm invpcid_single pti fsgsbase invpcid md_clear flush_l1d arch_capabilities
bugs		: cpu_meltdown spectre_v1 spectre_v2 spec_store_bypass l1tf mds swapgs itlb_multihit
bogomips	: 4423.57
clflush size	: 64
cache_alignment	: 64
address sizes	: 39 bits physical, 48 bits virtual
power management:

processor	: 2
vendor_id	: GenuineIntel
cpu family	: 6
model		: 158
model name	: Intel(R) Core(TM) i7-8750H CPU @ 2.20GHz
stepping	: 10
microcode	: 0xffffffff
cpu MHz		: 2211.787
cache size	: 9216 KB
physical id	: 0
siblings	: 4
core id		: 2
cpu cores	: 4
apicid		: 2
initial apicid	: 2
fpu		: yes
fpu_exception	: yes
cpuid level	: 22
wp		: yes
flags		: fpu vme de pse tsc msr pae mce cx8 apic sep mtrr pge mca cmov pat pse36 clflush mmx fxsr sse sse2 ht syscall nx rdtscp lm constant_tsc rep_good nopl xtopology nonstop_tsc cpuid pni ssse3 pcid sse4_1 sse4_2 hypervisor lahf_lm invpcid_single pti fsgsbase invpcid md_clear flush_l1d arch_capabilities
bugs		: cpu_meltdown spectre_v1 spectre_v2 spec_store_bypass l1tf mds swapgs itlb_multihit
bogomips	: 4423.57
clflush size	: 64
cache_alignment	: 64
address sizes	: 39 bits physical, 48 bits virtual
power management:

processor	: 3
vendor_id	: GenuineIntel
cpu family	: 6
model		: 158
model name	: Intel(R) Core(TM) i7-8750H CPU @ 2.20GHz
stepping	: 10
microcode	: 0xffffffff
cpu MHz		: 2211.787
cache size	: 9216 KB
physical id	: 0
siblings	: 4
core id		: 3
cpu cores	: 4
apicid		: 3
initial apicid	: 3
fpu		: yes
fpu_exception	: yes
cpuid level	: 22
wp		: yes
flags		: fpu vme de pse tsc msr pae mce cx8 apic sep mtrr pge mca cmov pat pse36 clflush mmx fxsr sse sse2 ht syscall nx rdtscp lm constant_tsc rep_good nopl xtopology nonstop_tsc cpuid pni ssse3 pcid sse4_1 sse4_2 hypervisor lahf_lm invpcid_single pti fsgsbase invpcid md_clear flush_l1d arch_capabilities
bugs		: cpu_meltdown spectre_v1 spectre_v2 spec_store_bypass l1tf mds swapgs itlb_multihit
bogomips	: 4423.57
clflush size	: 64
cache_alignment	: 64
address sizes	: 39 bits physical, 48 bits virtual
power management:



Memory: 4k page, physical 8152880k(4662796k free), swap 1455236k(1455236k free)

vm_info: OpenJDK 64-Bit Server VM (25.252-b09) for linux-amd64 JRE (1.8.0_252-8u252-b09-1~18.04-b09), built on Apr 15 2020 18:48:05 by "buildd" with gcc 7.5.0

time: Tue May 12 10:14:26 2020
timezone: CEST
elapsed time: 864 seconds (0d 0h 14m 24s)

