#
# A fatal error has been detected by the Java Runtime Environment:
#
#  SIGSEGV (0xb) at pc=0x00007f251119ee58, pid=22161, tid=0x00007f24d7de7700
#
# JRE version: OpenJDK Runtime Environment (8.0_252-b09) (build 1.8.0_252-8u252-b09-1~18.04-b09)
# Java VM: OpenJDK 64-Bit Server VM (25.252-b09 mixed mode linux-amd64 compressed oops)
# Problematic frame:
# V  [libjvm.so+0x40fe58]
#
# Failed to write core dump. Core dumps have been disabled. To enable core dumping, try "ulimit -c unlimited" before starting Java again
#
# If you would like to submit a bug report, please visit:
#   http://bugreport.java.com/bugreport/crash.jsp
#

---------------  T H R E A D  ---------------

Current thread (0x00007f250c97e000):  JavaThread "C2 CompilerThread0" daemon [_thread_in_vm, id=22181, stack(0x00007f24d7ce8000,0x00007f24d7de8000)]

siginfo: si_signo: 11 (SIGSEGV), si_code: 1 (SEGV_MAPERR), si_addr: 0x0000000000000000

Registers:
RAX=0x00007f2511cfabc0, RBX=0x00007f250d0e5590, RCX=0x000000000000000c, RDX=0x0000000000005998
RSP=0x00007f24d7de3790, RBP=0x00007f24d7de37c0, RSI=0x0000000100001df8, RDI=0x0000000000000000
R8 =0x00007f24bc050400, R9 =0x00007f24bc218a60, R10=0x00007f250c025d70, R11=0x0000000000000030
R12=0x00007f24bc218830, R13=0x0000000083b2eaa0, R14=0x00007f250d0e3b98, R15=0x00007f2511cdb548
RIP=0x00007f251119ee58, EFLAGS=0x0000000000010246, CSGSFS=0x002b000000000033, ERR=0x0000000000000004
  TRAPNO=0x000000000000000e

Top of Stack: (sp=0x00007f24d7de3790)
0x00007f24d7de3790:   00007f250c025d20 050bb040985e6600
0x00007f24d7de37a0:   00007f250c97e000 0000000083b2eaa0
0x00007f24d7de37b0:   00007f2511d03ce4 00007f2511cff68c
0x00007f24d7de37c0:   00007f24d7de3810 00007f25111857dc
0x00007f24d7de37d0:   00000038ffffffff 00007f2511722d19
0x00007f24d7de37e0:   00007f250dc95a80 00007f250e0b6870
0x00007f24d7de37f0:   00007f24d7de5f00 00007f250e0b6360
0x00007f24d7de3800:   00007f24c86fdc18 00007f24c86fe188
0x00007f24d7de3810:   00007f24d7de3870 00007f25116985b5
0x00007f24d7de3820:   000000000e0b6580 00007f250dbfb9e0
0x00007f24d7de3830:   00007f24c86fdc18 0000000000002e22
0x00007f24d7de3840:   0000000000000000 0000000000000003
0x00007f24d7de3850:   0000000000000001 00007f250dbfb9a0
0x00007f24d7de3860:   00007f24c86fdc18 00007f24d7de5f00
0x00007f24d7de3870:   00007f24d7de3920 00007f251169a766
0x00007f24d7de3880:   00007f2511c3fc68 00007f24d7de6768
0x00007f24d7de3890:   00000008d7de38e0 0000000000000000
0x00007f24d7de38a0:   00007f250dbfb9a0 00007f250d1b8aa0
0x00007f24d7de38b0:   0000000700003d1c 00007f250e0b67f0
0x00007f24d7de38c0:   00007f250e0b6870 00007f24d7de38e0
0x00007f24d7de38d0:   00007f250dbfb9a0 00007f2500000003
0x00007f24d7de38e0:   00007f250e0b6360 00000000985e6600
0x00007f24d7de38f0:   00007f250c025d20 00007f24c86fdc18
0x00007f24d7de3900:   000000000000001e 0000000000000001
0x00007f24d7de3910:   00007f24d7de5f00 00007f24d7de6710
0x00007f24d7de3920:   00007f24d7de3a50 00007f251169f3f6
0x00007f24d7de3930:   0000000800000009 0000000000014e30
0x00007f24d7de3940:   0000000300000006 0000000000000948
0x00007f24d7de3950:   0000000000001640 000002c800000947
0x00007f24d7de3960:   00007f24c8b22700 00007f24c8029fa0
0x00007f24d7de3970:   00007f24d7de3a00 00007f24d7de6098
0x00007f24d7de3980:   0000000000003d17 00007f24c50f8140 

Instructions: (pc=0x00007f251119ee58)
0x00007f251119ee38:   ea 04 6b d2 3d 29 d1 48 83 c1 08 49 8b 1c cc 4d
0x00007f251119ee48:   8d 34 cc 48 85 db 75 1d eb 76 66 0f 1f 44 00 00
0x00007f251119ee58:   48 8b 07 49 39 c5 74 24 4c 8d 73 08 48 8b 5b 08
0x00007f251119ee68:   48 85 db 74 5b 48 8b 03 48 8b 78 10 40 f6 c7 01 

Register to memory mapping:

RAX=0x00007f2511cfabc0: <offset 0xf6bbc0> in /usr/lib/jvm/java-8-openjdk-amd64/jre/lib/amd64/server/libjvm.so at 0x00007f2510d8f000
RBX=0x00007f250d0e5590 is an unknown value
RCX=0x000000000000000c is an unknown value
RDX=0x0000000000005998 is an unknown value
RSP=0x00007f24d7de3790 is pointing into the stack for thread: 0x00007f250c97e000
RBP=0x00007f24d7de37c0 is pointing into the stack for thread: 0x00007f250c97e000
RSI=0x0000000100001df8 is pointing into metadata
RDI=0x0000000000000000 is an unknown value
R8 =0x00007f24bc050400 is an unknown value
R9 =0x00007f24bc218a60 is an unknown value
R10=0x00007f250c025d70 is an unknown value
R11=0x0000000000000030 is an unknown value
R12=0x00007f24bc218830 is an unknown value
R13=0x0000000083b2eaa0 is an oop
java.lang.Class 
 - klass: 'java/lang/Class'
R14=0x00007f250d0e3b98 is an unknown value
R15=0x00007f2511cdb548: <offset 0xf4c548> in /usr/lib/jvm/java-8-openjdk-amd64/jre/lib/amd64/server/libjvm.so at 0x00007f2510d8f000


Stack: [0x00007f24d7ce8000,0x00007f24d7de8000],  sp=0x00007f24d7de3790,  free space=1005k
Native frames: (J=compiled Java code, j=interpreted, Vv=VM code, C=native code)
V  [libjvm.so+0x40fe58]
V  [libjvm.so+0x3f67dc]
V  [libjvm.so+0x9095b5]
V  [libjvm.so+0x90b766]
V  [libjvm.so+0x9103f6]
V  [libjvm.so+0x47b53d]
V  [libjvm.so+0x47c42b]
V  [libjvm.so+0x3c2e3a]
V  [libjvm.so+0x487832]
V  [libjvm.so+0x489b68]
V  [libjvm.so+0xa5a12f]
V  [libjvm.so+0xa5b338]
V  [libjvm.so+0x8f3e62]
C  [libpthread.so.0+0x76db]  start_thread+0xdb


Current CompileTask:
C2:   7127 2095       4       java.net.URLClassLoader$1::run (5 bytes)


---------------  P R O C E S S  ---------------

Java Threads: ( => current thread )
  0x00007f24ac016800 JavaThread "element-tracking-store-worker" daemon [_thread_blocked, id=22227, stack(0x00007f247b6fb000,0x00007f247b7fc000)]
  0x00007f250d084000 JavaThread "spark-listener-group-executorManagement" daemon [_thread_blocked, id=22226, stack(0x00007f247b7fc000,0x00007f247b8fd000)]
  0x00007f250d081800 JavaThread "spark-listener-group-appStatus" daemon [_thread_blocked, id=22225, stack(0x00007f247b8fd000,0x00007f247b9fe000)]
  0x00007f250d07f800 JavaThread "context-cleaner-periodic-gc" daemon [_thread_blocked, id=22224, stack(0x00007f247b9fe000,0x00007f247baff000)]
  0x00007f250d07e800 JavaThread "Spark Context Cleaner" daemon [_thread_blocked, id=22223, stack(0x00007f247baff000,0x00007f247bc00000)]
  0x00007f250de1e000 JavaThread "shuffle-server-5-1" daemon [_thread_in_native, id=22222, stack(0x00007f24d405d000,0x00007f24d415e000)]
  0x00007f250de19800 JavaThread "driver-heartbeater" daemon [_thread_blocked, id=22221, stack(0x00007f24d415e000,0x00007f24d425f000)]
  0x00007f250ddd8800 JavaThread "dag-scheduler-event-loop" daemon [_thread_blocked, id=22220, stack(0x00007f24d425f000,0x00007f24d4360000)]
  0x00007f2490008800 JavaThread "netty-rpc-env-timeout" daemon [_thread_blocked, id=22219, stack(0x00007f24d4360000,0x00007f24d4461000)]
  0x00007f250eb74000 JavaThread "Timer-1" daemon [_thread_blocked, id=22218, stack(0x00007f24d4461000,0x00007f24d4562000)]
  0x00007f250eb72800 JavaThread "Timer-0" daemon [_thread_blocked, id=22217, stack(0x00007f24d4562000,0x00007f24d4663000)]
  0x00007f24a4002800 JavaThread "heartbeat-receiver-event-loop-thread" daemon [_thread_blocked, id=22216, stack(0x00007f24d4663000,0x00007f24d4764000)]
  0x00007f250eb06800 JavaThread "SparkUI-35" daemon [_thread_blocked, id=22215, stack(0x00007f24d4964000,0x00007f24d4a65000)]
  0x00007f250eb05000 JavaThread "SparkUI-34" daemon [_thread_blocked, id=22214, stack(0x00007f24d4a65000,0x00007f24d4b66000)]
  0x00007f250eb03000 JavaThread "SparkUI-33" daemon [_thread_blocked, id=22213, stack(0x00007f24d4b66000,0x00007f24d4c67000)]
  0x00007f250eb01800 JavaThread "SparkUI-32" daemon [_thread_blocked, id=22212, stack(0x00007f24d4c67000,0x00007f24d4d68000)]
  0x00007f250eb00000 JavaThread "SparkUI-31-acceptor-0@10554157-ServerConnector@1e92ad2d{HTTP/1.1,[http/1.1]}{0.0.0.0:4040}" daemon [_thread_in_native, id=22211, stack(0x00007f24d4d68000,0x00007f24d4e69000)]
  0x00007f250eafe000 JavaThread "SparkUI-30" daemon [_thread_blocked, id=22210, stack(0x00007f24d4e69000,0x00007f24d4f6a000)]
  0x00007f250eafa800 JavaThread "SparkUI-29" daemon [_thread_in_native, id=22209, stack(0x00007f24d4f6a000,0x00007f24d506b000)]
  0x00007f250eaf2800 JavaThread "SparkUI-28" daemon [_thread_in_native, id=22208, stack(0x00007f24d506b000,0x00007f24d516c000)]
  0x00007f250ea02000 JavaThread "RemoteBlock-temp-file-clean-thread" daemon [_thread_blocked, id=22207, stack(0x00007f24d536c000,0x00007f24d546d000)]
  0x00007f250e9a3800 JavaThread "map-output-dispatcher-7" daemon [_thread_blocked, id=22205, stack(0x00007f24d546d000,0x00007f24d556e000)]
  0x00007f250e9a2000 JavaThread "map-output-dispatcher-6" daemon [_thread_blocked, id=22204, stack(0x00007f24d556e000,0x00007f24d566f000)]
  0x00007f250e9a0000 JavaThread "map-output-dispatcher-5" daemon [_thread_blocked, id=22203, stack(0x00007f24d566f000,0x00007f24d5770000)]
  0x00007f250e99e800 JavaThread "map-output-dispatcher-4" daemon [_thread_blocked, id=22202, stack(0x00007f24d5770000,0x00007f24d5871000)]
  0x00007f250e99d000 JavaThread "map-output-dispatcher-3" daemon [_thread_blocked, id=22201, stack(0x00007f24d5871000,0x00007f24d5972000)]
  0x00007f250e99a000 JavaThread "map-output-dispatcher-2" daemon [_thread_blocked, id=22200, stack(0x00007f24d5972000,0x00007f24d5a73000)]
  0x00007f250e998800 JavaThread "map-output-dispatcher-1" daemon [_thread_blocked, id=22199, stack(0x00007f24d5a73000,0x00007f24d5b74000)]
  0x00007f250e992000 JavaThread "map-output-dispatcher-0" daemon [_thread_blocked, id=22198, stack(0x00007f24d5b74000,0x00007f24d5c75000)]
  0x00007f250e95f800 JavaThread "rpc-server-3-1" daemon [_thread_in_native, id=22197, stack(0x00007f24d5e75000,0x00007f24d5f76000)]
  0x00007f250e8b5800 JavaThread "dispatcher-event-loop-1" daemon [_thread_blocked, id=22195, stack(0x00007f24d6176000,0x00007f24d6277000)]
  0x00007f250e8b3000 JavaThread "dispatcher-event-loop-0" daemon [_thread_blocked, id=22194, stack(0x00007f24d6679000,0x00007f24d677a000)]
  0x00007f250e805800 JavaThread "process reaper" daemon [_thread_blocked, id=22192, stack(0x00007f24d677a000,0x00007f24d67b3000)]
  0x00007f24d0001000 JavaThread "Attach Listener" daemon [_thread_blocked, id=22186, stack(0x00007f24d77e2000,0x00007f24d78e3000)]
  0x00007f250c9b7800 JavaThread "Service Thread" daemon [_thread_blocked, id=22184, stack(0x00007f24d79e4000,0x00007f24d7ae5000)]
  0x00007f250c983000 JavaThread "C1 CompilerThread2" daemon [_thread_blocked, id=22183, stack(0x00007f24d7ae6000,0x00007f24d7be6000)]
  0x00007f250c980000 JavaThread "C2 CompilerThread1" daemon [_thread_in_native, id=22182, stack(0x00007f24d7be7000,0x00007f24d7ce7000)]
=>0x00007f250c97e000 JavaThread "C2 CompilerThread0" daemon [_thread_in_vm, id=22181, stack(0x00007f24d7ce8000,0x00007f24d7de8000)]
  0x00007f250c97c800 JavaThread "Monitor Ctrl-Break" daemon [_thread_in_native, id=22180, stack(0x00007f24f4039000,0x00007f24f413a000)]
  0x00007f250c184800 JavaThread "Signal Dispatcher" daemon [_thread_blocked, id=22179, stack(0x00007f24f4979000,0x00007f24f4a7a000)]
  0x00007f250c156800 JavaThread "Finalizer" daemon [_thread_blocked, id=22172, stack(0x00007f24f54bf000,0x00007f24f55c0000)]
  0x00007f250c152000 JavaThread "Reference Handler" daemon [_thread_blocked, id=22171, stack(0x00007f24f55c0000,0x00007f24f56c1000)]
  0x00007f250c013800 JavaThread "main" [_thread_blocked, id=22162, stack(0x00007f2512a6e000,0x00007f2512b6e000)]

Other Threads:
  0x00007f250c148000 VMThread [stack: 0x00007f24f56c2000,0x00007f24f57c2000] [id=22169]
  0x00007f250c9ba000 WatcherThread [stack: 0x00007f24d78e4000,0x00007f24d79e4000] [id=22185]

VM state:synchronizing (normal execution)

VM Mutex/Monitor currently owned by a thread:  ([mutex/lock_event])
[0x00007f250c00a2f0] Threads_lock - owner thread: 0x00007f250c148000

heap address: 0x0000000083800000, size: 1992 MB, Compressed Oops mode: 32-bit
Narrow klass base: 0x0000000000000000, Narrow klass shift: 3
Compressed class space size: 1073741824 Address: 0x0000000100000000

Heap:
 PSYoungGen      total 125440K, used 26991K [0x00000000d6800000, 0x00000000dec00000, 0x0000000100000000)
  eden space 117760K, 22% used [0x00000000d6800000,0x00000000d825bef8,0x00000000ddb00000)
  from space 7680K, 0% used [0x00000000de480000,0x00000000de480000,0x00000000dec00000)
  to   space 8704K, 0% used [0x00000000ddb00000,0x00000000ddb00000,0x00000000de380000)
 ParOldGen       total 54272K, used 9127K [0x0000000083800000, 0x0000000086d00000, 0x00000000d6800000)
  object space 54272K, 16% used [0x0000000083800000,0x00000000840e9d80,0x0000000086d00000)
 Metaspace       used 35535K, capacity 37682K, committed 37888K, reserved 1081344K
  class space    used 4921K, capacity 5120K, committed 5120K, reserved 1048576K

Card table byte_map: [0x00007f24fb9d9000,0x00007f24fbdbe000] byte_map_base: 0x00007f24fb5bd000

Marking Bits: (ParMarkBitMap*) 0x00007f2511d033c0
 Begin Bits: [0x00007f24f74fd000, 0x00007f24f941d000)
 End Bits:   [0x00007f24f941d000, 0x00007f24fb33d000)

Polling page: 0x00007f2512b84000

CodeCache: size=245760Kb used=6701Kb max_used=7006Kb free=239058Kb
 bounds [0x00007f24fc17e000, 0x00007f24fc87e000, 0x00007f250b17e000]
 total_blobs=2588 nmethods=2056 adapters=444
 compilation: enabled

Compilation events (10 events):
Event: 6,943 Thread 0x00007f250c983000 2182  s    3       sun.net.www.protocol.file.Handler::openConnection (7 bytes)
Event: 6,943 Thread 0x00007f250c983000 nmethod 2182 0x00007f24fc2b29d0 code [0x00007f24fc2b2b40, 0x00007f24fc2b2e48]
Event: 6,944 Thread 0x00007f250c983000 2183  s!   3       sun.net.www.protocol.file.Handler::openConnection (194 bytes)
Event: 6,945 Thread 0x00007f250c983000 nmethod 2183 0x00007f24fc453810 code [0x00007f24fc453bc0, 0x00007f24fc456038]
Event: 6,949 Thread 0x00007f250c980000 nmethod 2179 0x00007f24fc468cd0 code [0x00007f24fc468ea0, 0x00007f24fc469b80]
Event: 6,953 Thread 0x00007f250c983000 2184       3       java.lang.Class::getInterfaces (41 bytes)
Event: 6,953 Thread 0x00007f250c980000 2185       4       java.util.Objects::requireNonNull (14 bytes)
Event: 6,954 Thread 0x00007f250c983000 nmethod 2184 0x00007f24fc2f6150 code [0x00007f24fc2f6300, 0x00007f24fc2f6758]
Event: 6,954 Thread 0x00007f250c980000 nmethod 2185 0x00007f24fc2fdcd0 code [0x00007f24fc2fde20, 0x00007f24fc2fde78]
Event: 6,964 Thread 0x00007f250c980000 2186       4       java.lang.ThreadLocal::get (38 bytes)

GC Heap History (10 events):
Event: 3,883 GC heap before
{Heap before GC invocations=6 (full 1):
 PSYoungGen      total 37888K, used 4237K [0x00000000d6800000, 0x00000000db600000, 0x0000000100000000)
  eden space 32768K, 0% used [0x00000000d6800000,0x00000000d6800000,0x00000000d8800000)
  from space 5120K, 82% used [0x00000000d8800000,0x00000000d8c235a0,0x00000000d8d00000)
  to   space 7168K, 0% used [0x00000000daf00000,0x00000000daf00000,0x00000000db600000)
 ParOldGen       total 86016K, used 2870K [0x0000000083800000, 0x0000000088c00000, 0x00000000d6800000)
  object space 86016K, 3% used [0x0000000083800000,0x0000000083acda78,0x0000000088c00000)
 Metaspace       used 20342K, capacity 21238K, committed 21296K, reserved 1067008K
  class space    used 2800K, capacity 2932K, committed 2944K, reserved 1048576K
Event: 3,906 GC heap after
Heap after GC invocations=6 (full 1):
 PSYoungGen      total 37888K, used 0K [0x00000000d6800000, 0x00000000db600000, 0x0000000100000000)
  eden space 32768K, 0% used [0x00000000d6800000,0x00000000d6800000,0x00000000d8800000)
  from space 5120K, 0% used [0x00000000d8800000,0x00000000d8800000,0x00000000d8d00000)
  to   space 7168K, 0% used [0x00000000daf00000,0x00000000daf00000,0x00000000db600000)
 ParOldGen       total 41472K, used 4139K [0x0000000083800000, 0x0000000086080000, 0x00000000d6800000)
  object space 41472K, 9% used [0x0000000083800000,0x0000000083c0adb8,0x0000000086080000)
 Metaspace       used 20342K, capacity 21238K, committed 21296K, reserved 1067008K
  class space    used 2800K, capacity 2932K, committed 2944K, reserved 1048576K
}
Event: 4,734 GC heap before
{Heap before GC invocations=7 (full 1):
 PSYoungGen      total 37888K, used 32768K [0x00000000d6800000, 0x00000000db600000, 0x0000000100000000)
  eden space 32768K, 100% used [0x00000000d6800000,0x00000000d8800000,0x00000000d8800000)
  from space 5120K, 0% used [0x00000000d8800000,0x00000000d8800000,0x00000000d8d00000)
  to   space 7168K, 0% used [0x00000000daf00000,0x00000000daf00000,0x00000000db600000)
 ParOldGen       total 41472K, used 4139K [0x0000000083800000, 0x0000000086080000, 0x00000000d6800000)
  object space 41472K, 9% used [0x0000000083800000,0x0000000083c0adb8,0x0000000086080000)
 Metaspace       used 23992K, capacity 25088K, committed 25216K, reserved 1071104K
  class space    used 3316K, capacity 3450K, committed 3456K, reserved 1048576K
Event: 4,738 GC heap after
Heap after GC invocations=7 (full 1):
 PSYoungGen      total 68608K, used 3201K [0x00000000d6800000, 0x00000000db480000, 0x0000000100000000)
  eden space 62976K, 0% used [0x00000000d6800000,0x00000000d6800000,0x00000000da580000)
  from space 5632K, 56% used [0x00000000daf00000,0x00000000db220630,0x00000000db480000)
  to   space 7680K, 0% used [0x00000000da580000,0x00000000da580000,0x00000000dad00000)
 ParOldGen       total 41472K, used 4139K [0x0000000083800000, 0x0000000086080000, 0x00000000d6800000)
  object space 41472K, 9% used [0x0000000083800000,0x0000000083c0adb8,0x0000000086080000)
 Metaspace       used 23992K, capacity 25088K, committed 25216K, reserved 1071104K
  class space    used 3316K, capacity 3450K, committed 3456K, reserved 1048576K
}
Event: 6,217 GC heap before
{Heap before GC invocations=8 (full 1):
 PSYoungGen      total 68608K, used 66177K [0x00000000d6800000, 0x00000000db480000, 0x0000000100000000)
  eden space 62976K, 100% used [0x00000000d6800000,0x00000000da580000,0x00000000da580000)
  from space 5632K, 56% used [0x00000000daf00000,0x00000000db220630,0x00000000db480000)
  to   space 7680K, 0% used [0x00000000da580000,0x00000000da580000,0x00000000dad00000)
 ParOldGen       total 41472K, used 4139K [0x0000000083800000, 0x0000000086080000, 0x00000000d6800000)
  object space 41472K, 9% used [0x0000000083800000,0x0000000083c0adb8,0x0000000086080000)
 Metaspace       used 31694K, capacity 33234K, committed 33536K, reserved 1079296K
  class space    used 4355K, capacity 4537K, committed 4608K, reserved 1048576K
Event: 6,224 GC heap after
Heap after GC invocations=8 (full 1):
 PSYoungGen      total 70656K, used 7660K [0x00000000d6800000, 0x00000000ded00000, 0x0000000100000000)
  eden space 62976K, 0% used [0x00000000d6800000,0x00000000d6800000,0x00000000da580000)
  from space 7680K, 99% used [0x00000000da580000,0x00000000dacfb0f0,0x00000000dad00000)
  to   space 8704K, 0% used [0x00000000de480000,0x00000000de480000,0x00000000ded00000)
 ParOldGen       total 41472K, used 4632K [0x0000000083800000, 0x0000000086080000, 0x00000000d6800000)
  object space 41472K, 11% used [0x0000000083800000,0x0000000083c86238,0x0000000086080000)
 Metaspace       used 31694K, capacity 33234K, committed 33536K, reserved 1079296K
  class space    used 4355K, capacity 4537K, committed 4608K, reserved 1048576K
}
Event: 6,660 GC heap before
{Heap before GC invocations=9 (full 1):
 PSYoungGen      total 70656K, used 37384K [0x00000000d6800000, 0x00000000ded00000, 0x0000000100000000)
  eden space 62976K, 47% used [0x00000000d6800000,0x00000000d85070f8,0x00000000da580000)
  from space 7680K, 99% used [0x00000000da580000,0x00000000dacfb0f0,0x00000000dad00000)
  to   space 8704K, 0% used [0x00000000de480000,0x00000000de480000,0x00000000ded00000)
 ParOldGen       total 41472K, used 4632K [0x0000000083800000, 0x0000000086080000, 0x00000000d6800000)
  object space 41472K, 11% used [0x0000000083800000,0x0000000083c86238,0x0000000086080000)
 Metaspace       used 33628K, capacity 35428K, committed 35496K, reserved 1079296K
  class space    used 4640K, capacity 4821K, committed 4864K, reserved 1048576K
Event: 6,669 GC heap after
Heap after GC invocations=9 (full 1):
 PSYoungGen      total 125440K, used 5219K [0x00000000d6800000, 0x00000000dec00000, 0x0000000100000000)
  eden space 117760K, 0% used [0x00000000d6800000,0x00000000d6800000,0x00000000ddb00000)
  from space 7680K, 67% used [0x00000000de480000,0x00000000de998d50,0x00000000dec00000)
  to   space 8704K, 0% used [0x00000000ddb00000,0x00000000ddb00000,0x00000000de380000)
 ParOldGen       total 41472K, used 4632K [0x0000000083800000, 0x0000000086080000, 0x00000000d6800000)
  object space 41472K, 11% used [0x0000000083800000,0x0000000083c86238,0x0000000086080000)
 Metaspace       used 33628K, capacity 35428K, committed 35496K, reserved 1079296K
  class space    used 4640K, capacity 4821K, committed 4864K, reserved 1048576K
}
Event: 6,669 GC heap before
{Heap before GC invocations=10 (full 2):
 PSYoungGen      total 125440K, used 5219K [0x00000000d6800000, 0x00000000dec00000, 0x0000000100000000)
  eden space 117760K, 0% used [0x00000000d6800000,0x00000000d6800000,0x00000000ddb00000)
  from space 7680K, 67% used [0x00000000de480000,0x00000000de998d50,0x00000000dec00000)
  to   space 8704K, 0% used [0x00000000ddb00000,0x00000000ddb00000,0x00000000de380000)
 ParOldGen       total 41472K, used 4632K [0x0000000083800000, 0x0000000086080000, 0x00000000d6800000)
  object space 41472K, 11% used [0x0000000083800000,0x0000000083c86238,0x0000000086080000)
 Metaspace       used 33628K, capacity 35428K, committed 35496K, reserved 1079296K
  class space    used 4640K, capacity 4821K, committed 4864K, reserved 1048576K
Event: 6,713 GC heap after
Heap after GC invocations=10 (full 2):
 PSYoungGen      total 125440K, used 0K [0x00000000d6800000, 0x00000000dec00000, 0x0000000100000000)
  eden space 117760K, 0% used [0x00000000d6800000,0x00000000d6800000,0x00000000ddb00000)
  from space 7680K, 0% used [0x00000000de480000,0x00000000de480000,0x00000000dec00000)
  to   space 8704K, 0% used [0x00000000ddb00000,0x00000000ddb00000,0x00000000de380000)
 ParOldGen       total 54272K, used 9127K [0x0000000083800000, 0x0000000086d00000, 0x00000000d6800000)
  object space 54272K, 16% used [0x0000000083800000,0x00000000840e9d80,0x0000000086d00000)
 Metaspace       used 33625K, capacity 35422K, committed 35496K, reserved 1079296K
  class space    used 4639K, capacity 4820K, committed 4864K, reserved 1048576K
}

Deoptimization events (10 events):
Event: 5,360 Thread 0x00007f250c013800 Uncommon trap: reason=class_check action=maybe_recompile pc=0x00007f24fc4f9cd4 method=java.util.HashMap.putVal(ILjava/lang/Object;Ljava/lang/Object;ZZ)Ljava/lang/Object; @ 203
Event: 5,360 Thread 0x00007f250c013800 Uncommon trap: reason=class_check action=maybe_recompile pc=0x00007f24fc4f9cd4 method=java.util.HashMap.putVal(ILjava/lang/Object;Ljava/lang/Object;ZZ)Ljava/lang/Object; @ 203
Event: 5,360 Thread 0x00007f250c013800 Uncommon trap: reason=class_check action=maybe_recompile pc=0x00007f24fc4f9cd4 method=java.util.HashMap.putVal(ILjava/lang/Object;Ljava/lang/Object;ZZ)Ljava/lang/Object; @ 203
Event: 5,360 Thread 0x00007f250c013800 Uncommon trap: reason=class_check action=maybe_recompile pc=0x00007f24fc4f9cd4 method=java.util.HashMap.putVal(ILjava/lang/Object;Ljava/lang/Object;ZZ)Ljava/lang/Object; @ 203
Event: 5,385 Thread 0x00007f250c013800 Uncommon trap: reason=class_check action=maybe_recompile pc=0x00007f24fc4f0d90 method=java.util.HashMap.putVal(ILjava/lang/Object;Ljava/lang/Object;ZZ)Ljava/lang/Object; @ 203
Event: 5,410 Thread 0x00007f250c013800 Uncommon trap: reason=unstable_if action=reinterpret pc=0x00007f24fc6af940 method=sun.net.www.protocol.jar.Handler.parseURL(Ljava/net/URL;Ljava/lang/String;II)V @ 116
Event: 6,368 Thread 0x00007f250d081800 Uncommon trap: reason=bimorphic action=maybe_recompile pc=0x00007f24fc5b8eac method=java.lang.ThreadLocal.get()Ljava/lang/Object; @ 6
Event: 6,369 Thread 0x00007f250d084000 Uncommon trap: reason=bimorphic action=maybe_recompile pc=0x00007f24fc5b8eac method=java.lang.ThreadLocal.get()Ljava/lang/Object; @ 6
Event: 6,620 Thread 0x00007f250c013800 Uncommon trap: reason=bimorphic action=maybe_recompile pc=0x00007f24fc5b8eac method=java.lang.ThreadLocal.get()Ljava/lang/Object; @ 6
Event: 6,623 Thread 0x00007f250c013800 Uncommon trap: reason=bimorphic action=maybe_recompile pc=0x00007f24fc5b8eac method=java.lang.ThreadLocal.get()Ljava/lang/Object; @ 6

Classes redefined (0 events):
No events

Internal exceptions (10 events):
Event: 6,543 Thread 0x00007f250c013800 Exception <a 'java/lang/NoSuchMethodError': java.lang.Object.$anonfun$$init$$1$adapted(Lcom/fasterxml/jackson/databind/Module$SetupContext;)Ljava/lang/Object;> (0x00000000d7e2e1a8) thrown at [/build/openjdk-8-piDAoU/openjdk-8-8u252-b09/src/hotspot/src/sha
Event: 6,544 Thread 0x00007f250c013800 Exception <a 'java/lang/NoSuchMethodError': java.lang.Object.$anonfun$$init$$2$adapted(Lcom/fasterxml/jackson/databind/Module$SetupContext;)Ljava/lang/Object;> (0x00000000d7e32a38) thrown at [/build/openjdk-8-piDAoU/openjdk-8-8u252-b09/src/hotspot/src/sha
Event: 6,545 Thread 0x00007f250c013800 Exception <a 'java/lang/NoSuchMethodError': java.lang.Object.$anonfun$$init$$1$adapted(Lcom/fasterxml/jackson/databind/Module$SetupContext;)Ljava/lang/Object;> (0x00000000d7e37268) thrown at [/build/openjdk-8-piDAoU/openjdk-8-8u252-b09/src/hotspot/src/sha
Event: 6,550 Thread 0x00007f250c013800 Exception <a 'java/lang/NoSuchMethodError': java.lang.Object.$anonfun$$init$$1$adapted(Lcom/fasterxml/jackson/databind/Module$SetupContext;)Ljava/lang/Object;> (0x00000000d7e73250) thrown at [/build/openjdk-8-piDAoU/openjdk-8-8u252-b09/src/hotspot/src/sha
Event: 6,563 Thread 0x00007f250c013800 Exception <a 'java/lang/NoSuchMethodError': java.lang.Object.$anonfun$setupModule$1$adapted(Lcom/fasterxml/jackson/databind/Module$SetupContext;Lscala/Function1;)Ljava/lang/Object;> (0x00000000d7edf968) thrown at [/build/openjdk-8-piDAoU/openjdk-8-8u252-b
Event: 6,618 Thread 0x00007f250c013800 Exception <a 'java/lang/NoSuchMethodError': java.lang.Object.$anonfun$find$1$adapted(Lscala/Function1;Ljava/lang/Object;)Ljava/lang/Object;> (0x00000000d82e08a0) thrown at [/build/openjdk-8-piDAoU/openjdk-8-8u252-b09/src/hotspot/src/share/vm/interpreter/l
Event: 6,639 Thread 0x00007f250c013800 Exception <a 'java/lang/NoSuchMethodError': java.lang.Object.$anonfun$modifyType$1$adapted(Ljava/lang/Class;Ljava/lang/Class;)Ljava/lang/Object;> (0x00000000d83b7a80) thrown at [/build/openjdk-8-piDAoU/openjdk-8-8u252-b09/src/hotspot/src/share/vm/interpre
Event: 6,640 Thread 0x00007f250c013800 Exception <a 'java/lang/NoSuchMethodError': java.lang.Object.$anonfun$modifyType$2(Lcom/fasterxml/jackson/module/scala/modifiers/CollectionLikeTypeModifier;Lcom/fasterxml/jackson/databind/JavaType;Lcom/fasterxml/jackson/databind/type/TypeFactory;Ljava/lan
Event: 6,642 Thread 0x00007f250c013800 Exception <a 'java/lang/NoSuchMethodError': java.lang.Object.$anonfun$modifyType$3(Lcom/fasterxml/jackson/databind/JavaType;)Lcom/fasterxml/jackson/databind/JavaType;> (0x00000000d83c5a40) thrown at [/build/openjdk-8-piDAoU/openjdk-8-8u252-b09/src/hotspot
Event: 6,786 Thread 0x00007f250c013800 Exception <a 'java/lang/NoSuchMethodError': java.lang.Object.$anonfun$indexOf$1$adapted(Ljava/lang/Object;Ljava/lang/Object;)Ljava/lang/Object;> (0x00000000d6a04b68) thrown at [/build/openjdk-8-piDAoU/openjdk-8-8u252-b09/src/hotspot/src/share/vm/interpret

Events (10 events):
Event: 6,960 loading class com/fasterxml/jackson/databind/introspect/POJOPropertyBuilder$2
Event: 6,960 loading class com/fasterxml/jackson/databind/introspect/POJOPropertyBuilder$2 done
Event: 6,961 loading class com/fasterxml/jackson/databind/BeanProperty$Std
Event: 6,961 loading class com/fasterxml/jackson/databind/BeanProperty$Std done
Event: 6,962 loading class com/fasterxml/jackson/databind/introspect/POJOPropertyBuilder$4
Event: 6,962 loading class com/fasterxml/jackson/databind/introspect/POJOPropertyBuilder$4 done
Event: 6,963 loading class com/fasterxml/jackson/databind/introspect/POJOPropertyBuilder$5
Event: 6,963 loading class com/fasterxml/jackson/databind/introspect/POJOPropertyBuilder$5 done
Event: 6,964 loading class com/fasterxml/jackson/annotation/JsonPropertyDescription
Event: 6,964 loading class com/fasterxml/jackson/annotation/JsonPropertyDescription done


Dynamic libraries:
83800000-86d00000 rw-p 00000000 00:00 0 
86d00000-d6800000 ---p 00000000 00:00 0 
d6800000-dec00000 rw-p 00000000 00:00 0 
dec00000-100000000 ---p 00000000 00:00 0 
100000000-100500000 rw-p 00000000 00:00 0 
100500000-140000000 ---p 00000000 00:00 0 
5557b0a78000-5557b0a79000 r-xp 00000000 08:01 1197684                    /usr/lib/jvm/java-8-openjdk-amd64/jre/bin/java
5557b0c78000-5557b0c79000 r--p 00000000 08:01 1197684                    /usr/lib/jvm/java-8-openjdk-amd64/jre/bin/java
5557b0c79000-5557b0c7a000 rw-p 00001000 08:01 1197684                    /usr/lib/jvm/java-8-openjdk-amd64/jre/bin/java
5557b2454000-5557b2475000 rw-p 00000000 00:00 0                          [heap]
7f2474000000-7f2474021000 rw-p 00000000 00:00 0 
7f2474021000-7f2478000000 ---p 00000000 00:00 0 
7f247af8e000-7f247b18e000 rw-p 00000000 00:00 0 
7f247b5fa000-7f247b5fd000 ---p 00000000 00:00 0 
7f247b5fd000-7f247b6fb000 rw-p 00000000 00:00 0 
7f247b6fb000-7f247b6fe000 ---p 00000000 00:00 0 
7f247b6fe000-7f247b7fc000 rw-p 00000000 00:00 0 
7f247b7fc000-7f247b7ff000 ---p 00000000 00:00 0 
7f247b7ff000-7f247b8fd000 rw-p 00000000 00:00 0 
7f247b8fd000-7f247b900000 ---p 00000000 00:00 0 
7f247b900000-7f247b9fe000 rw-p 00000000 00:00 0 
7f247b9fe000-7f247ba01000 ---p 00000000 00:00 0 
7f247ba01000-7f247baff000 rw-p 00000000 00:00 0 
7f247baff000-7f247bb02000 ---p 00000000 00:00 0 
7f247bb02000-7f247be00000 rw-p 00000000 00:00 0 
7f247be00000-7f247c000000 rw-p 00000000 00:00 0 
7f247c000000-7f247c021000 rw-p 00000000 00:00 0 
7f247c021000-7f2480000000 ---p 00000000 00:00 0 
7f2480000000-7f2480021000 rw-p 00000000 00:00 0 
7f2480021000-7f2484000000 ---p 00000000 00:00 0 
7f2484000000-7f2484021000 rw-p 00000000 00:00 0 
7f2484021000-7f2488000000 ---p 00000000 00:00 0 
7f2488000000-7f2488021000 rw-p 00000000 00:00 0 
7f2488021000-7f248c000000 ---p 00000000 00:00 0 
7f248c000000-7f248c021000 rw-p 00000000 00:00 0 
7f248c021000-7f2490000000 ---p 00000000 00:00 0 
7f2490000000-7f2490064000 rw-p 00000000 00:00 0 
7f2490064000-7f2494000000 ---p 00000000 00:00 0 
7f2494000000-7f2494021000 rw-p 00000000 00:00 0 
7f2494021000-7f2498000000 ---p 00000000 00:00 0 
7f2498000000-7f2498021000 rw-p 00000000 00:00 0 
7f2498021000-7f249c000000 ---p 00000000 00:00 0 
7f249c000000-7f249c021000 rw-p 00000000 00:00 0 
7f249c021000-7f24a0000000 ---p 00000000 00:00 0 
7f24a0000000-7f24a0021000 rw-p 00000000 00:00 0 
7f24a0021000-7f24a4000000 ---p 00000000 00:00 0 
7f24a4000000-7f24a4021000 rw-p 00000000 00:00 0 
7f24a4021000-7f24a8000000 ---p 00000000 00:00 0 
7f24a8000000-7f24a8021000 rw-p 00000000 00:00 0 
7f24a8021000-7f24ac000000 ---p 00000000 00:00 0 
7f24ac000000-7f24ac085000 rw-p 00000000 00:00 0 
7f24ac085000-7f24b0000000 ---p 00000000 00:00 0 
7f24b0000000-7f24b0021000 rw-p 00000000 00:00 0 
7f24b0021000-7f24b4000000 ---p 00000000 00:00 0 
7f24b4000000-7f24b4021000 rw-p 00000000 00:00 0 
7f24b4021000-7f24b8000000 ---p 00000000 00:00 0 
7f24b8000000-7f24b8069000 rw-p 00000000 00:00 0 
7f24b8069000-7f24bc000000 ---p 00000000 00:00 0 
7f24bc000000-7f24bc421000 rw-p 00000000 00:00 0 
7f24bc421000-7f24c0000000 ---p 00000000 00:00 0 
7f24c0000000-7f24c0021000 rw-p 00000000 00:00 0 
7f24c0021000-7f24c4000000 ---p 00000000 00:00 0 
7f24c4000000-7f24c568d000 rw-p 00000000 00:00 0 
7f24c568d000-7f24c8000000 ---p 00000000 00:00 0 
7f24c8000000-7f24c9677000 rw-p 00000000 00:00 0 
7f24c9677000-7f24cc000000 ---p 00000000 00:00 0 
7f24cc000000-7f24cc026000 rw-p 00000000 00:00 0 
7f24cc026000-7f24d0000000 ---p 00000000 00:00 0 
7f24d0000000-7f24d0021000 rw-p 00000000 00:00 0 
7f24d0021000-7f24d4000000 ---p 00000000 00:00 0 
7f24d405d000-7f24d4060000 ---p 00000000 00:00 0 
7f24d4060000-7f24d415e000 rw-p 00000000 00:00 0 
7f24d415e000-7f24d4161000 ---p 00000000 00:00 0 
7f24d4161000-7f24d425f000 rw-p 00000000 00:00 0 
7f24d425f000-7f24d4262000 ---p 00000000 00:00 0 
7f24d4262000-7f24d4360000 rw-p 00000000 00:00 0 
7f24d4360000-7f24d4363000 ---p 00000000 00:00 0 
7f24d4363000-7f24d4461000 rw-p 00000000 00:00 0 
7f24d4461000-7f24d4464000 ---p 00000000 00:00 0 
7f24d4464000-7f24d4562000 rw-p 00000000 00:00 0 
7f24d4562000-7f24d4565000 ---p 00000000 00:00 0 
7f24d4565000-7f24d4663000 rw-p 00000000 00:00 0 
7f24d4663000-7f24d4666000 ---p 00000000 00:00 0 
7f24d4666000-7f24d4964000 rw-p 00000000 00:00 0 
7f24d4964000-7f24d4967000 ---p 00000000 00:00 0 
7f24d4967000-7f24d4a65000 rw-p 00000000 00:00 0 
7f24d4a65000-7f24d4a68000 ---p 00000000 00:00 0 
7f24d4a68000-7f24d4b66000 rw-p 00000000 00:00 0 
7f24d4b66000-7f24d4b69000 ---p 00000000 00:00 0 
7f24d4b69000-7f24d4c67000 rw-p 00000000 00:00 0 
7f24d4c67000-7f24d4c6a000 ---p 00000000 00:00 0 
7f24d4c6a000-7f24d4d68000 rw-p 00000000 00:00 0 
7f24d4d68000-7f24d4d6b000 ---p 00000000 00:00 0 
7f24d4d6b000-7f24d4e69000 rw-p 00000000 00:00 0 
7f24d4e69000-7f24d4e6c000 ---p 00000000 00:00 0 
7f24d4e6c000-7f24d4f6a000 rw-p 00000000 00:00 0 
7f24d4f6a000-7f24d4f6d000 ---p 00000000 00:00 0 
7f24d4f6d000-7f24d506b000 rw-p 00000000 00:00 0 
7f24d506b000-7f24d506e000 ---p 00000000 00:00 0 
7f24d506e000-7f24d536c000 rw-p 00000000 00:00 0 
7f24d536c000-7f24d536f000 ---p 00000000 00:00 0 
7f24d536f000-7f24d546d000 rw-p 00000000 00:00 0 
7f24d546d000-7f24d5470000 ---p 00000000 00:00 0 
7f24d5470000-7f24d556e000 rw-p 00000000 00:00 0 
7f24d556e000-7f24d5571000 ---p 00000000 00:00 0 
7f24d5571000-7f24d566f000 rw-p 00000000 00:00 0 
7f24d566f000-7f24d5672000 ---p 00000000 00:00 0 
7f24d5672000-7f24d5770000 rw-p 00000000 00:00 0 
7f24d5770000-7f24d5773000 ---p 00000000 00:00 0 
7f24d5773000-7f24d5871000 rw-p 00000000 00:00 0 
7f24d5871000-7f24d5874000 ---p 00000000 00:00 0 
7f24d5874000-7f24d5972000 rw-p 00000000 00:00 0 
7f24d5972000-7f24d5975000 ---p 00000000 00:00 0 
7f24d5975000-7f24d5a73000 rw-p 00000000 00:00 0 
7f24d5a73000-7f24d5a76000 ---p 00000000 00:00 0 
7f24d5a76000-7f24d5b74000 rw-p 00000000 00:00 0 
7f24d5b74000-7f24d5b77000 ---p 00000000 00:00 0 
7f24d5b77000-7f24d5e75000 rw-p 00000000 00:00 0 
7f24d5e75000-7f24d5e78000 ---p 00000000 00:00 0 
7f24d5e78000-7f24d6176000 rw-p 00000000 00:00 0 
7f24d6176000-7f24d6179000 ---p 00000000 00:00 0 
7f24d6179000-7f24d6477000 rw-p 00000000 00:00 0 
7f24d6477000-7f24d6478000 r-xp 00000000 08:01 1197718                    /usr/lib/jvm/java-8-openjdk-amd64/jre/lib/amd64/libjaas_unix.so
7f24d6478000-7f24d6677000 ---p 00001000 08:01 1197718                    /usr/lib/jvm/java-8-openjdk-amd64/jre/lib/amd64/libjaas_unix.so
7f24d6677000-7f24d6678000 r--p 00000000 08:01 1197718                    /usr/lib/jvm/java-8-openjdk-amd64/jre/lib/amd64/libjaas_unix.so
7f24d6678000-7f24d6679000 rw-p 00001000 08:01 1197718                    /usr/lib/jvm/java-8-openjdk-amd64/jre/lib/amd64/libjaas_unix.so
7f24d6679000-7f24d667c000 ---p 00000000 00:00 0 
7f24d667c000-7f24d677a000 rw-p 00000000 00:00 0 
7f24d677a000-7f24d677d000 ---p 00000000 00:00 0 
7f24d677d000-7f24d69b3000 rw-p 00000000 00:00 0 
7f24d69b3000-7f24d69bc000 r-xp 00000000 08:01 1197733                    /usr/lib/jvm/java-8-openjdk-amd64/jre/lib/amd64/libmanagement.so
7f24d69bc000-7f24d6bbb000 ---p 00009000 08:01 1197733                    /usr/lib/jvm/java-8-openjdk-amd64/jre/lib/amd64/libmanagement.so
7f24d6bbb000-7f24d6bbc000 r--p 00008000 08:01 1197733                    /usr/lib/jvm/java-8-openjdk-amd64/jre/lib/amd64/libmanagement.so
7f24d6bbc000-7f24d6bbd000 rw-p 00009000 08:01 1197733                    /usr/lib/jvm/java-8-openjdk-amd64/jre/lib/amd64/libmanagement.so
7f24d6bbd000-7f24d6dbd000 rw-p 00000000 00:00 0 
7f24d6dbd000-7f24d6dd4000 r-xp 00000000 08:01 659982                     /lib/x86_64-linux-gnu/libresolv-2.27.so
7f24d6dd4000-7f24d6fd4000 ---p 00017000 08:01 659982                     /lib/x86_64-linux-gnu/libresolv-2.27.so
7f24d6fd4000-7f24d6fd5000 r--p 00017000 08:01 659982                     /lib/x86_64-linux-gnu/libresolv-2.27.so
7f24d6fd5000-7f24d6fd6000 rw-p 00018000 08:01 659982                     /lib/x86_64-linux-gnu/libresolv-2.27.so
7f24d6fd6000-7f24d6fd8000 rw-p 00000000 00:00 0 
7f24d6fd8000-7f24d6fdd000 r-xp 00000000 08:01 659932                     /lib/x86_64-linux-gnu/libnss_dns-2.27.so
7f24d6fdd000-7f24d71dd000 ---p 00005000 08:01 659932                     /lib/x86_64-linux-gnu/libnss_dns-2.27.so
7f24d71dd000-7f24d71de000 r--p 00005000 08:01 659932                     /lib/x86_64-linux-gnu/libnss_dns-2.27.so
7f24d71de000-7f24d71df000 rw-p 00006000 08:01 659932                     /lib/x86_64-linux-gnu/libnss_dns-2.27.so
7f24d71df000-7f24d71e1000 r-xp 00000000 08:01 659940                     /lib/x86_64-linux-gnu/libnss_mdns4_minimal.so.2
7f24d71e1000-7f24d73e0000 ---p 00002000 08:01 659940                     /lib/x86_64-linux-gnu/libnss_mdns4_minimal.so.2
7f24d73e0000-7f24d73e1000 r--p 00001000 08:01 659940                     /lib/x86_64-linux-gnu/libnss_mdns4_minimal.so.2
7f24d73e1000-7f24d73e2000 rw-p 00002000 08:01 659940                     /lib/x86_64-linux-gnu/libnss_mdns4_minimal.so.2
7f24d73e2000-7f24d75e2000 rw-p 00000000 00:00 0 
7f24d75e2000-7f24d77e2000 rw-p 00000000 00:00 0 
7f24d77e2000-7f24d77e5000 ---p 00000000 00:00 0 
7f24d77e5000-7f24d78e3000 rw-p 00000000 00:00 0 
7f24d78e3000-7f24d78e4000 ---p 00000000 00:00 0 
7f24d78e4000-7f24d79e4000 rw-p 00000000 00:00 0 
7f24d79e4000-7f24d79e7000 ---p 00000000 00:00 0 
7f24d79e7000-7f24d7ae5000 rw-p 00000000 00:00 0 
7f24d7ae5000-7f24d7ae6000 ---p 00000000 00:00 0 
7f24d7ae6000-7f24d7ae9000 ---p 00000000 00:00 0 
7f24d7ae9000-7f24d7be6000 rw-p 00000000 00:00 0 
7f24d7be6000-7f24d7be7000 ---p 00000000 00:00 0 
7f24d7be7000-7f24d7bea000 ---p 00000000 00:00 0 
7f24d7bea000-7f24d7ce7000 rw-p 00000000 00:00 0 
7f24d7ce7000-7f24d7ce8000 ---p 00000000 00:00 0 
7f24d7ce8000-7f24d7ceb000 ---p 00000000 00:00 0 
7f24d7ceb000-7f24d7de8000 rw-p 00000000 00:00 0 
7f24d7de8000-7f24d7dff000 r-xp 00000000 08:01 1197735                    /usr/lib/jvm/java-8-openjdk-amd64/jre/lib/amd64/libnet.so
7f24d7dff000-7f24d7ffe000 ---p 00017000 08:01 1197735                    /usr/lib/jvm/java-8-openjdk-amd64/jre/lib/amd64/libnet.so
7f24d7ffe000-7f24d7fff000 r--p 00016000 08:01 1197735                    /usr/lib/jvm/java-8-openjdk-amd64/jre/lib/amd64/libnet.so
7f24d7fff000-7f24d8000000 rw-p 00017000 08:01 1197735                    /usr/lib/jvm/java-8-openjdk-amd64/jre/lib/amd64/libnet.so
7f24d8000000-7f24d8021000 rw-p 00000000 00:00 0 
7f24d8021000-7f24dc000000 ---p 00000000 00:00 0 
7f24dc000000-7f24dc021000 rw-p 00000000 00:00 0 
7f24dc021000-7f24e0000000 ---p 00000000 00:00 0 
7f24e0000000-7f24e0021000 rw-p 00000000 00:00 0 
7f24e0021000-7f24e4000000 ---p 00000000 00:00 0 
7f24e4000000-7f24e4064000 rw-p 00000000 00:00 0 
7f24e4064000-7f24e8000000 ---p 00000000 00:00 0 
7f24e8000000-7f24e8021000 rw-p 00000000 00:00 0 
7f24e8021000-7f24ec000000 ---p 00000000 00:00 0 
7f24ec000000-7f24ec021000 rw-p 00000000 00:00 0 
7f24ec021000-7f24f0000000 ---p 00000000 00:00 0 
7f24f0000000-7f24f0021000 rw-p 00000000 00:00 0 
7f24f0021000-7f24f4000000 ---p 00000000 00:00 0 
7f24f400a000-7f24f400f000 r--s 000a7000 08:01 1197775                    /usr/lib/jvm/java-8-openjdk-amd64/jre/lib/jsse.jar
7f24f400f000-7f24f4016000 r--s 00000000 08:01 1053756                    /usr/lib/x86_64-linux-gnu/gconv/gconv-modules.cache
7f24f4016000-7f24f4037000 r--p 00000000 08:01 12542                      /usr/share/locale-langpack/it/LC_MESSAGES/libc.mo
7f24f4037000-7f24f4039000 r--s 00016000 08:01 1197773                    /usr/lib/jvm/java-8-openjdk-amd64/jre/lib/jce.jar
7f24f4039000-7f24f403c000 ---p 00000000 00:00 0 
7f24f403c000-7f24f413a000 rw-p 00000000 00:00 0 
7f24f413a000-7f24f414c000 r-xp 00000000 08:01 1197736                    /usr/lib/jvm/java-8-openjdk-amd64/jre/lib/amd64/libnio.so
7f24f414c000-7f24f434b000 ---p 00012000 08:01 1197736                    /usr/lib/jvm/java-8-openjdk-amd64/jre/lib/amd64/libnio.so
7f24f434b000-7f24f434c000 r--p 00011000 08:01 1197736                    /usr/lib/jvm/java-8-openjdk-amd64/jre/lib/amd64/libnio.so
7f24f434c000-7f24f434d000 rw-p 00012000 08:01 1197736                    /usr/lib/jvm/java-8-openjdk-amd64/jre/lib/amd64/libnio.so
7f24f434d000-7f24f4350000 r--s 0001a000 07:01 609                        /snap/intellij-idea-community/226/lib/idea_rt.jar
7f24f4350000-7f24f4356000 r--s 00028000 08:01 1315620                    /home/naddi/.m2/repository/org/parboiled/parboiled-core/1.1.4/parboiled-core-1.1.4.jar
7f24f4356000-7f24f4357000 r--s 00002000 08:01 1320087                    /home/naddi/.m2/repository/com/vlkan/flatbuffers/1.2.0-3f79e055/flatbuffers-1.2.0-3f79e055.jar
7f24f4357000-7f24f4378000 r--s 00177000 08:01 1320085                    /home/naddi/.m2/repository/com/carrotsearch/hppc/0.7.2/hppc-0.7.2.jar
7f24f4378000-7f24f4389000 r--s 0008a000 08:01 1320084                    /home/naddi/.m2/repository/joda-time/joda-time/2.9.9/joda-time-2.9.9.jar
7f24f4389000-7f24f438b000 r--s 00012000 08:01 1320081                    /home/naddi/.m2/repository/org/apache/arrow/arrow-memory/0.10.0/arrow-memory-0.10.0.jar
7f24f438b000-7f24f438d000 r--s 0000b000 08:01 1320079                    /home/naddi/.m2/repository/org/apache/arrow/arrow-format/0.10.0/arrow-format-0.10.0.jar
7f24f438d000-7f24f439d000 r--s 00133000 08:01 1320077                    /home/naddi/.m2/repository/org/apache/arrow/arrow-vector/0.10.0/arrow-vector-0.10.0.jar
7f24f439d000-7f24f43b1000 r--s 000ec000 08:01 1320075                    /home/naddi/.m2/repository/org/apache/parquet/parquet-jackson/1.10.1/parquet-jackson-1.10.1.jar
7f24f43b1000-7f24f43bf000 r--s 000a3000 08:01 1320073                    /home/naddi/.m2/repository/org/apache/parquet/parquet-format/2.4.0/parquet-format-2.4.0.jar
7f24f43bf000-7f24f43c4000 r--s 00041000 08:01 1320071                    /home/naddi/.m2/repository/org/apache/parquet/parquet-hadoop/1.10.1/parquet-hadoop-1.10.1.jar
7f24f43c4000-7f24f43cf000 r--s 000c5000 08:01 1320070                    /home/naddi/.m2/repository/org/apache/parquet/parquet-encoding/1.10.1/parquet-encoding-1.10.1.jar
7f24f43cf000-7f24f43d3000 r--s 00014000 08:01 1320067                    /home/naddi/.m2/repository/org/apache/parquet/parquet-common/1.10.1/parquet-common-1.10.1.jar
7f24f43d3000-7f24f43ec000 r--s 000f4000 08:01 1320065                    /home/naddi/.m2/repository/org/apache/parquet/parquet-column/1.10.1/parquet-column-1.10.1.jar
7f24f43ec000-7f24f43f7000 r--s 000bc000 08:01 1320063                    /home/naddi/.m2/repository/org/apache/orc/orc-mapreduce/1.5.5/orc-mapreduce-1.5.5-nohive.jar
7f24f43f7000-7f24f43fa000 r--s 0001e000 08:01 1320061                    /home/naddi/.m2/repository/io/airlift/aircompressor/0.10/aircompressor-0.10.jar
7f24f43fa000-7f24f43ff000 r--s 00041000 08:01 1314304                    /home/naddi/.m2/repository/commons-lang/commons-lang/2.6/commons-lang-2.6.jar
7f24f43ff000-7f24f4407000 r--s 0007b000 08:01 1314122                    /home/naddi/.m2/repository/com/google/protobuf/protobuf-java/2.5.0/protobuf-java-2.5.0.jar
7f24f4407000-7f24f4408000 r--s 00006000 08:01 1320060                    /home/naddi/.m2/repository/org/apache/orc/orc-shims/1.5.5/orc-shims-1.5.5.jar
7f24f4408000-7f24f441c000 r--s 0016b000 08:01 1320057                    /home/naddi/.m2/repository/org/apache/orc/orc-core/1.5.5/orc-core-1.5.5-nohive.jar
7f24f441c000-7f24f4422000 r--s 0004c000 08:01 1320055                    /home/naddi/.m2/repository/org/antlr/antlr4-runtime/4.7/antlr4-runtime-4.7.jar
7f24f4422000-7f24f4424000 r--s 00008000 08:01 1320053                    /home/naddi/.m2/repository/org/codehaus/janino/commons-compiler/3.0.9/commons-compiler-3.0.9.jar
7f24f4424000-7f24f442f000 r--s 000b9000 08:01 1320051                    /home/naddi/.m2/repository/org/codehaus/janino/janino/3.0.9/janino-3.0.9.jar
7f24f442f000-7f24f4432000 r--s 00034000 08:01 1320049                    /home/naddi/.m2/repository/org/scala-lang/modules/scala-parser-combinators_2.12/1.1.0/scala-parser-combinators_2.12-1.1.0.jar
7f24f4432000-7f24f447d000 r--s 00678000 08:01 1320047                    /home/naddi/.m2/repository/org/apache/spark/spark-catalyst_2.12/2.4.1/spark-catalyst_2.12-2.4.1.jar
7f24f447d000-7f24f447f000 r--s 00006000 08:01 1320045                    /home/naddi/.m2/repository/org/apache/spark/spark-sketch_2.12/2.4.1/spark-sketch_2.12-2.4.1.jar
7f24f447f000-7f24f4487000 r--s 0005b000 08:01 1320043                    /home/naddi/.m2/repository/com/univocity/univocity-parsers/2.7.3/univocity-parsers-2.7.3.jar
7f24f4487000-7f24f44bc000 r--s 0054b000 08:01 1319876                    /home/naddi/.m2/repository/org/apache/spark/spark-sql_2.12/2.4.1/spark-sql_2.12-2.4.1.jar
7f24f44bc000-7f24f44bd000 r--s 00000000 08:01 1320041                    /home/naddi/.m2/repository/org/spark-project/spark/unused/1.0.0/unused-1.0.0.jar
7f24f44bd000-7f24f44bf000 r--s 0001f000 08:01 1320037                    /home/naddi/.m2/repository/org/apache/commons/commons-crypto/1.0.0/commons-crypto-1.0.0.jar
7f24f44bf000-7f24f44c0000 r--s 00003000 08:01 1320035                    /home/naddi/.m2/repository/org/apache/spark/spark-tags_2.12/2.4.1/spark-tags_2.12-2.4.1.jar
7f24f44c0000-7f24f44c2000 r--s 0001c000 08:01 1320033                    /home/naddi/.m2/repository/net/sf/py4j/py4j/0.10.7/py4j-0.10.7.jar
7f24f44c2000-7f24f44c5000 r--s 00015000 08:01 1320031                    /home/naddi/.m2/repository/net/razorvine/pyrolite/4.13/pyrolite-4.13.jar
7f24f44c5000-7f24f44c7000 r--s 0000e000 08:01 1315673                    /home/naddi/.m2/repository/oro/oro/2.0.8/oro-2.0.8.jar
7f24f44c7000-7f24f44dd000 r--s 00124000 08:01 1320030                    /home/naddi/.m2/repository/org/apache/ivy/ivy/2.4.0/ivy-2.4.0.jar
7f24f44dd000-7f24f44df000 r--s 00009000 08:01 1320027                    /home/naddi/.m2/repository/com/fasterxml/jackson/module/jackson-module-paranamer/2.7.9/jackson-module-paranamer-2.7.9.jar
7f24f44df000-7f24f4501000 r--s 0033e000 08:01 1320025                    /home/naddi/.m2/repository/org/scala-lang/scala-reflect/2.12.1/scala-reflect-2.12.1.jar
7f24f4501000-7f24f4507000 r--s 00050000 08:01 1320024                    /home/naddi/.m2/repository/com/fasterxml/jackson/module/jackson-module-scala_2.12/2.6.7.1/jackson-module-scala_2.12-2.6.7.1.jar
7f24f4507000-7f24f4518000 r--s 0010c000 08:01 1320023                    /home/naddi/.m2/repository/com/fasterxml/jackson/core/jackson-databind/2.6.7.1/jackson-databind-2.6.7.1.jar
7f24f4518000-7f24f451a000 r--s 00004000 08:01 1320019                    /home/naddi/.m2/repository/io/dropwizard/metrics/metrics-graphite/3.1.5/metrics-graphite-3.1.5.jar
7f24f451a000-7f24f451b000 r--s 00003000 08:01 1320018                    /home/naddi/.m2/repository/io/dropwizard/metrics/metrics-json/3.1.5/metrics-json-3.1.5.jar
7f24f451b000-7f24f451d000 r--s 00008000 08:01 1320015                    /home/naddi/.m2/repository/io/dropwizard/metrics/metrics-jvm/3.1.5/metrics-jvm-3.1.5.jar
7f24f451d000-7f24f4521000 r--s 0001a000 08:01 1320013                    /home/naddi/.m2/repository/io/dropwizard/metrics/metrics-core/3.1.5/metrics-core-3.1.5.jar
7f24f4521000-7f24f4524000 r--s 00028000 08:01 1320011                    /home/naddi/.m2/repository/com/clearspring/analytics/stream/2.7.0/stream-2.7.0.jar
7f24f4524000-7f24f453d000 r--s 0012c000 08:01 1320009                    /home/naddi/.m2/repository/io/netty/netty/3.9.9.Final/netty-3.9.9.Final.jar
7f24f453d000-7f24f457e000 r--s 0035a000 08:01 1320008                    /home/naddi/.m2/repository/io/netty/netty-all/4.1.17.Final/netty-all-4.1.17.Final.jar
7f24f457e000-7f24f4581000 r--s 0000e000 08:01 1320005                    /home/naddi/.m2/repository/org/glassfish/jersey/containers/jersey-container-servlet-core/2.22.2/jersey-container-servlet-core-2.22.2.jar
7f24f4581000-7f24f4583000 r--s 00003000 08:01 1320004                    /home/naddi/.m2/repository/org/glassfish/jersey/containers/jersey-container-servlet/2.22.2/jersey-container-servlet-2.22.2.jar
7f24f4583000-7f24f4587000 r--s 0000c000 08:01 1320001                    /home/naddi/.m2/repository/javax/validation/validation-api/1.1.0.Final/validation-api-1.1.0.Final.jar
7f24f4587000-7f24f4589000 r--s 00010000 08:01 1320000                    /home/naddi/.m2/repository/org/glassfish/jersey/media/jersey-media-jaxb/2.22.2/jersey-media-jaxb-2.22.2.jar
7f24f4589000-7f24f459f000 r--s 000d3000 08:01 1319997                    /home/naddi/.m2/repository/org/glassfish/jersey/core/jersey-server/2.22.2/jersey-server-2.22.2.jar
7f24f459f000-7f24f45a0000 r--s 00004000 08:01 1319995                    /home/naddi/.m2/repository/org/glassfish/hk2/osgi-resource-locator/1.0.1/osgi-resource-locator-1.0.1.jar
7f24f45a0000-7f24f45b8000 r--s 000d6000 08:01 1319994                    /home/naddi/.m2/repository/org/glassfish/jersey/bundles/repackaged/jersey-guava/2.22.2/jersey-guava-2.22.2.jar
7f24f45b8000-7f24f45ba000 r--s 00005000 08:01 1319991                    /home/naddi/.m2/repository/javax/annotation/javax.annotation-api/1.2/javax.annotation-api-1.2.jar
7f24f45ba000-7f24f45c8000 r--s 0009d000 08:01 1319989                    /home/naddi/.m2/repository/org/glassfish/jersey/core/jersey-common/2.22.2/jersey-common-2.22.2.jar
7f24f45c8000-7f24f45d2000 r--s 000a5000 08:01 1319988                    /home/naddi/.m2/repository/org/javassist/javassist/3.18.1-GA/javassist-3.18.1-GA.jar
7f24f45d2000-7f24f45d6000 r--s 00029000 08:01 1319987                    /home/naddi/.m2/repository/org/glassfish/hk2/hk2-locator/2.4.0-b34/hk2-locator-2.4.0-b34.jar
7f24f45d6000-7f24f45d7000 r--s 00001000 08:01 1319677                    /home/naddi/.m2/repository/org/glassfish/hk2/external/javax.inject/2.4.0-b34/javax.inject-2.4.0-b34.jar
7f24f45d7000-7f24f45d9000 r--s 00002000 08:01 1319675                    /home/naddi/.m2/repository/org/glassfish/hk2/external/aopalliance-repackaged/2.4.0-b34/aopalliance-repackaged-2.4.0-b34.jar
7f24f45d9000-7f24f45dd000 r--s 0001a000 08:01 1319670                    /home/naddi/.m2/repository/org/glassfish/hk2/hk2-utils/2.4.0-b34/hk2-utils-2.4.0-b34.jar
7f24f45dd000-7f24f45e2000 r--s 00027000 08:01 1319679                    /home/naddi/.m2/repository/org/glassfish/hk2/hk2-api/2.4.0-b34/hk2-api-2.4.0-b34.jar
7f24f45e2000-7f24f45e6000 r--s 00019000 08:01 1319984                    /home/naddi/.m2/repository/javax/ws/rs/javax.ws.rs-api/2.0.1/javax.ws.rs-api-2.0.1.jar
7f24f45e6000-7f24f45ea000 r--s 00025000 08:01 1319982                    /home/naddi/.m2/repository/org/glassfish/jersey/core/jersey-client/2.22.2/jersey-client-2.22.2.jar
7f24f45ea000-7f24f45f0000 r--s 00080000 08:01 1319980                    /home/naddi/.m2/repository/org/scala-lang/modules/scala-xml_2.12/1.0.6/scala-xml_2.12-1.0.6.jar
7f24f45f0000-7f24f45f4000 r--s 00051000 08:01 1319977                    /home/naddi/.m2/repository/org/json4s/json4s-scalap_2.12/3.5.3/json4s-scalap_2.12-3.5.3.jar
7f24f45f4000-7f24f45f6000 r--s 00013000 08:01 1319975                    /home/naddi/.m2/repository/org/json4s/json4s-ast_2.12/3.5.3/json4s-ast_2.12-3.5.3.jar
7f24f45f6000-7f24f45fc000 r--s 00072000 08:01 1319973                    /home/naddi/.m2/repository/org/json4s/json4s-core_2.12/3.5.3/json4s-core_2.12-3.5.3.jar
7f24f45fc000-7f24f45fd000 r--s 00009000 08:01 1319971                    /home/naddi/.m2/repository/org/json4s/json4s-jackson_2.12/3.5.3/json4s-jackson_2.12-3.5.3.jar
7f24f45fd000-7f24f4635000 r--s 004d0000 08:01 1319969                    /home/naddi/.m2/repository/org/scala-lang/scala-library/2.12.8/scala-library-2.12.8.jar
7f24f4635000-7f24f463a000 r--s 0003e000 08:01 1314045                    /home/naddi/.m2/repository/commons-net/commons-net/3.1/commons-net-3.1.jar
7f24f463a000-7f24f463d000 r--s 0002f000 08:01 1319967                    /home/naddi/.m2/repository/org/roaringbitmap/RoaringBitmap/0.5.11/RoaringBitmap-0.5.11.jar
7f24f463d000-7f24f463f000 r--s 00238000 08:01 1319965                    /home/naddi/.m2/repository/com/github/luben/zstd-jni/1.3.2-2/zstd-jni-1.3.2-2.jar
7f24f463f000-7f24f4642000 r--s 00058000 08:01 1319963                    /home/naddi/.m2/repository/org/lz4/lz4-java/1.4.0/lz4-java-1.4.0.jar
7f24f4642000-7f24f4644000 r--s 001eb000 08:01 1319961                    /home/naddi/.m2/repository/org/xerial/snappy/snappy-java/1.1.7.1/snappy-java-1.1.7.1.jar
7f24f4644000-7f24f4646000 r--s 00012000 08:01 1319960                    /home/naddi/.m2/repository/com/ning/compress-lzf/1.0.3/compress-lzf-1.0.3.jar
7f24f4646000-7f24f4647000 r--s 00002000 08:01 1319957                    /home/naddi/.m2/repository/org/slf4j/slf4j-log4j12/1.7.16/slf4j-log4j12-1.7.16.jar
7f24f4647000-7f24f4650000 r--s 0006f000 08:01 1313692                    /home/naddi/.m2/repository/log4j/log4j/1.2.17/log4j-1.2.17.jar
7f24f4650000-7f24f4652000 r--s 00003000 08:01 1319956                    /home/naddi/.m2/repository/org/slf4j/jcl-over-slf4j/1.7.16/jcl-over-slf4j-1.7.16.jar
7f24f4652000-7f24f4654000 r--s 00000000 08:01 1319953                    /home/naddi/.m2/repository/org/slf4j/jul-to-slf4j/1.7.16/jul-to-slf4j-1.7.16.jar
7f24f4654000-7f24f4655000 r--s 00009000 08:01 1319951                    /home/naddi/.m2/repository/org/slf4j/slf4j-api/1.7.16/slf4j-api-1.7.16.jar
7f24f4655000-7f24f4658000 r--s 00006000 08:01 1327079                    /home/naddi/.m2/repository/com/google/code/findbugs/jsr305/1.3.9/jsr305-1.3.9.jar
7f24f4658000-7f24f467c000 r--s 001cd000 08:01 1319950                    /home/naddi/.m2/repository/org/apache/commons/commons-math3/3.4.1/commons-math3-3.4.1.jar
7f24f467c000-7f24f4684000 r--s 0006e000 08:01 1319947                    /home/naddi/.m2/repository/org/apache/commons/commons-lang3/3.5/commons-lang3-3.5.jar
7f24f4684000-7f24f4687000 r--s 00015000 08:01 1325625                    /home/naddi/.m2/repository/javax/servlet/javax.servlet-api/3.1.0/javax.servlet-api-3.1.0.jar
7f24f4687000-7f24f4693000 r--s 000b6000 08:01 1314157                    /home/naddi/.m2/repository/org/apache/zookeeper/zookeeper/3.4.6/zookeeper-3.4.6.jar
7f24f4693000-7f24f46be000 r--s 001f5000 08:01 1313697                    /home/naddi/.m2/repository/com/google/guava/guava/16.0.1/guava-16.0.1.jar
7f24f46be000-7f24f46c4000 r--s 00028000 08:01 1319946                    /home/naddi/.m2/repository/org/apache/curator/curator-framework/2.6.0/curator-framework-2.6.0.jar
7f24f46c4000-7f24f46cb000 r--s 00036000 08:01 1319944                    /home/naddi/.m2/repository/org/apache/curator/curator-recipes/2.6.0/curator-recipes-2.6.0.jar
7f24f46cb000-7f24f46cd000 r--s 0000f000 08:01 1319941                    /home/naddi/.m2/repository/javax/activation/activation/1.1.1/activation-1.1.1.jar
7f24f46cd000-7f24f46cf000 r--s 0000b000 08:01 1319940                    /home/naddi/.m2/repository/org/apache/spark/spark-unsafe_2.12/2.4.1/spark-unsafe_2.12-2.4.1.jar
7f24f46cf000-7f24f46d2000 r--s 0000f000 08:01 1319937                    /home/naddi/.m2/repository/org/apache/spark/spark-network-shuffle_2.12/2.4.1/spark-network-shuffle_2.12-2.4.1.jar
7f24f46d2000-7f24f4700000 r--s 0021a000 08:01 1319936                    /home/naddi/.m2/repository/org/apache/spark/spark-network-common_2.12/2.4.1/spark-network-common_2.12-2.4.1.jar
7f24f4700000-7f24f4703000 r--s 00009000 08:01 1319933                    /home/naddi/.m2/repository/com/fasterxml/jackson/core/jackson-annotations/2.6.7/jackson-annotations-2.6.7.jar
7f24f4703000-7f24f4707000 r--s 0003c000 08:01 1319932                    /home/naddi/.m2/repository/com/fasterxml/jackson/core/jackson-core/2.6.7/jackson-core-2.6.7.jar
7f24f4707000-7f24f470a000 r--s 000fd000 08:01 1319929                    /home/naddi/.m2/repository/org/fusesource/leveldbjni/leveldbjni-all/1.8/leveldbjni-all-1.8.jar
7f24f470a000-7f24f470c000 r--s 0000b000 08:01 1319927                    /home/naddi/.m2/repository/org/apache/spark/spark-kvstore_2.12/2.4.1/spark-kvstore_2.12-2.4.1.jar
7f24f470c000-7f24f470e000 r--s 00011000 08:01 1319925                    /home/naddi/.m2/repository/org/apache/spark/spark-launcher_2.12/2.4.1/spark-launcher_2.12-2.4.1.jar
7f24f470e000-7f24f470f000 r--s 00009000 08:01 1319923                    /home/naddi/.m2/repository/org/apache/hadoop/hadoop-annotations/2.6.5/hadoop-annotations-2.6.5.jar
7f24f470f000-7f24f4710000 r--s 0000e000 08:01 1319921                    /home/naddi/.m2/repository/org/apache/hadoop/hadoop-mapreduce-client-jobclient/2.6.5/hadoop-mapreduce-client-jobclient-2.6.5.jar
7f24f4710000-7f24f4711000 r--s 00006000 08:01 1319919                    /home/naddi/.m2/repository/org/codehaus/jackson/jackson-xc/1.9.13/jackson-xc-1.9.13.jar
7f24f4711000-7f24f4712000 r--s 00004000 08:01 1319917                    /home/naddi/.m2/repository/org/codehaus/jackson/jackson-jaxrs/1.9.13/jackson-jaxrs-1.9.13.jar
7f24f4712000-7f24f4714000 r--s 00004000 08:01 1314089                    /home/naddi/.m2/repository/javax/xml/stream/stax-api/1.0-2/stax-api-1.0-2.jar
7f24f4714000-7f24f4717000 r--s 00017000 08:01 1314132                    /home/naddi/.m2/repository/javax/xml/bind/jaxb-api/2.2.2/jaxb-api-2.2.2.jar
7f24f4717000-7f24f472e000 r--s 00177000 08:01 1319915                    /home/naddi/.m2/repository/org/apache/hadoop/hadoop-yarn-common/2.6.5/hadoop-yarn-common-2.6.5.jar
7f24f472e000-7f24f4747000 r--s 0015f000 08:01 1319914                    /home/naddi/.m2/repository/org/apache/hadoop/hadoop-mapreduce-client-core/2.6.5/hadoop-mapreduce-client-core-2.6.5.jar
7f24f4747000-7f24f4761000 r--s 001b5000 08:01 1319911                    /home/naddi/.m2/repository/org/apache/hadoop/hadoop-yarn-api/2.6.5/hadoop-yarn-api-2.6.5.jar
7f24f4761000-7f24f4763000 r--s 0000f000 08:01 1319909                    /home/naddi/.m2/repository/org/apache/hadoop/hadoop-mapreduce-client-shuffle/2.6.5/hadoop-mapreduce-client-shuffle-2.6.5.jar
7f24f4763000-7f24f4769000 r--s 00049000 08:01 1319908                    /home/naddi/.m2/repository/org/apache/hadoop/hadoop-yarn-server-common/2.6.5/hadoop-yarn-server-common-2.6.5.jar
7f24f4769000-7f24f476c000 r--s 00023000 08:01 1319905                    /home/naddi/.m2/repository/org/apache/hadoop/hadoop-yarn-client/2.6.5/hadoop-yarn-client-2.6.5.jar
7f24f476c000-7f24f4778000 r--s 0009d000 08:01 1319903                    /home/naddi/.m2/repository/org/apache/hadoop/hadoop-mapreduce-client-common/2.6.5/hadoop-mapreduce-client-common-2.6.5.jar
7f24f4778000-7f24f4782000 r--s 00078000 08:01 1319902                    /home/naddi/.m2/repository/org/apache/hadoop/hadoop-mapreduce-client-app/2.6.5/hadoop-mapreduce-client-app-2.6.5.jar
7f24f4782000-7f24f478a000 r--s 00028000 08:01 1315598                    /home/naddi/.m2/repository/xml-apis/xml-apis/1.3.04/xml-apis-1.3.04.jar
7f24f478a000-7f24f47a2000 r--s 00115000 08:01 1315607                    /home/naddi/.m2/repository/xerces/xercesImpl/2.9.1/xercesImpl-2.9.1.jar
7f24f47a2000-7f24f47a6000 r--s 00028000 08:01 1314114                    /home/naddi/.m2/repository/org/mortbay/jetty/jetty-util/6.1.26/jetty-util-6.1.26.jar
7f24f47a6000-7f24f480d000 r--s 0072d000 08:01 1319901                    /home/naddi/.m2/repository/org/apache/hadoop/hadoop-hdfs/2.6.5/hadoop-hdfs-2.6.5.jar
7f24f480d000-7f24f480f000 r--s 00006000 08:01 1319897                    /home/naddi/.m2/repository/org/htrace/htrace-core/3.0.4/htrace-core-3.0.4.jar
7f24f480f000-7f24f4811000 r--s 0000f000 08:01 1319896                    /home/naddi/.m2/repository/org/apache/curator/curator-client/2.6.0/curator-client-2.6.0.jar
7f24f4811000-7f24f4813000 r--s 00012000 08:01 1314109                    /home/naddi/.m2/repository/org/apache/directory/api/api-util/1.0.0-M20/api-util-1.0.0-M20.jar
7f24f4813000-7f24f4815000 r--s 00003000 08:01 1314105                    /home/naddi/.m2/repository/org/apache/directory/api/api-asn1-api/1.0.0-M20/api-asn1-api-1.0.0-M20.jar
7f24f4815000-7f24f4816000 r--s 0000a000 08:01 1314093                    /home/naddi/.m2/repository/org/apache/directory/server/apacheds-i18n/2.0.0-M15/apacheds-i18n-2.0.0-M15.jar
7f24f4816000-7f24f4828000 r--s 00097000 08:01 1314024                    /home/naddi/.m2/repository/org/apache/directory/server/apacheds-kerberos-codec/2.0.0-M15/apacheds-kerberos-codec-2.0.0-M15.jar
7f24f4828000-7f24f482e000 r--s 00032000 08:01 1314061                    /home/naddi/.m2/repository/org/apache/httpcomponents/httpcore/4.2.4/httpcore-4.2.4.jar
7f24f482e000-7f24f4837000 r--s 00061000 08:01 1314051                    /home/naddi/.m2/repository/org/apache/httpcomponents/httpclient/4.2.5/httpclient-4.2.5.jar
7f24f4837000-7f24f483a000 r--s 00014000 08:01 1319895                    /home/naddi/.m2/repository/org/apache/hadoop/hadoop-auth/2.6.5/hadoop-auth-2.6.5.jar
7f24f483a000-7f24f483f000 r--s 0002a000 08:01 1314262                    /home/naddi/.m2/repository/com/google/code/gson/gson/2.2.4/gson-2.2.4.jar
7f24f483f000-7f24f4843000 r--s 0002f000 08:01 1314264                    /home/naddi/.m2/repository/commons-beanutils/commons-beanutils-core/1.8.0/commons-beanutils-core-1.8.0.jar
7f24f4843000-7f24f4848000 r--s 0002a000 08:01 1314091                    /home/naddi/.m2/repository/commons-beanutils/commons-beanutils/1.7.0/commons-beanutils-1.7.0.jar
7f24f4848000-7f24f484c000 r--s 00020000 08:01 1314083                    /home/naddi/.m2/repository/commons-digester/commons-digester/1.8/commons-digester-1.8.jar
7f24f484c000-7f24f4852000 r--s 00043000 08:01 1314214                    /home/naddi/.m2/repository/commons-configuration/commons-configuration/1.6/commons-configuration-1.6.jar
7f24f4852000-7f24f485f000 r--s 00083000 08:01 1313848                    /home/naddi/.m2/repository/commons-collections/commons-collections/3.2.2/commons-collections-3.2.2.jar
7f24f485f000-7f24f4863000 r--s 0002a000 08:01 1313804                    /home/naddi/.m2/repository/commons-io/commons-io/2.4/commons-io-2.4.jar
7f24f4863000-7f24f4869000 r--s 00045000 08:01 1314184                    /home/naddi/.m2/repository/commons-httpclient/commons-httpclient/3.1/commons-httpclient-3.1.jar
7f24f4869000-7f24f486a000 r--s 00003000 08:01 1314134                    /home/naddi/.m2/repository/xmlenc/xmlenc/0.52/xmlenc-0.52.jar
7f24f486a000-7f24f486c000 r--s 00009000 08:01 1314274                    /home/naddi/.m2/repository/commons-cli/commons-cli/1.2/commons-cli-1.2.jar
7f24f486c000-7f24f48a2000 r--s 002fe000 08:01 1319891                    /home/naddi/.m2/repository/org/apache/hadoop/hadoop-common/2.6.5/hadoop-common-2.6.5.jar
7f24f48a2000-7f24f48a3000 r--s 00006000 08:01 1319890                    /home/naddi/.m2/repository/org/apache/hadoop/hadoop-client/2.6.5/hadoop-client-2.6.5.jar
7f24f48a3000-7f24f48a8000 r--s 00041000 08:01 1319887                    /home/naddi/.m2/repository/org/apache/xbean/xbean-asm6-shaded/4.8/xbean-asm6-shaded-4.8.jar
7f24f48a8000-7f24f48aa000 r--s 0000d000 08:01 1319886                    /home/naddi/.m2/repository/com/twitter/chill-java/0.9.3/chill-java-0.9.3.jar
7f24f48aa000-7f24f48ad000 r--s 0000b000 08:01 1319671                    /home/naddi/.m2/repository/org/objenesis/objenesis/2.5.1/objenesis-2.5.1.jar
7f24f48ad000-7f24f48ae000 r--s 00001000 08:01 1319669                    /home/naddi/.m2/repository/com/esotericsoftware/minlog/1.3.0/minlog-1.3.0.jar
7f24f48ae000-7f24f48b6000 r--s 0005d000 08:01 1319883                    /home/naddi/.m2/repository/com/esotericsoftware/kryo-shaded/4.0.2/kryo-shaded-4.0.2.jar
7f24f48b6000-7f24f48b9000 r--s 0002d000 08:01 1319882                    /home/naddi/.m2/repository/com/twitter/chill_2.12/0.9.3/chill_2.12-0.9.3.jar
7f24f48b9000-7f24f48c0000 r--s 0003a000 08:01 1313574                    /home/naddi/.m2/repository/commons-codec/commons-codec/1.9/commons-codec-1.9.jar
7f24f48c0000-7f24f48c3000 r--s 0001e000 08:01 1319879                    /home/naddi/.m2/repository/org/apache/avro/avro-ipc/1.8.2/avro-ipc-1.8.2.jar
7f24f48c3000-7f24f48c7000 r--s 0002a000 08:01 1319871                    /home/naddi/.m2/repository/org/apache/avro/avro-mapred/1.8.2/avro-mapred-1.8.2-hadoop2.jar
7f24f48c7000-7f24f48cb000 r--s 00015000 08:01 1319873                    /home/naddi/.m2/repository/org/tukaani/xz/1.5/xz-1.5.jar
7f24f48cb000-7f24f48d2000 r--s 00053000 08:01 1319877                    /home/naddi/.m2/repository/org/apache/commons/commons-compress/1.8.1/commons-compress-1.8.1.jar
7f24f48d2000-7f24f48e0000 r--s 000b1000 08:01 1313606                    /home/naddi/.m2/repository/org/codehaus/jackson/jackson-mapper-asl/1.9.13/jackson-mapper-asl-1.9.13.jar
7f24f48e0000-7f24f48e4000 r--s 00035000 08:01 1314220                    /home/naddi/.m2/repository/org/codehaus/jackson/jackson-core-asl/1.9.13/jackson-core-asl-1.9.13.jar
7f24f48e4000-7f24f4905000 r--s 0015c000 08:01 1319875                    /home/naddi/.m2/repository/org/apache/avro/avro/1.8.2/avro-1.8.2.jar
7f24f4905000-7f24f4907000 r--s 00007000 08:01 1319869                    /home/naddi/.m2/repository/com/thoughtworks/paranamer/paranamer/2.8/paranamer-2.8.jar
7f24f4907000-7f24f495a000 r--s 007ef000 08:01 1319532                    /home/naddi/.m2/repository/org/apache/spark/spark-core_2.12/2.4.1/spark-core_2.12-2.4.1.jar
7f24f495a000-7f24f496d000 r--s 00346000 08:01 1197779                    /usr/lib/jvm/java-8-openjdk-amd64/jre/lib/resources.jar
7f24f496d000-7f24f4972000 r--s 000a7000 08:01 1197775                    /usr/lib/jvm/java-8-openjdk-amd64/jre/lib/jsse.jar
7f24f4972000-7f24f4974000 r--s 00016000 08:01 1197773                    /usr/lib/jvm/java-8-openjdk-amd64/jre/lib/jce.jar
7f24f4974000-7f24f4979000 r--s 002f9000 08:01 1197746                    /usr/lib/jvm/java-8-openjdk-amd64/jre/lib/charsets.jar
7f24f4979000-7f24f497c000 ---p 00000000 00:00 0 
7f24f497c000-7f24f4a7a000 rw-p 00000000 00:00 0 
7f24f4a7a000-7f24f54bf000 r--p 00000000 08:01 923700                     /usr/lib/locale/locale-archive
7f24f54bf000-7f24f54c2000 ---p 00000000 00:00 0 
7f24f54c2000-7f24f55c0000 rw-p 00000000 00:00 0 
7f24f55c0000-7f24f55c3000 ---p 00000000 00:00 0 
7f24f55c3000-7f24f56c1000 rw-p 00000000 00:00 0 
7f24f56c1000-7f24f56c2000 ---p 00000000 00:00 0 
7f24f56c2000-7f24f66d1000 rw-p 00000000 00:00 0 
7f24f66d1000-7f24f68a3000 r--s 03ca5000 08:01 1197780                    /usr/lib/jvm/java-8-openjdk-amd64/jre/lib/rt.jar
7f24f68a3000-7f24fb33d000 rw-p 00000000 00:00 0 
7f24fb33d000-7f24fb33e000 ---p 00000000 00:00 0 
7f24fb33e000-7f24fb43e000 rw-p 00000000 00:00 0 
7f24fb43e000-7f24fb43f000 ---p 00000000 00:00 0 
7f24fb43f000-7f24fb53f000 rw-p 00000000 00:00 0 
7f24fb53f000-7f24fb540000 ---p 00000000 00:00 0 
7f24fb540000-7f24fb640000 rw-p 00000000 00:00 0 
7f24fb640000-7f24fb641000 ---p 00000000 00:00 0 
7f24fb641000-7f24fb75c000 rw-p 00000000 00:00 0 
7f24fb75c000-7f24fb9d9000 ---p 00000000 00:00 0 
7f24fb9d9000-7f24fb9f4000 rw-p 00000000 00:00 0 
7f24fb9f4000-7f24fbc71000 ---p 00000000 00:00 0 
7f24fbc71000-7f24fbcb3000 rw-p 00000000 00:00 0 
7f24fbcb3000-7f24fbdbd000 ---p 00000000 00:00 0 
7f24fbdbd000-7f24fbdda000 rw-p 00000000 00:00 0 
7f24fbdda000-7f24fc17e000 ---p 00000000 00:00 0 
7f24fc17e000-7f24fc87e000 rwxp 00000000 00:00 0 
7f24fc87e000-7f250b17e000 ---p 00000000 00:00 0 
7f250b17e000-7f250b186000 r-xp 00000000 08:01 1197743                    /usr/lib/jvm/java-8-openjdk-amd64/jre/lib/amd64/libzip.so
7f250b186000-7f250b385000 ---p 00008000 08:01 1197743                    /usr/lib/jvm/java-8-openjdk-amd64/jre/lib/amd64/libzip.so
7f250b385000-7f250b386000 r--p 00007000 08:01 1197743                    /usr/lib/jvm/java-8-openjdk-amd64/jre/lib/amd64/libzip.so
7f250b386000-7f250b387000 rw-p 00008000 08:01 1197743                    /usr/lib/jvm/java-8-openjdk-amd64/jre/lib/amd64/libzip.so
7f250b387000-7f250b392000 r-xp 00000000 08:01 659934                     /lib/x86_64-linux-gnu/libnss_files-2.27.so
7f250b392000-7f250b591000 ---p 0000b000 08:01 659934                     /lib/x86_64-linux-gnu/libnss_files-2.27.so
7f250b591000-7f250b592000 r--p 0000a000 08:01 659934                     /lib/x86_64-linux-gnu/libnss_files-2.27.so
7f250b592000-7f250b593000 rw-p 0000b000 08:01 659934                     /lib/x86_64-linux-gnu/libnss_files-2.27.so
7f250b593000-7f250b599000 rw-p 00000000 00:00 0 
7f250b599000-7f250b5b0000 r-xp 00000000 08:01 659928                     /lib/x86_64-linux-gnu/libnsl-2.27.so
7f250b5b0000-7f250b7af000 ---p 00017000 08:01 659928                     /lib/x86_64-linux-gnu/libnsl-2.27.so
7f250b7af000-7f250b7b0000 r--p 00016000 08:01 659928                     /lib/x86_64-linux-gnu/libnsl-2.27.so
7f250b7b0000-7f250b7b1000 rw-p 00017000 08:01 659928                     /lib/x86_64-linux-gnu/libnsl-2.27.so
7f250b7b1000-7f250b7b3000 rw-p 00000000 00:00 0 
7f250b7b3000-7f250b7be000 r-xp 00000000 08:01 659944                     /lib/x86_64-linux-gnu/libnss_nis-2.27.so
7f250b7be000-7f250b9bd000 ---p 0000b000 08:01 659944                     /lib/x86_64-linux-gnu/libnss_nis-2.27.so
7f250b9bd000-7f250b9be000 r--p 0000a000 08:01 659944                     /lib/x86_64-linux-gnu/libnss_nis-2.27.so
7f250b9be000-7f250b9bf000 rw-p 0000b000 08:01 659944                     /lib/x86_64-linux-gnu/libnss_nis-2.27.so
7f250b9bf000-7f250b9c7000 r-xp 00000000 08:01 659930                     /lib/x86_64-linux-gnu/libnss_compat-2.27.so
7f250b9c7000-7f250bbc7000 ---p 00008000 08:01 659930                     /lib/x86_64-linux-gnu/libnss_compat-2.27.so
7f250bbc7000-7f250bbc8000 r--p 00008000 08:01 659930                     /lib/x86_64-linux-gnu/libnss_compat-2.27.so
7f250bbc8000-7f250bbc9000 rw-p 00009000 08:01 659930                     /lib/x86_64-linux-gnu/libnss_compat-2.27.so
7f250bbc9000-7f250bbd3000 r-xp 00000000 08:01 1197714                    /usr/lib/jvm/java-8-openjdk-amd64/jre/lib/amd64/libinstrument.so
7f250bbd3000-7f250bdd2000 ---p 0000a000 08:01 1197714                    /usr/lib/jvm/java-8-openjdk-amd64/jre/lib/amd64/libinstrument.so
7f250bdd2000-7f250bdd3000 r--p 00009000 08:01 1197714                    /usr/lib/jvm/java-8-openjdk-amd64/jre/lib/amd64/libinstrument.so
7f250bdd3000-7f250bdd4000 rw-p 0000a000 08:01 1197714                    /usr/lib/jvm/java-8-openjdk-amd64/jre/lib/amd64/libinstrument.so
7f250bdd4000-7f250bdfe000 r-xp 00000000 08:01 1197719                    /usr/lib/jvm/java-8-openjdk-amd64/jre/lib/amd64/libjava.so
7f250bdfe000-7f250bffd000 ---p 0002a000 08:01 1197719                    /usr/lib/jvm/java-8-openjdk-amd64/jre/lib/amd64/libjava.so
7f250bffd000-7f250bffe000 r--p 00029000 08:01 1197719                    /usr/lib/jvm/java-8-openjdk-amd64/jre/lib/amd64/libjava.so
7f250bffe000-7f250c000000 rw-p 0002a000 08:01 1197719                    /usr/lib/jvm/java-8-openjdk-amd64/jre/lib/amd64/libjava.so
7f250c000000-7f250eb96000 rw-p 00000000 00:00 0 
7f250eb96000-7f2510000000 ---p 00000000 00:00 0 
7f2510000000-7f251001b000 r--s 00394000 08:01 1197754                    /usr/lib/jvm/java-8-openjdk-amd64/jre/lib/ext/cldrdata.jar
7f251001b000-7f2510036000 r--s 001d6000 08:01 1197759                    /usr/lib/jvm/java-8-openjdk-amd64/jre/lib/ext/nashorn.jar
7f2510036000-7f2510046000 r-xp 00000000 08:01 1197742                    /usr/lib/jvm/java-8-openjdk-amd64/jre/lib/amd64/libverify.so
7f2510046000-7f2510245000 ---p 00010000 08:01 1197742                    /usr/lib/jvm/java-8-openjdk-amd64/jre/lib/amd64/libverify.so
7f2510245000-7f2510247000 r--p 0000f000 08:01 1197742                    /usr/lib/jvm/java-8-openjdk-amd64/jre/lib/amd64/libverify.so
7f2510247000-7f2510248000 rw-p 00011000 08:01 1197742                    /usr/lib/jvm/java-8-openjdk-amd64/jre/lib/amd64/libverify.so
7f2510248000-7f251024f000 r-xp 00000000 08:01 659984                     /lib/x86_64-linux-gnu/librt-2.27.so
7f251024f000-7f251044e000 ---p 00007000 08:01 659984                     /lib/x86_64-linux-gnu/librt-2.27.so
7f251044e000-7f251044f000 r--p 00006000 08:01 659984                     /lib/x86_64-linux-gnu/librt-2.27.so
7f251044f000-7f2510450000 rw-p 00007000 08:01 659984                     /lib/x86_64-linux-gnu/librt-2.27.so
7f2510450000-7f2510467000 r-xp 00000000 08:01 683547                     /lib/x86_64-linux-gnu/libgcc_s.so.1
7f2510467000-7f2510666000 ---p 00017000 08:01 683547                     /lib/x86_64-linux-gnu/libgcc_s.so.1
7f2510666000-7f2510667000 r--p 00016000 08:01 683547                     /lib/x86_64-linux-gnu/libgcc_s.so.1
7f2510667000-7f2510668000 rw-p 00017000 08:01 683547                     /lib/x86_64-linux-gnu/libgcc_s.so.1
7f2510668000-7f2510805000 r-xp 00000000 08:01 659907                     /lib/x86_64-linux-gnu/libm-2.27.so
7f2510805000-7f2510a04000 ---p 0019d000 08:01 659907                     /lib/x86_64-linux-gnu/libm-2.27.so
7f2510a04000-7f2510a05000 r--p 0019c000 08:01 659907                     /lib/x86_64-linux-gnu/libm-2.27.so
7f2510a05000-7f2510a06000 rw-p 0019d000 08:01 659907                     /lib/x86_64-linux-gnu/libm-2.27.so
7f2510a06000-7f2510b7f000 r-xp 00000000 08:01 937061                     /usr/lib/x86_64-linux-gnu/libstdc++.so.6.0.25
7f2510b7f000-7f2510d7f000 ---p 00179000 08:01 937061                     /usr/lib/x86_64-linux-gnu/libstdc++.so.6.0.25
7f2510d7f000-7f2510d89000 r--p 00179000 08:01 937061                     /usr/lib/x86_64-linux-gnu/libstdc++.so.6.0.25
7f2510d89000-7f2510d8b000 rw-p 00183000 08:01 937061                     /usr/lib/x86_64-linux-gnu/libstdc++.so.6.0.25
7f2510d8b000-7f2510d8f000 rw-p 00000000 00:00 0 
7f2510d8f000-7f2511a33000 r-xp 00000000 08:01 1197745                    /usr/lib/jvm/java-8-openjdk-amd64/jre/lib/amd64/server/libjvm.so
7f2511a33000-7f2511c33000 ---p 00ca4000 08:01 1197745                    /usr/lib/jvm/java-8-openjdk-amd64/jre/lib/amd64/server/libjvm.so
7f2511c33000-7f2511cc7000 r--p 00ca4000 08:01 1197745                    /usr/lib/jvm/java-8-openjdk-amd64/jre/lib/amd64/server/libjvm.so
7f2511cc7000-7f2511cf0000 rw-p 00d38000 08:01 1197745                    /usr/lib/jvm/java-8-openjdk-amd64/jre/lib/amd64/server/libjvm.so
7f2511cf0000-7f2511d20000 rw-p 00000000 00:00 0 
7f2511d20000-7f2511d3a000 r-xp 00000000 08:01 659976                     /lib/x86_64-linux-gnu/libpthread-2.27.so
7f2511d3a000-7f2511f39000 ---p 0001a000 08:01 659976                     /lib/x86_64-linux-gnu/libpthread-2.27.so
7f2511f39000-7f2511f3a000 r--p 00019000 08:01 659976                     /lib/x86_64-linux-gnu/libpthread-2.27.so
7f2511f3a000-7f2511f3b000 rw-p 0001a000 08:01 659976                     /lib/x86_64-linux-gnu/libpthread-2.27.so
7f2511f3b000-7f2511f3f000 rw-p 00000000 00:00 0 
7f2511f3f000-7f2511f42000 r-xp 00000000 08:01 659867                     /lib/x86_64-linux-gnu/libdl-2.27.so
7f2511f42000-7f2512141000 ---p 00003000 08:01 659867                     /lib/x86_64-linux-gnu/libdl-2.27.so
7f2512141000-7f2512142000 r--p 00002000 08:01 659867                     /lib/x86_64-linux-gnu/libdl-2.27.so
7f2512142000-7f2512143000 rw-p 00003000 08:01 659867                     /lib/x86_64-linux-gnu/libdl-2.27.so
7f2512143000-7f251215f000 r-xp 00000000 08:01 660015                     /lib/x86_64-linux-gnu/libz.so.1.2.11
7f251215f000-7f251235e000 ---p 0001c000 08:01 660015                     /lib/x86_64-linux-gnu/libz.so.1.2.11
7f251235e000-7f251235f000 r--p 0001b000 08:01 660015                     /lib/x86_64-linux-gnu/libz.so.1.2.11
7f251235f000-7f2512360000 rw-p 0001c000 08:01 660015                     /lib/x86_64-linux-gnu/libz.so.1.2.11
7f2512360000-7f2512547000 r-xp 00000000 08:01 659844                     /lib/x86_64-linux-gnu/libc-2.27.so
7f2512547000-7f2512747000 ---p 001e7000 08:01 659844                     /lib/x86_64-linux-gnu/libc-2.27.so
7f2512747000-7f251274b000 r--p 001e7000 08:01 659844                     /lib/x86_64-linux-gnu/libc-2.27.so
7f251274b000-7f251274d000 rw-p 001eb000 08:01 659844                     /lib/x86_64-linux-gnu/libc-2.27.so
7f251274d000-7f2512751000 rw-p 00000000 00:00 0 
7f2512751000-7f251275f000 r-xp 00000000 08:01 1197703                    /usr/lib/jvm/java-8-openjdk-amd64/jre/lib/amd64/jli/libjli.so
7f251275f000-7f251295e000 ---p 0000e000 08:01 1197703                    /usr/lib/jvm/java-8-openjdk-amd64/jre/lib/amd64/jli/libjli.so
7f251295e000-7f251295f000 r--p 0000d000 08:01 1197703                    /usr/lib/jvm/java-8-openjdk-amd64/jre/lib/amd64/jli/libjli.so
7f251295f000-7f2512960000 rw-p 0000e000 08:01 1197703                    /usr/lib/jvm/java-8-openjdk-amd64/jre/lib/amd64/jli/libjli.so
7f2512960000-7f2512987000 r-xp 00000000 08:01 659816                     /lib/x86_64-linux-gnu/ld-2.27.so
7f2512987000-7f2512988000 r--s 00000000 08:01 1197777                    /usr/lib/jvm/java-8-openjdk-amd64/jre/lib/management-agent.jar
7f2512988000-7f251298a000 r--s 00007000 08:01 16127                      /usr/share/java/java-atk-wrapper.jar
7f251298a000-7f251298d000 r--s 0000f000 08:01 1197756                    /usr/lib/jvm/java-8-openjdk-amd64/jre/lib/ext/icedtea-sound.jar
7f251298d000-7f251298f000 r--s 00001000 08:01 1197755                    /usr/lib/jvm/java-8-openjdk-amd64/jre/lib/ext/dnsns.jar
7f251298f000-7f2512991000 r--s 00007000 08:01 16127                      /usr/share/java/java-atk-wrapper.jar
7f2512991000-7f2512992000 r--s 0000d000 08:01 1197760                    /usr/lib/jvm/java-8-openjdk-amd64/jre/lib/ext/sunec.jar
7f2512992000-7f2512998000 r--s 0003d000 08:01 1197761                    /usr/lib/jvm/java-8-openjdk-amd64/jre/lib/ext/sunjce_provider.jar
7f2512998000-7f2512999000 r--s 00010000 08:01 1197763                    /usr/lib/jvm/java-8-openjdk-amd64/jre/lib/ext/zipfs.jar
7f2512999000-7f251299d000 r--s 0003a000 08:01 1197762                    /usr/lib/jvm/java-8-openjdk-amd64/jre/lib/ext/sunpkcs11.jar
7f251299d000-7f2512a6d000 rw-p 00000000 00:00 0 
7f2512a6d000-7f2512a6e000 ---p 00000000 00:00 0 
7f2512a6e000-7f2512a71000 ---p 00000000 00:00 0 
7f2512a71000-7f2512b70000 rw-p 00000000 00:00 0 
7f2512b70000-7f2512b71000 r--s 0000a000 08:01 1197757                    /usr/lib/jvm/java-8-openjdk-amd64/jre/lib/ext/jaccess.jar
7f2512b71000-7f2512b7b000 r--s 00116000 08:01 1197758                    /usr/lib/jvm/java-8-openjdk-amd64/jre/lib/ext/localedata.jar
7f2512b7b000-7f2512b83000 rw-s 00000000 08:01 30268                      /tmp/hsperfdata_naddi/22161
7f2512b83000-7f2512b84000 rw-p 00000000 00:00 0 
7f2512b84000-7f2512b85000 ---p 00000000 00:00 0 
7f2512b85000-7f2512b87000 rw-p 00000000 00:00 0 
7f2512b87000-7f2512b88000 r--p 00027000 08:01 659816                     /lib/x86_64-linux-gnu/ld-2.27.so
7f2512b88000-7f2512b89000 rw-p 00028000 08:01 659816                     /lib/x86_64-linux-gnu/ld-2.27.so
7f2512b89000-7f2512b8a000 rw-p 00000000 00:00 0 
7fff59259000-7fff5927e000 rw-p 00000000 00:00 0                          [stack]
7fff592b4000-7fff592b7000 r--p 00000000 00:00 0                          [vvar]
7fff592b7000-7fff592b8000 r-xp 00000000 00:00 0                          [vdso]
ffffffffff600000-ffffffffff601000 --xp 00000000 00:00 0                  [vsyscall]

VM Arguments:
jvm_args: -javaagent:/snap/intellij-idea-community/226/lib/idea_rt.jar=34403:/snap/intellij-idea-community/226/bin -Dfile.encoding=UTF-8 
java_command: WordCount
java_class_path (initial): /usr/lib/jvm/java-1.8.0-openjdk-amd64/jre/lib/charsets.jar:/usr/lib/jvm/java-1.8.0-openjdk-amd64/jre/lib/ext/cldrdata.jar:/usr/lib/jvm/java-1.8.0-openjdk-amd64/jre/lib/ext/dnsns.jar:/usr/lib/jvm/java-1.8.0-openjdk-amd64/jre/lib/ext/icedtea-sound.jar:/usr/lib/jvm/java-1.8.0-openjdk-amd64/jre/lib/ext/jaccess.jar:/usr/lib/jvm/java-1.8.0-openjdk-amd64/jre/lib/ext/java-atk-wrapper.jar:/usr/lib/jvm/java-1.8.0-openjdk-amd64/jre/lib/ext/localedata.jar:/usr/lib/jvm/java-1.8.0-openjdk-amd64/jre/lib/ext/nashorn.jar:/usr/lib/jvm/java-1.8.0-openjdk-amd64/jre/lib/ext/sunec.jar:/usr/lib/jvm/java-1.8.0-openjdk-amd64/jre/lib/ext/sunjce_provider.jar:/usr/lib/jvm/java-1.8.0-openjdk-amd64/jre/lib/ext/sunpkcs11.jar:/usr/lib/jvm/java-1.8.0-openjdk-amd64/jre/lib/ext/zipfs.jar:/usr/lib/jvm/java-1.8.0-openjdk-amd64/jre/lib/jce.jar:/usr/lib/jvm/java-1.8.0-openjdk-amd64/jre/lib/jsse.jar:/usr/lib/jvm/java-1.8.0-openjdk-amd64/jre/lib/management-agent.jar:/usr/lib/jvm/java-1.8.0-openjdk-amd64/jre/lib/resources.jar:/usr/lib/jvm/java-1.8.0-openjdk-amd64/jre/lib/rt.jar:/media/sf_Sistemi_e_architetture_per_big_data/Progetto1/progetto-Big-Data/project1_query1/target/classes:/home/naddi/.m2/repository/org/apache/spark/spark-core_2.12/2.4.1/spark-core_2.12-2.4.1.jar:/home/naddi/.m2/repository/com/thoughtworks/paranamer/paranamer/2.8/paranamer-2.8.jar:/home/naddi/.m2/repository/org/apache/avro/avro/1.8.2/avro-1.8.2.jar:/home/naddi/.m2/repository/org/codehaus/jackson/jackson-core-asl/1.9.13/jackson-core-asl-1.9.13.jar:/home/naddi/.m2/repository/org/codehaus/jackson/jackson-mapper-asl/1.9.13/jackson-mapper-asl-1.9.13.jar:/home/naddi/.m2/repository/org/apache/commons/commons-compress/1.8.1/commons-compress-1.8.1.jar:/home/naddi/.m2/repository/org/tukaani/xz/1.5/xz-1.5.jar:/home/naddi/.m2/repository/org/apache/avro/avro-mapred/1.8.2/avro-mapred-1.8.2-hadoop2.jar:/home/naddi/.m2/repository/org/apache/avro/avro-ipc/1.8.2/avro-ipc-1.8.2.jar:/home/naddi/.m2/repository/commons-codec/
Launcher Type: SUN_STANDARD

Environment Variables:
PATH=/usr/local/sbin:/usr/local/bin:/usr/sbin:/usr/bin:/sbin:/bin:/usr/games:/usr/local/games:/snap/bin
SHELL=/bin/bash
DISPLAY=:0.0

Signal Handlers:
SIGSEGV: [libjvm.so+0xabd470], sa_mask[0]=11111111011111111101111111111110, sa_flags=SA_RESTART|SA_SIGINFO
SIGBUS: [libjvm.so+0xabd470], sa_mask[0]=11111111011111111101111111111110, sa_flags=SA_RESTART|SA_SIGINFO
SIGFPE: [libjvm.so+0x8f1c90], sa_mask[0]=11111111011111111101111111111110, sa_flags=SA_RESTART|SA_SIGINFO
SIGPIPE: [libjvm.so+0x8f1c90], sa_mask[0]=11111111011111111101111111111110, sa_flags=SA_RESTART|SA_SIGINFO
SIGXFSZ: [libjvm.so+0x8f1c90], sa_mask[0]=11111111011111111101111111111110, sa_flags=SA_RESTART|SA_SIGINFO
SIGILL: [libjvm.so+0x8f1c90], sa_mask[0]=11111111011111111101111111111110, sa_flags=SA_RESTART|SA_SIGINFO
SIGUSR1: SIG_DFL, sa_mask[0]=00000000000000000000000000000000, sa_flags=none
SIGUSR2: [libjvm.so+0x8f1b40], sa_mask[0]=00100000000000000000000000000000, sa_flags=SA_RESTART|SA_SIGINFO
SIGHUP: [libjvm.so+0x8f21b0], sa_mask[0]=11111111011111111101111111111110, sa_flags=SA_RESTART|SA_SIGINFO
SIGINT: [libjvm.so+0x8f21b0], sa_mask[0]=11111111011111111101111111111110, sa_flags=SA_RESTART|SA_SIGINFO
SIGTERM: [libjvm.so+0x8f21b0], sa_mask[0]=11111111011111111101111111111110, sa_flags=SA_RESTART|SA_SIGINFO
SIGQUIT: [libjvm.so+0x8f21b0], sa_mask[0]=11111111011111111101111111111110, sa_flags=SA_RESTART|SA_SIGINFO


---------------  S Y S T E M  ---------------

OS:DISTRIB_ID=Ubuntu
DISTRIB_RELEASE=18.04
DISTRIB_CODENAME=bionic
DISTRIB_DESCRIPTION="Ubuntu 18.04.4 LTS"

uname:Linux 5.3.0-51-generic #44~18.04.2-Ubuntu SMP Thu Apr 23 14:27:18 UTC 2020 x86_64
libc:glibc 2.27 NPTL 2.27 
rlimit: STACK 8192k, CORE 0k, NPROC 31645, NOFILE 1048576, AS infinity
load average:1,52 0,98 1,01

/proc/meminfo:
MemTotal:        8152880 kB
MemFree:         1102732 kB
MemAvailable:    5141864 kB
Buffers:          528320 kB
Cached:          3438908 kB
SwapCached:            0 kB
Active:          4555184 kB
Inactive:        1955456 kB
Active(anon):    2541212 kB
Inactive(anon):     4468 kB
Active(file):    2013972 kB
Inactive(file):  1950988 kB
Unevictable:          32 kB
Mlocked:              32 kB
SwapTotal:       1455236 kB
SwapFree:        1455236 kB
Dirty:             13120 kB
Writeback:             0 kB
AnonPages:       2543504 kB
Mapped:           320164 kB
Shmem:              5328 kB
KReclaimable:     377928 kB
Slab:             448520 kB
SReclaimable:     377928 kB
SUnreclaim:        70592 kB
KernelStack:        9360 kB
PageTables:        30536 kB
NFS_Unstable:          0 kB
Bounce:                0 kB
WritebackTmp:          0 kB
CommitLimit:     5531676 kB
Committed_AS:    5069372 kB
VmallocTotal:   34359738367 kB
VmallocUsed:       34356 kB
VmallocChunk:          0 kB
Percpu:             2400 kB
HardwareCorrupted:     0 kB
AnonHugePages:         0 kB
ShmemHugePages:        0 kB
ShmemPmdMapped:        0 kB
CmaTotal:              0 kB
CmaFree:               0 kB
HugePages_Total:       0
HugePages_Free:        0
HugePages_Rsvd:        0
HugePages_Surp:        0
Hugepagesize:       2048 kB
Hugetlb:               0 kB
DirectMap4k:      200640 kB
DirectMap2M:     8187904 kB

container (cgroup) information:
container_type: cgroupv1
cpu_cpuset_cpus: 0-3
cpu_memory_nodes: 0
active_processor_count: 4
cpu_quota: -1
cpu_period: 100000
cpu_shares: -1
memory_limit_in_bytes: -1
memory_and_swap_limit_in_bytes: -2
memory_soft_limit_in_bytes: -1
memory_usage_in_bytes: 5211930624
memory_max_usage_in_bytes: 5281529856


CPU:total 4 (initial active 4) (4 cores per cpu, 1 threads per core) family 6 model 158 stepping 10, cmov, cx8, fxsr, mmx, sse, sse2, sse3, ssse3, sse4.1, sse4.2, tsc, tscinvbit

/proc/cpuinfo:
processor	: 0
vendor_id	: GenuineIntel
cpu family	: 6
model		: 158
model name	: Intel(R) Core(TM) i7-8750H CPU @ 2.20GHz
stepping	: 10
microcode	: 0xffffffff
cpu MHz		: 2004.756
cache size	: 9216 KB
physical id	: 0
siblings	: 4
core id		: 0
cpu cores	: 4
apicid		: 0
initial apicid	: 0
fpu		: yes
fpu_exception	: yes
cpuid level	: 22
wp		: yes
flags		: fpu vme de pse tsc msr pae mce cx8 apic sep mtrr pge mca cmov pat pse36 clflush mmx fxsr sse sse2 ht syscall nx rdtscp lm constant_tsc rep_good nopl xtopology nonstop_tsc cpuid pni ssse3 pcid sse4_1 sse4_2 hypervisor lahf_lm invpcid_single pti fsgsbase invpcid md_clear flush_l1d arch_capabilities
bugs		: cpu_meltdown spectre_v1 spectre_v2 spec_store_bypass l1tf mds swapgs itlb_multihit
bogomips	: 4009.51
clflush size	: 64
cache_alignment	: 64
address sizes	: 39 bits physical, 48 bits virtual
power management:

processor	: 1
vendor_id	: GenuineIntel
cpu family	: 6
model		: 158
model name	: Intel(R) Core(TM) i7-8750H CPU @ 2.20GHz
stepping	: 10
microcode	: 0xffffffff
cpu MHz		: 2004.756
cache size	: 9216 KB
physical id	: 0
siblings	: 4
core id		: 1
cpu cores	: 4
apicid		: 1
initial apicid	: 1
fpu		: yes
fpu_exception	: yes
cpuid level	: 22
wp		: yes
flags		: fpu vme de pse tsc msr pae mce cx8 apic sep mtrr pge mca cmov pat pse36 clflush mmx fxsr sse sse2 ht syscall nx rdtscp lm constant_tsc rep_good nopl xtopology nonstop_tsc cpuid pni ssse3 pcid sse4_1 sse4_2 hypervisor lahf_lm invpcid_single pti fsgsbase invpcid md_clear flush_l1d arch_capabilities
bugs		: cpu_meltdown spectre_v1 spectre_v2 spec_store_bypass l1tf mds swapgs itlb_multihit
bogomips	: 4009.51
clflush size	: 64
cache_alignment	: 64
address sizes	: 39 bits physical, 48 bits virtual
power management:

processor	: 2
vendor_id	: GenuineIntel
cpu family	: 6
model		: 158
model name	: Intel(R) Core(TM) i7-8750H CPU @ 2.20GHz
stepping	: 10
microcode	: 0xffffffff
cpu MHz		: 2004.756
cache size	: 9216 KB
physical id	: 0
siblings	: 4
core id		: 2
cpu cores	: 4
apicid		: 2
initial apicid	: 2
fpu		: yes
fpu_exception	: yes
cpuid level	: 22
wp		: yes
flags		: fpu vme de pse tsc msr pae mce cx8 apic sep mtrr pge mca cmov pat pse36 clflush mmx fxsr sse sse2 ht syscall nx rdtscp lm constant_tsc rep_good nopl xtopology nonstop_tsc cpuid pni ssse3 pcid sse4_1 sse4_2 hypervisor lahf_lm invpcid_single pti fsgsbase invpcid md_clear flush_l1d arch_capabilities
bugs		: cpu_meltdown spectre_v1 spectre_v2 spec_store_bypass l1tf mds swapgs itlb_multihit
bogomips	: 4009.51
clflush size	: 64
cache_alignment	: 64
address sizes	: 39 bits physical, 48 bits virtual
power management:

processor	: 3
vendor_id	: GenuineIntel
cpu family	: 6
model		: 158
model name	: Intel(R) Core(TM) i7-8750H CPU @ 2.20GHz
stepping	: 10
microcode	: 0xffffffff
cpu MHz		: 2004.756
cache size	: 9216 KB
physical id	: 0
siblings	: 4
core id		: 3
cpu cores	: 4
apicid		: 3
initial apicid	: 3
fpu		: yes
fpu_exception	: yes
cpuid level	: 22
wp		: yes
flags		: fpu vme de pse tsc msr pae mce cx8 apic sep mtrr pge mca cmov pat pse36 clflush mmx fxsr sse sse2 ht syscall nx rdtscp lm constant_tsc rep_good nopl xtopology nonstop_tsc cpuid pni ssse3 pcid sse4_1 sse4_2 hypervisor lahf_lm invpcid_single pti fsgsbase invpcid md_clear flush_l1d arch_capabilities
bugs		: cpu_meltdown spectre_v1 spectre_v2 spec_store_bypass l1tf mds swapgs itlb_multihit
bogomips	: 4009.51
clflush size	: 64
cache_alignment	: 64
address sizes	: 39 bits physical, 48 bits virtual
power management:



Memory: 4k page, physical 8152880k(1102732k free), swap 1455236k(1455236k free)

vm_info: OpenJDK 64-Bit Server VM (25.252-b09) for linux-amd64 JRE (1.8.0_252-8u252-b09-1~18.04-b09), built on Apr 15 2020 18:48:05 by "buildd" with gcc 7.5.0

time: Wed May  6 20:09:24 2020
timezone: CEST
elapsed time: 7 seconds (0d 0h 0m 7s)

