#
# A fatal error has been detected by the Java Runtime Environment:
#
#  SIGSEGV (0xb) at pc=0x00007fb1faf68ba9, pid=5942, tid=0x00007fb1c46b4700
#
# JRE version: OpenJDK Runtime Environment (8.0_252-b09) (build 1.8.0_252-8u252-b09-1~18.04-b09)
# Java VM: OpenJDK 64-Bit Server VM (25.252-b09 mixed mode linux-amd64 compressed oops)
# Problematic frame:
# J 10846 C2 org.eclipse.jdt.internal.compiler.parser.diagnose.DiagnoseParser.diagnoseParse(Z)V (1303 bytes) @ 0x00007fb1faf68ba9 [0x00007fb1faf67a00+0x11a9]
#
# Failed to write core dump. Core dumps have been disabled. To enable core dumping, try "ulimit -c unlimited" before starting Java again
#
# If you would like to submit a bug report, please visit:
#   http://bugreport.java.com/bugreport/crash.jsp
#

---------------  T H R E A D  ---------------

Current thread (0x00007fb1900b6800):  JavaThread "ForkJoinPool.commonPool-worker-0" daemon [_thread_in_Java, id=6193, stack(0x00007fb1c45b4000,0x00007fb1c46b5000)]

siginfo: si_signo: 11 (SIGSEGV), si_code: 1 (SEGV_MAPERR), si_addr: 0x0000000000001f54

Registers:
RAX=0x000000000000038b, RBX=0x0000000000000fa2, RCX=0x0000000000001f8f, RDX=0x0000000000001f42
RSP=0x00007fb1c46b2ac0, RBP=0x0000000000000fa2, RSI=0x0000000000000100, RDI=0x0000000000004667
R8 =0x0000000000000006, R9 =0x0000000000000000, R10=0x0000000000000f82, R11=0x0000000000000020
R12=0x0000000000000000, R13=0x0000000000003ea4, R14=0x0000000000004667, R15=0x00007fb1900b6800
RIP=0x00007fb1faf68ba9, EFLAGS=0x0000000000010202, CSGSFS=0x002b000000000033, ERR=0x0000000000000004
  TRAPNO=0x000000000000000e

Top of Stack: (sp=0x00007fb1c46b2ac0)
0x00007fb1c46b2ac0:   00000000eba8bd80 0000000400000000
0x00007fb1c46b2ad0:   eba8c69000000006 00000000eba8b3c8
0x00007fb1c46b2ae0:   0000000600000020 00000bcd00000100
0x00007fb1c46b2af0:   000000b000000007 00007fb200000020
0x00007fb1c46b2b00:   00000000eb9cb0e0 0000000000000000
0x00007fb1c46b2b10:   0000000000000000 00007fb1fb3fc91c
0x00007fb1c46b2b20:   00000000c0592c18 00000000c0592c18
0x00007fb1c46b2b30:   00000000eb9c81f8 00007fb1fbd87bdc
0x00007fb1c46b2b40:   00007fb1fb5d5460 00007fb1fb1e0ca4
0x00007fb1c46b2b50:   00000000eb9d63f8 00007fb10000022d
0x00007fb1c46b2b60:   00000000eb9cb0e0 00000000eba8a980
0x00007fb1c46b2b70:   000000010000000a 00000000eba8a980
0x00007fb1c46b2b80:   0000000000000041 00007fb1fa27afbc
0x00007fb1c46b2b90:   00000000eba8abf8 00000000eb9cb0e0
0x00007fb1c46b2ba0:   00000000eb9cf2b8 00007fb1f9f25c55
0x00007fb1c46b2bb0:   00000000eb9cb0e0 00007fb1facbf204
0x00007fb1c46b2bc0:   00000000eb9cb0e0 00000000eb9cb0e0
0x00007fb1c46b2bd0:   00000000eb9d63f8 00000000eb9cb0e0
0x00007fb1c46b2be0:   0000004100000000 00007fb1fb5d847c
0x00007fb1c46b2bf0:   0000000000000041 00007fb1facdcc20
0x00007fb1c46b2c00:   00000000eb9cb0e0 00007fb1fb741a74
0x00007fb1c46b2c10:   00000000eba8b3c8 00007fb1fb5e7b14
0x00007fb1c46b2c20:   0000000000000000 00007fb1fb24d630
0x00007fb1c46b2c30:   00000000eb9cb0e0 00000000c0597290
0x00007fb1c46b2c40:   00000000eb9cc138 000002a5fb0e33a8
0x00007fb1c46b2c50:   0000479beba80e18 0000000000000041
0x00007fb1c46b2c60:   00000000eb9cb0e0 00007fb10000062b
0x00007fb1c46b2c70:   00007fb1c46b2cf0 00000000eb9cb0e0
0x00007fb1c46b2c80:   00007fb1c46b2cf0 00007fb1f9007ffd
0x00007fb1c46b2c90:   00007fb1c46b2cf0 00007fb1f9007ffd
0x00007fb1c46b2ca0:   00007fb1f9007ffd 00000000eb9cb0e0
0x00007fb1c46b2cb0:   00007fb1c46b2cb0 00007fb177ee9853 

Instructions: (pc=0x00007fb1faf68ba9)
0x00007fb1faf68b89:   47 0f b7 54 4a 10 41 8b da 03 5c 24 20 3b d9 0f
0x00007fb1faf68b99:   83 77 0a 00 00 49 63 ea 49 03 eb 66 45 0f 7e d1
0x00007fb1faf68ba9:   41 0f b7 6c 69 10 3b 6c 24 20 74 59 44 3b d2 0f
0x00007fb1faf68bb9:   83 af 0a 00 00 66 41 0f 7e f9 47 0f b7 54 51 10 

Register to memory mapping:

RAX=0x000000000000038b is an unknown value
RBX=0x0000000000000fa2 is an unknown value
RCX=0x0000000000001f8f is an unknown value
RDX=0x0000000000001f42 is an unknown value
RSP=0x00007fb1c46b2ac0 is pointing into the stack for thread: 0x00007fb1900b6800
RBP=0x0000000000000fa2 is an unknown value
RSI=0x0000000000000100 is an unknown value
RDI=0x0000000000004667 is an unknown value
R8 =0x0000000000000006 is an unknown value
R9 =0x0000000000000000 is an unknown value
R10=0x0000000000000f82 is an unknown value
R11=0x0000000000000020 is an unknown value
R12=0x0000000000000000 is an unknown value
R13=0x0000000000003ea4 is an unknown value
R14=0x0000000000004667 is an unknown value
R15=0x00007fb1900b6800 is a thread


Stack: [0x00007fb1c45b4000,0x00007fb1c46b5000],  sp=0x00007fb1c46b2ac0,  free space=1018k
Native frames: (J=compiled Java code, j=interpreted, Vv=VM code, C=native code)
J 10846 C2 org.eclipse.jdt.internal.compiler.parser.diagnose.DiagnoseParser.diagnoseParse(Z)V (1303 bytes) @ 0x00007fb1faf68ba9 [0x00007fb1faf67a00+0x11a9]
J 12402 C1 org.eclipse.jdt.internal.compiler.parser.Parser.reportSyntaxErrors(ZI)V (202 bytes) @ 0x00007fb1fb3fc91c [0x00007fb1fb3fbd40+0xbdc]
J 11841 C2 org.eclipse.jdt.internal.compiler.parser.Parser.parse()V (913 bytes) @ 0x00007fb1fb24d630 [0x00007fb1fb24cb00+0xb30]
j  org.eclipse.jdt.internal.codeassist.impl.AssistParser.parseBlockStatements(Lorg/eclipse/jdt/internal/compiler/ast/MethodDeclaration;Lorg/eclipse/jdt/internal/compiler/ast/CompilationUnitDeclaration;)V+75
j  org.eclipse.jdt.internal.codeassist.impl.AssistParser.parseBlockStatements(Lorg/eclipse/jdt/internal/compiler/ast/AbstractMethodDeclaration;Lorg/eclipse/jdt/internal/compiler/ast/CompilationUnitDeclaration;)V+13
j  org.eclipse.jdt.internal.codeassist.impl.Engine.parseBlockStatements(Lorg/eclipse/jdt/internal/compiler/ast/TypeDeclaration;Lorg/eclipse/jdt/internal/compiler/ast/CompilationUnitDeclaration;I)Lorg/eclipse/jdt/internal/compiler/ast/ASTNode;+139
J 17335 C1 org.eclipse.jdt.internal.codeassist.impl.Engine.parseBlockStatements(Lorg/eclipse/jdt/internal/compiler/ast/CompilationUnitDeclaration;I)Lorg/eclipse/jdt/internal/compiler/ast/ASTNode; (73 bytes) @ 0x00007fb1f94d1bdc [0x00007fb1f94d1800+0x3dc]
J 17396 C1 org.eclipse.jdt.internal.codeassist.SelectionEngine.select(Lorg/eclipse/jdt/internal/compiler/env/ICompilationUnit;II)V (1063 bytes) @ 0x00007fb1fb9f531c [0x00007fb1fb9f33c0+0x1f5c]
J 18030 C1 org.eclipse.jdt.internal.core.Openable.codeSelect(Lorg/eclipse/jdt/internal/compiler/env/ICompilationUnit;IILorg/eclipse/jdt/core/WorkingCopyOwner;)[Lorg/eclipse/jdt/core/IJavaElement; (315 bytes) @ 0x00007fb1fb508b94 [0x00007fb1fb507520+0x1674]
J 16537 C1 org.eclipse.jdt.internal.core.CompilationUnit.codeSelect(II)[Lorg/eclipse/jdt/core/IJavaElement; (10 bytes) @ 0x00007fb1fb737854 [0x00007fb1fb737700+0x154]
J 16536 C1 org.eclipse.jdt.ls.core.internal.JDTUtils.findElementsAtSelection(Lorg/eclipse/jdt/core/ITypeRoot;IILorg/eclipse/jdt/ls/core/internal/preferences/PreferenceManager;Lorg/eclipse/core/runtime/IProgressMonitor;)[Lorg/eclipse/jdt/core/IJavaElement; (217 bytes) @ 0x00007fb1fb73a21c [0x00007fb1fb737f40+0x22dc]
j  org.eclipse.jdt.ls.core.internal.HoverInfoProvider.computeHover(IILorg/eclipse/core/runtime/IProgressMonitor;)Ljava/util/List;+20
j  org.eclipse.jdt.ls.core.internal.handlers.HoverHandler.computeHover(Lorg/eclipse/jdt/core/ITypeRoot;IILorg/eclipse/core/runtime/IProgressMonitor;)Ljava/util/List;+20
j  org.eclipse.jdt.ls.core.internal.handlers.HoverHandler.hover(Lorg/eclipse/lsp4j/TextDocumentPositionParams;Lorg/eclipse/core/runtime/IProgressMonitor;)Lorg/eclipse/lsp4j/Hover;+44
j  org.eclipse.jdt.ls.core.internal.handlers.JDTLanguageServer.lambda$6(Lorg/eclipse/jdt/ls/core/internal/handlers/HoverHandler;Lorg/eclipse/lsp4j/HoverParams;Lorg/eclipse/core/runtime/IProgressMonitor;)Lorg/eclipse/lsp4j/Hover;+3
j  org.eclipse.jdt.ls.core.internal.handlers.JDTLanguageServer$$Lambda$152.apply(Ljava/lang/Object;)Ljava/lang/Object;+12
J 13891 C1 org.eclipse.jdt.ls.core.internal.BaseJDTLanguageServer$$Lambda$140.apply(Ljava/lang/Object;)Ljava/lang/Object; (16 bytes) @ 0x00007fb1fb8a830c [0x00007fb1fb8a7ec0+0x44c]
J 18063 C2 java.util.concurrent.CompletableFuture$UniApply.tryFire(I)Ljava/util/concurrent/CompletableFuture; (59 bytes) @ 0x00007fb1fb1b22c8 [0x00007fb1fb1b2160+0x168]
J 14665 C1 java.util.concurrent.CompletableFuture$Completion.exec()Z (8 bytes) @ 0x00007fb1fa9d5404 [0x00007fb1fa9d5300+0x104]
J 14664 C1 java.util.concurrent.ForkJoinTask.doExec()I (37 bytes) @ 0x00007fb1fa86d30c [0x00007fb1fa86d1c0+0x14c]
J 14663 C1 java.util.concurrent.ForkJoinPool$WorkQueue.runTask(Ljava/util/concurrent/ForkJoinTask;)V (86 bytes) @ 0x00007fb1f98b955c [0x00007fb1f98b93e0+0x17c]
j  java.util.concurrent.ForkJoinPool.runWorker(Ljava/util/concurrent/ForkJoinPool$WorkQueue;)V+35
j  java.util.concurrent.ForkJoinWorkerThread.run()V+24
v  ~StubRoutines::call_stub
V  [libjvm.so+0x68550a]
V  [libjvm.so+0x682aeb]
V  [libjvm.so+0x6830d7]
V  [libjvm.so+0x6ca04b]
V  [libjvm.so+0xa5a12f]
V  [libjvm.so+0xa5b338]
V  [libjvm.so+0x8f3e62]
C  [libpthread.so.0+0x76db]  start_thread+0xdb


---------------  P R O C E S S  ---------------

Java Threads: ( => current thread )
=>0x00007fb1900b6800 JavaThread "ForkJoinPool.commonPool-worker-0" daemon [_thread_in_Java, id=6193, stack(0x00007fb1c45b4000,0x00007fb1c46b5000)]
  0x00007fb1881b1800 JavaThread "Worker-5" [_thread_blocked, id=6012, stack(0x00007fb1c4db6000,0x00007fb1c4eb7000)]
  0x00007fb188069800 JavaThread "Worker-4" [_thread_blocked, id=5985, stack(0x00007fb1c4ab5000,0x00007fb1c4bb6000)]
  0x00007fb1a0261000 JavaThread "Bundle File Closer" daemon [_thread_blocked, id=5983, stack(0x00007fb1c50b7000,0x00007fb1c51b8000)]
  0x00007fb20861b000 JavaThread "pool-1-thread-1" [_thread_in_native, id=5977, stack(0x00007fb1c59ba000,0x00007fb1c5abb000)]
  0x00007fb20857f000 JavaThread "pool-2-thread-1" [_thread_blocked, id=5976, stack(0x00007fb1c5cbb000,0x00007fb1c5dbc000)]
  0x00007fb1a8381000 JavaThread "Java indexing" daemon [_thread_blocked, id=5975, stack(0x00007fb1c69bc000,0x00007fb1c6abd000)]
  0x00007fb1a8142000 JavaThread "Worker-JM" [_thread_blocked, id=5972, stack(0x00007fb1c70bf000,0x00007fb1c71c0000)]
  0x00007fb208516000 JavaThread "Start Level: Equinox Container: 0f94d611-7761-423a-b8f4-887aeab7a50f" daemon [_thread_blocked, id=5971, stack(0x00007fb1c77d1000,0x00007fb1c78d2000)]
  0x00007fb208511000 JavaThread "Framework Event Dispatcher: Equinox Container: 0f94d611-7761-423a-b8f4-887aeab7a50f" daemon [_thread_blocked, id=5970, stack(0x00007fb1c78d2000,0x00007fb1c79d3000)]
  0x00007fb2084df800 JavaThread "Active Thread: Equinox Container: 0f94d611-7761-423a-b8f4-887aeab7a50f" [_thread_blocked, id=5967, stack(0x00007fb1c79d3000,0x00007fb1c7ad4000)]
  0x00007fb208188000 JavaThread "Service Thread" daemon [_thread_blocked, id=5955, stack(0x00007fb1f40d0000,0x00007fb1f41d1000)]
  0x00007fb208185800 JavaThread "C1 CompilerThread2" daemon [_thread_blocked, id=5954, stack(0x00007fb1f41d2000,0x00007fb1f42d2000)]
  0x00007fb208183800 JavaThread "C2 CompilerThread1" daemon [_thread_blocked, id=5953, stack(0x00007fb1f42d3000,0x00007fb1f43d3000)]
  0x00007fb208180800 JavaThread "C2 CompilerThread0" daemon [_thread_blocked, id=5952, stack(0x00007fb1f43d4000,0x00007fb1f44d4000)]
  0x00007fb20817c800 JavaThread "Signal Dispatcher" daemon [_thread_blocked, id=5951, stack(0x00007fb1f44d4000,0x00007fb1f45d5000)]
  0x00007fb20814e800 JavaThread "Finalizer" daemon [_thread_blocked, id=5950, stack(0x00007fb1f501a000,0x00007fb1f511b000)]
  0x00007fb20814a000 JavaThread "Reference Handler" daemon [_thread_blocked, id=5949, stack(0x00007fb1f511b000,0x00007fb1f521c000)]
  0x00007fb20800c000 JavaThread "main" [_thread_blocked, id=5943, stack(0x00007fb210065000,0x00007fb210165000)]

Other Threads:
  0x00007fb208140800 VMThread [stack: 0x00007fb1f521d000,0x00007fb1f531d000] [id=5948]
  0x00007fb20818a800 WatcherThread [stack: 0x00007fb1c7f00000,0x00007fb1c8000000] [id=5956]

VM state:not at safepoint (normal execution)

VM Mutex/Monitor currently owned by a thread: None

heap address: 0x00000000c0000000, size: 1024 MB, Compressed Oops mode: 32-bit
Narrow klass base: 0x0000000000000000, Narrow klass shift: 3
Compressed class space size: 1073741824 Address: 0x0000000100000000

Heap:
 PSYoungGen      total 31744K, used 16953K [0x00000000eab00000, 0x00000000ecc00000, 0x0000000100000000)
  eden space 30720K, 52% used [0x00000000eab00000,0x00000000ebaa9588,0x00000000ec900000)
  from space 1024K, 89% used [0x00000000ecb00000,0x00000000ecbe5220,0x00000000ecc00000)
  to   space 1536K, 0% used [0x00000000ec900000,0x00000000ec900000,0x00000000eca80000)
 ParOldGen       total 98816K, used 75323K [0x00000000c0000000, 0x00000000c6080000, 0x00000000eab00000)
  object space 98816K, 76% used [0x00000000c0000000,0x00000000c498ee40,0x00000000c6080000)
 Metaspace       used 66050K, capacity 69636K, committed 69888K, reserved 1112064K
  class space    used 6297K, capacity 7313K, committed 7424K, reserved 1048576K

Card table byte_map: [0x00007fb20c3f5000,0x00007fb20c5f6000] byte_map_base: 0x00007fb20bdf5000

Marking Bits: (ParMarkBitMap*) 0x00007fb20f2fa3c0
 Begin Bits: [0x00007fb1f6dfe000, 0x00007fb1f7dfe000)
 End Bits:   [0x00007fb1f7dfe000, 0x00007fb1f8dfe000)

Polling page: 0x00007fb21017b000

CodeCache: size=245760Kb used=50042Kb max_used=50044Kb free=195717Kb
 bounds [0x00007fb1f9000000, 0x00007fb1fc190000, 0x00007fb208000000]
 total_blobs=13805 nmethods=13163 adapters=546
 compilation: enabled

Compilation events (10 events):
Event: 453,875 Thread 0x00007fb208180800 18090       4       org.eclipse.core.internal.resources.Resource::checkAccessible (7 bytes)
Event: 453,876 Thread 0x00007fb208180800 nmethod 18090 0x00007fb1fad03cd0 code [0x00007fb1fad03e20, 0x00007fb1fad03ef8]
Event: 453,876 Thread 0x00007fb208185800 18091       3       org.eclipse.jdt.internal.compiler.ASTVisitor::endVisit (1 bytes)
Event: 453,878 Thread 0x00007fb208185800 nmethod 18091 0x00007fb1fa59d510 code [0x00007fb1fa59d660, 0x00007fb1fa59d7b0]
Event: 453,878 Thread 0x00007fb208185800 18092       3       org.eclipse.jdt.internal.compiler.ast.BinaryExpression::traverse (34 bytes)
Event: 453,878 Thread 0x00007fb208185800 nmethod 18092 0x00007fb1fa45ec90 code [0x00007fb1fa45ee40, 0x00007fb1fa45f318]
Event: 453,878 Thread 0x00007fb208185800 18093       3       org.eclipse.jdt.internal.compiler.ASTVisitor::endVisit (1 bytes)
Event: 453,878 Thread 0x00007fb208185800 nmethod 18093 0x00007fb1fb020650 code [0x00007fb1fb0207a0, 0x00007fb1fb0208f0]
Event: 453,890 Thread 0x00007fb208185800 18094       3       org.eclipse.jdt.internal.codeassist.select.SelectionParser::consumeMarkerAnnotation (184 bytes)
Event: 453,890 Thread 0x00007fb208185800 nmethod 18094 0x00007fb1fb5b39d0 code [0x00007fb1fb5b3c60, 0x00007fb1fb5b4d38]

GC Heap History (10 events):
Event: 414,769 GC heap before
{Heap before GC invocations=277 (full 9):
 PSYoungGen      total 33280K, used 31604K [0x00000000eab00000, 0x00000000ecd00000, 0x0000000100000000)
  eden space 31232K, 100% used [0x00000000eab00000,0x00000000ec980000,0x00000000ec980000)
  from space 2048K, 18% used [0x00000000ec980000,0x00000000ec9dd210,0x00000000ecb80000)
  to   space 1024K, 0% used [0x00000000ecc00000,0x00000000ecc00000,0x00000000ecd00000)
 ParOldGen       total 98816K, used 73947K [0x00000000c0000000, 0x00000000c6080000, 0x00000000eab00000)
  object space 98816K, 74% used [0x00000000c0000000,0x00000000c4836cd0,0x00000000c6080000)
 Metaspace       used 66012K, capacity 69566K, committed 69888K, reserved 1112064K
  class space    used 6297K, capacity 7312K, committed 7424K, reserved 1048576K
Event: 414,773 GC heap after
Heap after GC invocations=277 (full 9):
 PSYoungGen      total 31744K, used 1007K [0x00000000eab00000, 0x00000000ecd00000, 0x0000000100000000)
  eden space 30720K, 0% used [0x00000000eab00000,0x00000000eab00000,0x00000000ec900000)
  from space 1024K, 98% used [0x00000000ecc00000,0x00000000eccfbec0,0x00000000ecd00000)
  to   space 2048K, 0% used [0x00000000ec900000,0x00000000ec900000,0x00000000ecb00000)
 ParOldGen       total 98816K, used 74295K [0x00000000c0000000, 0x00000000c6080000, 0x00000000eab00000)
  object space 98816K, 75% used [0x00000000c0000000,0x00000000c488dc10,0x00000000c6080000)
 Metaspace       used 66012K, capacity 69566K, committed 69888K, reserved 1112064K
  class space    used 6297K, capacity 7312K, committed 7424K, reserved 1048576K
}
Event: 424,868 GC heap before
{Heap before GC invocations=278 (full 9):
 PSYoungGen      total 31744K, used 31727K [0x00000000eab00000, 0x00000000ecd00000, 0x0000000100000000)
  eden space 30720K, 100% used [0x00000000eab00000,0x00000000ec900000,0x00000000ec900000)
  from space 1024K, 98% used [0x00000000ecc00000,0x00000000eccfbec0,0x00000000ecd00000)
  to   space 2048K, 0% used [0x00000000ec900000,0x00000000ec900000,0x00000000ecb00000)
 ParOldGen       total 98816K, used 74295K [0x00000000c0000000, 0x00000000c6080000, 0x00000000eab00000)
  object space 98816K, 75% used [0x00000000c0000000,0x00000000c488dc10,0x00000000c6080000)
 Metaspace       used 66025K, capacity 69636K, committed 69888K, reserved 1112064K
  class space    used 6297K, capacity 7313K, committed 7424K, reserved 1048576K
Event: 424,873 GC heap after
Heap after GC invocations=278 (full 9):
 PSYoungGen      total 32768K, used 602K [0x00000000eab00000, 0x00000000ecc80000, 0x0000000100000000)
  eden space 30720K, 0% used [0x00000000eab00000,0x00000000eab00000,0x00000000ec900000)
  from space 2048K, 29% used [0x00000000ec900000,0x00000000ec996900,0x00000000ecb00000)
  to   space 1024K, 0% used [0x00000000ecb80000,0x00000000ecb80000,0x00000000ecc80000)
 ParOldGen       total 98816K, used 74303K [0x00000000c0000000, 0x00000000c6080000, 0x00000000eab00000)
  object space 98816K, 75% used [0x00000000c0000000,0x00000000c488fc10,0x00000000c6080000)
 Metaspace       used 66025K, capacity 69636K, committed 69888K, reserved 1112064K
  class space    used 6297K, capacity 7313K, committed 7424K, reserved 1048576K
}
Event: 427,440 GC heap before
{Heap before GC invocations=279 (full 9):
 PSYoungGen      total 32768K, used 31322K [0x00000000eab00000, 0x00000000ecc80000, 0x0000000100000000)
  eden space 30720K, 100% used [0x00000000eab00000,0x00000000ec900000,0x00000000ec900000)
  from space 2048K, 29% used [0x00000000ec900000,0x00000000ec996900,0x00000000ecb00000)
  to   space 1024K, 0% used [0x00000000ecb80000,0x00000000ecb80000,0x00000000ecc80000)
 ParOldGen       total 98816K, used 74303K [0x00000000c0000000, 0x00000000c6080000, 0x00000000eab00000)
  object space 98816K, 75% used [0x00000000c0000000,0x00000000c488fc10,0x00000000c6080000)
 Metaspace       used 66035K, capacity 69636K, committed 69888K, reserved 1112064K
  class space    used 6297K, capacity 7313K, committed 7424K, reserved 1048576K
Event: 427,445 GC heap after
Heap after GC invocations=279 (full 9):
 PSYoungGen      total 31232K, used 1002K [0x00000000eab00000, 0x00000000ecc80000, 0x0000000100000000)
  eden space 30208K, 0% used [0x00000000eab00000,0x00000000eab00000,0x00000000ec880000)
  from space 1024K, 97% used [0x00000000ecb80000,0x00000000ecc7a910,0x00000000ecc80000)
  to   space 2048K, 0% used [0x00000000ec880000,0x00000000ec880000,0x00000000eca80000)
 ParOldGen       total 98816K, used 74843K [0x00000000c0000000, 0x00000000c6080000, 0x00000000eab00000)
  object space 98816K, 75% used [0x00000000c0000000,0x00000000c4916e30,0x00000000c6080000)
 Metaspace       used 66035K, capacity 69636K, committed 69888K, reserved 1112064K
  class space    used 6297K, capacity 7313K, committed 7424K, reserved 1048576K
}
Event: 449,138 GC heap before
{Heap before GC invocations=280 (full 9):
 PSYoungGen      total 31232K, used 31210K [0x00000000eab00000, 0x00000000ecc80000, 0x0000000100000000)
  eden space 30208K, 100% used [0x00000000eab00000,0x00000000ec880000,0x00000000ec880000)
  from space 1024K, 97% used [0x00000000ecb80000,0x00000000ecc7a910,0x00000000ecc80000)
  to   space 2048K, 0% used [0x00000000ec880000,0x00000000ec880000,0x00000000eca80000)
 ParOldGen       total 98816K, used 74843K [0x00000000c0000000, 0x00000000c6080000, 0x00000000eab00000)
  object space 98816K, 75% used [0x00000000c0000000,0x00000000c4916e30,0x00000000c6080000)
 Metaspace       used 66036K, capacity 69636K, committed 69888K, reserved 1112064K
  class space    used 6297K, capacity 7313K, committed 7424K, reserved 1048576K
Event: 449,145 GC heap after
Heap after GC invocations=280 (full 9):
 PSYoungGen      total 32256K, used 224K [0x00000000eab00000, 0x00000000ecc00000, 0x0000000100000000)
  eden space 30208K, 0% used [0x00000000eab00000,0x00000000eab00000,0x00000000ec880000)
  from space 2048K, 10% used [0x00000000ec880000,0x00000000ec8b8010,0x00000000eca80000)
  to   space 1024K, 0% used [0x00000000ecb00000,0x00000000ecb00000,0x00000000ecc00000)
 ParOldGen       total 98816K, used 75267K [0x00000000c0000000, 0x00000000c6080000, 0x00000000eab00000)
  object space 98816K, 76% used [0x00000000c0000000,0x00000000c4980e30,0x00000000c6080000)
 Metaspace       used 66036K, capacity 69636K, committed 69888K, reserved 1112064K
  class space    used 6297K, capacity 7313K, committed 7424K, reserved 1048576K
}
Event: 449,409 GC heap before
{Heap before GC invocations=281 (full 9):
 PSYoungGen      total 32256K, used 30432K [0x00000000eab00000, 0x00000000ecc00000, 0x0000000100000000)
  eden space 30208K, 100% used [0x00000000eab00000,0x00000000ec880000,0x00000000ec880000)
  from space 2048K, 10% used [0x00000000ec880000,0x00000000ec8b8010,0x00000000eca80000)
  to   space 1024K, 0% used [0x00000000ecb00000,0x00000000ecb00000,0x00000000ecc00000)
 ParOldGen       total 98816K, used 75267K [0x00000000c0000000, 0x00000000c6080000, 0x00000000eab00000)
  object space 98816K, 76% used [0x00000000c0000000,0x00000000c4980e30,0x00000000c6080000)
 Metaspace       used 66045K, capacity 69636K, committed 69888K, reserved 1112064K
  class space    used 6297K, capacity 7313K, committed 7424K, reserved 1048576K
Event: 449,416 GC heap after
Heap after GC invocations=281 (full 9):
 PSYoungGen      total 31744K, used 916K [0x00000000eab00000, 0x00000000ecc00000, 0x0000000100000000)
  eden space 30720K, 0% used [0x00000000eab00000,0x00000000eab00000,0x00000000ec900000)
  from space 1024K, 89% used [0x00000000ecb00000,0x00000000ecbe5220,0x00000000ecc00000)
  to   space 1536K, 0% used [0x00000000ec900000,0x00000000ec900000,0x00000000eca80000)
 ParOldGen       total 98816K, used 75323K [0x00000000c0000000, 0x00000000c6080000, 0x00000000eab00000)
  object space 98816K, 76% used [0x00000000c0000000,0x00000000c498ee40,0x00000000c6080000)
 Metaspace       used 66045K, capacity 69636K, committed 69888K, reserved 1112064K
  class space    used 6297K, capacity 7313K, committed 7424K, reserved 1048576K
}

Deoptimization events (10 events):
Event: 366,266 Thread 0x00007fb19005c000 Uncommon trap: reason=bimorphic action=maybe_recompile pc=0x00007fb1fad75704 method=java.util.TimSort.mergeHi(IIII)V @ 227
Event: 366,266 Thread 0x00007fb19005c000 Uncommon trap: reason=bimorphic action=maybe_recompile pc=0x00007fb1fad75704 method=java.util.TimSort.mergeHi(IIII)V @ 227
Event: 367,142 Thread 0x00007fb19005c000 Uncommon trap: reason=bimorphic action=maybe_recompile pc=0x00007fb1fb20644c method=org.eclipse.text.edits.MultiTextEdit.getLength()I @ 66
Event: 367,692 Thread 0x00007fb19005c000 Uncommon trap: reason=bimorphic action=maybe_recompile pc=0x00007fb1fb20644c method=org.eclipse.text.edits.MultiTextEdit.getLength()I @ 66
Event: 368,047 Thread 0x00007fb1a4034800 Uncommon trap: reason=range_check action=make_not_entrant pc=0x00007fb1f9d2a608 method=org.eclipse.jdt.core.dom.ASTConverter.getPrimitiveTypeCode([C)Lorg/eclipse/jdt/core/dom/PrimitiveType$Code; @ 2
Event: 397,581 Thread 0x00007fb1900b6800 Uncommon trap: reason=bimorphic action=maybe_recompile pc=0x00007fb1fbd3b670 method=org.eclipse.jdt.internal.core.dom.rewrite.NodeRewriteEvent.getChangeKind()I @ 39
Event: 409,885 Thread 0x00007fb1900b6800 Uncommon trap: reason=unstable_if action=reinterpret pc=0x00007fb1f98d30c4 method=org.eclipse.jdt.core.dom.DefaultBindingResolver.getMethodOrLambdaBinding(Lorg/eclipse/jdt/internal/compiler/lookup/MethodBinding;Lorg/eclipse/jdt/internal/compiler/lookup/Me
Event: 411,133 Thread 0x00007fb1900b6800 Uncommon trap: reason=unstable_if action=reinterpret pc=0x00007fb1fae4639c method=org.eclipse.jdt.internal.codeassist.impl.AssistParser.indexOfAssistIdentifier(Z)I @ 35
Event: 429,186 Thread 0x00007fb1900b6800 Uncommon trap: reason=unstable_if action=reinterpret pc=0x00007fb1f956da64 method=org.eclipse.jdt.internal.compiler.parser.Scanner.getNextChar(C)Z @ 46
Event: 429,186 Thread 0x00007fb1900b6800 Uncommon trap: reason=unstable_if action=reinterpret pc=0x00007fb1fbf73034 method=org.eclipse.jdt.internal.compiler.parser.Scanner.getNextToken0()I @ 100

Classes redefined (0 events):
No events

Internal exceptions (10 events):
Event: 449,170 Thread 0x00007fb1900b6800 Exception <a 'java/lang/ArrayIndexOutOfBoundsException'> (0x00000000eb1bb858) thrown at [/build/openjdk-8-piDAoU/openjdk-8-8u252-b09/src/hotspot/src/share/vm/runtime/sharedRuntime.cpp, line 605]
Event: 449,171 Thread 0x00007fb1900b6800 Exception <a 'java/lang/ArrayIndexOutOfBoundsException'> (0x00000000eb219e48) thrown at [/build/openjdk-8-piDAoU/openjdk-8-8u252-b09/src/hotspot/src/share/vm/runtime/sharedRuntime.cpp, line 605]
Event: 449,173 Thread 0x00007fb1900b6800 Exception <a 'java/lang/ArrayIndexOutOfBoundsException'> (0x00000000eb2b0aa0) thrown at [/build/openjdk-8-piDAoU/openjdk-8-8u252-b09/src/hotspot/src/share/vm/runtime/sharedRuntime.cpp, line 605]
Event: 449,173 Thread 0x00007fb1900b6800 Exception <a 'java/lang/ArrayIndexOutOfBoundsException'> (0x00000000eb2b4c20) thrown at [/build/openjdk-8-piDAoU/openjdk-8-8u252-b09/src/hotspot/src/share/vm/runtime/sharedRuntime.cpp, line 605]
Event: 449,183 Thread 0x00007fb1900b6800 Exception <a 'java/lang/ArrayIndexOutOfBoundsException'> (0x00000000eb4ac2f0) thrown at [/build/openjdk-8-piDAoU/openjdk-8-8u252-b09/src/hotspot/src/share/vm/runtime/sharedRuntime.cpp, line 605]
Event: 449,184 Thread 0x00007fb1900b6800 Exception <a 'java/lang/ArrayIndexOutOfBoundsException'> (0x00000000eb542f58) thrown at [/build/openjdk-8-piDAoU/openjdk-8-8u252-b09/src/hotspot/src/share/vm/runtime/sharedRuntime.cpp, line 605]
Event: 449,184 Thread 0x00007fb1900b6800 Exception <a 'java/lang/ArrayIndexOutOfBoundsException'> (0x00000000eb5470d8) thrown at [/build/openjdk-8-piDAoU/openjdk-8-8u252-b09/src/hotspot/src/share/vm/runtime/sharedRuntime.cpp, line 605]
Event: 449,196 Thread 0x00007fb1900b6800 Exception <a 'java/lang/ArrayIndexOutOfBoundsException'> (0x00000000eb748250) thrown at [/build/openjdk-8-piDAoU/openjdk-8-8u252-b09/src/hotspot/src/share/vm/runtime/sharedRuntime.cpp, line 605]
Event: 449,196 Thread 0x00007fb1900b6800 Exception <a 'java/lang/ArrayIndexOutOfBoundsException'> (0x00000000eb76ec28) thrown at [/build/openjdk-8-piDAoU/openjdk-8-8u252-b09/src/hotspot/src/share/vm/runtime/sharedRuntime.cpp, line 605]
Event: 449,196 Thread 0x00007fb1900b6800 Exception <a 'java/lang/ArrayIndexOutOfBoundsException'> (0x00000000eb76f070) thrown at [/build/openjdk-8-piDAoU/openjdk-8-8u252-b09/src/hotspot/src/share/vm/runtime/sharedRuntime.cpp, line 605]

Events (10 events):
Event: 453,457 Executing VM operation: RevokeBias
Event: 453,457 Executing VM operation: RevokeBias done
Event: 453,457 Thread 0x00007fb1900b6800 Thread exited: 0x00007fb1900b6800
Event: 457,894 Executing VM operation: RevokeBias
Event: 457,894 Executing VM operation: RevokeBias done
Event: 457,894 Thread 0x00007fb190061000 Thread exited: 0x00007fb190061000
Event: 463,897 Executing VM operation: RevokeBias
Event: 463,897 Executing VM operation: RevokeBias done
Event: 463,898 Thread 0x00007fb19005b800 Thread exited: 0x00007fb19005b800
Event: 469,321 Thread 0x00007fb1900b6800 Thread added: 0x00007fb1900b6800


Dynamic libraries:
c0000000-c6080000 rw-p 00000000 00:00 0 
c6080000-eab00000 ---p 00000000 00:00 0 
eab00000-ecc00000 rw-p 00000000 00:00 0 
ecc00000-100000000 ---p 00000000 00:00 0 
100000000-100740000 rw-p 00000000 00:00 0 
100740000-140000000 ---p 00000000 00:00 0 
5648e10d3000-5648e10d4000 r-xp 00000000 08:01 1197684                    /usr/lib/jvm/java-8-openjdk-amd64/jre/bin/java
5648e12d3000-5648e12d4000 r--p 00000000 08:01 1197684                    /usr/lib/jvm/java-8-openjdk-amd64/jre/bin/java
5648e12d4000-5648e12d5000 rw-p 00001000 08:01 1197684                    /usr/lib/jvm/java-8-openjdk-amd64/jre/bin/java
5648e238d000-5648e23d2000 rw-p 00000000 00:00 0                          [heap]
7fb175fa7000-7fb1760a7000 rw-p 00000000 00:00 0 
7fb1760a7000-7fb1761aa000 ---p 00000000 00:00 0 
7fb1761aa000-7fb1762a8000 rw-p 00000000 00:00 0 
7fb1762a8000-7fb1762ab000 ---p 00000000 00:00 0 
7fb1762ab000-7fb1763a9000 rw-p 00000000 00:00 0 
7fb1763a9000-7fb1763ac000 ---p 00000000 00:00 0 
7fb1763ac000-7fb1766aa000 rw-p 00000000 00:00 0 
7fb1766aa000-7fb1768aa000 rw-p 00000000 00:00 0 
7fb1768aa000-7fb1768ad000 ---p 00000000 00:00 0 
7fb1768ad000-7fb1769ab000 rw-p 00000000 00:00 0 
7fb1769ab000-7fb1769ae000 ---p 00000000 00:00 0 
7fb1769ae000-7fb176aac000 rw-p 00000000 00:00 0 
7fb176aac000-7fb176aaf000 ---p 00000000 00:00 0 
7fb176aaf000-7fb176bad000 rw-p 00000000 00:00 0 
7fb176bad000-7fb176bb0000 ---p 00000000 00:00 0 
7fb176bb0000-7fb176eae000 rw-p 00000000 00:00 0 
7fb176eae000-7fb176eb1000 ---p 00000000 00:00 0 
7fb176eb1000-7fb1771af000 rw-p 00000000 00:00 0 
7fb1771af000-7fb1771c6000 r-xp 00000000 08:01 659982                     /lib/x86_64-linux-gnu/libresolv-2.27.so
7fb1771c6000-7fb1773c6000 ---p 00017000 08:01 659982                     /lib/x86_64-linux-gnu/libresolv-2.27.so
7fb1773c6000-7fb1773c7000 r--p 00017000 08:01 659982                     /lib/x86_64-linux-gnu/libresolv-2.27.so
7fb1773c7000-7fb1773c8000 rw-p 00018000 08:01 659982                     /lib/x86_64-linux-gnu/libresolv-2.27.so
7fb1773c8000-7fb1773ca000 rw-p 00000000 00:00 0 
7fb1773ca000-7fb1773cf000 r-xp 00000000 08:01 659932                     /lib/x86_64-linux-gnu/libnss_dns-2.27.so
7fb1773cf000-7fb1775cf000 ---p 00005000 08:01 659932                     /lib/x86_64-linux-gnu/libnss_dns-2.27.so
7fb1775cf000-7fb1775d0000 r--p 00005000 08:01 659932                     /lib/x86_64-linux-gnu/libnss_dns-2.27.so
7fb1775d0000-7fb1775d1000 rw-p 00006000 08:01 659932                     /lib/x86_64-linux-gnu/libnss_dns-2.27.so
7fb1775d1000-7fb1775d3000 r-xp 00000000 08:01 659940                     /lib/x86_64-linux-gnu/libnss_mdns4_minimal.so.2
7fb1775d3000-7fb1777d2000 ---p 00002000 08:01 659940                     /lib/x86_64-linux-gnu/libnss_mdns4_minimal.so.2
7fb1777d2000-7fb1777d3000 r--p 00001000 08:01 659940                     /lib/x86_64-linux-gnu/libnss_mdns4_minimal.so.2
7fb1777d3000-7fb1777d4000 rw-p 00002000 08:01 659940                     /lib/x86_64-linux-gnu/libnss_mdns4_minimal.so.2
7fb1777d4000-7fb1779d4000 rw-p 00000000 00:00 0 
7fb1779d4000-7fb1779fc000 r-xp 00000000 08:01 1197740                    /usr/lib/jvm/java-8-openjdk-amd64/jre/lib/amd64/libsunec.so
7fb1779fc000-7fb177bfb000 ---p 00028000 08:01 1197740                    /usr/lib/jvm/java-8-openjdk-amd64/jre/lib/amd64/libsunec.so
7fb177bfb000-7fb177bff000 r--p 00027000 08:01 1197740                    /usr/lib/jvm/java-8-openjdk-amd64/jre/lib/amd64/libsunec.so
7fb177bff000-7fb177c00000 rw-p 0002b000 08:01 1197740                    /usr/lib/jvm/java-8-openjdk-amd64/jre/lib/amd64/libsunec.so
7fb177c00000-7fb177e00000 rw-p 00000000 00:00 0 
7fb177e00000-7fb178000000 rw-p 00000000 00:00 0 
7fb178000000-7fb178370000 rw-p 00000000 00:00 0 
7fb178370000-7fb17c000000 ---p 00000000 00:00 0 
7fb17c000000-7fb17c520000 rw-p 00000000 00:00 0 
7fb17c520000-7fb180000000 ---p 00000000 00:00 0 
7fb180000000-7fb1802f9000 rw-p 00000000 00:00 0 
7fb1802f9000-7fb184000000 ---p 00000000 00:00 0 
7fb184000000-7fb1849f4000 rw-p 00000000 00:00 0 
7fb1849f4000-7fb188000000 ---p 00000000 00:00 0 
7fb188000000-7fb188226000 rw-p 00000000 00:00 0 
7fb188226000-7fb18c000000 ---p 00000000 00:00 0 
7fb18c000000-7fb18c259000 rw-p 00000000 00:00 0 
7fb18c259000-7fb190000000 ---p 00000000 00:00 0 
7fb190000000-7fb190124000 rw-p 00000000 00:00 0 
7fb190124000-7fb194000000 ---p 00000000 00:00 0 
7fb194000000-7fb194189000 rw-p 00000000 00:00 0 
7fb194189000-7fb198000000 ---p 00000000 00:00 0 
7fb198000000-7fb198248000 rw-p 00000000 00:00 0 
7fb198248000-7fb19c000000 ---p 00000000 00:00 0 
7fb19c000000-7fb19c021000 rw-p 00000000 00:00 0 
7fb19c021000-7fb1a0000000 ---p 00000000 00:00 0 
7fb1a0000000-7fb1a053f000 rw-p 00000000 00:00 0 
7fb1a053f000-7fb1a4000000 ---p 00000000 00:00 0 
7fb1a4000000-7fb1a4248000 rw-p 00000000 00:00 0 
7fb1a4248000-7fb1a8000000 ---p 00000000 00:00 0 
7fb1a8000000-7fb1a8c23000 rw-p 00000000 00:00 0 
7fb1a8c23000-7fb1ac000000 ---p 00000000 00:00 0 
7fb1ac000000-7fb1ac021000 rw-p 00000000 00:00 0 
7fb1ac021000-7fb1b0000000 ---p 00000000 00:00 0 
7fb1b0000000-7fb1b0021000 rw-p 00000000 00:00 0 
7fb1b0021000-7fb1b4000000 ---p 00000000 00:00 0 
7fb1b4000000-7fb1b4021000 rw-p 00000000 00:00 0 
7fb1b4021000-7fb1b8000000 ---p 00000000 00:00 0 
7fb1b8000000-7fb1b8021000 rw-p 00000000 00:00 0 
7fb1b8021000-7fb1bc000000 ---p 00000000 00:00 0 
7fb1bc000000-7fb1bc1db000 rw-p 00000000 00:00 0 
7fb1bc1db000-7fb1c0000000 ---p 00000000 00:00 0 
7fb1c0000000-7fb1c0021000 rw-p 00000000 00:00 0 
7fb1c0021000-7fb1c4000000 ---p 00000000 00:00 0 
7fb1c40b1000-7fb1c40b4000 ---p 00000000 00:00 0 
7fb1c40b4000-7fb1c41b2000 rw-p 00000000 00:00 0 
7fb1c41b2000-7fb1c41b5000 ---p 00000000 00:00 0 
7fb1c41b5000-7fb1c44b3000 rw-p 00000000 00:00 0 
7fb1c44b3000-7fb1c44b6000 ---p 00000000 00:00 0 
7fb1c44b6000-7fb1c45b4000 rw-p 00000000 00:00 0 
7fb1c45b4000-7fb1c45b7000 ---p 00000000 00:00 0 
7fb1c45b7000-7fb1c48b5000 rw-p 00000000 00:00 0 
7fb1c48b5000-7fb1c4ab5000 rw-p 00000000 00:00 0 
7fb1c4ab5000-7fb1c4ab8000 ---p 00000000 00:00 0 
7fb1c4ab8000-7fb1c4db6000 rw-p 00000000 00:00 0 
7fb1c4db6000-7fb1c4db9000 ---p 00000000 00:00 0 
7fb1c4db9000-7fb1c50b7000 rw-p 00000000 00:00 0 
7fb1c50b7000-7fb1c50ba000 ---p 00000000 00:00 0 
7fb1c50ba000-7fb1c53b8000 rw-p 00000000 00:00 0 
7fb1c53b8000-7fb1c55b8000 rw-p 00000000 00:00 0 
7fb1c55b8000-7fb1c57b8000 rw-p 00000000 00:00 0 
7fb1c57b8000-7fb1c57bb000 ---p 00000000 00:00 0 
7fb1c57bb000-7fb1c58b9000 rw-p 00000000 00:00 0 
7fb1c58b9000-7fb1c58bc000 ---p 00000000 00:00 0 
7fb1c58bc000-7fb1c59ba000 rw-p 00000000 00:00 0 
7fb1c59ba000-7fb1c59bd000 ---p 00000000 00:00 0 
7fb1c59bd000-7fb1c5cbb000 rw-p 00000000 00:00 0 
7fb1c5cbb000-7fb1c5cbe000 ---p 00000000 00:00 0 
7fb1c5cbe000-7fb1c5fbc000 rw-p 00000000 00:00 0 
7fb1c5fbc000-7fb1c61bc000 rw-p 00000000 00:00 0 
7fb1c61bc000-7fb1c63bc000 rw-p 00000000 00:00 0 
7fb1c63bc000-7fb1c65bc000 rw-p 00000000 00:00 0 
7fb1c65bc000-7fb1c67bc000 rw-p 00000000 00:00 0 
7fb1c67bc000-7fb1c69bc000 rw-p 00000000 00:00 0 
7fb1c69bc000-7fb1c69bf000 ---p 00000000 00:00 0 
7fb1c69bf000-7fb1c6cbd000 rw-p 00000000 00:00 0 
7fb1c6cbd000-7fb1c6cc0000 ---p 00000000 00:00 0 
7fb1c6cc0000-7fb1c6dbe000 rw-p 00000000 00:00 0 
7fb1c6dbe000-7fb1c6dc1000 ---p 00000000 00:00 0 
7fb1c6dc1000-7fb1c70bf000 rw-p 00000000 00:00 0 
7fb1c70bf000-7fb1c70c2000 ---p 00000000 00:00 0 
7fb1c70c2000-7fb1c73c0000 rw-p 00000000 00:00 0 
7fb1c73c0000-7fb1c75c0000 rw-p 00000000 00:00 0 
7fb1c75c0000-7fb1c75d0000 r-xp 00000000 08:01 435910                     /home/naddi/.config/Code/User/globalStorage/redhat.java/0.61.0/config_linux/org.eclipse.equinox.launcher/org.eclipse.equinox.launcher.gtk.linux.x86_64_1.1.1100.v20190907-0426/eclipse_1801.so
7fb1c75d0000-7fb1c77cf000 ---p 00010000 08:01 435910                     /home/naddi/.config/Code/User/globalStorage/redhat.java/0.61.0/config_linux/org.eclipse.equinox.launcher/org.eclipse.equinox.launcher.gtk.linux.x86_64_1.1.1100.v20190907-0426/eclipse_1801.so
7fb1c77cf000-7fb1c77d0000 r--p 0000f000 08:01 435910                     /home/naddi/.config/Code/User/globalStorage/redhat.java/0.61.0/config_linux/org.eclipse.equinox.launcher/org.eclipse.equinox.launcher.gtk.linux.x86_64_1.1.1100.v20190907-0426/eclipse_1801.so
7fb1c77d0000-7fb1c77d1000 rw-p 00010000 08:01 435910                     /home/naddi/.config/Code/User/globalStorage/redhat.java/0.61.0/config_linux/org.eclipse.equinox.launcher/org.eclipse.equinox.launcher.gtk.linux.x86_64_1.1.1100.v20190907-0426/eclipse_1801.so
7fb1c77d1000-7fb1c77d4000 ---p 00000000 00:00 0 
7fb1c77d4000-7fb1c78d2000 rw-p 00000000 00:00 0 
7fb1c78d2000-7fb1c78d5000 ---p 00000000 00:00 0 
7fb1c78d5000-7fb1c79d3000 rw-p 00000000 00:00 0 
7fb1c79d3000-7fb1c79d6000 ---p 00000000 00:00 0 
7fb1c79d6000-7fb1c7ad4000 rw-p 00000000 00:00 0 
7fb1c7ad4000-7fb1c7aeb000 r-xp 00000000 08:01 1197735                    /usr/lib/jvm/java-8-openjdk-amd64/jre/lib/amd64/libnet.so
7fb1c7aeb000-7fb1c7cea000 ---p 00017000 08:01 1197735                    /usr/lib/jvm/java-8-openjdk-amd64/jre/lib/amd64/libnet.so
7fb1c7cea000-7fb1c7ceb000 r--p 00016000 08:01 1197735                    /usr/lib/jvm/java-8-openjdk-amd64/jre/lib/amd64/libnet.so
7fb1c7ceb000-7fb1c7cec000 rw-p 00017000 08:01 1197735                    /usr/lib/jvm/java-8-openjdk-amd64/jre/lib/amd64/libnet.so
7fb1c7cec000-7fb1c7cfe000 r-xp 00000000 08:01 1197736                    /usr/lib/jvm/java-8-openjdk-amd64/jre/lib/amd64/libnio.so
7fb1c7cfe000-7fb1c7efd000 ---p 00012000 08:01 1197736                    /usr/lib/jvm/java-8-openjdk-amd64/jre/lib/amd64/libnio.so
7fb1c7efd000-7fb1c7efe000 r--p 00011000 08:01 1197736                    /usr/lib/jvm/java-8-openjdk-amd64/jre/lib/amd64/libnio.so
7fb1c7efe000-7fb1c7eff000 rw-p 00012000 08:01 1197736                    /usr/lib/jvm/java-8-openjdk-amd64/jre/lib/amd64/libnio.so
7fb1c7eff000-7fb1c7f00000 ---p 00000000 00:00 0 
7fb1c7f00000-7fb1c8000000 rw-p 00000000 00:00 0 
7fb1c8000000-7fb1cb4f3000 rw-p 00000000 00:00 0 
7fb1cb4f3000-7fb1cc000000 ---p 00000000 00:00 0 
7fb1cc000000-7fb1cd4de000 rw-p 00000000 00:00 0 
7fb1cd4de000-7fb1d0000000 ---p 00000000 00:00 0 
7fb1d0000000-7fb1d0021000 rw-p 00000000 00:00 0 
7fb1d0021000-7fb1d4000000 ---p 00000000 00:00 0 
7fb1d4000000-7fb1d7242000 rw-p 00000000 00:00 0 
7fb1d7242000-7fb1d8000000 ---p 00000000 00:00 0 
7fb1d8000000-7fb1d806c000 rw-p 00000000 00:00 0 
7fb1d806c000-7fb1dc000000 ---p 00000000 00:00 0 
7fb1dc000000-7fb1dc021000 rw-p 00000000 00:00 0 
7fb1dc021000-7fb1e0000000 ---p 00000000 00:00 0 
7fb1e0000000-7fb1e0050000 rw-p 00000000 00:00 0 
7fb1e0050000-7fb1e4000000 ---p 00000000 00:00 0 
7fb1e4000000-7fb1e40b2000 rw-p 00000000 00:00 0 
7fb1e40b2000-7fb1e8000000 ---p 00000000 00:00 0 
7fb1e8000000-7fb1e8104000 rw-p 00000000 00:00 0 
7fb1e8104000-7fb1ec000000 ---p 00000000 00:00 0 
7fb1ec000000-7fb1ec046000 rw-p 00000000 00:00 0 
7fb1ec046000-7fb1f0000000 ---p 00000000 00:00 0 
7fb1f0000000-7fb1f00fb000 rw-p 00000000 00:00 0 
7fb1f00fb000-7fb1f4000000 ---p 00000000 00:00 0 
7fb1f4097000-7fb1f409a000 ---p 00000000 00:00 0 
7fb1f409a000-7fb1f40d0000 rw-p 00000000 00:00 0 
7fb1f40d0000-7fb1f40d3000 ---p 00000000 00:00 0 
7fb1f40d3000-7fb1f41d1000 rw-p 00000000 00:00 0 
7fb1f41d1000-7fb1f41d2000 ---p 00000000 00:00 0 
7fb1f41d2000-7fb1f41d5000 ---p 00000000 00:00 0 
7fb1f41d5000-7fb1f42d2000 rw-p 00000000 00:00 0 
7fb1f42d2000-7fb1f42d3000 ---p 00000000 00:00 0 
7fb1f42d3000-7fb1f42d6000 ---p 00000000 00:00 0 
7fb1f42d6000-7fb1f43d3000 rw-p 00000000 00:00 0 
7fb1f43d3000-7fb1f43d4000 ---p 00000000 00:00 0 
7fb1f43d4000-7fb1f43d7000 ---p 00000000 00:00 0 
7fb1f43d7000-7fb1f44d4000 rw-p 00000000 00:00 0 
7fb1f44d4000-7fb1f44d7000 ---p 00000000 00:00 0 
7fb1f44d7000-7fb1f45d5000 rw-p 00000000 00:00 0 
7fb1f45d5000-7fb1f501a000 r--p 00000000 08:01 923700                     /usr/lib/locale/locale-archive
7fb1f501a000-7fb1f501d000 ---p 00000000 00:00 0 
7fb1f501d000-7fb1f511b000 rw-p 00000000 00:00 0 
7fb1f511b000-7fb1f511e000 ---p 00000000 00:00 0 
7fb1f511e000-7fb1f521c000 rw-p 00000000 00:00 0 
7fb1f521c000-7fb1f521d000 ---p 00000000 00:00 0 
7fb1f521d000-7fb1f622c000 rw-p 00000000 00:00 0 
7fb1f622c000-7fb1f63fe000 r--s 03ca5000 08:01 1197780                    /usr/lib/jvm/java-8-openjdk-amd64/jre/lib/rt.jar
7fb1f63fe000-7fb1f8dfe000 rw-p 00000000 00:00 0 
7fb1f8dfe000-7fb1f8dff000 ---p 00000000 00:00 0 
7fb1f8dff000-7fb1f8eff000 rw-p 00000000 00:00 0 
7fb1f8eff000-7fb1f8f00000 ---p 00000000 00:00 0 
7fb1f8f00000-7fb1f9000000 rw-p 00000000 00:00 0 
7fb1f9000000-7fb1fc190000 rwxp 00000000 00:00 0 
7fb1fc190000-7fb208000000 ---p 00000000 00:00 0 
7fb208000000-7fb208620000 rw-p 00000000 00:00 0 
7fb208620000-7fb20c000000 ---p 00000000 00:00 0 
7fb20c022000-7fb20c027000 r--s 002f9000 08:01 1197746                    /usr/lib/jvm/java-8-openjdk-amd64/jre/lib/charsets.jar
7fb20c027000-7fb20c02e000 r--s 00000000 08:01 1053756                    /usr/lib/x86_64-linux-gnu/gconv/gconv-modules.cache
7fb20c02e000-7fb20c04f000 r--p 00000000 08:01 12542                      /usr/share/locale-langpack/it/LC_MESSAGES/libc.mo
7fb20c04f000-7fb20c09d000 rw-p 00000000 00:00 0 
7fb20c09d000-7fb20c09e000 ---p 00000000 00:00 0 
7fb20c09e000-7fb20c19e000 rw-p 00000000 00:00 0 
7fb20c19e000-7fb20c19f000 ---p 00000000 00:00 0 
7fb20c19f000-7fb20c2d0000 rw-p 00000000 00:00 0 
7fb20c2d0000-7fb20c3f5000 ---p 00000000 00:00 0 
7fb20c3f5000-7fb20c426000 rw-p 00000000 00:00 0 
7fb20c426000-7fb20c54a000 ---p 00000000 00:00 0 
7fb20c54a000-7fb20c55b000 rw-p 00000000 00:00 0 
7fb20c55b000-7fb20c5f5000 ---p 00000000 00:00 0 
7fb20c5f5000-7fb20c6bd000 rw-p 00000000 00:00 0 
7fb20c6bd000-7fb20c9b6000 ---p 00000000 00:00 0 
7fb20c9b6000-7fb20c9be000 r-xp 00000000 08:01 1197743                    /usr/lib/jvm/java-8-openjdk-amd64/jre/lib/amd64/libzip.so
7fb20c9be000-7fb20cbbd000 ---p 00008000 08:01 1197743                    /usr/lib/jvm/java-8-openjdk-amd64/jre/lib/amd64/libzip.so
7fb20cbbd000-7fb20cbbe000 r--p 00007000 08:01 1197743                    /usr/lib/jvm/java-8-openjdk-amd64/jre/lib/amd64/libzip.so
7fb20cbbe000-7fb20cbbf000 rw-p 00008000 08:01 1197743                    /usr/lib/jvm/java-8-openjdk-amd64/jre/lib/amd64/libzip.so
7fb20cbbf000-7fb20cbca000 r-xp 00000000 08:01 659934                     /lib/x86_64-linux-gnu/libnss_files-2.27.so
7fb20cbca000-7fb20cdc9000 ---p 0000b000 08:01 659934                     /lib/x86_64-linux-gnu/libnss_files-2.27.so
7fb20cdc9000-7fb20cdca000 r--p 0000a000 08:01 659934                     /lib/x86_64-linux-gnu/libnss_files-2.27.so
7fb20cdca000-7fb20cdcb000 rw-p 0000b000 08:01 659934                     /lib/x86_64-linux-gnu/libnss_files-2.27.so
7fb20cdcb000-7fb20cdd1000 rw-p 00000000 00:00 0 
7fb20cdd1000-7fb20cde8000 r-xp 00000000 08:01 659928                     /lib/x86_64-linux-gnu/libnsl-2.27.so
7fb20cde8000-7fb20cfe7000 ---p 00017000 08:01 659928                     /lib/x86_64-linux-gnu/libnsl-2.27.so
7fb20cfe7000-7fb20cfe8000 r--p 00016000 08:01 659928                     /lib/x86_64-linux-gnu/libnsl-2.27.so
7fb20cfe8000-7fb20cfe9000 rw-p 00017000 08:01 659928                     /lib/x86_64-linux-gnu/libnsl-2.27.so
7fb20cfe9000-7fb20cfeb000 rw-p 00000000 00:00 0 
7fb20cfeb000-7fb20cff6000 r-xp 00000000 08:01 659944                     /lib/x86_64-linux-gnu/libnss_nis-2.27.so
7fb20cff6000-7fb20d1f5000 ---p 0000b000 08:01 659944                     /lib/x86_64-linux-gnu/libnss_nis-2.27.so
7fb20d1f5000-7fb20d1f6000 r--p 0000a000 08:01 659944                     /lib/x86_64-linux-gnu/libnss_nis-2.27.so
7fb20d1f6000-7fb20d1f7000 rw-p 0000b000 08:01 659944                     /lib/x86_64-linux-gnu/libnss_nis-2.27.so
7fb20d1f7000-7fb20d1ff000 r-xp 00000000 08:01 659930                     /lib/x86_64-linux-gnu/libnss_compat-2.27.so
7fb20d1ff000-7fb20d3ff000 ---p 00008000 08:01 659930                     /lib/x86_64-linux-gnu/libnss_compat-2.27.so
7fb20d3ff000-7fb20d400000 r--p 00008000 08:01 659930                     /lib/x86_64-linux-gnu/libnss_compat-2.27.so
7fb20d400000-7fb20d401000 rw-p 00009000 08:01 659930                     /lib/x86_64-linux-gnu/libnss_compat-2.27.so
7fb20d401000-7fb20d42b000 r-xp 00000000 08:01 1197719                    /usr/lib/jvm/java-8-openjdk-amd64/jre/lib/amd64/libjava.so
7fb20d42b000-7fb20d62a000 ---p 0002a000 08:01 1197719                    /usr/lib/jvm/java-8-openjdk-amd64/jre/lib/amd64/libjava.so
7fb20d62a000-7fb20d62b000 r--p 00029000 08:01 1197719                    /usr/lib/jvm/java-8-openjdk-amd64/jre/lib/amd64/libjava.so
7fb20d62b000-7fb20d62d000 rw-p 0002a000 08:01 1197719                    /usr/lib/jvm/java-8-openjdk-amd64/jre/lib/amd64/libjava.so
7fb20d62d000-7fb20d63d000 r-xp 00000000 08:01 1197742                    /usr/lib/jvm/java-8-openjdk-amd64/jre/lib/amd64/libverify.so
7fb20d63d000-7fb20d83c000 ---p 00010000 08:01 1197742                    /usr/lib/jvm/java-8-openjdk-amd64/jre/lib/amd64/libverify.so
7fb20d83c000-7fb20d83e000 r--p 0000f000 08:01 1197742                    /usr/lib/jvm/java-8-openjdk-amd64/jre/lib/amd64/libverify.so
7fb20d83e000-7fb20d83f000 rw-p 00011000 08:01 1197742                    /usr/lib/jvm/java-8-openjdk-amd64/jre/lib/amd64/libverify.so
7fb20d83f000-7fb20d846000 r-xp 00000000 08:01 659984                     /lib/x86_64-linux-gnu/librt-2.27.so
7fb20d846000-7fb20da45000 ---p 00007000 08:01 659984                     /lib/x86_64-linux-gnu/librt-2.27.so
7fb20da45000-7fb20da46000 r--p 00006000 08:01 659984                     /lib/x86_64-linux-gnu/librt-2.27.so
7fb20da46000-7fb20da47000 rw-p 00007000 08:01 659984                     /lib/x86_64-linux-gnu/librt-2.27.so
7fb20da47000-7fb20da5e000 r-xp 00000000 08:01 683547                     /lib/x86_64-linux-gnu/libgcc_s.so.1
7fb20da5e000-7fb20dc5d000 ---p 00017000 08:01 683547                     /lib/x86_64-linux-gnu/libgcc_s.so.1
7fb20dc5d000-7fb20dc5e000 r--p 00016000 08:01 683547                     /lib/x86_64-linux-gnu/libgcc_s.so.1
7fb20dc5e000-7fb20dc5f000 rw-p 00017000 08:01 683547                     /lib/x86_64-linux-gnu/libgcc_s.so.1
7fb20dc5f000-7fb20ddfc000 r-xp 00000000 08:01 659907                     /lib/x86_64-linux-gnu/libm-2.27.so
7fb20ddfc000-7fb20dffb000 ---p 0019d000 08:01 659907                     /lib/x86_64-linux-gnu/libm-2.27.so
7fb20dffb000-7fb20dffc000 r--p 0019c000 08:01 659907                     /lib/x86_64-linux-gnu/libm-2.27.so
7fb20dffc000-7fb20dffd000 rw-p 0019d000 08:01 659907                     /lib/x86_64-linux-gnu/libm-2.27.so
7fb20dffd000-7fb20e176000 r-xp 00000000 08:01 937061                     /usr/lib/x86_64-linux-gnu/libstdc++.so.6.0.25
7fb20e176000-7fb20e376000 ---p 00179000 08:01 937061                     /usr/lib/x86_64-linux-gnu/libstdc++.so.6.0.25
7fb20e376000-7fb20e380000 r--p 00179000 08:01 937061                     /usr/lib/x86_64-linux-gnu/libstdc++.so.6.0.25
7fb20e380000-7fb20e382000 rw-p 00183000 08:01 937061                     /usr/lib/x86_64-linux-gnu/libstdc++.so.6.0.25
7fb20e382000-7fb20e386000 rw-p 00000000 00:00 0 
7fb20e386000-7fb20f02a000 r-xp 00000000 08:01 1197745                    /usr/lib/jvm/java-8-openjdk-amd64/jre/lib/amd64/server/libjvm.so
7fb20f02a000-7fb20f22a000 ---p 00ca4000 08:01 1197745                    /usr/lib/jvm/java-8-openjdk-amd64/jre/lib/amd64/server/libjvm.so
7fb20f22a000-7fb20f2be000 r--p 00ca4000 08:01 1197745                    /usr/lib/jvm/java-8-openjdk-amd64/jre/lib/amd64/server/libjvm.so
7fb20f2be000-7fb20f2e7000 rw-p 00d38000 08:01 1197745                    /usr/lib/jvm/java-8-openjdk-amd64/jre/lib/amd64/server/libjvm.so
7fb20f2e7000-7fb20f317000 rw-p 00000000 00:00 0 
7fb20f317000-7fb20f331000 r-xp 00000000 08:01 659976                     /lib/x86_64-linux-gnu/libpthread-2.27.so
7fb20f331000-7fb20f530000 ---p 0001a000 08:01 659976                     /lib/x86_64-linux-gnu/libpthread-2.27.so
7fb20f530000-7fb20f531000 r--p 00019000 08:01 659976                     /lib/x86_64-linux-gnu/libpthread-2.27.so
7fb20f531000-7fb20f532000 rw-p 0001a000 08:01 659976                     /lib/x86_64-linux-gnu/libpthread-2.27.so
7fb20f532000-7fb20f536000 rw-p 00000000 00:00 0 
7fb20f536000-7fb20f539000 r-xp 00000000 08:01 659867                     /lib/x86_64-linux-gnu/libdl-2.27.so
7fb20f539000-7fb20f738000 ---p 00003000 08:01 659867                     /lib/x86_64-linux-gnu/libdl-2.27.so
7fb20f738000-7fb20f739000 r--p 00002000 08:01 659867                     /lib/x86_64-linux-gnu/libdl-2.27.so
7fb20f739000-7fb20f73a000 rw-p 00003000 08:01 659867                     /lib/x86_64-linux-gnu/libdl-2.27.so
7fb20f73a000-7fb20f756000 r-xp 00000000 08:01 660015                     /lib/x86_64-linux-gnu/libz.so.1.2.11
7fb20f756000-7fb20f955000 ---p 0001c000 08:01 660015                     /lib/x86_64-linux-gnu/libz.so.1.2.11
7fb20f955000-7fb20f956000 r--p 0001b000 08:01 660015                     /lib/x86_64-linux-gnu/libz.so.1.2.11
7fb20f956000-7fb20f957000 rw-p 0001c000 08:01 660015                     /lib/x86_64-linux-gnu/libz.so.1.2.11
7fb20f957000-7fb20fb3e000 r-xp 00000000 08:01 659844                     /lib/x86_64-linux-gnu/libc-2.27.so
7fb20fb3e000-7fb20fd3e000 ---p 001e7000 08:01 659844                     /lib/x86_64-linux-gnu/libc-2.27.so
7fb20fd3e000-7fb20fd42000 r--p 001e7000 08:01 659844                     /lib/x86_64-linux-gnu/libc-2.27.so
7fb20fd42000-7fb20fd44000 rw-p 001eb000 08:01 659844                     /lib/x86_64-linux-gnu/libc-2.27.so
7fb20fd44000-7fb20fd48000 rw-p 00000000 00:00 0 
7fb20fd48000-7fb20fd56000 r-xp 00000000 08:01 1197703                    /usr/lib/jvm/java-8-openjdk-amd64/jre/lib/amd64/jli/libjli.so
7fb20fd56000-7fb20ff55000 ---p 0000e000 08:01 1197703                    /usr/lib/jvm/java-8-openjdk-amd64/jre/lib/amd64/jli/libjli.so
7fb20ff55000-7fb20ff56000 r--p 0000d000 08:01 1197703                    /usr/lib/jvm/java-8-openjdk-amd64/jre/lib/amd64/jli/libjli.so
7fb20ff56000-7fb20ff57000 rw-p 0000e000 08:01 1197703                    /usr/lib/jvm/java-8-openjdk-amd64/jre/lib/amd64/jli/libjli.so
7fb20ff57000-7fb20ff7e000 r-xp 00000000 08:01 659816                     /lib/x86_64-linux-gnu/ld-2.27.so
7fb20ff7f000-7fb210064000 rw-p 00000000 00:00 0 
7fb210064000-7fb210065000 ---p 00000000 00:00 0 
7fb210065000-7fb210068000 ---p 00000000 00:00 0 
7fb210068000-7fb210167000 rw-p 00000000 00:00 0 
7fb21016b000-7fb21016d000 r--s 00016000 08:01 1197773                    /usr/lib/jvm/java-8-openjdk-amd64/jre/lib/jce.jar
7fb21016d000-7fb210172000 r--s 000a7000 08:01 1197775                    /usr/lib/jvm/java-8-openjdk-amd64/jre/lib/jsse.jar
7fb210172000-7fb21017a000 rw-s 00000000 08:01 11212                      /tmp/hsperfdata_naddi/5942
7fb21017a000-7fb21017b000 rw-p 00000000 00:00 0 
7fb21017b000-7fb21017c000 r--p 00000000 00:00 0 
7fb21017c000-7fb21017e000 rw-p 00000000 00:00 0 
7fb21017e000-7fb21017f000 r--p 00027000 08:01 659816                     /lib/x86_64-linux-gnu/ld-2.27.so
7fb21017f000-7fb210180000 rw-p 00028000 08:01 659816                     /lib/x86_64-linux-gnu/ld-2.27.so
7fb210180000-7fb210181000 rw-p 00000000 00:00 0 
7ffdcf493000-7ffdcf4b5000 rw-p 00000000 00:00 0                          [stack]
7ffdcf542000-7ffdcf545000 r--p 00000000 00:00 0                          [vvar]
7ffdcf545000-7ffdcf546000 r-xp 00000000 00:00 0                          [vdso]
ffffffffff600000-ffffffffff601000 --xp 00000000 00:00 0                  [vsyscall]

VM Arguments:
jvm_args: -Declipse.application=org.eclipse.jdt.ls.core.id1 -Dosgi.bundles.defaultStartLevel=4 -Declipse.product=org.eclipse.jdt.ls.core.product -Dfile.encoding=utf8 -XX:+UseParallelGC -XX:GCTimeRatio=4 -XX:AdaptiveSizePolicyWeight=90 -Dsun.zip.disableMemoryMapping=true -Xmx1G -Xms100m -Xverify:none 
java_command: /home/naddi/.vscode/extensions/redhat.java-0.61.0/server/plugins/org.eclipse.equinox.launcher_1.5.700.v20200207-2156.jar -configuration /home/naddi/.config/Code/User/globalStorage/redhat.java/0.61.0/config_linux -data /home/naddi/.config/Code/User/workspaceStorage/0f7422da9a561dda193eadb61c133928/redhat.java/jdt_ws
java_class_path (initial): /home/naddi/.vscode/extensions/redhat.java-0.61.0/server/plugins/org.eclipse.equinox.launcher_1.5.700.v20200207-2156.jar
Launcher Type: SUN_STANDARD

Environment Variables:
PATH=/usr/local/sbin:/usr/local/bin:/usr/sbin:/usr/bin:/sbin:/bin:/usr/games:/usr/local/games:/snap/bin
SHELL=/bin/bash
DISPLAY=:0.0

Signal Handlers:
SIGSEGV: [libjvm.so+0xabd470], sa_mask[0]=11111111011111111101111111111110, sa_flags=SA_RESTART|SA_SIGINFO
SIGBUS: [libjvm.so+0xabd470], sa_mask[0]=11111111011111111101111111111110, sa_flags=SA_RESTART|SA_SIGINFO
SIGFPE: [libjvm.so+0x8f1c90], sa_mask[0]=11111111011111111101111111111110, sa_flags=SA_RESTART|SA_SIGINFO
SIGPIPE: [libjvm.so+0x8f1c90], sa_mask[0]=11111111011111111101111111111110, sa_flags=SA_RESTART|SA_SIGINFO
SIGXFSZ: [libjvm.so+0x8f1c90], sa_mask[0]=11111111011111111101111111111110, sa_flags=SA_RESTART|SA_SIGINFO
SIGILL: [libjvm.so+0x8f1c90], sa_mask[0]=11111111011111111101111111111110, sa_flags=SA_RESTART|SA_SIGINFO
SIGUSR1: SIG_DFL, sa_mask[0]=00000000000000000000000000000000, sa_flags=none
SIGUSR2: [libjvm.so+0x8f1b40], sa_mask[0]=00000000000000000000000000000000, sa_flags=SA_RESTART|SA_SIGINFO
SIGHUP: [libjvm.so+0x8f21b0], sa_mask[0]=11111111011111111101111111111110, sa_flags=SA_RESTART|SA_SIGINFO
SIGINT: [libjvm.so+0x8f21b0], sa_mask[0]=11111111011111111101111111111110, sa_flags=SA_RESTART|SA_SIGINFO
SIGTERM: [libjvm.so+0x8f21b0], sa_mask[0]=11111111011111111101111111111110, sa_flags=SA_RESTART|SA_SIGINFO
SIGQUIT: [libjvm.so+0x8f21b0], sa_mask[0]=11111111011111111101111111111110, sa_flags=SA_RESTART|SA_SIGINFO


---------------  S Y S T E M  ---------------

OS:DISTRIB_ID=Ubuntu
DISTRIB_RELEASE=18.04
DISTRIB_CODENAME=bionic
DISTRIB_DESCRIPTION="Ubuntu 18.04.4 LTS"

uname:Linux 5.3.0-51-generic #44~18.04.2-Ubuntu SMP Thu Apr 23 14:27:18 UTC 2020 x86_64
libc:glibc 2.27 NPTL 2.27 
rlimit: STACK 8192k, CORE 0k, NPROC 31645, NOFILE 1048576, AS infinity
load average:0,40 0,97 1,14

/proc/meminfo:
MemTotal:        8152880 kB
MemFree:         4390656 kB
MemAvailable:    6361400 kB
Buffers:           91488 kB
Cached:          2045236 kB
SwapCached:            0 kB
Active:          2251396 kB
Inactive:        1242844 kB
Active(anon):    1315040 kB
Inactive(anon):    38332 kB
Active(file):     936356 kB
Inactive(file):  1204512 kB
Unevictable:          48 kB
Mlocked:              48 kB
SwapTotal:       1455236 kB
SwapFree:        1455236 kB
Dirty:                56 kB
Writeback:             0 kB
AnonPages:       1357616 kB
Mapped:           361664 kB
Shmem:             39212 kB
KReclaimable:      98576 kB
Slab:             164864 kB
SReclaimable:      98576 kB
SUnreclaim:        66288 kB
KernelStack:        8480 kB
PageTables:        35220 kB
NFS_Unstable:          0 kB
Bounce:                0 kB
WritebackTmp:          0 kB
CommitLimit:     5531676 kB
Committed_AS:    4673916 kB
VmallocTotal:   34359738367 kB
VmallocUsed:       33732 kB
VmallocChunk:          0 kB
Percpu:             2336 kB
HardwareCorrupted:     0 kB
AnonHugePages:         0 kB
ShmemHugePages:        0 kB
ShmemPmdMapped:        0 kB
CmaTotal:              0 kB
CmaFree:               0 kB
HugePages_Total:       0
HugePages_Free:        0
HugePages_Rsvd:        0
HugePages_Surp:        0
Hugepagesize:       2048 kB
Hugetlb:               0 kB
DirectMap4k:      159680 kB
DirectMap2M:     8228864 kB

container (cgroup) information:
container_type: cgroupv1
cpu_cpuset_cpus: 0-3
cpu_memory_nodes: 0
active_processor_count: 4
cpu_quota: -1
cpu_period: 100000
cpu_shares: -1
memory_limit_in_bytes: -1
memory_and_swap_limit_in_bytes: -2
memory_soft_limit_in_bytes: -1
memory_usage_in_bytes: 2259107840
memory_max_usage_in_bytes: 2507517952


CPU:total 4 (initial active 4) (4 cores per cpu, 1 threads per core) family 6 model 158 stepping 10, cmov, cx8, fxsr, mmx, sse, sse2, sse3, ssse3, sse4.1, sse4.2, tsc, tscinvbit

/proc/cpuinfo:
processor	: 0
vendor_id	: GenuineIntel
cpu family	: 6
model		: 158
model name	: Intel(R) Core(TM) i7-8750H CPU @ 2.20GHz
stepping	: 10
microcode	: 0xffffffff
cpu MHz		: 2202.972
cache size	: 9216 KB
physical id	: 0
siblings	: 4
core id		: 0
cpu cores	: 4
apicid		: 0
initial apicid	: 0
fpu		: yes
fpu_exception	: yes
cpuid level	: 22
wp		: yes
flags		: fpu vme de pse tsc msr pae mce cx8 apic sep mtrr pge mca cmov pat pse36 clflush mmx fxsr sse sse2 ht syscall nx rdtscp lm constant_tsc rep_good nopl xtopology nonstop_tsc cpuid pni ssse3 pcid sse4_1 sse4_2 hypervisor lahf_lm invpcid_single pti fsgsbase invpcid md_clear flush_l1d arch_capabilities
bugs		: cpu_meltdown spectre_v1 spectre_v2 spec_store_bypass l1tf mds swapgs itlb_multihit
bogomips	: 4405.94
clflush size	: 64
cache_alignment	: 64
address sizes	: 39 bits physical, 48 bits virtual
power management:

processor	: 1
vendor_id	: GenuineIntel
cpu family	: 6
model		: 158
model name	: Intel(R) Core(TM) i7-8750H CPU @ 2.20GHz
stepping	: 10
microcode	: 0xffffffff
cpu MHz		: 2202.972
cache size	: 9216 KB
physical id	: 0
siblings	: 4
core id		: 1
cpu cores	: 4
apicid		: 1
initial apicid	: 1
fpu		: yes
fpu_exception	: yes
cpuid level	: 22
wp		: yes
flags		: fpu vme de pse tsc msr pae mce cx8 apic sep mtrr pge mca cmov pat pse36 clflush mmx fxsr sse sse2 ht syscall nx rdtscp lm constant_tsc rep_good nopl xtopology nonstop_tsc cpuid pni ssse3 pcid sse4_1 sse4_2 hypervisor lahf_lm invpcid_single pti fsgsbase invpcid md_clear flush_l1d arch_capabilities
bugs		: cpu_meltdown spectre_v1 spectre_v2 spec_store_bypass l1tf mds swapgs itlb_multihit
bogomips	: 4405.94
clflush size	: 64
cache_alignment	: 64
address sizes	: 39 bits physical, 48 bits virtual
power management:

processor	: 2
vendor_id	: GenuineIntel
cpu family	: 6
model		: 158
model name	: Intel(R) Core(TM) i7-8750H CPU @ 2.20GHz
stepping	: 10
microcode	: 0xffffffff
cpu MHz		: 2202.972
cache size	: 9216 KB
physical id	: 0
siblings	: 4
core id		: 2
cpu cores	: 4
apicid		: 2
initial apicid	: 2
fpu		: yes
fpu_exception	: yes
cpuid level	: 22
wp		: yes
flags		: fpu vme de pse tsc msr pae mce cx8 apic sep mtrr pge mca cmov pat pse36 clflush mmx fxsr sse sse2 ht syscall nx rdtscp lm constant_tsc rep_good nopl xtopology nonstop_tsc cpuid pni ssse3 pcid sse4_1 sse4_2 hypervisor lahf_lm invpcid_single pti fsgsbase invpcid md_clear flush_l1d arch_capabilities
bugs		: cpu_meltdown spectre_v1 spectre_v2 spec_store_bypass l1tf mds swapgs itlb_multihit
bogomips	: 4405.94
clflush size	: 64
cache_alignment	: 64
address sizes	: 39 bits physical, 48 bits virtual
power management:

processor	: 3
vendor_id	: GenuineIntel
cpu family	: 6
model		: 158
model name	: Intel(R) Core(TM) i7-8750H CPU @ 2.20GHz
stepping	: 10
microcode	: 0xffffffff
cpu MHz		: 2202.972
cache size	: 9216 KB
physical id	: 0
siblings	: 4
core id		: 3
cpu cores	: 4
apicid		: 3
initial apicid	: 3
fpu		: yes
fpu_exception	: yes
cpuid level	: 22
wp		: yes
flags		: fpu vme de pse tsc msr pae mce cx8 apic sep mtrr pge mca cmov pat pse36 clflush mmx fxsr sse sse2 ht syscall nx rdtscp lm constant_tsc rep_good nopl xtopology nonstop_tsc cpuid pni ssse3 pcid sse4_1 sse4_2 hypervisor lahf_lm invpcid_single pti fsgsbase invpcid md_clear flush_l1d arch_capabilities
bugs		: cpu_meltdown spectre_v1 spectre_v2 spec_store_bypass l1tf mds swapgs itlb_multihit
bogomips	: 4405.94
clflush size	: 64
cache_alignment	: 64
address sizes	: 39 bits physical, 48 bits virtual
power management:



Memory: 4k page, physical 8152880k(4390656k free), swap 1455236k(1455236k free)

vm_info: OpenJDK 64-Bit Server VM (25.252-b09) for linux-amd64 JRE (1.8.0_252-8u252-b09-1~18.04-b09), built on Apr 15 2020 18:48:05 by "buildd" with gcc 7.5.0

time: Mon May 11 11:32:15 2020
timezone: CEST
elapsed time: 469 seconds (0d 0h 7m 49s)

